08-May-2024 22:38:12.297 INFO [main] org.apache.catalina.startup.VersionLoggerListener.log Server version name:   Apache Tomcat/10.1.20
08-May-2024 22:38:12.303 INFO [main] org.apache.catalina.startup.VersionLoggerListener.log Server built:          Mar 19 2024 12:49:58 UTC
08-May-2024 22:38:12.304 INFO [main] org.apache.catalina.startup.VersionLoggerListener.log Server version number: 10.1.20.0
08-May-2024 22:38:12.304 INFO [main] org.apache.catalina.startup.VersionLoggerListener.log OS Name:               Linux
08-May-2024 22:38:12.304 INFO [main] org.apache.catalina.startup.VersionLoggerListener.log OS Version:            5.15.133.1-microsoft-standard-WSL2
08-May-2024 22:38:12.304 INFO [main] org.apache.catalina.startup.VersionLoggerListener.log Architecture:          amd64
08-May-2024 22:38:12.305 INFO [main] org.apache.catalina.startup.VersionLoggerListener.log Java Home:             /usr/lib/jvm/java-19-openjdk-amd64
08-May-2024 22:38:12.305 INFO [main] org.apache.catalina.startup.VersionLoggerListener.log JVM Version:           19.0.2+7-Ubuntu-0ubuntu322.04
08-May-2024 22:38:12.306 INFO [main] org.apache.catalina.startup.VersionLoggerListener.log JVM Vendor:            Private Build
08-May-2024 22:38:12.306 INFO [main] org.apache.catalina.startup.VersionLoggerListener.log CATALINA_BASE:         /mnt/c/Users/Emmanuel/OneDrive/Desktop/HKUST ACADEMICS/COMP4321/PROJECT/apache-tomcat-10.1.20
08-May-2024 22:38:12.306 INFO [main] org.apache.catalina.startup.VersionLoggerListener.log CATALINA_HOME:         /mnt/c/Users/Emmanuel/OneDrive/Desktop/HKUST ACADEMICS/COMP4321/PROJECT/apache-tomcat-10.1.20
08-May-2024 22:38:12.328 INFO [main] org.apache.catalina.startup.VersionLoggerListener.log Command line argument: -Djava.util.logging.config.file=/mnt/c/Users/Emmanuel/OneDrive/Desktop/HKUST ACADEMICS/COMP4321/PROJECT/apache-tomcat-10.1.20/conf/logging.properties
08-May-2024 22:38:12.329 INFO [main] org.apache.catalina.startup.VersionLoggerListener.log Command line argument: -Djava.util.logging.manager=org.apache.juli.ClassLoaderLogManager
08-May-2024 22:38:12.329 INFO [main] org.apache.catalina.startup.VersionLoggerListener.log Command line argument: -Djdk.tls.ephemeralDHKeySize=2048
08-May-2024 22:38:12.330 INFO [main] org.apache.catalina.startup.VersionLoggerListener.log Command line argument: -Djava.protocol.handler.pkgs=org.apache.catalina.webresources
08-May-2024 22:38:12.330 INFO [main] org.apache.catalina.startup.VersionLoggerListener.log Command line argument: -Dorg.apache.catalina.security.SecurityListener.UMASK=0027
08-May-2024 22:38:12.330 INFO [main] org.apache.catalina.startup.VersionLoggerListener.log Command line argument: --add-opens=java.base/java.lang=ALL-UNNAMED
08-May-2024 22:38:12.331 INFO [main] org.apache.catalina.startup.VersionLoggerListener.log Command line argument: --add-opens=java.base/java.io=ALL-UNNAMED
08-May-2024 22:38:12.331 INFO [main] org.apache.catalina.startup.VersionLoggerListener.log Command line argument: --add-opens=java.base/java.util=ALL-UNNAMED
08-May-2024 22:38:12.331 INFO [main] org.apache.catalina.startup.VersionLoggerListener.log Command line argument: --add-opens=java.base/java.util.concurrent=ALL-UNNAMED
08-May-2024 22:38:12.331 INFO [main] org.apache.catalina.startup.VersionLoggerListener.log Command line argument: --add-opens=java.rmi/sun.rmi.transport=ALL-UNNAMED
08-May-2024 22:38:12.332 INFO [main] org.apache.catalina.startup.VersionLoggerListener.log Command line argument: -Dcatalina.base=/mnt/c/Users/Emmanuel/OneDrive/Desktop/HKUST ACADEMICS/COMP4321/PROJECT/apache-tomcat-10.1.20
08-May-2024 22:38:12.332 INFO [main] org.apache.catalina.startup.VersionLoggerListener.log Command line argument: -Dcatalina.home=/mnt/c/Users/Emmanuel/OneDrive/Desktop/HKUST ACADEMICS/COMP4321/PROJECT/apache-tomcat-10.1.20
08-May-2024 22:38:12.332 INFO [main] org.apache.catalina.startup.VersionLoggerListener.log Command line argument: -Djava.io.tmpdir=/mnt/c/Users/Emmanuel/OneDrive/Desktop/HKUST ACADEMICS/COMP4321/PROJECT/apache-tomcat-10.1.20/temp
08-May-2024 22:38:12.339 INFO [main] org.apache.catalina.core.AprLifecycleListener.lifecycleEvent The Apache Tomcat Native library which allows using OpenSSL was not found on the java.library.path: [/usr/java/packages/lib:/usr/lib/x86_64-linux-gnu/jni:/lib/x86_64-linux-gnu:/usr/lib/x86_64-linux-gnu:/usr/lib/jni:/lib:/usr/lib]
08-May-2024 22:38:12.788 INFO [main] org.apache.coyote.AbstractProtocol.init Initializing ProtocolHandler ["http-nio-8080"]
08-May-2024 22:38:12.826 INFO [main] org.apache.catalina.startup.Catalina.load Server initialization in [829] milliseconds
08-May-2024 22:38:12.906 INFO [main] org.apache.catalina.core.StandardService.startInternal Starting service [Catalina]
08-May-2024 22:38:12.906 INFO [main] org.apache.catalina.core.StandardEngine.startInternal Starting Servlet engine: [Apache Tomcat/10.1.20]
08-May-2024 22:38:12.934 INFO [main] org.apache.catalina.startup.HostConfig.deployDirectory Deploying web application directory [/mnt/c/Users/Emmanuel/OneDrive/Desktop/HKUST ACADEMICS/COMP4321/PROJECT/apache-tomcat-10.1.20/webapps/comp4321]
08-May-2024 22:38:14.051 INFO [main] org.apache.jasper.servlet.TldScanner.scanJars At least one JAR was scanned for TLDs yet contained no TLDs. Enable debug logging for this logger for a complete list of JARs that were scanned but no TLDs were found in them. Skipping unneeded JARs during scanning can improve startup time and JSP compilation time.
08-May-2024 22:38:14.151 INFO [main] org.apache.catalina.startup.HostConfig.deployDirectory Deployment of web application directory [/mnt/c/Users/Emmanuel/OneDrive/Desktop/HKUST ACADEMICS/COMP4321/PROJECT/apache-tomcat-10.1.20/webapps/comp4321] has finished in [1,216] ms
08-May-2024 22:38:14.152 INFO [main] org.apache.catalina.startup.HostConfig.deployDirectory Deploying web application directory [/mnt/c/Users/Emmanuel/OneDrive/Desktop/HKUST ACADEMICS/COMP4321/PROJECT/apache-tomcat-10.1.20/webapps/docs]
08-May-2024 22:38:14.416 INFO [main] org.apache.catalina.startup.HostConfig.deployDirectory Deployment of web application directory [/mnt/c/Users/Emmanuel/OneDrive/Desktop/HKUST ACADEMICS/COMP4321/PROJECT/apache-tomcat-10.1.20/webapps/docs] has finished in [264] ms
08-May-2024 22:38:14.418 INFO [main] org.apache.catalina.startup.HostConfig.deployDirectory Deploying web application directory [/mnt/c/Users/Emmanuel/OneDrive/Desktop/HKUST ACADEMICS/COMP4321/PROJECT/apache-tomcat-10.1.20/webapps/examples]
08-May-2024 22:38:16.735 SEVERE [main] org.apache.catalina.core.StandardContext.startInternal One or more listeners failed to start. Full details will be found in the appropriate container log file
08-May-2024 22:38:16.736 SEVERE [main] org.apache.catalina.core.StandardContext.startInternal Context [/examples] startup failed due to previous errors
08-May-2024 22:38:16.770 INFO [main] org.apache.catalina.startup.HostConfig.deployDirectory Deployment of web application directory [/mnt/c/Users/Emmanuel/OneDrive/Desktop/HKUST ACADEMICS/COMP4321/PROJECT/apache-tomcat-10.1.20/webapps/examples] has finished in [2,351] ms
08-May-2024 22:38:16.771 INFO [main] org.apache.catalina.startup.HostConfig.deployDirectory Deploying web application directory [/mnt/c/Users/Emmanuel/OneDrive/Desktop/HKUST ACADEMICS/COMP4321/PROJECT/apache-tomcat-10.1.20/webapps/host-manager]
08-May-2024 22:38:17.103 INFO [main] org.apache.catalina.startup.HostConfig.deployDirectory Deployment of web application directory [/mnt/c/Users/Emmanuel/OneDrive/Desktop/HKUST ACADEMICS/COMP4321/PROJECT/apache-tomcat-10.1.20/webapps/host-manager] has finished in [331] ms
08-May-2024 22:38:17.104 INFO [main] org.apache.catalina.startup.HostConfig.deployDirectory Deploying web application directory [/mnt/c/Users/Emmanuel/OneDrive/Desktop/HKUST ACADEMICS/COMP4321/PROJECT/apache-tomcat-10.1.20/webapps/manager]
08-May-2024 22:38:18.056 INFO [main] org.apache.catalina.startup.HostConfig.deployDirectory Deployment of web application directory [/mnt/c/Users/Emmanuel/OneDrive/Desktop/HKUST ACADEMICS/COMP4321/PROJECT/apache-tomcat-10.1.20/webapps/manager] has finished in [951] ms
08-May-2024 22:38:18.058 INFO [main] org.apache.catalina.startup.HostConfig.deployDirectory Deploying web application directory [/mnt/c/Users/Emmanuel/OneDrive/Desktop/HKUST ACADEMICS/COMP4321/PROJECT/apache-tomcat-10.1.20/webapps/ROOT]
08-May-2024 22:38:18.317 INFO [main] org.apache.catalina.startup.HostConfig.deployDirectory Deployment of web application directory [/mnt/c/Users/Emmanuel/OneDrive/Desktop/HKUST ACADEMICS/COMP4321/PROJECT/apache-tomcat-10.1.20/webapps/ROOT] has finished in [260] ms
08-May-2024 22:38:18.325 INFO [main] org.apache.coyote.AbstractProtocol.start Starting ProtocolHandler ["http-nio-8080"]
08-May-2024 22:38:18.352 INFO [main] org.apache.catalina.startup.Catalina.start Server startup in [5523] milliseconds
08-May-2024 22:38:42.994 INFO [main] org.apache.catalina.startup.VersionLoggerListener.log Server version name:   Apache Tomcat/10.1.20
08-May-2024 22:38:42.999 INFO [main] org.apache.catalina.startup.VersionLoggerListener.log Server built:          Mar 19 2024 12:49:58 UTC
08-May-2024 22:38:43.000 INFO [main] org.apache.catalina.startup.VersionLoggerListener.log Server version number: 10.1.20.0
08-May-2024 22:38:43.000 INFO [main] org.apache.catalina.startup.VersionLoggerListener.log OS Name:               Linux
08-May-2024 22:38:43.001 INFO [main] org.apache.catalina.startup.VersionLoggerListener.log OS Version:            5.15.133.1-microsoft-standard-WSL2
08-May-2024 22:38:43.002 INFO [main] org.apache.catalina.startup.VersionLoggerListener.log Architecture:          amd64
08-May-2024 22:38:43.002 INFO [main] org.apache.catalina.startup.VersionLoggerListener.log Java Home:             /usr/lib/jvm/java-19-openjdk-amd64
08-May-2024 22:38:43.003 INFO [main] org.apache.catalina.startup.VersionLoggerListener.log JVM Version:           19.0.2+7-Ubuntu-0ubuntu322.04
08-May-2024 22:38:43.003 INFO [main] org.apache.catalina.startup.VersionLoggerListener.log JVM Vendor:            Private Build
08-May-2024 22:38:43.003 INFO [main] org.apache.catalina.startup.VersionLoggerListener.log CATALINA_BASE:         /mnt/c/Users/Emmanuel/OneDrive/Desktop/HKUST ACADEMICS/COMP4321/PROJECT/apache-tomcat-10.1.20
08-May-2024 22:38:43.003 INFO [main] org.apache.catalina.startup.VersionLoggerListener.log CATALINA_HOME:         /mnt/c/Users/Emmanuel/OneDrive/Desktop/HKUST ACADEMICS/COMP4321/PROJECT/apache-tomcat-10.1.20
08-May-2024 22:38:43.016 INFO [main] org.apache.catalina.startup.VersionLoggerListener.log Command line argument: -Djava.util.logging.config.file=/mnt/c/Users/Emmanuel/OneDrive/Desktop/HKUST ACADEMICS/COMP4321/PROJECT/apache-tomcat-10.1.20/conf/logging.properties
08-May-2024 22:38:43.017 INFO [main] org.apache.catalina.startup.VersionLoggerListener.log Command line argument: -Djava.util.logging.manager=org.apache.juli.ClassLoaderLogManager
08-May-2024 22:38:43.018 INFO [main] org.apache.catalina.startup.VersionLoggerListener.log Command line argument: -Djdk.tls.ephemeralDHKeySize=2048
08-May-2024 22:38:43.018 INFO [main] org.apache.catalina.startup.VersionLoggerListener.log Command line argument: -Djava.protocol.handler.pkgs=org.apache.catalina.webresources
08-May-2024 22:38:43.018 INFO [main] org.apache.catalina.startup.VersionLoggerListener.log Command line argument: -Dorg.apache.catalina.security.SecurityListener.UMASK=0027
08-May-2024 22:38:43.019 INFO [main] org.apache.catalina.startup.VersionLoggerListener.log Command line argument: --add-opens=java.base/java.lang=ALL-UNNAMED
08-May-2024 22:38:43.019 INFO [main] org.apache.catalina.startup.VersionLoggerListener.log Command line argument: --add-opens=java.base/java.io=ALL-UNNAMED
08-May-2024 22:38:43.019 INFO [main] org.apache.catalina.startup.VersionLoggerListener.log Command line argument: --add-opens=java.base/java.util=ALL-UNNAMED
08-May-2024 22:38:43.019 INFO [main] org.apache.catalina.startup.VersionLoggerListener.log Command line argument: --add-opens=java.base/java.util.concurrent=ALL-UNNAMED
08-May-2024 22:38:43.020 INFO [main] org.apache.catalina.startup.VersionLoggerListener.log Command line argument: --add-opens=java.rmi/sun.rmi.transport=ALL-UNNAMED
08-May-2024 22:38:43.020 INFO [main] org.apache.catalina.startup.VersionLoggerListener.log Command line argument: -Dcatalina.base=/mnt/c/Users/Emmanuel/OneDrive/Desktop/HKUST ACADEMICS/COMP4321/PROJECT/apache-tomcat-10.1.20
08-May-2024 22:38:43.020 INFO [main] org.apache.catalina.startup.VersionLoggerListener.log Command line argument: -Dcatalina.home=/mnt/c/Users/Emmanuel/OneDrive/Desktop/HKUST ACADEMICS/COMP4321/PROJECT/apache-tomcat-10.1.20
08-May-2024 22:38:43.021 INFO [main] org.apache.catalina.startup.VersionLoggerListener.log Command line argument: -Djava.io.tmpdir=/mnt/c/Users/Emmanuel/OneDrive/Desktop/HKUST ACADEMICS/COMP4321/PROJECT/apache-tomcat-10.1.20/temp
08-May-2024 22:38:43.024 INFO [main] org.apache.catalina.core.AprLifecycleListener.lifecycleEvent The Apache Tomcat Native library which allows using OpenSSL was not found on the java.library.path: [/usr/java/packages/lib:/usr/lib/x86_64-linux-gnu/jni:/lib/x86_64-linux-gnu:/usr/lib/x86_64-linux-gnu:/usr/lib/jni:/lib:/usr/lib]
08-May-2024 22:38:43.454 INFO [main] org.apache.coyote.AbstractProtocol.init Initializing ProtocolHandler ["http-nio-8080"]
08-May-2024 22:38:43.499 SEVERE [main] org.apache.catalina.util.LifecycleBase.handleSubClassException Failed to initialize component [Connector["http-nio-8080"]]
	org.apache.catalina.LifecycleException: Protocol handler initialization failed
		at org.apache.catalina.connector.Connector.initInternal(Connector.java:1016)
		at org.apache.catalina.util.LifecycleBase.init(LifecycleBase.java:127)
		at org.apache.catalina.core.StandardService.initInternal(StandardService.java:554)
		at org.apache.catalina.util.LifecycleBase.init(LifecycleBase.java:127)
		at org.apache.catalina.core.StandardServer.initInternal(StandardServer.java:1017)
		at org.apache.catalina.util.LifecycleBase.init(LifecycleBase.java:127)
		at org.apache.catalina.startup.Catalina.load(Catalina.java:708)
		at org.apache.catalina.startup.Catalina.load(Catalina.java:731)
		at java.base/jdk.internal.reflect.DirectMethodHandleAccessor.invoke(DirectMethodHandleAccessor.java:104)
		at java.base/java.lang.reflect.Method.invoke(Method.java:578)
		at org.apache.catalina.startup.Bootstrap.load(Bootstrap.java:302)
		at org.apache.catalina.startup.Bootstrap.main(Bootstrap.java:472)
	Caused by: java.net.BindException: Address already in use
		at java.base/sun.nio.ch.Net.bind0(Native Method)
		at java.base/sun.nio.ch.Net.bind(Net.java:555)
		at java.base/sun.nio.ch.ServerSocketChannelImpl.netBind(ServerSocketChannelImpl.java:344)
		at java.base/sun.nio.ch.ServerSocketChannelImpl.bind(ServerSocketChannelImpl.java:301)
		at org.apache.tomcat.util.net.NioEndpoint.initServerSocket(NioEndpoint.java:239)
		at org.apache.tomcat.util.net.NioEndpoint.bind(NioEndpoint.java:194)
		at org.apache.tomcat.util.net.AbstractEndpoint.bindWithCleanup(AbstractEndpoint.java:1307)
		at org.apache.tomcat.util.net.AbstractEndpoint.init(AbstractEndpoint.java:1320)
		at org.apache.coyote.AbstractProtocol.init(AbstractProtocol.java:624)
		at org.apache.coyote.http11.AbstractHttp11Protocol.init(AbstractHttp11Protocol.java:77)
		at org.apache.catalina.connector.Connector.initInternal(Connector.java:1014)
		... 11 more
08-May-2024 22:38:43.500 INFO [main] org.apache.catalina.startup.Catalina.load Server initialization in [806] milliseconds
08-May-2024 22:38:43.576 INFO [main] org.apache.catalina.core.StandardService.startInternal Starting service [Catalina]
08-May-2024 22:38:43.577 INFO [main] org.apache.catalina.core.StandardEngine.startInternal Starting Servlet engine: [Apache Tomcat/10.1.20]
08-May-2024 22:38:43.607 INFO [main] org.apache.catalina.startup.HostConfig.deployDirectory Deploying web application directory [/mnt/c/Users/Emmanuel/OneDrive/Desktop/HKUST ACADEMICS/COMP4321/PROJECT/apache-tomcat-10.1.20/webapps/comp4321]
08-May-2024 22:38:44.869 INFO [main] org.apache.jasper.servlet.TldScanner.scanJars At least one JAR was scanned for TLDs yet contained no TLDs. Enable debug logging for this logger for a complete list of JARs that were scanned but no TLDs were found in them. Skipping unneeded JARs during scanning can improve startup time and JSP compilation time.
08-May-2024 22:38:44.968 INFO [main] org.apache.catalina.startup.HostConfig.deployDirectory Deployment of web application directory [/mnt/c/Users/Emmanuel/OneDrive/Desktop/HKUST ACADEMICS/COMP4321/PROJECT/apache-tomcat-10.1.20/webapps/comp4321] has finished in [1,360] ms
08-May-2024 22:38:44.970 INFO [main] org.apache.catalina.startup.HostConfig.deployDirectory Deploying web application directory [/mnt/c/Users/Emmanuel/OneDrive/Desktop/HKUST ACADEMICS/COMP4321/PROJECT/apache-tomcat-10.1.20/webapps/docs]
08-May-2024 22:38:45.342 INFO [main] org.apache.catalina.startup.HostConfig.deployDirectory Deployment of web application directory [/mnt/c/Users/Emmanuel/OneDrive/Desktop/HKUST ACADEMICS/COMP4321/PROJECT/apache-tomcat-10.1.20/webapps/docs] has finished in [372] ms
08-May-2024 22:38:45.345 INFO [main] org.apache.catalina.startup.HostConfig.deployDirectory Deploying web application directory [/mnt/c/Users/Emmanuel/OneDrive/Desktop/HKUST ACADEMICS/COMP4321/PROJECT/apache-tomcat-10.1.20/webapps/examples]
08-May-2024 22:38:47.868 SEVERE [main] org.apache.catalina.core.StandardContext.startInternal One or more listeners failed to start. Full details will be found in the appropriate container log file
08-May-2024 22:38:47.869 SEVERE [main] org.apache.catalina.core.StandardContext.startInternal Context [/examples] startup failed due to previous errors
08-May-2024 22:38:47.893 INFO [main] org.apache.catalina.startup.HostConfig.deployDirectory Deployment of web application directory [/mnt/c/Users/Emmanuel/OneDrive/Desktop/HKUST ACADEMICS/COMP4321/PROJECT/apache-tomcat-10.1.20/webapps/examples] has finished in [2,548] ms
08-May-2024 22:38:47.895 INFO [main] org.apache.catalina.startup.HostConfig.deployDirectory Deploying web application directory [/mnt/c/Users/Emmanuel/OneDrive/Desktop/HKUST ACADEMICS/COMP4321/PROJECT/apache-tomcat-10.1.20/webapps/host-manager]
08-May-2024 22:38:48.201 INFO [main] org.apache.catalina.startup.HostConfig.deployDirectory Deployment of web application directory [/mnt/c/Users/Emmanuel/OneDrive/Desktop/HKUST ACADEMICS/COMP4321/PROJECT/apache-tomcat-10.1.20/webapps/host-manager] has finished in [306] ms
08-May-2024 22:38:48.203 INFO [main] org.apache.catalina.startup.HostConfig.deployDirectory Deploying web application directory [/mnt/c/Users/Emmanuel/OneDrive/Desktop/HKUST ACADEMICS/COMP4321/PROJECT/apache-tomcat-10.1.20/webapps/manager]
08-May-2024 22:38:48.753 INFO [main] org.apache.catalina.startup.HostConfig.deployDirectory Deployment of web application directory [/mnt/c/Users/Emmanuel/OneDrive/Desktop/HKUST ACADEMICS/COMP4321/PROJECT/apache-tomcat-10.1.20/webapps/manager] has finished in [550] ms
08-May-2024 22:38:48.754 INFO [main] org.apache.catalina.startup.HostConfig.deployDirectory Deploying web application directory [/mnt/c/Users/Emmanuel/OneDrive/Desktop/HKUST ACADEMICS/COMP4321/PROJECT/apache-tomcat-10.1.20/webapps/ROOT]
08-May-2024 22:38:48.978 INFO [main] org.apache.catalina.startup.HostConfig.deployDirectory Deployment of web application directory [/mnt/c/Users/Emmanuel/OneDrive/Desktop/HKUST ACADEMICS/COMP4321/PROJECT/apache-tomcat-10.1.20/webapps/ROOT] has finished in [223] ms
08-May-2024 22:38:48.984 INFO [main] org.apache.catalina.startup.Catalina.start Server startup in [5482] milliseconds
08-May-2024 22:38:48.988 SEVERE [main] org.apache.catalina.core.StandardServer.await Failed to create server shutdown socket on address [localhost] and port [8005] (base port [8005] and offset [0])
	java.net.BindException: Address already in use
		at java.base/sun.nio.ch.Net.bind0(Native Method)
		at java.base/sun.nio.ch.Net.bind(Net.java:555)
		at java.base/sun.nio.ch.Net.bind(Net.java:544)
		at java.base/sun.nio.ch.NioSocketImpl.bind(NioSocketImpl.java:629)
		at java.base/java.net.ServerSocket.bind(ServerSocket.java:393)
		at java.base/java.net.ServerSocket.<init>(ServerSocket.java:275)
		at org.apache.catalina.core.StandardServer.await(StandardServer.java:577)
		at org.apache.catalina.startup.Catalina.await(Catalina.java:847)
		at org.apache.catalina.startup.Catalina.start(Catalina.java:795)
		at java.base/jdk.internal.reflect.DirectMethodHandleAccessor.invoke(DirectMethodHandleAccessor.java:104)
		at java.base/java.lang.reflect.Method.invoke(Method.java:578)
		at org.apache.catalina.startup.Bootstrap.start(Bootstrap.java:345)
		at org.apache.catalina.startup.Bootstrap.main(Bootstrap.java:473)
08-May-2024 22:38:48.989 INFO [main] org.apache.coyote.AbstractProtocol.pause Pausing ProtocolHandler ["http-nio-8080"]
08-May-2024 22:38:48.989 INFO [main] org.apache.catalina.core.StandardService.stopInternal Stopping service [Catalina]
08-May-2024 22:38:49.111 INFO [main] org.apache.coyote.AbstractProtocol.stop Stopping ProtocolHandler ["http-nio-8080"]
08-May-2024 22:38:49.113 INFO [main] org.apache.coyote.AbstractProtocol.destroy Destroying ProtocolHandler ["http-nio-8080"]
08-May-2024 22:44:50.904 INFO [main] org.apache.catalina.startup.VersionLoggerListener.log Server version name:   Apache Tomcat/10.1.20
08-May-2024 22:44:50.907 INFO [main] org.apache.catalina.startup.VersionLoggerListener.log Server built:          Mar 19 2024 12:49:58 UTC
08-May-2024 22:44:50.908 INFO [main] org.apache.catalina.startup.VersionLoggerListener.log Server version number: 10.1.20.0
08-May-2024 22:44:50.908 INFO [main] org.apache.catalina.startup.VersionLoggerListener.log OS Name:               Linux
08-May-2024 22:44:50.908 INFO [main] org.apache.catalina.startup.VersionLoggerListener.log OS Version:            5.15.133.1-microsoft-standard-WSL2
08-May-2024 22:44:50.909 INFO [main] org.apache.catalina.startup.VersionLoggerListener.log Architecture:          amd64
08-May-2024 22:44:50.910 INFO [main] org.apache.catalina.startup.VersionLoggerListener.log Java Home:             /usr/lib/jvm/java-19-openjdk-amd64
08-May-2024 22:44:50.931 INFO [main] org.apache.catalina.startup.VersionLoggerListener.log JVM Version:           19.0.2+7-Ubuntu-0ubuntu322.04
08-May-2024 22:44:50.931 INFO [main] org.apache.catalina.startup.VersionLoggerListener.log JVM Vendor:            Private Build
08-May-2024 22:44:50.932 INFO [main] org.apache.catalina.startup.VersionLoggerListener.log CATALINA_BASE:         /mnt/c/Users/Emmanuel/OneDrive/Desktop/HKUST ACADEMICS/COMP4321/PROJECT/apache-tomcat-10.1.20
08-May-2024 22:44:50.932 INFO [main] org.apache.catalina.startup.VersionLoggerListener.log CATALINA_HOME:         /mnt/c/Users/Emmanuel/OneDrive/Desktop/HKUST ACADEMICS/COMP4321/PROJECT/apache-tomcat-10.1.20
08-May-2024 22:44:50.938 INFO [main] org.apache.catalina.startup.VersionLoggerListener.log Command line argument: -Djava.util.logging.config.file=/mnt/c/Users/Emmanuel/OneDrive/Desktop/HKUST ACADEMICS/COMP4321/PROJECT/apache-tomcat-10.1.20/conf/logging.properties
08-May-2024 22:44:50.939 INFO [main] org.apache.catalina.startup.VersionLoggerListener.log Command line argument: -Djava.util.logging.manager=org.apache.juli.ClassLoaderLogManager
08-May-2024 22:44:50.939 INFO [main] org.apache.catalina.startup.VersionLoggerListener.log Command line argument: -Djdk.tls.ephemeralDHKeySize=2048
08-May-2024 22:44:50.939 INFO [main] org.apache.catalina.startup.VersionLoggerListener.log Command line argument: -Djava.protocol.handler.pkgs=org.apache.catalina.webresources
08-May-2024 22:44:50.939 INFO [main] org.apache.catalina.startup.VersionLoggerListener.log Command line argument: -Dorg.apache.catalina.security.SecurityListener.UMASK=0027
08-May-2024 22:44:50.940 INFO [main] org.apache.catalina.startup.VersionLoggerListener.log Command line argument: --add-opens=java.base/java.lang=ALL-UNNAMED
08-May-2024 22:44:50.940 INFO [main] org.apache.catalina.startup.VersionLoggerListener.log Command line argument: --add-opens=java.base/java.io=ALL-UNNAMED
08-May-2024 22:44:50.940 INFO [main] org.apache.catalina.startup.VersionLoggerListener.log Command line argument: --add-opens=java.base/java.util=ALL-UNNAMED
08-May-2024 22:44:50.941 INFO [main] org.apache.catalina.startup.VersionLoggerListener.log Command line argument: --add-opens=java.base/java.util.concurrent=ALL-UNNAMED
08-May-2024 22:44:50.941 INFO [main] org.apache.catalina.startup.VersionLoggerListener.log Command line argument: --add-opens=java.rmi/sun.rmi.transport=ALL-UNNAMED
08-May-2024 22:44:50.941 INFO [main] org.apache.catalina.startup.VersionLoggerListener.log Command line argument: -Dcatalina.base=/mnt/c/Users/Emmanuel/OneDrive/Desktop/HKUST ACADEMICS/COMP4321/PROJECT/apache-tomcat-10.1.20
08-May-2024 22:44:50.941 INFO [main] org.apache.catalina.startup.VersionLoggerListener.log Command line argument: -Dcatalina.home=/mnt/c/Users/Emmanuel/OneDrive/Desktop/HKUST ACADEMICS/COMP4321/PROJECT/apache-tomcat-10.1.20
08-May-2024 22:44:50.942 INFO [main] org.apache.catalina.startup.VersionLoggerListener.log Command line argument: -Djava.io.tmpdir=/mnt/c/Users/Emmanuel/OneDrive/Desktop/HKUST ACADEMICS/COMP4321/PROJECT/apache-tomcat-10.1.20/temp
08-May-2024 22:44:50.945 INFO [main] org.apache.catalina.core.AprLifecycleListener.lifecycleEvent The Apache Tomcat Native library which allows using OpenSSL was not found on the java.library.path: [/usr/java/packages/lib:/usr/lib/x86_64-linux-gnu/jni:/lib/x86_64-linux-gnu:/usr/lib/x86_64-linux-gnu:/usr/lib/jni:/lib:/usr/lib]
08-May-2024 22:44:51.251 INFO [main] org.apache.coyote.AbstractProtocol.init Initializing ProtocolHandler ["http-nio-8080"]
08-May-2024 22:44:51.266 SEVERE [main] org.apache.catalina.util.LifecycleBase.handleSubClassException Failed to initialize component [Connector["http-nio-8080"]]
	org.apache.catalina.LifecycleException: Protocol handler initialization failed
		at org.apache.catalina.connector.Connector.initInternal(Connector.java:1016)
		at org.apache.catalina.util.LifecycleBase.init(LifecycleBase.java:127)
		at org.apache.catalina.core.StandardService.initInternal(StandardService.java:554)
		at org.apache.catalina.util.LifecycleBase.init(LifecycleBase.java:127)
		at org.apache.catalina.core.StandardServer.initInternal(StandardServer.java:1017)
		at org.apache.catalina.util.LifecycleBase.init(LifecycleBase.java:127)
		at org.apache.catalina.startup.Catalina.load(Catalina.java:708)
		at org.apache.catalina.startup.Catalina.load(Catalina.java:731)
		at java.base/jdk.internal.reflect.DirectMethodHandleAccessor.invoke(DirectMethodHandleAccessor.java:104)
		at java.base/java.lang.reflect.Method.invoke(Method.java:578)
		at org.apache.catalina.startup.Bootstrap.load(Bootstrap.java:302)
		at org.apache.catalina.startup.Bootstrap.main(Bootstrap.java:472)
	Caused by: java.net.BindException: Address already in use
		at java.base/sun.nio.ch.Net.bind0(Native Method)
		at java.base/sun.nio.ch.Net.bind(Net.java:555)
		at java.base/sun.nio.ch.ServerSocketChannelImpl.netBind(ServerSocketChannelImpl.java:344)
		at java.base/sun.nio.ch.ServerSocketChannelImpl.bind(ServerSocketChannelImpl.java:301)
		at org.apache.tomcat.util.net.NioEndpoint.initServerSocket(NioEndpoint.java:239)
		at org.apache.tomcat.util.net.NioEndpoint.bind(NioEndpoint.java:194)
		at org.apache.tomcat.util.net.AbstractEndpoint.bindWithCleanup(AbstractEndpoint.java:1307)
		at org.apache.tomcat.util.net.AbstractEndpoint.init(AbstractEndpoint.java:1320)
		at org.apache.coyote.AbstractProtocol.init(AbstractProtocol.java:624)
		at org.apache.coyote.http11.AbstractHttp11Protocol.init(AbstractHttp11Protocol.java:77)
		at org.apache.catalina.connector.Connector.initInternal(Connector.java:1014)
		... 11 more
08-May-2024 22:44:51.267 INFO [main] org.apache.catalina.startup.Catalina.load Server initialization in [605] milliseconds
08-May-2024 22:44:51.326 INFO [main] org.apache.catalina.core.StandardService.startInternal Starting service [Catalina]
08-May-2024 22:44:51.327 INFO [main] org.apache.catalina.core.StandardEngine.startInternal Starting Servlet engine: [Apache Tomcat/10.1.20]
08-May-2024 22:44:51.350 INFO [main] org.apache.catalina.startup.HostConfig.deployDirectory Deploying web application directory [/mnt/c/Users/Emmanuel/OneDrive/Desktop/HKUST ACADEMICS/COMP4321/PROJECT/apache-tomcat-10.1.20/webapps/comp4321]
08-May-2024 22:44:52.380 INFO [main] org.apache.jasper.servlet.TldScanner.scanJars At least one JAR was scanned for TLDs yet contained no TLDs. Enable debug logging for this logger for a complete list of JARs that were scanned but no TLDs were found in them. Skipping unneeded JARs during scanning can improve startup time and JSP compilation time.
08-May-2024 22:44:52.466 INFO [main] org.apache.catalina.startup.HostConfig.deployDirectory Deployment of web application directory [/mnt/c/Users/Emmanuel/OneDrive/Desktop/HKUST ACADEMICS/COMP4321/PROJECT/apache-tomcat-10.1.20/webapps/comp4321] has finished in [1,116] ms
08-May-2024 22:44:52.468 INFO [main] org.apache.catalina.startup.HostConfig.deployDirectory Deploying web application directory [/mnt/c/Users/Emmanuel/OneDrive/Desktop/HKUST ACADEMICS/COMP4321/PROJECT/apache-tomcat-10.1.20/webapps/docs]
08-May-2024 22:44:52.746 INFO [main] org.apache.catalina.startup.HostConfig.deployDirectory Deployment of web application directory [/mnt/c/Users/Emmanuel/OneDrive/Desktop/HKUST ACADEMICS/COMP4321/PROJECT/apache-tomcat-10.1.20/webapps/docs] has finished in [278] ms
08-May-2024 22:44:52.747 INFO [main] org.apache.catalina.startup.HostConfig.deployDirectory Deploying web application directory [/mnt/c/Users/Emmanuel/OneDrive/Desktop/HKUST ACADEMICS/COMP4321/PROJECT/apache-tomcat-10.1.20/webapps/examples]
08-May-2024 22:44:54.897 SEVERE [main] org.apache.catalina.core.StandardContext.startInternal One or more listeners failed to start. Full details will be found in the appropriate container log file
08-May-2024 22:44:54.898 SEVERE [main] org.apache.catalina.core.StandardContext.startInternal Context [/examples] startup failed due to previous errors
08-May-2024 22:44:54.922 INFO [main] org.apache.catalina.startup.HostConfig.deployDirectory Deployment of web application directory [/mnt/c/Users/Emmanuel/OneDrive/Desktop/HKUST ACADEMICS/COMP4321/PROJECT/apache-tomcat-10.1.20/webapps/examples] has finished in [2,175] ms
08-May-2024 22:44:54.924 INFO [main] org.apache.catalina.startup.HostConfig.deployDirectory Deploying web application directory [/mnt/c/Users/Emmanuel/OneDrive/Desktop/HKUST ACADEMICS/COMP4321/PROJECT/apache-tomcat-10.1.20/webapps/host-manager]
08-May-2024 22:44:55.237 INFO [main] org.apache.catalina.startup.HostConfig.deployDirectory Deployment of web application directory [/mnt/c/Users/Emmanuel/OneDrive/Desktop/HKUST ACADEMICS/COMP4321/PROJECT/apache-tomcat-10.1.20/webapps/host-manager] has finished in [313] ms
08-May-2024 22:44:55.239 INFO [main] org.apache.catalina.startup.HostConfig.deployDirectory Deploying web application directory [/mnt/c/Users/Emmanuel/OneDrive/Desktop/HKUST ACADEMICS/COMP4321/PROJECT/apache-tomcat-10.1.20/webapps/manager]
08-May-2024 22:44:55.806 INFO [main] org.apache.catalina.startup.HostConfig.deployDirectory Deployment of web application directory [/mnt/c/Users/Emmanuel/OneDrive/Desktop/HKUST ACADEMICS/COMP4321/PROJECT/apache-tomcat-10.1.20/webapps/manager] has finished in [567] ms
08-May-2024 22:44:55.807 INFO [main] org.apache.catalina.startup.HostConfig.deployDirectory Deploying web application directory [/mnt/c/Users/Emmanuel/OneDrive/Desktop/HKUST ACADEMICS/COMP4321/PROJECT/apache-tomcat-10.1.20/webapps/ROOT]
08-May-2024 22:44:56.031 INFO [main] org.apache.catalina.startup.HostConfig.deployDirectory Deployment of web application directory [/mnt/c/Users/Emmanuel/OneDrive/Desktop/HKUST ACADEMICS/COMP4321/PROJECT/apache-tomcat-10.1.20/webapps/ROOT] has finished in [223] ms
08-May-2024 22:44:56.038 INFO [main] org.apache.catalina.startup.Catalina.start Server startup in [4769] milliseconds
08-May-2024 22:44:56.041 SEVERE [main] org.apache.catalina.core.StandardServer.await Failed to create server shutdown socket on address [localhost] and port [8005] (base port [8005] and offset [0])
	java.net.BindException: Address already in use
		at java.base/sun.nio.ch.Net.bind0(Native Method)
		at java.base/sun.nio.ch.Net.bind(Net.java:555)
		at java.base/sun.nio.ch.Net.bind(Net.java:544)
		at java.base/sun.nio.ch.NioSocketImpl.bind(NioSocketImpl.java:629)
		at java.base/java.net.ServerSocket.bind(ServerSocket.java:393)
		at java.base/java.net.ServerSocket.<init>(ServerSocket.java:275)
		at org.apache.catalina.core.StandardServer.await(StandardServer.java:577)
		at org.apache.catalina.startup.Catalina.await(Catalina.java:847)
		at org.apache.catalina.startup.Catalina.start(Catalina.java:795)
		at java.base/jdk.internal.reflect.DirectMethodHandleAccessor.invoke(DirectMethodHandleAccessor.java:104)
		at java.base/java.lang.reflect.Method.invoke(Method.java:578)
		at org.apache.catalina.startup.Bootstrap.start(Bootstrap.java:345)
		at org.apache.catalina.startup.Bootstrap.main(Bootstrap.java:473)
08-May-2024 22:44:56.042 INFO [main] org.apache.coyote.AbstractProtocol.pause Pausing ProtocolHandler ["http-nio-8080"]
08-May-2024 22:44:56.042 INFO [main] org.apache.catalina.core.StandardService.stopInternal Stopping service [Catalina]
08-May-2024 22:44:56.166 INFO [main] org.apache.coyote.AbstractProtocol.stop Stopping ProtocolHandler ["http-nio-8080"]
08-May-2024 22:44:56.168 INFO [main] org.apache.coyote.AbstractProtocol.destroy Destroying ProtocolHandler ["http-nio-8080"]
08-May-2024 22:47:39.787 INFO [main] org.apache.catalina.core.StandardServer.await A valid shutdown command was received via the shutdown port. Stopping the Server instance.
08-May-2024 22:47:39.789 INFO [main] org.apache.coyote.AbstractProtocol.pause Pausing ProtocolHandler ["http-nio-8080"]
08-May-2024 22:47:39.795 INFO [main] org.apache.catalina.core.StandardService.stopInternal Stopping service [Catalina]
08-May-2024 22:47:39.828 INFO [main] org.apache.coyote.AbstractProtocol.stop Stopping ProtocolHandler ["http-nio-8080"]
08-May-2024 22:47:39.840 INFO [main] org.apache.coyote.AbstractProtocol.destroy Destroying ProtocolHandler ["http-nio-8080"]
08-May-2024 22:47:43.836 INFO [main] org.apache.catalina.startup.VersionLoggerListener.log Server version name:   Apache Tomcat/10.1.20
08-May-2024 22:47:43.839 INFO [main] org.apache.catalina.startup.VersionLoggerListener.log Server built:          Mar 19 2024 12:49:58 UTC
08-May-2024 22:47:43.840 INFO [main] org.apache.catalina.startup.VersionLoggerListener.log Server version number: 10.1.20.0
08-May-2024 22:47:43.840 INFO [main] org.apache.catalina.startup.VersionLoggerListener.log OS Name:               Linux
08-May-2024 22:47:43.840 INFO [main] org.apache.catalina.startup.VersionLoggerListener.log OS Version:            5.15.133.1-microsoft-standard-WSL2
08-May-2024 22:47:43.841 INFO [main] org.apache.catalina.startup.VersionLoggerListener.log Architecture:          amd64
08-May-2024 22:47:43.841 INFO [main] org.apache.catalina.startup.VersionLoggerListener.log Java Home:             /usr/lib/jvm/java-19-openjdk-amd64
08-May-2024 22:47:43.841 INFO [main] org.apache.catalina.startup.VersionLoggerListener.log JVM Version:           19.0.2+7-Ubuntu-0ubuntu322.04
08-May-2024 22:47:43.842 INFO [main] org.apache.catalina.startup.VersionLoggerListener.log JVM Vendor:            Private Build
08-May-2024 22:47:43.842 INFO [main] org.apache.catalina.startup.VersionLoggerListener.log CATALINA_BASE:         /mnt/c/Users/Emmanuel/OneDrive/Desktop/HKUST ACADEMICS/COMP4321/PROJECT/apache-tomcat-10.1.20
08-May-2024 22:47:43.842 INFO [main] org.apache.catalina.startup.VersionLoggerListener.log CATALINA_HOME:         /mnt/c/Users/Emmanuel/OneDrive/Desktop/HKUST ACADEMICS/COMP4321/PROJECT/apache-tomcat-10.1.20
08-May-2024 22:47:43.848 INFO [main] org.apache.catalina.startup.VersionLoggerListener.log Command line argument: -Djava.util.logging.config.file=/mnt/c/Users/Emmanuel/OneDrive/Desktop/HKUST ACADEMICS/COMP4321/PROJECT/apache-tomcat-10.1.20/conf/logging.properties
08-May-2024 22:47:43.849 INFO [main] org.apache.catalina.startup.VersionLoggerListener.log Command line argument: -Djava.util.logging.manager=org.apache.juli.ClassLoaderLogManager
08-May-2024 22:47:43.849 INFO [main] org.apache.catalina.startup.VersionLoggerListener.log Command line argument: -Djdk.tls.ephemeralDHKeySize=2048
08-May-2024 22:47:43.849 INFO [main] org.apache.catalina.startup.VersionLoggerListener.log Command line argument: -Djava.protocol.handler.pkgs=org.apache.catalina.webresources
08-May-2024 22:47:43.849 INFO [main] org.apache.catalina.startup.VersionLoggerListener.log Command line argument: -Dorg.apache.catalina.security.SecurityListener.UMASK=0027
08-May-2024 22:47:43.850 INFO [main] org.apache.catalina.startup.VersionLoggerListener.log Command line argument: --add-opens=java.base/java.lang=ALL-UNNAMED
08-May-2024 22:47:43.850 INFO [main] org.apache.catalina.startup.VersionLoggerListener.log Command line argument: --add-opens=java.base/java.io=ALL-UNNAMED
08-May-2024 22:47:43.850 INFO [main] org.apache.catalina.startup.VersionLoggerListener.log Command line argument: --add-opens=java.base/java.util=ALL-UNNAMED
08-May-2024 22:47:43.851 INFO [main] org.apache.catalina.startup.VersionLoggerListener.log Command line argument: --add-opens=java.base/java.util.concurrent=ALL-UNNAMED
08-May-2024 22:47:43.851 INFO [main] org.apache.catalina.startup.VersionLoggerListener.log Command line argument: --add-opens=java.rmi/sun.rmi.transport=ALL-UNNAMED
08-May-2024 22:47:43.851 INFO [main] org.apache.catalina.startup.VersionLoggerListener.log Command line argument: -Dcatalina.base=/mnt/c/Users/Emmanuel/OneDrive/Desktop/HKUST ACADEMICS/COMP4321/PROJECT/apache-tomcat-10.1.20
08-May-2024 22:47:43.851 INFO [main] org.apache.catalina.startup.VersionLoggerListener.log Command line argument: -Dcatalina.home=/mnt/c/Users/Emmanuel/OneDrive/Desktop/HKUST ACADEMICS/COMP4321/PROJECT/apache-tomcat-10.1.20
08-May-2024 22:47:43.852 INFO [main] org.apache.catalina.startup.VersionLoggerListener.log Command line argument: -Djava.io.tmpdir=/mnt/c/Users/Emmanuel/OneDrive/Desktop/HKUST ACADEMICS/COMP4321/PROJECT/apache-tomcat-10.1.20/temp
08-May-2024 22:47:43.854 INFO [main] org.apache.catalina.core.AprLifecycleListener.lifecycleEvent The Apache Tomcat Native library which allows using OpenSSL was not found on the java.library.path: [/usr/java/packages/lib:/usr/lib/x86_64-linux-gnu/jni:/lib/x86_64-linux-gnu:/usr/lib/x86_64-linux-gnu:/usr/lib/jni:/lib:/usr/lib]
08-May-2024 22:47:44.146 INFO [main] org.apache.coyote.AbstractProtocol.init Initializing ProtocolHandler ["http-nio-8080"]
08-May-2024 22:47:44.169 INFO [main] org.apache.catalina.startup.Catalina.load Server initialization in [564] milliseconds
08-May-2024 22:47:44.226 INFO [main] org.apache.catalina.core.StandardService.startInternal Starting service [Catalina]
08-May-2024 22:47:44.226 INFO [main] org.apache.catalina.core.StandardEngine.startInternal Starting Servlet engine: [Apache Tomcat/10.1.20]
08-May-2024 22:47:44.249 INFO [main] org.apache.catalina.startup.HostConfig.deployDirectory Deploying web application directory [/mnt/c/Users/Emmanuel/OneDrive/Desktop/HKUST ACADEMICS/COMP4321/PROJECT/apache-tomcat-10.1.20/webapps/comp4321]
08-May-2024 22:47:45.319 INFO [main] org.apache.jasper.servlet.TldScanner.scanJars At least one JAR was scanned for TLDs yet contained no TLDs. Enable debug logging for this logger for a complete list of JARs that were scanned but no TLDs were found in them. Skipping unneeded JARs during scanning can improve startup time and JSP compilation time.
08-May-2024 22:47:45.406 INFO [main] org.apache.catalina.startup.HostConfig.deployDirectory Deployment of web application directory [/mnt/c/Users/Emmanuel/OneDrive/Desktop/HKUST ACADEMICS/COMP4321/PROJECT/apache-tomcat-10.1.20/webapps/comp4321] has finished in [1,156] ms
08-May-2024 22:47:45.407 INFO [main] org.apache.catalina.startup.HostConfig.deployDirectory Deploying web application directory [/mnt/c/Users/Emmanuel/OneDrive/Desktop/HKUST ACADEMICS/COMP4321/PROJECT/apache-tomcat-10.1.20/webapps/docs]
08-May-2024 22:47:45.719 INFO [main] org.apache.catalina.startup.HostConfig.deployDirectory Deployment of web application directory [/mnt/c/Users/Emmanuel/OneDrive/Desktop/HKUST ACADEMICS/COMP4321/PROJECT/apache-tomcat-10.1.20/webapps/docs] has finished in [311] ms
08-May-2024 22:47:45.720 INFO [main] org.apache.catalina.startup.HostConfig.deployDirectory Deploying web application directory [/mnt/c/Users/Emmanuel/OneDrive/Desktop/HKUST ACADEMICS/COMP4321/PROJECT/apache-tomcat-10.1.20/webapps/examples]
08-May-2024 22:47:48.135 SEVERE [main] org.apache.catalina.core.StandardContext.startInternal One or more listeners failed to start. Full details will be found in the appropriate container log file
08-May-2024 22:47:48.136 SEVERE [main] org.apache.catalina.core.StandardContext.startInternal Context [/examples] startup failed due to previous errors
08-May-2024 22:47:48.168 INFO [main] org.apache.catalina.startup.HostConfig.deployDirectory Deployment of web application directory [/mnt/c/Users/Emmanuel/OneDrive/Desktop/HKUST ACADEMICS/COMP4321/PROJECT/apache-tomcat-10.1.20/webapps/examples] has finished in [2,447] ms
08-May-2024 22:47:48.169 INFO [main] org.apache.catalina.startup.HostConfig.deployDirectory Deploying web application directory [/mnt/c/Users/Emmanuel/OneDrive/Desktop/HKUST ACADEMICS/COMP4321/PROJECT/apache-tomcat-10.1.20/webapps/host-manager]
08-May-2024 22:47:48.488 INFO [main] org.apache.catalina.startup.HostConfig.deployDirectory Deployment of web application directory [/mnt/c/Users/Emmanuel/OneDrive/Desktop/HKUST ACADEMICS/COMP4321/PROJECT/apache-tomcat-10.1.20/webapps/host-manager] has finished in [318] ms
08-May-2024 22:47:48.489 INFO [main] org.apache.catalina.startup.HostConfig.deployDirectory Deploying web application directory [/mnt/c/Users/Emmanuel/OneDrive/Desktop/HKUST ACADEMICS/COMP4321/PROJECT/apache-tomcat-10.1.20/webapps/manager]
08-May-2024 22:47:49.084 INFO [main] org.apache.catalina.startup.HostConfig.deployDirectory Deployment of web application directory [/mnt/c/Users/Emmanuel/OneDrive/Desktop/HKUST ACADEMICS/COMP4321/PROJECT/apache-tomcat-10.1.20/webapps/manager] has finished in [595] ms
08-May-2024 22:47:49.086 INFO [main] org.apache.catalina.startup.HostConfig.deployDirectory Deploying web application directory [/mnt/c/Users/Emmanuel/OneDrive/Desktop/HKUST ACADEMICS/COMP4321/PROJECT/apache-tomcat-10.1.20/webapps/ROOT]
08-May-2024 22:47:49.334 INFO [main] org.apache.catalina.startup.HostConfig.deployDirectory Deployment of web application directory [/mnt/c/Users/Emmanuel/OneDrive/Desktop/HKUST ACADEMICS/COMP4321/PROJECT/apache-tomcat-10.1.20/webapps/ROOT] has finished in [248] ms
08-May-2024 22:47:49.342 INFO [main] org.apache.coyote.AbstractProtocol.start Starting ProtocolHandler ["http-nio-8080"]
08-May-2024 22:47:49.358 INFO [main] org.apache.catalina.startup.Catalina.start Server startup in [5187] milliseconds
