05-May-2024 00:00:04.208 INFO [main] org.apache.catalina.startup.VersionLoggerListener.log Server version name:   Apache Tomcat/10.1.20
05-May-2024 00:00:04.208 INFO [main] org.apache.catalina.startup.VersionLoggerListener.log Server built:          Mar 19 2024 12:49:58 UTC
05-May-2024 00:00:04.208 INFO [main] org.apache.catalina.startup.VersionLoggerListener.log Server version number: 10.1.20.0
05-May-2024 00:00:04.208 INFO [main] org.apache.catalina.startup.VersionLoggerListener.log OS Name:               Windows 10
05-May-2024 00:00:04.208 INFO [main] org.apache.catalina.startup.VersionLoggerListener.log OS Version:            10.0
05-May-2024 00:00:04.224 INFO [main] org.apache.catalina.startup.VersionLoggerListener.log Architecture:          amd64
05-May-2024 00:00:04.224 INFO [main] org.apache.catalina.startup.VersionLoggerListener.log Java Home:             C:\Program Files\Java\jdk-11.0.17
05-May-2024 00:00:04.224 INFO [main] org.apache.catalina.startup.VersionLoggerListener.log JVM Version:           11.0.17+10-LTS-269
05-May-2024 00:00:04.224 INFO [main] org.apache.catalina.startup.VersionLoggerListener.log JVM Vendor:            Oracle Corporation
05-May-2024 00:00:04.224 INFO [main] org.apache.catalina.startup.VersionLoggerListener.log CATALINA_BASE:         C:\Users\phant\Desktop\NUS Stuff\Year 3\HKUST sem 2\Comp4321\project2\comp4321\apache-tomcat-10.1.20
05-May-2024 00:00:04.224 INFO [main] org.apache.catalina.startup.VersionLoggerListener.log CATALINA_HOME:         C:\Users\phant\Desktop\NUS Stuff\Year 3\HKUST sem 2\Comp4321\project2\comp4321\apache-tomcat-10.1.20
05-May-2024 00:00:04.229 INFO [main] org.apache.catalina.startup.VersionLoggerListener.log Command line argument: -Djava.util.logging.config.file=C:\Users\phant\Desktop\NUS Stuff\Year 3\HKUST sem 2\Comp4321\project2\comp4321\apache-tomcat-10.1.20\conf\logging.properties
05-May-2024 00:00:04.229 INFO [main] org.apache.catalina.startup.VersionLoggerListener.log Command line argument: -Djava.util.logging.manager=org.apache.juli.ClassLoaderLogManager
05-May-2024 00:00:04.229 INFO [main] org.apache.catalina.startup.VersionLoggerListener.log Command line argument: -Djdk.tls.ephemeralDHKeySize=2048
05-May-2024 00:00:04.229 INFO [main] org.apache.catalina.startup.VersionLoggerListener.log Command line argument: -Djava.protocol.handler.pkgs=org.apache.catalina.webresources
05-May-2024 00:00:04.229 INFO [main] org.apache.catalina.startup.VersionLoggerListener.log Command line argument: --add-opens=java.base/java.lang=ALL-UNNAMED
05-May-2024 00:00:04.229 INFO [main] org.apache.catalina.startup.VersionLoggerListener.log Command line argument: --add-opens=java.base/java.io=ALL-UNNAMED
05-May-2024 00:00:04.229 INFO [main] org.apache.catalina.startup.VersionLoggerListener.log Command line argument: --add-opens=java.base/java.util=ALL-UNNAMED
05-May-2024 00:00:04.229 INFO [main] org.apache.catalina.startup.VersionLoggerListener.log Command line argument: --add-opens=java.base/java.util.concurrent=ALL-UNNAMED
05-May-2024 00:00:04.229 INFO [main] org.apache.catalina.startup.VersionLoggerListener.log Command line argument: --add-opens=java.rmi/sun.rmi.transport=ALL-UNNAMED
05-May-2024 00:00:04.229 INFO [main] org.apache.catalina.startup.VersionLoggerListener.log Command line argument: -Dcatalina.base=C:\Users\phant\Desktop\NUS Stuff\Year 3\HKUST sem 2\Comp4321\project2\comp4321\apache-tomcat-10.1.20
05-May-2024 00:00:04.229 INFO [main] org.apache.catalina.startup.VersionLoggerListener.log Command line argument: -Dcatalina.home=C:\Users\phant\Desktop\NUS Stuff\Year 3\HKUST sem 2\Comp4321\project2\comp4321\apache-tomcat-10.1.20
05-May-2024 00:00:04.229 INFO [main] org.apache.catalina.startup.VersionLoggerListener.log Command line argument: -Djava.io.tmpdir=C:\Users\phant\Desktop\NUS Stuff\Year 3\HKUST sem 2\Comp4321\project2\comp4321\apache-tomcat-10.1.20\temp
05-May-2024 00:00:04.245 INFO [main] org.apache.catalina.core.AprLifecycleListener.lifecycleEvent The Apache Tomcat Native library which allows using OpenSSL was not found on the java.library.path: [C:\Program Files\Java\jdk-11.0.17\bin;C:\WINDOWS\Sun\Java\bin;C:\WINDOWS\system32;C:\WINDOWS;C:\Users\phant\bin;C:\Program Files\Git\mingw64\bin;C:\Program Files\Git\usr\local\bin;C:\Program Files\Git\usr\bin;C:\Program Files\Git\usr\bin;C:\Program Files\Git\mingw64\bin;C:\Program Files\Git\usr\bin;C:\Users\phant\bin;C:\Program Files\Common Files\Oracle\Java\javapath;C:\WINDOWS\system32;C:\WINDOWS;C:\WINDOWS\System32\Wbem;C:\WINDOWS\System32\WindowsPowerShell\v1.0;C:\WINDOWS\System32\OpenSSH;C:\Program Files\MATLAB\R2021a\bin;C:\Program Files\nodejs;C:\WINDOWS\System32\WBem;C:\Program Files\usbipd-win;C:\Program Files\Git\cmd;C:\Program Files\Docker\Docker\resources\bin;C:\Program Files\apache-maven-3.9.0\bin;C:\Users\phant\AppData\Local\Programs\Python\Python311;C:\Program Files\dotnet;C:\Program Files\gs\gs10.01.1\bin;C:\Program Files\gs\gs10.01.1\lib;C:\Program Files\Stripe;C:\Program Files\poppler-23.07.0\Library\bin;C:\Program Files\Tesseract-OCR;C:\Program Files\Amazon\AWSCLIV2;C:\Program Files\Go\bin;C:\Users\phant\scoop\shims;C:\Program Files\Java\jdk-11.0.17\bin;C:\Users\phant\Desktop\NUS Stuff\Year 3\HKUST sem 2\Comp4321\project2\comp4321\apache-tomcat-10.1.20\bin;C:\Users\phant\scoop\shims;C:\Users\phant\AppData\Local\activestate\cache\bin;C:\Users\phant\AppData\Local\ActiveState\StateTool\release\bin;C:\Users\phant\AppData\Local\Programs\Python\Python311\Scripts;C:\Users\phant\AppData\Local\Programs\Python\Python311;C:\Users\phant\AppData\Local\Microsoft\WindowsApps;C:\Users\phant\AppData\Local\Programs\Microsoft VS Code\bin;C:\Program Files\mingw-w64\x86_64-8.1.0-posix-seh-rt_v6-rev0;C:\Users\phant\AppData\Roaming\npm;C:\Program Files\PostgreSQL\14\bin;C:\Users\phant\AppData\Roaming\TinyTeX\bin\win32;C:\Program Files\heroku\bin;C:\Users\phant\AppData\Local\GitHubDesktop\bin;C:\Program Files\JetBrains\IntelliJ IDEA 2022.3.2\bin;C:\Users\phant\.dotnet\tools;C:\Program Files\gs\gs10.01.1\bin;C:\Program Files\Stripe;C:\Program Files\JetBrains\DataGrip 2023.3.2\bin;C:\Users\phant\go\bin;C:\Users\phant\Desktop\NUS Stuff\Year 3\HKUST sem 2\Comp4321\project2\comp4321\apache-tomcat-10.1.20\bin;C:\Program Files\Git\usr\bin\vendor_perl;C:\Program Files\Git\usr\bin\core_perl;.]
05-May-2024 00:00:04.443 INFO [main] org.apache.coyote.AbstractProtocol.init Initializing ProtocolHandler ["http-nio-8080"]
05-May-2024 00:00:04.472 INFO [main] org.apache.catalina.startup.Catalina.load Server initialization in [391] milliseconds
05-May-2024 00:00:04.516 INFO [main] org.apache.catalina.core.StandardService.startInternal Starting service [Catalina]
05-May-2024 00:00:04.516 INFO [main] org.apache.catalina.core.StandardEngine.startInternal Starting Servlet engine: [Apache Tomcat/10.1.20]
05-May-2024 00:00:04.528 INFO [main] org.apache.catalina.startup.HostConfig.deployDirectory Deploying web application directory [C:\Users\phant\Desktop\NUS Stuff\Year 3\HKUST sem 2\Comp4321\project2\comp4321\apache-tomcat-10.1.20\webapps\comp4321]
05-May-2024 00:00:04.862 INFO [main] org.apache.jasper.servlet.TldScanner.scanJars At least one JAR was scanned for TLDs yet contained no TLDs. Enable debug logging for this logger for a complete list of JARs that were scanned but no TLDs were found in them. Skipping unneeded JARs during scanning can improve startup time and JSP compilation time.
05-May-2024 00:00:05.105 WARNING [main] org.apache.catalina.util.SessionIdGeneratorBase.createSecureRandom Creation of SecureRandom instance for session ID generation using [SHA1PRNG] took [227] milliseconds.
05-May-2024 00:00:05.134 INFO [main] org.apache.catalina.startup.HostConfig.deployDirectory Deployment of web application directory [C:\Users\phant\Desktop\NUS Stuff\Year 3\HKUST sem 2\Comp4321\project2\comp4321\apache-tomcat-10.1.20\webapps\comp4321] has finished in [605] ms
05-May-2024 00:00:05.135 INFO [main] org.apache.catalina.startup.HostConfig.deployDirectory Deploying web application directory [C:\Users\phant\Desktop\NUS Stuff\Year 3\HKUST sem 2\Comp4321\project2\comp4321\apache-tomcat-10.1.20\webapps\docs]
05-May-2024 00:00:05.166 INFO [main] org.apache.catalina.startup.HostConfig.deployDirectory Deployment of web application directory [C:\Users\phant\Desktop\NUS Stuff\Year 3\HKUST sem 2\Comp4321\project2\comp4321\apache-tomcat-10.1.20\webapps\docs] has finished in [31] ms
05-May-2024 00:00:05.167 INFO [main] org.apache.catalina.startup.HostConfig.deployDirectory Deploying web application directory [C:\Users\phant\Desktop\NUS Stuff\Year 3\HKUST sem 2\Comp4321\project2\comp4321\apache-tomcat-10.1.20\webapps\examples]
05-May-2024 00:00:05.444 INFO [main] org.apache.catalina.startup.HostConfig.deployDirectory Deployment of web application directory [C:\Users\phant\Desktop\NUS Stuff\Year 3\HKUST sem 2\Comp4321\project2\comp4321\apache-tomcat-10.1.20\webapps\examples] has finished in [277] ms
05-May-2024 00:00:05.444 INFO [main] org.apache.catalina.startup.HostConfig.deployDirectory Deploying web application directory [C:\Users\phant\Desktop\NUS Stuff\Year 3\HKUST sem 2\Comp4321\project2\comp4321\apache-tomcat-10.1.20\webapps\host-manager]
05-May-2024 00:00:05.479 INFO [main] org.apache.catalina.startup.HostConfig.deployDirectory Deployment of web application directory [C:\Users\phant\Desktop\NUS Stuff\Year 3\HKUST sem 2\Comp4321\project2\comp4321\apache-tomcat-10.1.20\webapps\host-manager] has finished in [35] ms
05-May-2024 00:00:05.479 INFO [main] org.apache.catalina.startup.HostConfig.deployDirectory Deploying web application directory [C:\Users\phant\Desktop\NUS Stuff\Year 3\HKUST sem 2\Comp4321\project2\comp4321\apache-tomcat-10.1.20\webapps\manager]
05-May-2024 00:00:05.545 INFO [main] org.apache.catalina.startup.HostConfig.deployDirectory Deployment of web application directory [C:\Users\phant\Desktop\NUS Stuff\Year 3\HKUST sem 2\Comp4321\project2\comp4321\apache-tomcat-10.1.20\webapps\manager] has finished in [66] ms
05-May-2024 00:00:05.545 INFO [main] org.apache.catalina.startup.HostConfig.deployDirectory Deploying web application directory [C:\Users\phant\Desktop\NUS Stuff\Year 3\HKUST sem 2\Comp4321\project2\comp4321\apache-tomcat-10.1.20\webapps\ROOT]
05-May-2024 00:00:05.576 INFO [main] org.apache.catalina.startup.HostConfig.deployDirectory Deployment of web application directory [C:\Users\phant\Desktop\NUS Stuff\Year 3\HKUST sem 2\Comp4321\project2\comp4321\apache-tomcat-10.1.20\webapps\ROOT] has finished in [31] ms
05-May-2024 00:00:05.582 INFO [main] org.apache.coyote.AbstractProtocol.start Starting ProtocolHandler ["http-nio-8080"]
05-May-2024 00:00:05.898 INFO [main] org.apache.catalina.startup.Catalina.start Server startup in [1425] milliseconds
05-May-2024 00:08:04.723 INFO [main] org.apache.catalina.startup.VersionLoggerListener.log Server version name:   Apache Tomcat/10.1.20
05-May-2024 00:08:04.725 INFO [main] org.apache.catalina.startup.VersionLoggerListener.log Server built:          Mar 19 2024 12:49:58 UTC
05-May-2024 00:08:04.725 INFO [main] org.apache.catalina.startup.VersionLoggerListener.log Server version number: 10.1.20.0
05-May-2024 00:08:04.725 INFO [main] org.apache.catalina.startup.VersionLoggerListener.log OS Name:               Windows 10
05-May-2024 00:08:04.726 INFO [main] org.apache.catalina.startup.VersionLoggerListener.log OS Version:            10.0
05-May-2024 00:08:04.726 INFO [main] org.apache.catalina.startup.VersionLoggerListener.log Architecture:          amd64
05-May-2024 00:08:04.726 INFO [main] org.apache.catalina.startup.VersionLoggerListener.log Java Home:             C:\Program Files\Java\jdk-11.0.17
05-May-2024 00:08:04.726 INFO [main] org.apache.catalina.startup.VersionLoggerListener.log JVM Version:           11.0.17+10-LTS-269
05-May-2024 00:08:04.726 INFO [main] org.apache.catalina.startup.VersionLoggerListener.log JVM Vendor:            Oracle Corporation
05-May-2024 00:08:04.726 INFO [main] org.apache.catalina.startup.VersionLoggerListener.log CATALINA_BASE:         C:\Users\phant\Desktop\NUS Stuff\Year 3\HKUST sem 2\Comp4321\project2\comp4321\apache-tomcat-10.1.20
05-May-2024 00:08:04.726 INFO [main] org.apache.catalina.startup.VersionLoggerListener.log CATALINA_HOME:         C:\Users\phant\Desktop\NUS Stuff\Year 3\HKUST sem 2\Comp4321\project2\comp4321\apache-tomcat-10.1.20
05-May-2024 00:08:04.735 INFO [main] org.apache.catalina.startup.VersionLoggerListener.log Command line argument: -Djava.util.logging.config.file=C:\Users\phant\Desktop\NUS Stuff\Year 3\HKUST sem 2\Comp4321\project2\comp4321\apache-tomcat-10.1.20\conf\logging.properties
05-May-2024 00:08:04.736 INFO [main] org.apache.catalina.startup.VersionLoggerListener.log Command line argument: -Djava.util.logging.manager=org.apache.juli.ClassLoaderLogManager
05-May-2024 00:08:04.736 INFO [main] org.apache.catalina.startup.VersionLoggerListener.log Command line argument: -Djdk.tls.ephemeralDHKeySize=2048
05-May-2024 00:08:04.736 INFO [main] org.apache.catalina.startup.VersionLoggerListener.log Command line argument: -Djava.protocol.handler.pkgs=org.apache.catalina.webresources
05-May-2024 00:08:04.736 INFO [main] org.apache.catalina.startup.VersionLoggerListener.log Command line argument: --add-opens=java.base/java.lang=ALL-UNNAMED
05-May-2024 00:08:04.736 INFO [main] org.apache.catalina.startup.VersionLoggerListener.log Command line argument: --add-opens=java.base/java.io=ALL-UNNAMED
05-May-2024 00:08:04.737 INFO [main] org.apache.catalina.startup.VersionLoggerListener.log Command line argument: --add-opens=java.base/java.util=ALL-UNNAMED
05-May-2024 00:08:04.737 INFO [main] org.apache.catalina.startup.VersionLoggerListener.log Command line argument: --add-opens=java.base/java.util.concurrent=ALL-UNNAMED
05-May-2024 00:08:04.738 INFO [main] org.apache.catalina.startup.VersionLoggerListener.log Command line argument: --add-opens=java.rmi/sun.rmi.transport=ALL-UNNAMED
05-May-2024 00:08:04.738 INFO [main] org.apache.catalina.startup.VersionLoggerListener.log Command line argument: -Dcatalina.base=C:\Users\phant\Desktop\NUS Stuff\Year 3\HKUST sem 2\Comp4321\project2\comp4321\apache-tomcat-10.1.20
05-May-2024 00:08:04.738 INFO [main] org.apache.catalina.startup.VersionLoggerListener.log Command line argument: -Dcatalina.home=C:\Users\phant\Desktop\NUS Stuff\Year 3\HKUST sem 2\Comp4321\project2\comp4321\apache-tomcat-10.1.20
05-May-2024 00:08:04.738 INFO [main] org.apache.catalina.startup.VersionLoggerListener.log Command line argument: -Djava.io.tmpdir=C:\Users\phant\Desktop\NUS Stuff\Year 3\HKUST sem 2\Comp4321\project2\comp4321\apache-tomcat-10.1.20\temp
05-May-2024 00:08:04.751 INFO [main] org.apache.catalina.core.AprLifecycleListener.lifecycleEvent The Apache Tomcat Native library which allows using OpenSSL was not found on the java.library.path: [C:\Program Files\Java\jdk-11.0.17\bin;C:\WINDOWS\Sun\Java\bin;C:\WINDOWS\system32;C:\WINDOWS;C:\Users\phant\bin;C:\Program Files\Git\mingw64\bin;C:\Program Files\Git\usr\local\bin;C:\Program Files\Git\usr\bin;C:\Program Files\Git\usr\bin;C:\Program Files\Git\mingw64\bin;C:\Program Files\Git\usr\bin;C:\Users\phant\bin;C:\Program Files\Common Files\Oracle\Java\javapath;C:\WINDOWS\system32;C:\WINDOWS;C:\WINDOWS\System32\Wbem;C:\WINDOWS\System32\WindowsPowerShell\v1.0;C:\WINDOWS\System32\OpenSSH;C:\Program Files\MATLAB\R2021a\bin;C:\Program Files\nodejs;C:\WINDOWS\System32\WBem;C:\Program Files\usbipd-win;C:\Program Files\Git\cmd;C:\Program Files\Docker\Docker\resources\bin;C:\Program Files\apache-maven-3.9.0\bin;C:\Users\phant\AppData\Local\Programs\Python\Python311;C:\Program Files\dotnet;C:\Program Files\gs\gs10.01.1\bin;C:\Program Files\gs\gs10.01.1\lib;C:\Program Files\Stripe;C:\Program Files\poppler-23.07.0\Library\bin;C:\Program Files\Tesseract-OCR;C:\Program Files\Amazon\AWSCLIV2;C:\Program Files\Go\bin;C:\Users\phant\scoop\shims;C:\Program Files\Java\jdk-11.0.17\bin;C:\Users\phant\Desktop\NUS Stuff\Year 3\HKUST sem 2\Comp4321\project2\comp4321\apache-tomcat-10.1.20\bin;C:\Users\phant\scoop\shims;C:\Users\phant\AppData\Local\activestate\cache\bin;C:\Users\phant\AppData\Local\ActiveState\StateTool\release\bin;C:\Users\phant\AppData\Local\Programs\Python\Python311\Scripts;C:\Users\phant\AppData\Local\Programs\Python\Python311;C:\Users\phant\AppData\Local\Microsoft\WindowsApps;C:\Users\phant\AppData\Local\Programs\Microsoft VS Code\bin;C:\Program Files\mingw-w64\x86_64-8.1.0-posix-seh-rt_v6-rev0;C:\Users\phant\AppData\Roaming\npm;C:\Program Files\PostgreSQL\14\bin;C:\Users\phant\AppData\Roaming\TinyTeX\bin\win32;C:\Program Files\heroku\bin;C:\Users\phant\AppData\Local\GitHubDesktop\bin;C:\Program Files\JetBrains\IntelliJ IDEA 2022.3.2\bin;C:\Users\phant\.dotnet\tools;C:\Program Files\gs\gs10.01.1\bin;C:\Program Files\Stripe;C:\Program Files\JetBrains\DataGrip 2023.3.2\bin;C:\Users\phant\go\bin;C:\Users\phant\Desktop\NUS Stuff\Year 3\HKUST sem 2\Comp4321\project2\comp4321\apache-tomcat-10.1.20\bin;C:\Program Files\Git\usr\bin\vendor_perl;C:\Program Files\Git\usr\bin\core_perl;.]
05-May-2024 00:08:04.960 INFO [main] org.apache.coyote.AbstractProtocol.init Initializing ProtocolHandler ["http-nio-8080"]
05-May-2024 00:08:04.972 SEVERE [main] org.apache.catalina.util.LifecycleBase.handleSubClassException Failed to initialize component [Connector["http-nio-8080"]]
	org.apache.catalina.LifecycleException: Protocol handler initialization failed
		at org.apache.catalina.connector.Connector.initInternal(Connector.java:1016)
		at org.apache.catalina.util.LifecycleBase.init(LifecycleBase.java:127)
		at org.apache.catalina.core.StandardService.initInternal(StandardService.java:554)
		at org.apache.catalina.util.LifecycleBase.init(LifecycleBase.java:127)
		at org.apache.catalina.core.StandardServer.initInternal(StandardServer.java:1017)
		at org.apache.catalina.util.LifecycleBase.init(LifecycleBase.java:127)
		at org.apache.catalina.startup.Catalina.load(Catalina.java:708)
		at org.apache.catalina.startup.Catalina.load(Catalina.java:731)
		at java.base/jdk.internal.reflect.NativeMethodAccessorImpl.invoke0(Native Method)
		at java.base/jdk.internal.reflect.NativeMethodAccessorImpl.invoke(NativeMethodAccessorImpl.java:62)
		at java.base/jdk.internal.reflect.DelegatingMethodAccessorImpl.invoke(DelegatingMethodAccessorImpl.java:43)
		at java.base/java.lang.reflect.Method.invoke(Method.java:566)
		at org.apache.catalina.startup.Bootstrap.load(Bootstrap.java:302)
		at org.apache.catalina.startup.Bootstrap.main(Bootstrap.java:472)
	Caused by: java.net.BindException: Address already in use: bind
		at java.base/sun.nio.ch.Net.bind0(Native Method)
		at java.base/sun.nio.ch.Net.bind(Net.java:459)
		at java.base/sun.nio.ch.Net.bind(Net.java:448)
		at java.base/sun.nio.ch.ServerSocketChannelImpl.bind(ServerSocketChannelImpl.java:227)
		at org.apache.tomcat.util.net.NioEndpoint.initServerSocket(NioEndpoint.java:239)
		at org.apache.tomcat.util.net.NioEndpoint.bind(NioEndpoint.java:194)
		at org.apache.tomcat.util.net.AbstractEndpoint.bindWithCleanup(AbstractEndpoint.java:1307)
		at org.apache.tomcat.util.net.AbstractEndpoint.init(AbstractEndpoint.java:1320)
		at org.apache.coyote.AbstractProtocol.init(AbstractProtocol.java:624)
		at org.apache.coyote.http11.AbstractHttp11Protocol.init(AbstractHttp11Protocol.java:77)
		at org.apache.catalina.connector.Connector.initInternal(Connector.java:1014)
		... 13 more
05-May-2024 00:08:04.975 INFO [main] org.apache.catalina.startup.Catalina.load Server initialization in [398] milliseconds
05-May-2024 00:08:05.014 INFO [main] org.apache.catalina.core.StandardService.startInternal Starting service [Catalina]
05-May-2024 00:08:05.014 INFO [main] org.apache.catalina.core.StandardEngine.startInternal Starting Servlet engine: [Apache Tomcat/10.1.20]
05-May-2024 00:08:05.030 INFO [main] org.apache.catalina.startup.HostConfig.deployDirectory Deploying web application directory [C:\Users\phant\Desktop\NUS Stuff\Year 3\HKUST sem 2\Comp4321\project2\comp4321\apache-tomcat-10.1.20\webapps\comp4321]
05-May-2024 00:08:05.344 INFO [main] org.apache.jasper.servlet.TldScanner.scanJars At least one JAR was scanned for TLDs yet contained no TLDs. Enable debug logging for this logger for a complete list of JARs that were scanned but no TLDs were found in them. Skipping unneeded JARs during scanning can improve startup time and JSP compilation time.
05-May-2024 00:08:05.561 WARNING [main] org.apache.catalina.util.SessionIdGeneratorBase.createSecureRandom Creation of SecureRandom instance for session ID generation using [SHA1PRNG] took [196] milliseconds.
05-May-2024 00:08:05.587 INFO [main] org.apache.catalina.startup.HostConfig.deployDirectory Deployment of web application directory [C:\Users\phant\Desktop\NUS Stuff\Year 3\HKUST sem 2\Comp4321\project2\comp4321\apache-tomcat-10.1.20\webapps\comp4321] has finished in [557] ms
05-May-2024 00:08:05.587 INFO [main] org.apache.catalina.startup.HostConfig.deployDirectory Deploying web application directory [C:\Users\phant\Desktop\NUS Stuff\Year 3\HKUST sem 2\Comp4321\project2\comp4321\apache-tomcat-10.1.20\webapps\docs]
05-May-2024 00:08:05.615 INFO [main] org.apache.catalina.startup.HostConfig.deployDirectory Deployment of web application directory [C:\Users\phant\Desktop\NUS Stuff\Year 3\HKUST sem 2\Comp4321\project2\comp4321\apache-tomcat-10.1.20\webapps\docs] has finished in [28] ms
05-May-2024 00:08:05.616 INFO [main] org.apache.catalina.startup.HostConfig.deployDirectory Deploying web application directory [C:\Users\phant\Desktop\NUS Stuff\Year 3\HKUST sem 2\Comp4321\project2\comp4321\apache-tomcat-10.1.20\webapps\examples]
05-May-2024 00:08:05.928 INFO [main] org.apache.catalina.startup.HostConfig.deployDirectory Deployment of web application directory [C:\Users\phant\Desktop\NUS Stuff\Year 3\HKUST sem 2\Comp4321\project2\comp4321\apache-tomcat-10.1.20\webapps\examples] has finished in [312] ms
05-May-2024 00:08:05.928 INFO [main] org.apache.catalina.startup.HostConfig.deployDirectory Deploying web application directory [C:\Users\phant\Desktop\NUS Stuff\Year 3\HKUST sem 2\Comp4321\project2\comp4321\apache-tomcat-10.1.20\webapps\host-manager]
05-May-2024 00:08:05.962 INFO [main] org.apache.catalina.startup.HostConfig.deployDirectory Deployment of web application directory [C:\Users\phant\Desktop\NUS Stuff\Year 3\HKUST sem 2\Comp4321\project2\comp4321\apache-tomcat-10.1.20\webapps\host-manager] has finished in [34] ms
05-May-2024 00:08:05.963 INFO [main] org.apache.catalina.startup.HostConfig.deployDirectory Deploying web application directory [C:\Users\phant\Desktop\NUS Stuff\Year 3\HKUST sem 2\Comp4321\project2\comp4321\apache-tomcat-10.1.20\webapps\manager]
05-May-2024 00:08:06.025 INFO [main] org.apache.catalina.startup.HostConfig.deployDirectory Deployment of web application directory [C:\Users\phant\Desktop\NUS Stuff\Year 3\HKUST sem 2\Comp4321\project2\comp4321\apache-tomcat-10.1.20\webapps\manager] has finished in [62] ms
05-May-2024 00:08:06.025 INFO [main] org.apache.catalina.startup.HostConfig.deployDirectory Deploying web application directory [C:\Users\phant\Desktop\NUS Stuff\Year 3\HKUST sem 2\Comp4321\project2\comp4321\apache-tomcat-10.1.20\webapps\ROOT]
05-May-2024 00:08:06.048 INFO [main] org.apache.catalina.startup.HostConfig.deployDirectory Deployment of web application directory [C:\Users\phant\Desktop\NUS Stuff\Year 3\HKUST sem 2\Comp4321\project2\comp4321\apache-tomcat-10.1.20\webapps\ROOT] has finished in [22] ms
05-May-2024 00:08:06.054 INFO [main] org.apache.catalina.startup.Catalina.start Server startup in [1079] milliseconds
05-May-2024 00:08:06.059 SEVERE [main] org.apache.catalina.core.StandardServer.await Failed to create server shutdown socket on address [localhost] and port [8005] (base port [8005] and offset [0])
	java.net.BindException: Address already in use: NET_Bind
		at java.base/java.net.PlainSocketImpl.bind0(Native Method)
		at java.base/java.net.PlainSocketImpl.socketBind(PlainSocketImpl.java:132)
		at java.base/java.net.AbstractPlainSocketImpl.bind(AbstractPlainSocketImpl.java:452)
		at java.base/java.net.ServerSocket.bind(ServerSocket.java:381)
		at java.base/java.net.ServerSocket.<init>(ServerSocket.java:243)
		at org.apache.catalina.core.StandardServer.await(StandardServer.java:577)
		at org.apache.catalina.startup.Catalina.await(Catalina.java:847)
		at org.apache.catalina.startup.Catalina.start(Catalina.java:795)
		at java.base/jdk.internal.reflect.NativeMethodAccessorImpl.invoke0(Native Method)
		at java.base/jdk.internal.reflect.NativeMethodAccessorImpl.invoke(NativeMethodAccessorImpl.java:62)
		at java.base/jdk.internal.reflect.DelegatingMethodAccessorImpl.invoke(DelegatingMethodAccessorImpl.java:43)
		at java.base/java.lang.reflect.Method.invoke(Method.java:566)
		at org.apache.catalina.startup.Bootstrap.start(Bootstrap.java:345)
		at org.apache.catalina.startup.Bootstrap.main(Bootstrap.java:473)
05-May-2024 00:08:06.061 INFO [main] org.apache.coyote.AbstractProtocol.pause Pausing ProtocolHandler ["http-nio-8080"]
05-May-2024 00:08:06.062 INFO [main] org.apache.catalina.core.StandardService.stopInternal Stopping service [Catalina]
05-May-2024 00:08:06.094 INFO [main] org.apache.coyote.AbstractProtocol.stop Stopping ProtocolHandler ["http-nio-8080"]
05-May-2024 00:08:06.096 INFO [main] org.apache.coyote.AbstractProtocol.destroy Destroying ProtocolHandler ["http-nio-8080"]
05-May-2024 00:08:10.506 INFO [main] org.apache.catalina.startup.VersionLoggerListener.log Server version name:   Apache Tomcat/10.1.20
05-May-2024 00:08:10.510 INFO [main] org.apache.catalina.startup.VersionLoggerListener.log Server built:          Mar 19 2024 12:49:58 UTC
05-May-2024 00:08:10.510 INFO [main] org.apache.catalina.startup.VersionLoggerListener.log Server version number: 10.1.20.0
05-May-2024 00:08:10.510 INFO [main] org.apache.catalina.startup.VersionLoggerListener.log OS Name:               Windows 10
05-May-2024 00:08:10.510 INFO [main] org.apache.catalina.startup.VersionLoggerListener.log OS Version:            10.0
05-May-2024 00:08:10.510 INFO [main] org.apache.catalina.startup.VersionLoggerListener.log Architecture:          amd64
05-May-2024 00:08:10.510 INFO [main] org.apache.catalina.startup.VersionLoggerListener.log Java Home:             C:\Program Files\Java\jdk-11.0.17
05-May-2024 00:08:10.510 INFO [main] org.apache.catalina.startup.VersionLoggerListener.log JVM Version:           11.0.17+10-LTS-269
05-May-2024 00:08:10.510 INFO [main] org.apache.catalina.startup.VersionLoggerListener.log JVM Vendor:            Oracle Corporation
05-May-2024 00:08:10.511 INFO [main] org.apache.catalina.startup.VersionLoggerListener.log CATALINA_BASE:         C:\Users\phant\Desktop\NUS Stuff\Year 3\HKUST sem 2\Comp4321\project2\comp4321\apache-tomcat-10.1.20
05-May-2024 00:08:10.511 INFO [main] org.apache.catalina.startup.VersionLoggerListener.log CATALINA_HOME:         C:\Users\phant\Desktop\NUS Stuff\Year 3\HKUST sem 2\Comp4321\project2\comp4321\apache-tomcat-10.1.20
05-May-2024 00:08:10.521 INFO [main] org.apache.catalina.startup.VersionLoggerListener.log Command line argument: -Djava.util.logging.config.file=C:\Users\phant\Desktop\NUS Stuff\Year 3\HKUST sem 2\Comp4321\project2\comp4321\apache-tomcat-10.1.20\conf\logging.properties
05-May-2024 00:08:10.523 INFO [main] org.apache.catalina.startup.VersionLoggerListener.log Command line argument: -Djava.util.logging.manager=org.apache.juli.ClassLoaderLogManager
05-May-2024 00:08:10.523 INFO [main] org.apache.catalina.startup.VersionLoggerListener.log Command line argument: -Djdk.tls.ephemeralDHKeySize=2048
05-May-2024 00:08:10.523 INFO [main] org.apache.catalina.startup.VersionLoggerListener.log Command line argument: -Djava.protocol.handler.pkgs=org.apache.catalina.webresources
05-May-2024 00:08:10.523 INFO [main] org.apache.catalina.startup.VersionLoggerListener.log Command line argument: --add-opens=java.base/java.lang=ALL-UNNAMED
05-May-2024 00:08:10.523 INFO [main] org.apache.catalina.startup.VersionLoggerListener.log Command line argument: --add-opens=java.base/java.io=ALL-UNNAMED
05-May-2024 00:08:10.524 INFO [main] org.apache.catalina.startup.VersionLoggerListener.log Command line argument: --add-opens=java.base/java.util=ALL-UNNAMED
05-May-2024 00:08:10.525 INFO [main] org.apache.catalina.startup.VersionLoggerListener.log Command line argument: --add-opens=java.base/java.util.concurrent=ALL-UNNAMED
05-May-2024 00:08:10.525 INFO [main] org.apache.catalina.startup.VersionLoggerListener.log Command line argument: --add-opens=java.rmi/sun.rmi.transport=ALL-UNNAMED
05-May-2024 00:08:10.525 INFO [main] org.apache.catalina.startup.VersionLoggerListener.log Command line argument: -Dcatalina.base=C:\Users\phant\Desktop\NUS Stuff\Year 3\HKUST sem 2\Comp4321\project2\comp4321\apache-tomcat-10.1.20
05-May-2024 00:08:10.526 INFO [main] org.apache.catalina.startup.VersionLoggerListener.log Command line argument: -Dcatalina.home=C:\Users\phant\Desktop\NUS Stuff\Year 3\HKUST sem 2\Comp4321\project2\comp4321\apache-tomcat-10.1.20
05-May-2024 00:08:10.526 INFO [main] org.apache.catalina.startup.VersionLoggerListener.log Command line argument: -Djava.io.tmpdir=C:\Users\phant\Desktop\NUS Stuff\Year 3\HKUST sem 2\Comp4321\project2\comp4321\apache-tomcat-10.1.20\temp
05-May-2024 00:08:10.538 INFO [main] org.apache.catalina.core.AprLifecycleListener.lifecycleEvent The Apache Tomcat Native library which allows using OpenSSL was not found on the java.library.path: [C:\Program Files\Java\jdk-11.0.17\bin;C:\WINDOWS\Sun\Java\bin;C:\WINDOWS\system32;C:\WINDOWS;C:\Users\phant\bin;C:\Program Files\Git\mingw64\bin;C:\Program Files\Git\usr\local\bin;C:\Program Files\Git\usr\bin;C:\Program Files\Git\usr\bin;C:\Program Files\Git\mingw64\bin;C:\Program Files\Git\usr\bin;C:\Users\phant\bin;C:\Program Files\Common Files\Oracle\Java\javapath;C:\WINDOWS\system32;C:\WINDOWS;C:\WINDOWS\System32\Wbem;C:\WINDOWS\System32\WindowsPowerShell\v1.0;C:\WINDOWS\System32\OpenSSH;C:\Program Files\MATLAB\R2021a\bin;C:\Program Files\nodejs;C:\WINDOWS\System32\WBem;C:\Program Files\usbipd-win;C:\Program Files\Git\cmd;C:\Program Files\Docker\Docker\resources\bin;C:\Program Files\apache-maven-3.9.0\bin;C:\Users\phant\AppData\Local\Programs\Python\Python311;C:\Program Files\dotnet;C:\Program Files\gs\gs10.01.1\bin;C:\Program Files\gs\gs10.01.1\lib;C:\Program Files\Stripe;C:\Program Files\poppler-23.07.0\Library\bin;C:\Program Files\Tesseract-OCR;C:\Program Files\Amazon\AWSCLIV2;C:\Program Files\Go\bin;C:\Users\phant\scoop\shims;C:\Program Files\Java\jdk-11.0.17\bin;C:\Users\phant\Desktop\NUS Stuff\Year 3\HKUST sem 2\Comp4321\project2\comp4321\apache-tomcat-10.1.20\bin;C:\Users\phant\scoop\shims;C:\Users\phant\AppData\Local\activestate\cache\bin;C:\Users\phant\AppData\Local\ActiveState\StateTool\release\bin;C:\Users\phant\AppData\Local\Programs\Python\Python311\Scripts;C:\Users\phant\AppData\Local\Programs\Python\Python311;C:\Users\phant\AppData\Local\Microsoft\WindowsApps;C:\Users\phant\AppData\Local\Programs\Microsoft VS Code\bin;C:\Program Files\mingw-w64\x86_64-8.1.0-posix-seh-rt_v6-rev0;C:\Users\phant\AppData\Roaming\npm;C:\Program Files\PostgreSQL\14\bin;C:\Users\phant\AppData\Roaming\TinyTeX\bin\win32;C:\Program Files\heroku\bin;C:\Users\phant\AppData\Local\GitHubDesktop\bin;C:\Program Files\JetBrains\IntelliJ IDEA 2022.3.2\bin;C:\Users\phant\.dotnet\tools;C:\Program Files\gs\gs10.01.1\bin;C:\Program Files\Stripe;C:\Program Files\JetBrains\DataGrip 2023.3.2\bin;C:\Users\phant\go\bin;C:\Users\phant\Desktop\NUS Stuff\Year 3\HKUST sem 2\Comp4321\project2\comp4321\apache-tomcat-10.1.20\bin;C:\Program Files\Git\usr\bin\vendor_perl;C:\Program Files\Git\usr\bin\core_perl;.]
05-May-2024 00:08:10.737 INFO [main] org.apache.coyote.AbstractProtocol.init Initializing ProtocolHandler ["http-nio-8080"]
05-May-2024 00:08:10.764 INFO [main] org.apache.catalina.startup.Catalina.load Server initialization in [407] milliseconds
05-May-2024 00:08:10.802 INFO [main] org.apache.catalina.core.StandardService.startInternal Starting service [Catalina]
05-May-2024 00:08:10.802 INFO [main] org.apache.catalina.core.StandardEngine.startInternal Starting Servlet engine: [Apache Tomcat/10.1.20]
05-May-2024 00:08:10.813 INFO [main] org.apache.catalina.startup.HostConfig.deployDirectory Deploying web application directory [C:\Users\phant\Desktop\NUS Stuff\Year 3\HKUST sem 2\Comp4321\project2\comp4321\apache-tomcat-10.1.20\webapps\comp4321]
05-May-2024 00:08:11.152 INFO [main] org.apache.jasper.servlet.TldScanner.scanJars At least one JAR was scanned for TLDs yet contained no TLDs. Enable debug logging for this logger for a complete list of JARs that were scanned but no TLDs were found in them. Skipping unneeded JARs during scanning can improve startup time and JSP compilation time.
05-May-2024 00:08:11.370 WARNING [main] org.apache.catalina.util.SessionIdGeneratorBase.createSecureRandom Creation of SecureRandom instance for session ID generation using [SHA1PRNG] took [201] milliseconds.
05-May-2024 00:08:11.395 INFO [main] org.apache.catalina.startup.HostConfig.deployDirectory Deployment of web application directory [C:\Users\phant\Desktop\NUS Stuff\Year 3\HKUST sem 2\Comp4321\project2\comp4321\apache-tomcat-10.1.20\webapps\comp4321] has finished in [581] ms
05-May-2024 00:08:11.395 INFO [main] org.apache.catalina.startup.HostConfig.deployDirectory Deploying web application directory [C:\Users\phant\Desktop\NUS Stuff\Year 3\HKUST sem 2\Comp4321\project2\comp4321\apache-tomcat-10.1.20\webapps\docs]
05-May-2024 00:08:11.426 INFO [main] org.apache.catalina.startup.HostConfig.deployDirectory Deployment of web application directory [C:\Users\phant\Desktop\NUS Stuff\Year 3\HKUST sem 2\Comp4321\project2\comp4321\apache-tomcat-10.1.20\webapps\docs] has finished in [31] ms
05-May-2024 00:08:11.426 INFO [main] org.apache.catalina.startup.HostConfig.deployDirectory Deploying web application directory [C:\Users\phant\Desktop\NUS Stuff\Year 3\HKUST sem 2\Comp4321\project2\comp4321\apache-tomcat-10.1.20\webapps\examples]
05-May-2024 00:08:11.738 INFO [main] org.apache.catalina.startup.HostConfig.deployDirectory Deployment of web application directory [C:\Users\phant\Desktop\NUS Stuff\Year 3\HKUST sem 2\Comp4321\project2\comp4321\apache-tomcat-10.1.20\webapps\examples] has finished in [312] ms
05-May-2024 00:08:11.739 INFO [main] org.apache.catalina.startup.HostConfig.deployDirectory Deploying web application directory [C:\Users\phant\Desktop\NUS Stuff\Year 3\HKUST sem 2\Comp4321\project2\comp4321\apache-tomcat-10.1.20\webapps\host-manager]
05-May-2024 00:08:11.777 INFO [main] org.apache.catalina.startup.HostConfig.deployDirectory Deployment of web application directory [C:\Users\phant\Desktop\NUS Stuff\Year 3\HKUST sem 2\Comp4321\project2\comp4321\apache-tomcat-10.1.20\webapps\host-manager] has finished in [38] ms
05-May-2024 00:08:11.778 INFO [main] org.apache.catalina.startup.HostConfig.deployDirectory Deploying web application directory [C:\Users\phant\Desktop\NUS Stuff\Year 3\HKUST sem 2\Comp4321\project2\comp4321\apache-tomcat-10.1.20\webapps\manager]
05-May-2024 00:08:11.832 INFO [main] org.apache.catalina.startup.HostConfig.deployDirectory Deployment of web application directory [C:\Users\phant\Desktop\NUS Stuff\Year 3\HKUST sem 2\Comp4321\project2\comp4321\apache-tomcat-10.1.20\webapps\manager] has finished in [54] ms
05-May-2024 00:08:11.833 INFO [main] org.apache.catalina.startup.HostConfig.deployDirectory Deploying web application directory [C:\Users\phant\Desktop\NUS Stuff\Year 3\HKUST sem 2\Comp4321\project2\comp4321\apache-tomcat-10.1.20\webapps\ROOT]
05-May-2024 00:08:11.855 INFO [main] org.apache.catalina.startup.HostConfig.deployDirectory Deployment of web application directory [C:\Users\phant\Desktop\NUS Stuff\Year 3\HKUST sem 2\Comp4321\project2\comp4321\apache-tomcat-10.1.20\webapps\ROOT] has finished in [22] ms
05-May-2024 00:08:11.860 INFO [main] org.apache.coyote.AbstractProtocol.start Starting ProtocolHandler ["http-nio-8080"]
05-May-2024 00:08:12.110 INFO [main] org.apache.catalina.startup.Catalina.start Server startup in [1345] milliseconds
