10-May-2024 00:52:03.749 INFO [main] org.apache.catalina.startup.VersionLoggerListener.log Server version name:   Apache Tomcat/10.1.20
10-May-2024 00:52:03.753 INFO [main] org.apache.catalina.startup.VersionLoggerListener.log Server built:          Mar 19 2024 12:49:58 UTC
10-May-2024 00:52:03.754 INFO [main] org.apache.catalina.startup.VersionLoggerListener.log Server version number: 10.1.20.0
10-May-2024 00:52:03.754 INFO [main] org.apache.catalina.startup.VersionLoggerListener.log OS Name:               Windows 10
10-May-2024 00:52:03.754 INFO [main] org.apache.catalina.startup.VersionLoggerListener.log OS Version:            10.0
10-May-2024 00:52:03.757 INFO [main] org.apache.catalina.startup.VersionLoggerListener.log Architecture:          amd64
10-May-2024 00:52:03.758 INFO [main] org.apache.catalina.startup.VersionLoggerListener.log Java Home:             C:\Program Files\Java\jdk-11.0.17
10-May-2024 00:52:03.758 INFO [main] org.apache.catalina.startup.VersionLoggerListener.log JVM Version:           11.0.17+10-LTS-269
10-May-2024 00:52:03.758 INFO [main] org.apache.catalina.startup.VersionLoggerListener.log JVM Vendor:            Oracle Corporation
10-May-2024 00:52:03.760 INFO [main] org.apache.catalina.startup.VersionLoggerListener.log CATALINA_BASE:         C:\Users\phant\Desktop\NUS Stuff\Year 3\HKUST sem 2\Comp4321\project2\comp4321\apache-tomcat-10.1.20
10-May-2024 00:52:03.760 INFO [main] org.apache.catalina.startup.VersionLoggerListener.log CATALINA_HOME:         C:\Users\phant\Desktop\NUS Stuff\Year 3\HKUST sem 2\Comp4321\project2\comp4321\apache-tomcat-10.1.20
10-May-2024 00:52:03.772 INFO [main] org.apache.catalina.startup.VersionLoggerListener.log Command line argument: -Djava.util.logging.config.file=C:\Users\phant\Desktop\NUS Stuff\Year 3\HKUST sem 2\Comp4321\project2\comp4321\apache-tomcat-10.1.20\conf\logging.properties
10-May-2024 00:52:03.774 INFO [main] org.apache.catalina.startup.VersionLoggerListener.log Command line argument: -Djava.util.logging.manager=org.apache.juli.ClassLoaderLogManager
10-May-2024 00:52:03.774 INFO [main] org.apache.catalina.startup.VersionLoggerListener.log Command line argument: -Djdk.tls.ephemeralDHKeySize=2048
10-May-2024 00:52:03.774 INFO [main] org.apache.catalina.startup.VersionLoggerListener.log Command line argument: -Djava.protocol.handler.pkgs=org.apache.catalina.webresources
10-May-2024 00:52:03.774 INFO [main] org.apache.catalina.startup.VersionLoggerListener.log Command line argument: --add-opens=java.base/java.lang=ALL-UNNAMED
10-May-2024 00:52:03.775 INFO [main] org.apache.catalina.startup.VersionLoggerListener.log Command line argument: --add-opens=java.base/java.io=ALL-UNNAMED
10-May-2024 00:52:03.775 INFO [main] org.apache.catalina.startup.VersionLoggerListener.log Command line argument: --add-opens=java.base/java.util=ALL-UNNAMED
10-May-2024 00:52:03.776 INFO [main] org.apache.catalina.startup.VersionLoggerListener.log Command line argument: --add-opens=java.base/java.util.concurrent=ALL-UNNAMED
10-May-2024 00:52:03.776 INFO [main] org.apache.catalina.startup.VersionLoggerListener.log Command line argument: --add-opens=java.rmi/sun.rmi.transport=ALL-UNNAMED
10-May-2024 00:52:03.776 INFO [main] org.apache.catalina.startup.VersionLoggerListener.log Command line argument: -Dcatalina.base=C:\Users\phant\Desktop\NUS Stuff\Year 3\HKUST sem 2\Comp4321\project2\comp4321\apache-tomcat-10.1.20
10-May-2024 00:52:03.776 INFO [main] org.apache.catalina.startup.VersionLoggerListener.log Command line argument: -Dcatalina.home=C:\Users\phant\Desktop\NUS Stuff\Year 3\HKUST sem 2\Comp4321\project2\comp4321\apache-tomcat-10.1.20
10-May-2024 00:52:03.778 INFO [main] org.apache.catalina.startup.VersionLoggerListener.log Command line argument: -Djava.io.tmpdir=C:\Users\phant\Desktop\NUS Stuff\Year 3\HKUST sem 2\Comp4321\project2\comp4321\apache-tomcat-10.1.20\temp
10-May-2024 00:52:03.794 INFO [main] org.apache.catalina.core.AprLifecycleListener.lifecycleEvent The Apache Tomcat Native library which allows using OpenSSL was not found on the java.library.path: [C:\Program Files\Java\jdk-11.0.17\bin;C:\WINDOWS\Sun\Java\bin;C:\WINDOWS\system32;C:\WINDOWS;C:\Users\phant\bin;C:\Program Files\Git\mingw64\bin;C:\Program Files\Git\usr\local\bin;C:\Program Files\Git\usr\bin;C:\Program Files\Git\usr\bin;C:\Program Files\Git\mingw64\bin;C:\Program Files\Git\usr\bin;C:\Users\phant\bin;C:\Program Files\Common Files\Oracle\Java\javapath;C:\WINDOWS\system32;C:\WINDOWS;C:\WINDOWS\System32\Wbem;C:\WINDOWS\System32\WindowsPowerShell\v1.0;C:\WINDOWS\System32\OpenSSH;C:\Program Files\MATLAB\R2021a\bin;C:\Program Files\nodejs;C:\WINDOWS\System32\WBem;C:\Program Files\usbipd-win;C:\Program Files\Git\cmd;C:\Program Files\Docker\Docker\resources\bin;C:\Program Files\apache-maven-3.9.0\bin;C:\Users\phant\AppData\Local\Programs\Python\Python311;C:\Program Files\dotnet;C:\Program Files\gs\gs10.01.1\bin;C:\Program Files\gs\gs10.01.1\lib;C:\Program Files\Stripe;C:\Program Files\poppler-23.07.0\Library\bin;C:\Program Files\Tesseract-OCR;C:\Program Files\Amazon\AWSCLIV2;C:\Program Files\Go\bin;C:\Users\phant\scoop\shims;C:\Program Files\Java\jdk-11.0.17\bin;C:\Users\phant\Desktop\NUS Stuff\Year 3\HKUST sem 2\Comp4321\project2\comp4321\apache-tomcat-10.1.20\bin;C:\Users\phant\scoop\shims;C:\Users\phant\AppData\Local\activestate\cache\bin;C:\Users\phant\AppData\Local\ActiveState\StateTool\release\bin;C:\Users\phant\AppData\Local\Programs\Python\Python311\Scripts;C:\Users\phant\AppData\Local\Programs\Python\Python311;C:\Users\phant\AppData\Local\Microsoft\WindowsApps;C:\Users\phant\AppData\Local\Programs\Microsoft VS Code\bin;C:\Program Files\mingw-w64\x86_64-8.1.0-posix-seh-rt_v6-rev0;C:\Users\phant\AppData\Roaming\npm;C:\Program Files\PostgreSQL\14\bin;C:\Users\phant\AppData\Roaming\TinyTeX\bin\win32;C:\Program Files\heroku\bin;C:\Users\phant\AppData\Local\GitHubDesktop\bin;C:\Program Files\JetBrains\IntelliJ IDEA 2022.3.2\bin;C:\Users\phant\.dotnet\tools;C:\Program Files\gs\gs10.01.1\bin;C:\Program Files\Stripe;C:\Program Files\JetBrains\DataGrip 2023.3.2\bin;C:\Users\phant\go\bin;C:\Users\phant\Desktop\NUS Stuff\Year 3\HKUST sem 2\Comp4321\project2\comp4321\apache-tomcat-10.1.20\bin;C:\Program Files\Git\usr\bin\vendor_perl;C:\Program Files\Git\usr\bin\core_perl;.]
10-May-2024 00:52:04.048 INFO [main] org.apache.coyote.AbstractProtocol.init Initializing ProtocolHandler ["http-nio-8080"]
10-May-2024 00:52:04.069 INFO [main] org.apache.catalina.startup.Catalina.load Server initialization in [540] milliseconds
10-May-2024 00:52:04.119 INFO [main] org.apache.catalina.core.StandardService.startInternal Starting service [Catalina]
10-May-2024 00:52:04.119 INFO [main] org.apache.catalina.core.StandardEngine.startInternal Starting Servlet engine: [Apache Tomcat/10.1.20]
10-May-2024 00:52:04.141 INFO [main] org.apache.catalina.startup.HostConfig.deployDirectory Deploying web application directory [C:\Users\phant\Desktop\NUS Stuff\Year 3\HKUST sem 2\Comp4321\project2\comp4321\apache-tomcat-10.1.20\webapps\comp4321]
10-May-2024 00:52:04.574 INFO [main] org.apache.jasper.servlet.TldScanner.scanJars At least one JAR was scanned for TLDs yet contained no TLDs. Enable debug logging for this logger for a complete list of JARs that were scanned but no TLDs were found in them. Skipping unneeded JARs during scanning can improve startup time and JSP compilation time.
10-May-2024 00:52:04.861 WARNING [main] org.apache.catalina.util.SessionIdGeneratorBase.createSecureRandom Creation of SecureRandom instance for session ID generation using [SHA1PRNG] took [258] milliseconds.
10-May-2024 00:52:04.894 INFO [main] org.apache.catalina.startup.HostConfig.deployDirectory Deployment of web application directory [C:\Users\phant\Desktop\NUS Stuff\Year 3\HKUST sem 2\Comp4321\project2\comp4321\apache-tomcat-10.1.20\webapps\comp4321] has finished in [753] ms
10-May-2024 00:52:04.895 INFO [main] org.apache.catalina.startup.HostConfig.deployDirectory Deploying web application directory [C:\Users\phant\Desktop\NUS Stuff\Year 3\HKUST sem 2\Comp4321\project2\comp4321\apache-tomcat-10.1.20\webapps\docs]
10-May-2024 00:52:04.939 INFO [main] org.apache.catalina.startup.HostConfig.deployDirectory Deployment of web application directory [C:\Users\phant\Desktop\NUS Stuff\Year 3\HKUST sem 2\Comp4321\project2\comp4321\apache-tomcat-10.1.20\webapps\docs] has finished in [44] ms
10-May-2024 00:52:04.940 INFO [main] org.apache.catalina.startup.HostConfig.deployDirectory Deploying web application directory [C:\Users\phant\Desktop\NUS Stuff\Year 3\HKUST sem 2\Comp4321\project2\comp4321\apache-tomcat-10.1.20\webapps\examples]
10-May-2024 00:52:05.282 INFO [main] org.apache.catalina.startup.HostConfig.deployDirectory Deployment of web application directory [C:\Users\phant\Desktop\NUS Stuff\Year 3\HKUST sem 2\Comp4321\project2\comp4321\apache-tomcat-10.1.20\webapps\examples] has finished in [342] ms
10-May-2024 00:52:05.283 INFO [main] org.apache.catalina.startup.HostConfig.deployDirectory Deploying web application directory [C:\Users\phant\Desktop\NUS Stuff\Year 3\HKUST sem 2\Comp4321\project2\comp4321\apache-tomcat-10.1.20\webapps\host-manager]
10-May-2024 00:52:05.329 INFO [main] org.apache.catalina.startup.HostConfig.deployDirectory Deployment of web application directory [C:\Users\phant\Desktop\NUS Stuff\Year 3\HKUST sem 2\Comp4321\project2\comp4321\apache-tomcat-10.1.20\webapps\host-manager] has finished in [46] ms
10-May-2024 00:52:05.330 INFO [main] org.apache.catalina.startup.HostConfig.deployDirectory Deploying web application directory [C:\Users\phant\Desktop\NUS Stuff\Year 3\HKUST sem 2\Comp4321\project2\comp4321\apache-tomcat-10.1.20\webapps\manager]
10-May-2024 00:52:05.398 INFO [main] org.apache.catalina.startup.HostConfig.deployDirectory Deployment of web application directory [C:\Users\phant\Desktop\NUS Stuff\Year 3\HKUST sem 2\Comp4321\project2\comp4321\apache-tomcat-10.1.20\webapps\manager] has finished in [68] ms
10-May-2024 00:52:05.399 INFO [main] org.apache.catalina.startup.HostConfig.deployDirectory Deploying web application directory [C:\Users\phant\Desktop\NUS Stuff\Year 3\HKUST sem 2\Comp4321\project2\comp4321\apache-tomcat-10.1.20\webapps\ROOT]
10-May-2024 00:52:05.432 INFO [main] org.apache.catalina.startup.HostConfig.deployDirectory Deployment of web application directory [C:\Users\phant\Desktop\NUS Stuff\Year 3\HKUST sem 2\Comp4321\project2\comp4321\apache-tomcat-10.1.20\webapps\ROOT] has finished in [33] ms
10-May-2024 00:52:05.437 INFO [main] org.apache.coyote.AbstractProtocol.start Starting ProtocolHandler ["http-nio-8080"]
10-May-2024 00:52:05.714 INFO [main] org.apache.catalina.startup.Catalina.start Server startup in [1640] milliseconds
10-May-2024 00:59:14.353 INFO [main] org.apache.catalina.startup.VersionLoggerListener.log Server version name:   Apache Tomcat/10.1.20
10-May-2024 00:59:14.371 INFO [main] org.apache.catalina.startup.VersionLoggerListener.log Server built:          Mar 19 2024 12:49:58 UTC
10-May-2024 00:59:14.372 INFO [main] org.apache.catalina.startup.VersionLoggerListener.log Server version number: 10.1.20.0
10-May-2024 00:59:14.372 INFO [main] org.apache.catalina.startup.VersionLoggerListener.log OS Name:               Windows 10
10-May-2024 00:59:14.373 INFO [main] org.apache.catalina.startup.VersionLoggerListener.log OS Version:            10.0
10-May-2024 00:59:14.373 INFO [main] org.apache.catalina.startup.VersionLoggerListener.log Architecture:          amd64
10-May-2024 00:59:14.373 INFO [main] org.apache.catalina.startup.VersionLoggerListener.log Java Home:             C:\Program Files\Java\jdk-11.0.17
10-May-2024 00:59:14.373 INFO [main] org.apache.catalina.startup.VersionLoggerListener.log JVM Version:           11.0.17+10-LTS-269
10-May-2024 00:59:14.373 INFO [main] org.apache.catalina.startup.VersionLoggerListener.log JVM Vendor:            Oracle Corporation
10-May-2024 00:59:14.373 INFO [main] org.apache.catalina.startup.VersionLoggerListener.log CATALINA_BASE:         C:\Users\phant\Desktop\NUS Stuff\Year 3\HKUST sem 2\Comp4321\project2\comp4321\apache-tomcat-10.1.20
10-May-2024 00:59:14.373 INFO [main] org.apache.catalina.startup.VersionLoggerListener.log CATALINA_HOME:         C:\Users\phant\Desktop\NUS Stuff\Year 3\HKUST sem 2\Comp4321\project2\comp4321\apache-tomcat-10.1.20
10-May-2024 00:59:14.388 INFO [main] org.apache.catalina.startup.VersionLoggerListener.log Command line argument: -Djava.util.logging.config.file=C:\Users\phant\Desktop\NUS Stuff\Year 3\HKUST sem 2\Comp4321\project2\comp4321\apache-tomcat-10.1.20\conf\logging.properties
10-May-2024 00:59:14.389 INFO [main] org.apache.catalina.startup.VersionLoggerListener.log Command line argument: -Djava.util.logging.manager=org.apache.juli.ClassLoaderLogManager
10-May-2024 00:59:14.389 INFO [main] org.apache.catalina.startup.VersionLoggerListener.log Command line argument: -Djdk.tls.ephemeralDHKeySize=2048
10-May-2024 00:59:14.389 INFO [main] org.apache.catalina.startup.VersionLoggerListener.log Command line argument: -Djava.protocol.handler.pkgs=org.apache.catalina.webresources
10-May-2024 00:59:14.389 INFO [main] org.apache.catalina.startup.VersionLoggerListener.log Command line argument: --add-opens=java.base/java.lang=ALL-UNNAMED
10-May-2024 00:59:14.389 INFO [main] org.apache.catalina.startup.VersionLoggerListener.log Command line argument: --add-opens=java.base/java.io=ALL-UNNAMED
10-May-2024 00:59:14.390 INFO [main] org.apache.catalina.startup.VersionLoggerListener.log Command line argument: --add-opens=java.base/java.util=ALL-UNNAMED
10-May-2024 00:59:14.390 INFO [main] org.apache.catalina.startup.VersionLoggerListener.log Command line argument: --add-opens=java.base/java.util.concurrent=ALL-UNNAMED
10-May-2024 00:59:14.390 INFO [main] org.apache.catalina.startup.VersionLoggerListener.log Command line argument: --add-opens=java.rmi/sun.rmi.transport=ALL-UNNAMED
10-May-2024 00:59:14.390 INFO [main] org.apache.catalina.startup.VersionLoggerListener.log Command line argument: -Dcatalina.base=C:\Users\phant\Desktop\NUS Stuff\Year 3\HKUST sem 2\Comp4321\project2\comp4321\apache-tomcat-10.1.20
10-May-2024 00:59:14.390 INFO [main] org.apache.catalina.startup.VersionLoggerListener.log Command line argument: -Dcatalina.home=C:\Users\phant\Desktop\NUS Stuff\Year 3\HKUST sem 2\Comp4321\project2\comp4321\apache-tomcat-10.1.20
10-May-2024 00:59:14.390 INFO [main] org.apache.catalina.startup.VersionLoggerListener.log Command line argument: -Djava.io.tmpdir=C:\Users\phant\Desktop\NUS Stuff\Year 3\HKUST sem 2\Comp4321\project2\comp4321\apache-tomcat-10.1.20\temp
10-May-2024 00:59:14.403 INFO [main] org.apache.catalina.core.AprLifecycleListener.lifecycleEvent The Apache Tomcat Native library which allows using OpenSSL was not found on the java.library.path: [C:\Program Files\Java\jdk-11.0.17\bin;C:\WINDOWS\Sun\Java\bin;C:\WINDOWS\system32;C:\WINDOWS;C:\Users\phant\bin;C:\Program Files\Git\mingw64\bin;C:\Program Files\Git\usr\local\bin;C:\Program Files\Git\usr\bin;C:\Program Files\Git\usr\bin;C:\Program Files\Git\mingw64\bin;C:\Program Files\Git\usr\bin;C:\Users\phant\bin;C:\Program Files\Common Files\Oracle\Java\javapath;C:\WINDOWS\system32;C:\WINDOWS;C:\WINDOWS\System32\Wbem;C:\WINDOWS\System32\WindowsPowerShell\v1.0;C:\WINDOWS\System32\OpenSSH;C:\Program Files\MATLAB\R2021a\bin;C:\Program Files\nodejs;C:\WINDOWS\System32\WBem;C:\Program Files\usbipd-win;C:\Program Files\Git\cmd;C:\Program Files\Docker\Docker\resources\bin;C:\Program Files\apache-maven-3.9.0\bin;C:\Users\phant\AppData\Local\Programs\Python\Python311;C:\Program Files\dotnet;C:\Program Files\gs\gs10.01.1\bin;C:\Program Files\gs\gs10.01.1\lib;C:\Program Files\Stripe;C:\Program Files\poppler-23.07.0\Library\bin;C:\Program Files\Tesseract-OCR;C:\Program Files\Amazon\AWSCLIV2;C:\Program Files\Go\bin;C:\Users\phant\scoop\shims;C:\Program Files\Java\jdk-11.0.17\bin;C:\Users\phant\Desktop\NUS Stuff\Year 3\HKUST sem 2\Comp4321\project2\comp4321\apache-tomcat-10.1.20\bin;C:\Users\phant\scoop\shims;C:\Users\phant\AppData\Local\activestate\cache\bin;C:\Users\phant\AppData\Local\ActiveState\StateTool\release\bin;C:\Users\phant\AppData\Local\Programs\Python\Python311\Scripts;C:\Users\phant\AppData\Local\Programs\Python\Python311;C:\Users\phant\AppData\Local\Microsoft\WindowsApps;C:\Users\phant\AppData\Local\Programs\Microsoft VS Code\bin;C:\Program Files\mingw-w64\x86_64-8.1.0-posix-seh-rt_v6-rev0;C:\Users\phant\AppData\Roaming\npm;C:\Program Files\PostgreSQL\14\bin;C:\Users\phant\AppData\Roaming\TinyTeX\bin\win32;C:\Program Files\heroku\bin;C:\Users\phant\AppData\Local\GitHubDesktop\bin;C:\Program Files\JetBrains\IntelliJ IDEA 2022.3.2\bin;C:\Users\phant\.dotnet\tools;C:\Program Files\gs\gs10.01.1\bin;C:\Program Files\Stripe;C:\Program Files\JetBrains\DataGrip 2023.3.2\bin;C:\Users\phant\go\bin;C:\Users\phant\Desktop\NUS Stuff\Year 3\HKUST sem 2\Comp4321\project2\comp4321\apache-tomcat-10.1.20\bin;C:\Program Files\Git\usr\bin\vendor_perl;C:\Program Files\Git\usr\bin\core_perl;.]
10-May-2024 00:59:14.695 INFO [main] org.apache.coyote.AbstractProtocol.init Initializing ProtocolHandler ["http-nio-8080"]
10-May-2024 00:59:14.729 INFO [main] org.apache.catalina.startup.Catalina.load Server initialization in [584] milliseconds
10-May-2024 00:59:14.786 INFO [main] org.apache.catalina.core.StandardService.startInternal Starting service [Catalina]
10-May-2024 00:59:14.786 INFO [main] org.apache.catalina.core.StandardEngine.startInternal Starting Servlet engine: [Apache Tomcat/10.1.20]
10-May-2024 00:59:14.802 INFO [main] org.apache.catalina.startup.HostConfig.deployDirectory Deploying web application directory [C:\Users\phant\Desktop\NUS Stuff\Year 3\HKUST sem 2\Comp4321\project2\comp4321\apache-tomcat-10.1.20\webapps\comp4321]
10-May-2024 00:59:15.259 INFO [main] org.apache.jasper.servlet.TldScanner.scanJars At least one JAR was scanned for TLDs yet contained no TLDs. Enable debug logging for this logger for a complete list of JARs that were scanned but no TLDs were found in them. Skipping unneeded JARs during scanning can improve startup time and JSP compilation time.
10-May-2024 00:59:15.542 WARNING [main] org.apache.catalina.util.SessionIdGeneratorBase.createSecureRandom Creation of SecureRandom instance for session ID generation using [SHA1PRNG] took [253] milliseconds.
10-May-2024 00:59:15.569 INFO [main] org.apache.catalina.startup.HostConfig.deployDirectory Deployment of web application directory [C:\Users\phant\Desktop\NUS Stuff\Year 3\HKUST sem 2\Comp4321\project2\comp4321\apache-tomcat-10.1.20\webapps\comp4321] has finished in [767] ms
10-May-2024 00:59:15.569 INFO [main] org.apache.catalina.startup.HostConfig.deployDirectory Deploying web application directory [C:\Users\phant\Desktop\NUS Stuff\Year 3\HKUST sem 2\Comp4321\project2\comp4321\apache-tomcat-10.1.20\webapps\docs]
10-May-2024 00:59:15.635 INFO [main] org.apache.catalina.startup.HostConfig.deployDirectory Deployment of web application directory [C:\Users\phant\Desktop\NUS Stuff\Year 3\HKUST sem 2\Comp4321\project2\comp4321\apache-tomcat-10.1.20\webapps\docs] has finished in [66] ms
10-May-2024 00:59:15.635 INFO [main] org.apache.catalina.startup.HostConfig.deployDirectory Deploying web application directory [C:\Users\phant\Desktop\NUS Stuff\Year 3\HKUST sem 2\Comp4321\project2\comp4321\apache-tomcat-10.1.20\webapps\examples]
10-May-2024 00:59:16.168 INFO [main] org.apache.catalina.startup.HostConfig.deployDirectory Deployment of web application directory [C:\Users\phant\Desktop\NUS Stuff\Year 3\HKUST sem 2\Comp4321\project2\comp4321\apache-tomcat-10.1.20\webapps\examples] has finished in [533] ms
10-May-2024 00:59:16.168 INFO [main] org.apache.catalina.startup.HostConfig.deployDirectory Deploying web application directory [C:\Users\phant\Desktop\NUS Stuff\Year 3\HKUST sem 2\Comp4321\project2\comp4321\apache-tomcat-10.1.20\webapps\host-manager]
10-May-2024 00:59:16.202 INFO [main] org.apache.catalina.startup.HostConfig.deployDirectory Deployment of web application directory [C:\Users\phant\Desktop\NUS Stuff\Year 3\HKUST sem 2\Comp4321\project2\comp4321\apache-tomcat-10.1.20\webapps\host-manager] has finished in [34] ms
10-May-2024 00:59:16.202 INFO [main] org.apache.catalina.startup.HostConfig.deployDirectory Deploying web application directory [C:\Users\phant\Desktop\NUS Stuff\Year 3\HKUST sem 2\Comp4321\project2\comp4321\apache-tomcat-10.1.20\webapps\manager]
10-May-2024 00:59:16.268 INFO [main] org.apache.catalina.startup.HostConfig.deployDirectory Deployment of web application directory [C:\Users\phant\Desktop\NUS Stuff\Year 3\HKUST sem 2\Comp4321\project2\comp4321\apache-tomcat-10.1.20\webapps\manager] has finished in [66] ms
10-May-2024 00:59:16.268 INFO [main] org.apache.catalina.startup.HostConfig.deployDirectory Deploying web application directory [C:\Users\phant\Desktop\NUS Stuff\Year 3\HKUST sem 2\Comp4321\project2\comp4321\apache-tomcat-10.1.20\webapps\ROOT]
10-May-2024 00:59:16.304 INFO [main] org.apache.catalina.startup.HostConfig.deployDirectory Deployment of web application directory [C:\Users\phant\Desktop\NUS Stuff\Year 3\HKUST sem 2\Comp4321\project2\comp4321\apache-tomcat-10.1.20\webapps\ROOT] has finished in [36] ms
10-May-2024 00:59:16.315 INFO [main] org.apache.coyote.AbstractProtocol.start Starting ProtocolHandler ["http-nio-8080"]
10-May-2024 00:59:16.605 INFO [main] org.apache.catalina.startup.Catalina.start Server startup in [1875] milliseconds
10-May-2024 01:54:42.277 INFO [main] org.apache.catalina.startup.VersionLoggerListener.log Server version name:   Apache Tomcat/10.1.20
10-May-2024 01:54:42.277 INFO [main] org.apache.catalina.startup.VersionLoggerListener.log Server built:          Mar 19 2024 12:49:58 UTC
10-May-2024 01:54:42.277 INFO [main] org.apache.catalina.startup.VersionLoggerListener.log Server version number: 10.1.20.0
10-May-2024 01:54:42.277 INFO [main] org.apache.catalina.startup.VersionLoggerListener.log OS Name:               Windows 10
10-May-2024 01:54:42.277 INFO [main] org.apache.catalina.startup.VersionLoggerListener.log OS Version:            10.0
10-May-2024 01:54:42.277 INFO [main] org.apache.catalina.startup.VersionLoggerListener.log Architecture:          amd64
10-May-2024 01:54:42.277 INFO [main] org.apache.catalina.startup.VersionLoggerListener.log Java Home:             C:\Program Files\Java\jdk-11.0.17
10-May-2024 01:54:42.277 INFO [main] org.apache.catalina.startup.VersionLoggerListener.log JVM Version:           11.0.17+10-LTS-269
10-May-2024 01:54:42.277 INFO [main] org.apache.catalina.startup.VersionLoggerListener.log JVM Vendor:            Oracle Corporation
10-May-2024 01:54:42.277 INFO [main] org.apache.catalina.startup.VersionLoggerListener.log CATALINA_BASE:         C:\Users\phant\Desktop\NUS Stuff\Year 3\HKUST sem 2\Comp4321\project2\comp4321\apache-tomcat-10.1.20
10-May-2024 01:54:42.277 INFO [main] org.apache.catalina.startup.VersionLoggerListener.log CATALINA_HOME:         C:\Users\phant\Desktop\NUS Stuff\Year 3\HKUST sem 2\Comp4321\project2\comp4321\apache-tomcat-10.1.20
10-May-2024 01:54:42.294 INFO [main] org.apache.catalina.startup.VersionLoggerListener.log Command line argument: -Djava.util.logging.config.file=C:\Users\phant\Desktop\NUS Stuff\Year 3\HKUST sem 2\Comp4321\project2\comp4321\apache-tomcat-10.1.20\conf\logging.properties
10-May-2024 01:54:42.295 INFO [main] org.apache.catalina.startup.VersionLoggerListener.log Command line argument: -Djava.util.logging.manager=org.apache.juli.ClassLoaderLogManager
10-May-2024 01:54:42.295 INFO [main] org.apache.catalina.startup.VersionLoggerListener.log Command line argument: -Djdk.tls.ephemeralDHKeySize=2048
10-May-2024 01:54:42.295 INFO [main] org.apache.catalina.startup.VersionLoggerListener.log Command line argument: -Djava.protocol.handler.pkgs=org.apache.catalina.webresources
10-May-2024 01:54:42.295 INFO [main] org.apache.catalina.startup.VersionLoggerListener.log Command line argument: --add-opens=java.base/java.lang=ALL-UNNAMED
10-May-2024 01:54:42.295 INFO [main] org.apache.catalina.startup.VersionLoggerListener.log Command line argument: --add-opens=java.base/java.io=ALL-UNNAMED
10-May-2024 01:54:42.295 INFO [main] org.apache.catalina.startup.VersionLoggerListener.log Command line argument: --add-opens=java.base/java.util=ALL-UNNAMED
10-May-2024 01:54:42.295 INFO [main] org.apache.catalina.startup.VersionLoggerListener.log Command line argument: --add-opens=java.base/java.util.concurrent=ALL-UNNAMED
10-May-2024 01:54:42.295 INFO [main] org.apache.catalina.startup.VersionLoggerListener.log Command line argument: --add-opens=java.rmi/sun.rmi.transport=ALL-UNNAMED
10-May-2024 01:54:42.295 INFO [main] org.apache.catalina.startup.VersionLoggerListener.log Command line argument: -Dcatalina.base=C:\Users\phant\Desktop\NUS Stuff\Year 3\HKUST sem 2\Comp4321\project2\comp4321\apache-tomcat-10.1.20
10-May-2024 01:54:42.295 INFO [main] org.apache.catalina.startup.VersionLoggerListener.log Command line argument: -Dcatalina.home=C:\Users\phant\Desktop\NUS Stuff\Year 3\HKUST sem 2\Comp4321\project2\comp4321\apache-tomcat-10.1.20
10-May-2024 01:54:42.295 INFO [main] org.apache.catalina.startup.VersionLoggerListener.log Command line argument: -Djava.io.tmpdir=C:\Users\phant\Desktop\NUS Stuff\Year 3\HKUST sem 2\Comp4321\project2\comp4321\apache-tomcat-10.1.20\temp
10-May-2024 01:54:42.310 INFO [main] org.apache.catalina.core.AprLifecycleListener.lifecycleEvent The Apache Tomcat Native library which allows using OpenSSL was not found on the java.library.path: [C:\Program Files\Java\jdk-11.0.17\bin;C:\WINDOWS\Sun\Java\bin;C:\WINDOWS\system32;C:\WINDOWS;C:\Users\phant\bin;C:\Program Files\Git\mingw64\bin;C:\Program Files\Git\usr\local\bin;C:\Program Files\Git\usr\bin;C:\Program Files\Git\usr\bin;C:\Program Files\Git\mingw64\bin;C:\Program Files\Git\usr\bin;C:\Users\phant\bin;C:\Program Files\Common Files\Oracle\Java\javapath;C:\WINDOWS\system32;C:\WINDOWS;C:\WINDOWS\System32\Wbem;C:\WINDOWS\System32\WindowsPowerShell\v1.0;C:\WINDOWS\System32\OpenSSH;C:\Program Files\MATLAB\R2021a\bin;C:\Program Files\nodejs;C:\WINDOWS\System32\WBem;C:\Program Files\usbipd-win;C:\Program Files\Git\cmd;C:\Program Files\Docker\Docker\resources\bin;C:\Program Files\apache-maven-3.9.0\bin;C:\Users\phant\AppData\Local\Programs\Python\Python311;C:\Program Files\dotnet;C:\Program Files\gs\gs10.01.1\bin;C:\Program Files\gs\gs10.01.1\lib;C:\Program Files\Stripe;C:\Program Files\poppler-23.07.0\Library\bin;C:\Program Files\Tesseract-OCR;C:\Program Files\Amazon\AWSCLIV2;C:\Program Files\Go\bin;C:\Users\phant\scoop\shims;C:\Program Files\Java\jdk-11.0.17\bin;C:\Users\phant\Desktop\NUS Stuff\Year 3\HKUST sem 2\Comp4321\project2\comp4321\apache-tomcat-10.1.20\bin;C:\Users\phant\scoop\shims;C:\Users\phant\AppData\Local\activestate\cache\bin;C:\Users\phant\AppData\Local\ActiveState\StateTool\release\bin;C:\Users\phant\AppData\Local\Programs\Python\Python311\Scripts;C:\Users\phant\AppData\Local\Programs\Python\Python311;C:\Users\phant\AppData\Local\Microsoft\WindowsApps;C:\Users\phant\AppData\Local\Programs\Microsoft VS Code\bin;C:\Program Files\mingw-w64\x86_64-8.1.0-posix-seh-rt_v6-rev0;C:\Users\phant\AppData\Roaming\npm;C:\Program Files\PostgreSQL\14\bin;C:\Users\phant\AppData\Roaming\TinyTeX\bin\win32;C:\Program Files\heroku\bin;C:\Users\phant\AppData\Local\GitHubDesktop\bin;C:\Program Files\JetBrains\IntelliJ IDEA 2022.3.2\bin;C:\Users\phant\.dotnet\tools;C:\Program Files\gs\gs10.01.1\bin;C:\Program Files\Stripe;C:\Program Files\JetBrains\DataGrip 2023.3.2\bin;C:\Users\phant\go\bin;C:\Users\phant\Desktop\NUS Stuff\Year 3\HKUST sem 2\Comp4321\project2\comp4321\apache-tomcat-10.1.20\bin;C:\Program Files\Git\usr\bin\vendor_perl;C:\Program Files\Git\usr\bin\core_perl;.]
10-May-2024 01:54:42.511 INFO [main] org.apache.coyote.AbstractProtocol.init Initializing ProtocolHandler ["http-nio-8080"]
10-May-2024 01:54:42.546 INFO [main] org.apache.catalina.startup.Catalina.load Server initialization in [429] milliseconds
10-May-2024 01:54:42.593 INFO [main] org.apache.catalina.core.StandardService.startInternal Starting service [Catalina]
10-May-2024 01:54:42.594 INFO [main] org.apache.catalina.core.StandardEngine.startInternal Starting Servlet engine: [Apache Tomcat/10.1.20]
10-May-2024 01:54:42.611 INFO [main] org.apache.catalina.startup.HostConfig.deployDirectory Deploying web application directory [C:\Users\phant\Desktop\NUS Stuff\Year 3\HKUST sem 2\Comp4321\project2\comp4321\apache-tomcat-10.1.20\webapps\comp4321]
10-May-2024 01:54:43.045 INFO [main] org.apache.jasper.servlet.TldScanner.scanJars At least one JAR was scanned for TLDs yet contained no TLDs. Enable debug logging for this logger for a complete list of JARs that were scanned but no TLDs were found in them. Skipping unneeded JARs during scanning can improve startup time and JSP compilation time.
10-May-2024 01:54:43.327 WARNING [main] org.apache.catalina.util.SessionIdGeneratorBase.createSecureRandom Creation of SecureRandom instance for session ID generation using [SHA1PRNG] took [266] milliseconds.
10-May-2024 01:54:43.345 INFO [main] org.apache.catalina.startup.HostConfig.deployDirectory Deployment of web application directory [C:\Users\phant\Desktop\NUS Stuff\Year 3\HKUST sem 2\Comp4321\project2\comp4321\apache-tomcat-10.1.20\webapps\comp4321] has finished in [734] ms
10-May-2024 01:54:43.345 INFO [main] org.apache.catalina.startup.HostConfig.deployDirectory Deploying web application directory [C:\Users\phant\Desktop\NUS Stuff\Year 3\HKUST sem 2\Comp4321\project2\comp4321\apache-tomcat-10.1.20\webapps\docs]
10-May-2024 01:54:43.377 INFO [main] org.apache.catalina.startup.HostConfig.deployDirectory Deployment of web application directory [C:\Users\phant\Desktop\NUS Stuff\Year 3\HKUST sem 2\Comp4321\project2\comp4321\apache-tomcat-10.1.20\webapps\docs] has finished in [32] ms
10-May-2024 01:54:43.377 INFO [main] org.apache.catalina.startup.HostConfig.deployDirectory Deploying web application directory [C:\Users\phant\Desktop\NUS Stuff\Year 3\HKUST sem 2\Comp4321\project2\comp4321\apache-tomcat-10.1.20\webapps\examples]
10-May-2024 01:54:43.661 INFO [main] org.apache.catalina.startup.HostConfig.deployDirectory Deployment of web application directory [C:\Users\phant\Desktop\NUS Stuff\Year 3\HKUST sem 2\Comp4321\project2\comp4321\apache-tomcat-10.1.20\webapps\examples] has finished in [284] ms
10-May-2024 01:54:43.661 INFO [main] org.apache.catalina.startup.HostConfig.deployDirectory Deploying web application directory [C:\Users\phant\Desktop\NUS Stuff\Year 3\HKUST sem 2\Comp4321\project2\comp4321\apache-tomcat-10.1.20\webapps\host-manager]
10-May-2024 01:54:43.695 INFO [main] org.apache.catalina.startup.HostConfig.deployDirectory Deployment of web application directory [C:\Users\phant\Desktop\NUS Stuff\Year 3\HKUST sem 2\Comp4321\project2\comp4321\apache-tomcat-10.1.20\webapps\host-manager] has finished in [34] ms
10-May-2024 01:54:43.695 INFO [main] org.apache.catalina.startup.HostConfig.deployDirectory Deploying web application directory [C:\Users\phant\Desktop\NUS Stuff\Year 3\HKUST sem 2\Comp4321\project2\comp4321\apache-tomcat-10.1.20\webapps\manager]
10-May-2024 01:54:43.761 INFO [main] org.apache.catalina.startup.HostConfig.deployDirectory Deployment of web application directory [C:\Users\phant\Desktop\NUS Stuff\Year 3\HKUST sem 2\Comp4321\project2\comp4321\apache-tomcat-10.1.20\webapps\manager] has finished in [66] ms
10-May-2024 01:54:43.766 INFO [main] org.apache.catalina.startup.HostConfig.deployDirectory Deploying web application directory [C:\Users\phant\Desktop\NUS Stuff\Year 3\HKUST sem 2\Comp4321\project2\comp4321\apache-tomcat-10.1.20\webapps\ROOT]
10-May-2024 01:54:43.795 INFO [main] org.apache.catalina.startup.HostConfig.deployDirectory Deployment of web application directory [C:\Users\phant\Desktop\NUS Stuff\Year 3\HKUST sem 2\Comp4321\project2\comp4321\apache-tomcat-10.1.20\webapps\ROOT] has finished in [29] ms
10-May-2024 01:54:43.803 INFO [main] org.apache.coyote.AbstractProtocol.start Starting ProtocolHandler ["http-nio-8080"]
10-May-2024 01:54:44.043 INFO [main] org.apache.catalina.startup.Catalina.start Server startup in [1502] milliseconds
10-May-2024 02:36:18.518 INFO [main] org.apache.catalina.startup.VersionLoggerListener.log Server version name:   Apache Tomcat/10.1.20
10-May-2024 02:36:18.523 INFO [main] org.apache.catalina.startup.VersionLoggerListener.log Server built:          Mar 19 2024 12:49:58 UTC
10-May-2024 02:36:18.524 INFO [main] org.apache.catalina.startup.VersionLoggerListener.log Server version number: 10.1.20.0
10-May-2024 02:36:18.524 INFO [main] org.apache.catalina.startup.VersionLoggerListener.log OS Name:               Windows 10
10-May-2024 02:36:18.524 INFO [main] org.apache.catalina.startup.VersionLoggerListener.log OS Version:            10.0
10-May-2024 02:36:18.524 INFO [main] org.apache.catalina.startup.VersionLoggerListener.log Architecture:          amd64
10-May-2024 02:36:18.524 INFO [main] org.apache.catalina.startup.VersionLoggerListener.log Java Home:             C:\Program Files\Java\jdk-11.0.17
10-May-2024 02:36:18.525 INFO [main] org.apache.catalina.startup.VersionLoggerListener.log JVM Version:           11.0.17+10-LTS-269
10-May-2024 02:36:18.525 INFO [main] org.apache.catalina.startup.VersionLoggerListener.log JVM Vendor:            Oracle Corporation
10-May-2024 02:36:18.526 INFO [main] org.apache.catalina.startup.VersionLoggerListener.log CATALINA_BASE:         C:\Users\phant\Desktop\NUS Stuff\Year 3\HKUST sem 2\Comp4321\project2\comp4321\apache-tomcat-10.1.20
10-May-2024 02:36:18.526 INFO [main] org.apache.catalina.startup.VersionLoggerListener.log CATALINA_HOME:         C:\Users\phant\Desktop\NUS Stuff\Year 3\HKUST sem 2\Comp4321\project2\comp4321\apache-tomcat-10.1.20
10-May-2024 02:36:18.541 INFO [main] org.apache.catalina.startup.VersionLoggerListener.log Command line argument: -Djava.util.logging.config.file=C:\Users\phant\Desktop\NUS Stuff\Year 3\HKUST sem 2\Comp4321\project2\comp4321\apache-tomcat-10.1.20\conf\logging.properties
10-May-2024 02:36:18.541 INFO [main] org.apache.catalina.startup.VersionLoggerListener.log Command line argument: -Djava.util.logging.manager=org.apache.juli.ClassLoaderLogManager
10-May-2024 02:36:18.542 INFO [main] org.apache.catalina.startup.VersionLoggerListener.log Command line argument: -Djdk.tls.ephemeralDHKeySize=2048
10-May-2024 02:36:18.542 INFO [main] org.apache.catalina.startup.VersionLoggerListener.log Command line argument: -Djava.protocol.handler.pkgs=org.apache.catalina.webresources
10-May-2024 02:36:18.543 INFO [main] org.apache.catalina.startup.VersionLoggerListener.log Command line argument: --add-opens=java.base/java.lang=ALL-UNNAMED
10-May-2024 02:36:18.543 INFO [main] org.apache.catalina.startup.VersionLoggerListener.log Command line argument: --add-opens=java.base/java.io=ALL-UNNAMED
10-May-2024 02:36:18.543 INFO [main] org.apache.catalina.startup.VersionLoggerListener.log Command line argument: --add-opens=java.base/java.util=ALL-UNNAMED
10-May-2024 02:36:18.544 INFO [main] org.apache.catalina.startup.VersionLoggerListener.log Command line argument: --add-opens=java.base/java.util.concurrent=ALL-UNNAMED
10-May-2024 02:36:18.544 INFO [main] org.apache.catalina.startup.VersionLoggerListener.log Command line argument: --add-opens=java.rmi/sun.rmi.transport=ALL-UNNAMED
10-May-2024 02:36:18.545 INFO [main] org.apache.catalina.startup.VersionLoggerListener.log Command line argument: -Dcatalina.base=C:\Users\phant\Desktop\NUS Stuff\Year 3\HKUST sem 2\Comp4321\project2\comp4321\apache-tomcat-10.1.20
10-May-2024 02:36:18.545 INFO [main] org.apache.catalina.startup.VersionLoggerListener.log Command line argument: -Dcatalina.home=C:\Users\phant\Desktop\NUS Stuff\Year 3\HKUST sem 2\Comp4321\project2\comp4321\apache-tomcat-10.1.20
10-May-2024 02:36:18.545 INFO [main] org.apache.catalina.startup.VersionLoggerListener.log Command line argument: -Djava.io.tmpdir=C:\Users\phant\Desktop\NUS Stuff\Year 3\HKUST sem 2\Comp4321\project2\comp4321\apache-tomcat-10.1.20\temp
10-May-2024 02:36:18.559 INFO [main] org.apache.catalina.core.AprLifecycleListener.lifecycleEvent The Apache Tomcat Native library which allows using OpenSSL was not found on the java.library.path: [C:\Program Files\Java\jdk-11.0.17\bin;C:\WINDOWS\Sun\Java\bin;C:\WINDOWS\system32;C:\WINDOWS;C:\Users\phant\bin;C:\Program Files\Git\mingw64\bin;C:\Program Files\Git\usr\local\bin;C:\Program Files\Git\usr\bin;C:\Program Files\Git\usr\bin;C:\Program Files\Git\mingw64\bin;C:\Program Files\Git\usr\bin;C:\Users\phant\bin;C:\Program Files\Common Files\Oracle\Java\javapath;C:\WINDOWS\system32;C:\WINDOWS;C:\WINDOWS\System32\Wbem;C:\WINDOWS\System32\WindowsPowerShell\v1.0;C:\WINDOWS\System32\OpenSSH;C:\Program Files\MATLAB\R2021a\bin;C:\Program Files\nodejs;C:\WINDOWS\System32\WBem;C:\Program Files\usbipd-win;C:\Program Files\Git\cmd;C:\Program Files\Docker\Docker\resources\bin;C:\Program Files\apache-maven-3.9.0\bin;C:\Users\phant\AppData\Local\Programs\Python\Python311;C:\Program Files\dotnet;C:\Program Files\gs\gs10.01.1\bin;C:\Program Files\gs\gs10.01.1\lib;C:\Program Files\Stripe;C:\Program Files\poppler-23.07.0\Library\bin;C:\Program Files\Tesseract-OCR;C:\Program Files\Amazon\AWSCLIV2;C:\Program Files\Go\bin;C:\Users\phant\scoop\shims;C:\Program Files\Java\jdk-11.0.17\bin;C:\Users\phant\Desktop\NUS Stuff\Year 3\HKUST sem 2\Comp4321\project2\comp4321\apache-tomcat-10.1.20\bin;C:\Users\phant\scoop\shims;C:\Users\phant\AppData\Local\activestate\cache\bin;C:\Users\phant\AppData\Local\ActiveState\StateTool\release\bin;C:\Users\phant\AppData\Local\Programs\Python\Python311\Scripts;C:\Users\phant\AppData\Local\Programs\Python\Python311;C:\Users\phant\AppData\Local\Microsoft\WindowsApps;C:\Users\phant\AppData\Local\Programs\Microsoft VS Code\bin;C:\Program Files\mingw-w64\x86_64-8.1.0-posix-seh-rt_v6-rev0;C:\Users\phant\AppData\Roaming\npm;C:\Program Files\PostgreSQL\14\bin;C:\Users\phant\AppData\Roaming\TinyTeX\bin\win32;C:\Program Files\heroku\bin;C:\Users\phant\AppData\Local\GitHubDesktop\bin;C:\Program Files\JetBrains\IntelliJ IDEA 2022.3.2\bin;C:\Users\phant\.dotnet\tools;C:\Program Files\gs\gs10.01.1\bin;C:\Program Files\Stripe;C:\Program Files\JetBrains\DataGrip 2023.3.2\bin;C:\Users\phant\go\bin;C:\Users\phant\Desktop\NUS Stuff\Year 3\HKUST sem 2\Comp4321\project2\comp4321\apache-tomcat-10.1.20\bin;C:\Program Files\Git\usr\bin\vendor_perl;C:\Program Files\Git\usr\bin\core_perl;.]
10-May-2024 02:36:18.811 INFO [main] org.apache.coyote.AbstractProtocol.init Initializing ProtocolHandler ["http-nio-8080"]
10-May-2024 02:36:18.829 SEVERE [main] org.apache.catalina.util.LifecycleBase.handleSubClassException Failed to initialize component [Connector["http-nio-8080"]]
	org.apache.catalina.LifecycleException: Protocol handler initialization failed
		at org.apache.catalina.connector.Connector.initInternal(Connector.java:1016)
		at org.apache.catalina.util.LifecycleBase.init(LifecycleBase.java:127)
		at org.apache.catalina.core.StandardService.initInternal(StandardService.java:554)
		at org.apache.catalina.util.LifecycleBase.init(LifecycleBase.java:127)
		at org.apache.catalina.core.StandardServer.initInternal(StandardServer.java:1017)
		at org.apache.catalina.util.LifecycleBase.init(LifecycleBase.java:127)
		at org.apache.catalina.startup.Catalina.load(Catalina.java:708)
		at org.apache.catalina.startup.Catalina.load(Catalina.java:731)
		at java.base/jdk.internal.reflect.NativeMethodAccessorImpl.invoke0(Native Method)
		at java.base/jdk.internal.reflect.NativeMethodAccessorImpl.invoke(NativeMethodAccessorImpl.java:62)
		at java.base/jdk.internal.reflect.DelegatingMethodAccessorImpl.invoke(DelegatingMethodAccessorImpl.java:43)
		at java.base/java.lang.reflect.Method.invoke(Method.java:566)
		at org.apache.catalina.startup.Bootstrap.load(Bootstrap.java:302)
		at org.apache.catalina.startup.Bootstrap.main(Bootstrap.java:472)
	Caused by: java.net.BindException: Address already in use: bind
		at java.base/sun.nio.ch.Net.bind0(Native Method)
		at java.base/sun.nio.ch.Net.bind(Net.java:459)
		at java.base/sun.nio.ch.Net.bind(Net.java:448)
		at java.base/sun.nio.ch.ServerSocketChannelImpl.bind(ServerSocketChannelImpl.java:227)
		at org.apache.tomcat.util.net.NioEndpoint.initServerSocket(NioEndpoint.java:239)
		at org.apache.tomcat.util.net.NioEndpoint.bind(NioEndpoint.java:194)
		at org.apache.tomcat.util.net.AbstractEndpoint.bindWithCleanup(AbstractEndpoint.java:1307)
		at org.apache.tomcat.util.net.AbstractEndpoint.init(AbstractEndpoint.java:1320)
		at org.apache.coyote.AbstractProtocol.init(AbstractProtocol.java:624)
		at org.apache.coyote.http11.AbstractHttp11Protocol.init(AbstractHttp11Protocol.java:77)
		at org.apache.catalina.connector.Connector.initInternal(Connector.java:1014)
		... 13 more
10-May-2024 02:36:18.830 INFO [main] org.apache.catalina.startup.Catalina.load Server initialization in [508] milliseconds
10-May-2024 02:36:18.909 INFO [main] org.apache.catalina.core.StandardService.startInternal Starting service [Catalina]
10-May-2024 02:36:18.910 INFO [main] org.apache.catalina.core.StandardEngine.startInternal Starting Servlet engine: [Apache Tomcat/10.1.20]
10-May-2024 02:36:18.935 INFO [main] org.apache.catalina.startup.HostConfig.deployDirectory Deploying web application directory [C:\Users\phant\Desktop\NUS Stuff\Year 3\HKUST sem 2\Comp4321\project2\comp4321\apache-tomcat-10.1.20\webapps\comp4321]
10-May-2024 02:36:19.694 INFO [main] org.apache.jasper.servlet.TldScanner.scanJars At least one JAR was scanned for TLDs yet contained no TLDs. Enable debug logging for this logger for a complete list of JARs that were scanned but no TLDs were found in them. Skipping unneeded JARs during scanning can improve startup time and JSP compilation time.
10-May-2024 02:36:20.197 WARNING [main] org.apache.catalina.util.SessionIdGeneratorBase.createSecureRandom Creation of SecureRandom instance for session ID generation using [SHA1PRNG] took [469] milliseconds.
10-May-2024 02:36:20.245 INFO [main] org.apache.catalina.startup.HostConfig.deployDirectory Deployment of web application directory [C:\Users\phant\Desktop\NUS Stuff\Year 3\HKUST sem 2\Comp4321\project2\comp4321\apache-tomcat-10.1.20\webapps\comp4321] has finished in [1,310] ms
10-May-2024 02:36:20.246 INFO [main] org.apache.catalina.startup.HostConfig.deployDirectory Deploying web application directory [C:\Users\phant\Desktop\NUS Stuff\Year 3\HKUST sem 2\Comp4321\project2\comp4321\apache-tomcat-10.1.20\webapps\docs]
10-May-2024 02:36:20.312 INFO [main] org.apache.catalina.startup.HostConfig.deployDirectory Deployment of web application directory [C:\Users\phant\Desktop\NUS Stuff\Year 3\HKUST sem 2\Comp4321\project2\comp4321\apache-tomcat-10.1.20\webapps\docs] has finished in [66] ms
10-May-2024 02:36:20.313 INFO [main] org.apache.catalina.startup.HostConfig.deployDirectory Deploying web application directory [C:\Users\phant\Desktop\NUS Stuff\Year 3\HKUST sem 2\Comp4321\project2\comp4321\apache-tomcat-10.1.20\webapps\examples]
10-May-2024 02:36:21.042 INFO [main] org.apache.catalina.startup.HostConfig.deployDirectory Deployment of web application directory [C:\Users\phant\Desktop\NUS Stuff\Year 3\HKUST sem 2\Comp4321\project2\comp4321\apache-tomcat-10.1.20\webapps\examples] has finished in [729] ms
10-May-2024 02:36:21.043 INFO [main] org.apache.catalina.startup.HostConfig.deployDirectory Deploying web application directory [C:\Users\phant\Desktop\NUS Stuff\Year 3\HKUST sem 2\Comp4321\project2\comp4321\apache-tomcat-10.1.20\webapps\host-manager]
10-May-2024 02:36:21.133 INFO [main] org.apache.catalina.startup.HostConfig.deployDirectory Deployment of web application directory [C:\Users\phant\Desktop\NUS Stuff\Year 3\HKUST sem 2\Comp4321\project2\comp4321\apache-tomcat-10.1.20\webapps\host-manager] has finished in [90] ms
10-May-2024 02:36:21.134 INFO [main] org.apache.catalina.startup.HostConfig.deployDirectory Deploying web application directory [C:\Users\phant\Desktop\NUS Stuff\Year 3\HKUST sem 2\Comp4321\project2\comp4321\apache-tomcat-10.1.20\webapps\manager]
10-May-2024 02:36:21.261 INFO [main] org.apache.catalina.startup.HostConfig.deployDirectory Deployment of web application directory [C:\Users\phant\Desktop\NUS Stuff\Year 3\HKUST sem 2\Comp4321\project2\comp4321\apache-tomcat-10.1.20\webapps\manager] has finished in [127] ms
10-May-2024 02:36:21.267 INFO [main] org.apache.catalina.startup.HostConfig.deployDirectory Deploying web application directory [C:\Users\phant\Desktop\NUS Stuff\Year 3\HKUST sem 2\Comp4321\project2\comp4321\apache-tomcat-10.1.20\webapps\ROOT]
10-May-2024 02:36:21.369 INFO [main] org.apache.catalina.startup.HostConfig.deployDirectory Deployment of web application directory [C:\Users\phant\Desktop\NUS Stuff\Year 3\HKUST sem 2\Comp4321\project2\comp4321\apache-tomcat-10.1.20\webapps\ROOT] has finished in [101] ms
10-May-2024 02:36:21.389 INFO [main] org.apache.catalina.startup.Catalina.start Server startup in [2557] milliseconds
10-May-2024 02:36:21.416 SEVERE [main] org.apache.catalina.core.StandardServer.await Failed to create server shutdown socket on address [localhost] and port [8005] (base port [8005] and offset [0])
	java.net.BindException: Address already in use: NET_Bind
		at java.base/java.net.PlainSocketImpl.bind0(Native Method)
		at java.base/java.net.PlainSocketImpl.socketBind(PlainSocketImpl.java:132)
		at java.base/java.net.AbstractPlainSocketImpl.bind(AbstractPlainSocketImpl.java:452)
		at java.base/java.net.ServerSocket.bind(ServerSocket.java:381)
		at java.base/java.net.ServerSocket.<init>(ServerSocket.java:243)
		at org.apache.catalina.core.StandardServer.await(StandardServer.java:577)
		at org.apache.catalina.startup.Catalina.await(Catalina.java:847)
		at org.apache.catalina.startup.Catalina.start(Catalina.java:795)
		at java.base/jdk.internal.reflect.NativeMethodAccessorImpl.invoke0(Native Method)
		at java.base/jdk.internal.reflect.NativeMethodAccessorImpl.invoke(NativeMethodAccessorImpl.java:62)
		at java.base/jdk.internal.reflect.DelegatingMethodAccessorImpl.invoke(DelegatingMethodAccessorImpl.java:43)
		at java.base/java.lang.reflect.Method.invoke(Method.java:566)
		at org.apache.catalina.startup.Bootstrap.start(Bootstrap.java:345)
		at org.apache.catalina.startup.Bootstrap.main(Bootstrap.java:473)
10-May-2024 02:36:21.424 INFO [main] org.apache.coyote.AbstractProtocol.pause Pausing ProtocolHandler ["http-nio-8080"]
10-May-2024 02:36:21.567 INFO [main] org.apache.catalina.core.StandardService.stopInternal Stopping service [Catalina]
10-May-2024 02:36:21.748 INFO [main] org.apache.coyote.AbstractProtocol.stop Stopping ProtocolHandler ["http-nio-8080"]
10-May-2024 02:36:21.776 INFO [main] org.apache.coyote.AbstractProtocol.destroy Destroying ProtocolHandler ["http-nio-8080"]
