09-May-2024 01:47:16.167 INFO [main] org.apache.catalina.startup.VersionLoggerListener.log Server version name:   Apache Tomcat/10.1.20
09-May-2024 01:47:16.173 INFO [main] org.apache.catalina.startup.VersionLoggerListener.log Server built:          Mar 19 2024 12:49:58 UTC
09-May-2024 01:47:16.173 INFO [main] org.apache.catalina.startup.VersionLoggerListener.log Server version number: 10.1.20.0
09-May-2024 01:47:16.173 INFO [main] org.apache.catalina.startup.VersionLoggerListener.log OS Name:               Windows 11
09-May-2024 01:47:16.173 INFO [main] org.apache.catalina.startup.VersionLoggerListener.log OS Version:            10.0
09-May-2024 01:47:16.173 INFO [main] org.apache.catalina.startup.VersionLoggerListener.log Architecture:          amd64
09-May-2024 01:47:16.173 INFO [main] org.apache.catalina.startup.VersionLoggerListener.log Java Home:             C:\Users\Emmanuel\scoop\apps\openjdk17\current
09-May-2024 01:47:16.173 INFO [main] org.apache.catalina.startup.VersionLoggerListener.log JVM Version:           17.0.2+8-86
09-May-2024 01:47:16.173 INFO [main] org.apache.catalina.startup.VersionLoggerListener.log JVM Vendor:            Oracle Corporation
09-May-2024 01:47:16.173 INFO [main] org.apache.catalina.startup.VersionLoggerListener.log CATALINA_BASE:         C:\Users\Emmanuel\OneDrive\Desktop\HKUST ACADEMICS\COMP4321\PROJECT\apache-tomcat-10.1.20
09-May-2024 01:47:16.173 INFO [main] org.apache.catalina.startup.VersionLoggerListener.log CATALINA_HOME:         C:\Users\Emmanuel\OneDrive\Desktop\HKUST ACADEMICS\COMP4321\PROJECT\apache-tomcat-10.1.20
09-May-2024 01:47:16.204 INFO [main] org.apache.catalina.startup.VersionLoggerListener.log Command line argument: -Djava.util.logging.config.file=C:\Users\Emmanuel\OneDrive\Desktop\HKUST ACADEMICS\COMP4321\PROJECT\apache-tomcat-10.1.20\conf\logging.properties
09-May-2024 01:47:16.204 INFO [main] org.apache.catalina.startup.VersionLoggerListener.log Command line argument: -Djava.util.logging.manager=org.apache.juli.ClassLoaderLogManager
09-May-2024 01:47:16.204 INFO [main] org.apache.catalina.startup.VersionLoggerListener.log Command line argument: -Djdk.tls.ephemeralDHKeySize=2048
09-May-2024 01:47:16.204 INFO [main] org.apache.catalina.startup.VersionLoggerListener.log Command line argument: -Djava.protocol.handler.pkgs=org.apache.catalina.webresources
09-May-2024 01:47:16.204 INFO [main] org.apache.catalina.startup.VersionLoggerListener.log Command line argument: --add-opens=java.base/java.lang=ALL-UNNAMED
09-May-2024 01:47:16.204 INFO [main] org.apache.catalina.startup.VersionLoggerListener.log Command line argument: --add-opens=java.base/java.io=ALL-UNNAMED
09-May-2024 01:47:16.204 INFO [main] org.apache.catalina.startup.VersionLoggerListener.log Command line argument: --add-opens=java.base/java.util=ALL-UNNAMED
09-May-2024 01:47:16.204 INFO [main] org.apache.catalina.startup.VersionLoggerListener.log Command line argument: --add-opens=java.base/java.util.concurrent=ALL-UNNAMED
09-May-2024 01:47:16.204 INFO [main] org.apache.catalina.startup.VersionLoggerListener.log Command line argument: --add-opens=java.rmi/sun.rmi.transport=ALL-UNNAMED
09-May-2024 01:47:16.204 INFO [main] org.apache.catalina.startup.VersionLoggerListener.log Command line argument: -Dcatalina.base=C:\Users\Emmanuel\OneDrive\Desktop\HKUST ACADEMICS\COMP4321\PROJECT\apache-tomcat-10.1.20
09-May-2024 01:47:16.204 INFO [main] org.apache.catalina.startup.VersionLoggerListener.log Command line argument: -Dcatalina.home=C:\Users\Emmanuel\OneDrive\Desktop\HKUST ACADEMICS\COMP4321\PROJECT\apache-tomcat-10.1.20
09-May-2024 01:47:16.204 INFO [main] org.apache.catalina.startup.VersionLoggerListener.log Command line argument: -Djava.io.tmpdir=C:\Users\Emmanuel\OneDrive\Desktop\HKUST ACADEMICS\COMP4321\PROJECT\apache-tomcat-10.1.20\temp
09-May-2024 01:47:16.214 INFO [main] org.apache.catalina.core.AprLifecycleListener.lifecycleEvent The Apache Tomcat Native library which allows using OpenSSL was not found on the java.library.path: [C:\Users\Emmanuel\scoop\apps\openjdk17\current\bin;C:\WINDOWS\Sun\Java\bin;C:\WINDOWS\system32;C:\WINDOWS;C:\WINDOWS\system32;C:\WINDOWS;C:\WINDOWS\System32\Wbem;C:\WINDOWS\System32\WindowsPowerShell\v1.0\;C:\WINDOWS\System32\OpenSSH\;C:\Program Files\Git\cmd;C:\Program Files\nodejs\;C:\Program Files\Microsoft SQL Server\150\Tools\Binn\;C:\Program Files\Microsoft SQL Server\Client SDK\ODBC\170\Tools\Binn\;C:\Program Files\dotnet\;C:\Users\Emmanuel\scoop\apps\openjdk17\current\bin;C:\Users\Emmanuel\scoop\shims;C:\Users\Emmanuel\AppData\Local\Programs\Python\Python311\Scripts\;C:\Users\Emmanuel\AppData\Local\Programs\Python\Python311\;C:\Users\Emmanuel\AppData\Local\Microsoft\WindowsApps;C:\Users\Emmanuel\AppData\Roaming\npm;C:\Users\Emmanuel\AppData\Local\Google\Cloud SDK\google-cloud-sdk\bin;C:\Users\Emmanuel\.dotnet\tools;.]
09-May-2024 01:47:16.466 INFO [main] org.apache.coyote.AbstractProtocol.init Initializing ProtocolHandler ["http-nio-8080"]
09-May-2024 01:47:16.514 INFO [main] org.apache.catalina.startup.Catalina.load Server initialization in [615] milliseconds
09-May-2024 01:47:16.592 INFO [main] org.apache.catalina.core.StandardService.startInternal Starting service [Catalina]
09-May-2024 01:47:16.592 INFO [main] org.apache.catalina.core.StandardEngine.startInternal Starting Servlet engine: [Apache Tomcat/10.1.20]
09-May-2024 01:47:16.610 INFO [main] org.apache.catalina.startup.HostConfig.deployDirectory Deploying web application directory [C:\Users\Emmanuel\OneDrive\Desktop\HKUST ACADEMICS\COMP4321\PROJECT\apache-tomcat-10.1.20\webapps\comp4321]
09-May-2024 01:47:17.181 INFO [main] org.apache.jasper.servlet.TldScanner.scanJars At least one JAR was scanned for TLDs yet contained no TLDs. Enable debug logging for this logger for a complete list of JARs that were scanned but no TLDs were found in them. Skipping unneeded JARs during scanning can improve startup time and JSP compilation time.
09-May-2024 01:47:17.305 INFO [main] org.apache.catalina.startup.HostConfig.deployDirectory Deployment of web application directory [C:\Users\Emmanuel\OneDrive\Desktop\HKUST ACADEMICS\COMP4321\PROJECT\apache-tomcat-10.1.20\webapps\comp4321] has finished in [695] ms
09-May-2024 01:47:17.305 INFO [main] org.apache.catalina.startup.HostConfig.deployDirectory Deploying web application directory [C:\Users\Emmanuel\OneDrive\Desktop\HKUST ACADEMICS\COMP4321\PROJECT\apache-tomcat-10.1.20\webapps\docs]
09-May-2024 01:47:17.374 INFO [main] org.apache.catalina.startup.HostConfig.deployDirectory Deployment of web application directory [C:\Users\Emmanuel\OneDrive\Desktop\HKUST ACADEMICS\COMP4321\PROJECT\apache-tomcat-10.1.20\webapps\docs] has finished in [69] ms
09-May-2024 01:47:17.374 INFO [main] org.apache.catalina.startup.HostConfig.deployDirectory Deploying web application directory [C:\Users\Emmanuel\OneDrive\Desktop\HKUST ACADEMICS\COMP4321\PROJECT\apache-tomcat-10.1.20\webapps\examples]
09-May-2024 01:47:18.216 SEVERE [main] org.apache.catalina.core.StandardContext.startInternal One or more listeners failed to start. Full details will be found in the appropriate container log file
09-May-2024 01:47:18.216 SEVERE [main] org.apache.catalina.core.StandardContext.startInternal Context [/examples] startup failed due to previous errors
09-May-2024 01:47:18.267 INFO [main] org.apache.catalina.startup.HostConfig.deployDirectory Deployment of web application directory [C:\Users\Emmanuel\OneDrive\Desktop\HKUST ACADEMICS\COMP4321\PROJECT\apache-tomcat-10.1.20\webapps\examples] has finished in [893] ms
09-May-2024 01:47:18.267 INFO [main] org.apache.catalina.startup.HostConfig.deployDirectory Deploying web application directory [C:\Users\Emmanuel\OneDrive\Desktop\HKUST ACADEMICS\COMP4321\PROJECT\apache-tomcat-10.1.20\webapps\host-manager]
09-May-2024 01:47:18.350 INFO [main] org.apache.catalina.startup.HostConfig.deployDirectory Deployment of web application directory [C:\Users\Emmanuel\OneDrive\Desktop\HKUST ACADEMICS\COMP4321\PROJECT\apache-tomcat-10.1.20\webapps\host-manager] has finished in [83] ms
09-May-2024 01:47:18.350 INFO [main] org.apache.catalina.startup.HostConfig.deployDirectory Deploying web application directory [C:\Users\Emmanuel\OneDrive\Desktop\HKUST ACADEMICS\COMP4321\PROJECT\apache-tomcat-10.1.20\webapps\manager]
09-May-2024 01:47:19.085 INFO [main] org.apache.catalina.startup.HostConfig.deployDirectory Deployment of web application directory [C:\Users\Emmanuel\OneDrive\Desktop\HKUST ACADEMICS\COMP4321\PROJECT\apache-tomcat-10.1.20\webapps\manager] has finished in [735] ms
09-May-2024 01:47:19.085 INFO [main] org.apache.catalina.startup.HostConfig.deployDirectory Deploying web application directory [C:\Users\Emmanuel\OneDrive\Desktop\HKUST ACADEMICS\COMP4321\PROJECT\apache-tomcat-10.1.20\webapps\ROOT]
09-May-2024 01:47:19.147 INFO [main] org.apache.catalina.startup.HostConfig.deployDirectory Deployment of web application directory [C:\Users\Emmanuel\OneDrive\Desktop\HKUST ACADEMICS\COMP4321\PROJECT\apache-tomcat-10.1.20\webapps\ROOT] has finished in [62] ms
09-May-2024 01:47:19.154 INFO [main] org.apache.coyote.AbstractProtocol.start Starting ProtocolHandler ["http-nio-8080"]
09-May-2024 01:47:19.235 INFO [main] org.apache.catalina.startup.Catalina.start Server startup in [2721] milliseconds
09-May-2024 01:48:37.661 INFO [Thread-1] org.apache.coyote.AbstractProtocol.pause Pausing ProtocolHandler ["http-nio-8080"]
09-May-2024 01:48:37.713 INFO [Thread-1] org.apache.catalina.core.StandardService.stopInternal Stopping service [Catalina]
09-May-2024 01:48:37.745 INFO [Thread-1] org.apache.coyote.AbstractProtocol.stop Stopping ProtocolHandler ["http-nio-8080"]
09-May-2024 01:48:37.761 INFO [Thread-1] org.apache.coyote.AbstractProtocol.destroy Destroying ProtocolHandler ["http-nio-8080"]
09-May-2024 01:50:02.265 INFO [main] org.apache.catalina.startup.VersionLoggerListener.log Server version name:   Apache Tomcat/10.1.20
09-May-2024 01:50:02.272 INFO [main] org.apache.catalina.startup.VersionLoggerListener.log Server built:          Mar 19 2024 12:49:58 UTC
09-May-2024 01:50:02.274 INFO [main] org.apache.catalina.startup.VersionLoggerListener.log Server version number: 10.1.20.0
09-May-2024 01:50:02.274 INFO [main] org.apache.catalina.startup.VersionLoggerListener.log OS Name:               Windows 11
09-May-2024 01:50:02.274 INFO [main] org.apache.catalina.startup.VersionLoggerListener.log OS Version:            10.0
09-May-2024 01:50:02.274 INFO [main] org.apache.catalina.startup.VersionLoggerListener.log Architecture:          amd64
09-May-2024 01:50:02.274 INFO [main] org.apache.catalina.startup.VersionLoggerListener.log Java Home:             C:\Users\Emmanuel\scoop\apps\openjdk17\current
09-May-2024 01:50:02.274 INFO [main] org.apache.catalina.startup.VersionLoggerListener.log JVM Version:           17.0.2+8-86
09-May-2024 01:50:02.274 INFO [main] org.apache.catalina.startup.VersionLoggerListener.log JVM Vendor:            Oracle Corporation
09-May-2024 01:50:02.275 INFO [main] org.apache.catalina.startup.VersionLoggerListener.log CATALINA_BASE:         C:\Users\Emmanuel\OneDrive\Desktop\HKUST ACADEMICS\COMP4321\PROJECT\apache-tomcat-10.1.20
09-May-2024 01:50:02.275 INFO [main] org.apache.catalina.startup.VersionLoggerListener.log CATALINA_HOME:         C:\Users\Emmanuel\OneDrive\Desktop\HKUST ACADEMICS\COMP4321\PROJECT\apache-tomcat-10.1.20
09-May-2024 01:50:02.287 INFO [main] org.apache.catalina.startup.VersionLoggerListener.log Command line argument: -Djava.util.logging.config.file=C:\Users\Emmanuel\OneDrive\Desktop\HKUST ACADEMICS\COMP4321\PROJECT\apache-tomcat-10.1.20\conf\logging.properties
09-May-2024 01:50:02.287 INFO [main] org.apache.catalina.startup.VersionLoggerListener.log Command line argument: -Djava.util.logging.manager=org.apache.juli.ClassLoaderLogManager
09-May-2024 01:50:02.287 INFO [main] org.apache.catalina.startup.VersionLoggerListener.log Command line argument: -Djdk.tls.ephemeralDHKeySize=2048
09-May-2024 01:50:02.288 INFO [main] org.apache.catalina.startup.VersionLoggerListener.log Command line argument: -Djava.protocol.handler.pkgs=org.apache.catalina.webresources
09-May-2024 01:50:02.288 INFO [main] org.apache.catalina.startup.VersionLoggerListener.log Command line argument: --add-opens=java.base/java.lang=ALL-UNNAMED
09-May-2024 01:50:02.288 INFO [main] org.apache.catalina.startup.VersionLoggerListener.log Command line argument: --add-opens=java.base/java.io=ALL-UNNAMED
09-May-2024 01:50:02.288 INFO [main] org.apache.catalina.startup.VersionLoggerListener.log Command line argument: --add-opens=java.base/java.util=ALL-UNNAMED
09-May-2024 01:50:02.288 INFO [main] org.apache.catalina.startup.VersionLoggerListener.log Command line argument: --add-opens=java.base/java.util.concurrent=ALL-UNNAMED
09-May-2024 01:50:02.288 INFO [main] org.apache.catalina.startup.VersionLoggerListener.log Command line argument: --add-opens=java.rmi/sun.rmi.transport=ALL-UNNAMED
09-May-2024 01:50:02.288 INFO [main] org.apache.catalina.startup.VersionLoggerListener.log Command line argument: -Dcatalina.base=C:\Users\Emmanuel\OneDrive\Desktop\HKUST ACADEMICS\COMP4321\PROJECT\apache-tomcat-10.1.20
09-May-2024 01:50:02.288 INFO [main] org.apache.catalina.startup.VersionLoggerListener.log Command line argument: -Dcatalina.home=C:\Users\Emmanuel\OneDrive\Desktop\HKUST ACADEMICS\COMP4321\PROJECT\apache-tomcat-10.1.20
09-May-2024 01:50:02.290 INFO [main] org.apache.catalina.startup.VersionLoggerListener.log Command line argument: -Djava.io.tmpdir=C:\Users\Emmanuel\OneDrive\Desktop\HKUST ACADEMICS\COMP4321\PROJECT\apache-tomcat-10.1.20\temp
09-May-2024 01:50:02.290 INFO [main] org.apache.catalina.core.AprLifecycleListener.lifecycleEvent The Apache Tomcat Native library which allows using OpenSSL was not found on the java.library.path: [C:\Users\Emmanuel\scoop\apps\openjdk17\current\bin;C:\WINDOWS\Sun\Java\bin;C:\WINDOWS\system32;C:\WINDOWS;C:\WINDOWS\system32;C:\WINDOWS;C:\WINDOWS\System32\Wbem;C:\WINDOWS\System32\WindowsPowerShell\v1.0\;C:\WINDOWS\System32\OpenSSH\;C:\Program Files\Git\cmd;C:\Program Files\nodejs\;C:\Program Files\Microsoft SQL Server\150\Tools\Binn\;C:\Program Files\Microsoft SQL Server\Client SDK\ODBC\170\Tools\Binn\;C:\Program Files\dotnet\;C:\Users\Emmanuel\scoop\apps\openjdk17\current\bin;C:\Users\Emmanuel\scoop\shims;C:\Users\Emmanuel\AppData\Local\Programs\Python\Python311\Scripts\;C:\Users\Emmanuel\AppData\Local\Programs\Python\Python311\;C:\Users\Emmanuel\AppData\Local\Microsoft\WindowsApps;C:\Users\Emmanuel\AppData\Roaming\npm;C:\Users\Emmanuel\AppData\Local\Google\Cloud SDK\google-cloud-sdk\bin;C:\Users\Emmanuel\.dotnet\tools;.]
09-May-2024 01:50:02.515 INFO [main] org.apache.coyote.AbstractProtocol.init Initializing ProtocolHandler ["http-nio-8080"]
09-May-2024 01:50:02.549 INFO [main] org.apache.catalina.startup.Catalina.load Server initialization in [470] milliseconds
09-May-2024 01:50:02.610 INFO [main] org.apache.catalina.core.StandardService.startInternal Starting service [Catalina]
09-May-2024 01:50:02.610 INFO [main] org.apache.catalina.core.StandardEngine.startInternal Starting Servlet engine: [Apache Tomcat/10.1.20]
09-May-2024 01:50:02.625 INFO [main] org.apache.catalina.startup.HostConfig.deployDirectory Deploying web application directory [C:\Users\Emmanuel\OneDrive\Desktop\HKUST ACADEMICS\COMP4321\PROJECT\apache-tomcat-10.1.20\webapps\comp4321]
09-May-2024 01:50:03.079 INFO [main] org.apache.jasper.servlet.TldScanner.scanJars At least one JAR was scanned for TLDs yet contained no TLDs. Enable debug logging for this logger for a complete list of JARs that were scanned but no TLDs were found in them. Skipping unneeded JARs during scanning can improve startup time and JSP compilation time.
09-May-2024 01:50:03.174 INFO [main] org.apache.catalina.startup.HostConfig.deployDirectory Deployment of web application directory [C:\Users\Emmanuel\OneDrive\Desktop\HKUST ACADEMICS\COMP4321\PROJECT\apache-tomcat-10.1.20\webapps\comp4321] has finished in [549] ms
09-May-2024 01:50:03.174 INFO [main] org.apache.catalina.startup.HostConfig.deployDirectory Deploying web application directory [C:\Users\Emmanuel\OneDrive\Desktop\HKUST ACADEMICS\COMP4321\PROJECT\apache-tomcat-10.1.20\webapps\docs]
09-May-2024 01:50:03.222 INFO [main] org.apache.catalina.startup.HostConfig.deployDirectory Deployment of web application directory [C:\Users\Emmanuel\OneDrive\Desktop\HKUST ACADEMICS\COMP4321\PROJECT\apache-tomcat-10.1.20\webapps\docs] has finished in [47] ms
09-May-2024 01:50:03.222 INFO [main] org.apache.catalina.startup.HostConfig.deployDirectory Deploying web application directory [C:\Users\Emmanuel\OneDrive\Desktop\HKUST ACADEMICS\COMP4321\PROJECT\apache-tomcat-10.1.20\webapps\examples]
09-May-2024 01:50:03.565 SEVERE [main] org.apache.catalina.core.StandardContext.startInternal One or more listeners failed to start. Full details will be found in the appropriate container log file
09-May-2024 01:50:03.565 SEVERE [main] org.apache.catalina.core.StandardContext.startInternal Context [/examples] startup failed due to previous errors
09-May-2024 01:50:03.572 INFO [main] org.apache.catalina.startup.HostConfig.deployDirectory Deployment of web application directory [C:\Users\Emmanuel\OneDrive\Desktop\HKUST ACADEMICS\COMP4321\PROJECT\apache-tomcat-10.1.20\webapps\examples] has finished in [350] ms
09-May-2024 01:50:03.572 INFO [main] org.apache.catalina.startup.HostConfig.deployDirectory Deploying web application directory [C:\Users\Emmanuel\OneDrive\Desktop\HKUST ACADEMICS\COMP4321\PROJECT\apache-tomcat-10.1.20\webapps\host-manager]
09-May-2024 01:50:03.627 INFO [main] org.apache.catalina.startup.HostConfig.deployDirectory Deployment of web application directory [C:\Users\Emmanuel\OneDrive\Desktop\HKUST ACADEMICS\COMP4321\PROJECT\apache-tomcat-10.1.20\webapps\host-manager] has finished in [55] ms
09-May-2024 01:50:03.627 INFO [main] org.apache.catalina.startup.HostConfig.deployDirectory Deploying web application directory [C:\Users\Emmanuel\OneDrive\Desktop\HKUST ACADEMICS\COMP4321\PROJECT\apache-tomcat-10.1.20\webapps\manager]
09-May-2024 01:50:03.737 INFO [main] org.apache.catalina.startup.HostConfig.deployDirectory Deployment of web application directory [C:\Users\Emmanuel\OneDrive\Desktop\HKUST ACADEMICS\COMP4321\PROJECT\apache-tomcat-10.1.20\webapps\manager] has finished in [110] ms
09-May-2024 01:50:03.737 INFO [main] org.apache.catalina.startup.HostConfig.deployDirectory Deploying web application directory [C:\Users\Emmanuel\OneDrive\Desktop\HKUST ACADEMICS\COMP4321\PROJECT\apache-tomcat-10.1.20\webapps\ROOT]
09-May-2024 01:50:03.769 INFO [main] org.apache.catalina.startup.HostConfig.deployDirectory Deployment of web application directory [C:\Users\Emmanuel\OneDrive\Desktop\HKUST ACADEMICS\COMP4321\PROJECT\apache-tomcat-10.1.20\webapps\ROOT] has finished in [32] ms
09-May-2024 01:50:03.782 INFO [main] org.apache.coyote.AbstractProtocol.start Starting ProtocolHandler ["http-nio-8080"]
09-May-2024 01:50:03.846 INFO [main] org.apache.catalina.startup.Catalina.start Server startup in [1298] milliseconds
09-May-2024 02:25:13.122 INFO [Thread-1] org.apache.coyote.AbstractProtocol.pause Pausing ProtocolHandler ["http-nio-8080"]
09-May-2024 02:25:13.125 INFO [Thread-1] org.apache.catalina.core.StandardService.stopInternal Stopping service [Catalina]
09-May-2024 02:25:13.156 INFO [Thread-1] org.apache.coyote.AbstractProtocol.stop Stopping ProtocolHandler ["http-nio-8080"]
09-May-2024 02:25:13.175 INFO [Thread-1] org.apache.coyote.AbstractProtocol.destroy Destroying ProtocolHandler ["http-nio-8080"]
09-May-2024 01:38:51.192 INFO [main] org.apache.catalina.core.StandardServer.await A valid shutdown command was received via the shutdown port. Stopping the Server instance.
09-May-2024 01:38:51.194 INFO [main] org.apache.coyote.AbstractProtocol.pause Pausing ProtocolHandler ["http-nio-8080"]
09-May-2024 01:38:51.199 INFO [main] org.apache.catalina.core.StandardService.stopInternal Stopping service [Catalina]
09-May-2024 01:38:51.346 INFO [main] org.apache.coyote.AbstractProtocol.stop Stopping ProtocolHandler ["http-nio-8080"]
09-May-2024 01:38:51.353 INFO [main] org.apache.coyote.AbstractProtocol.destroy Destroying ProtocolHandler ["http-nio-8080"]
09-May-2024 01:38:58.034 INFO [main] org.apache.catalina.startup.VersionLoggerListener.log Server version name:   Apache Tomcat/10.1.20
09-May-2024 01:38:58.042 INFO [main] org.apache.catalina.startup.VersionLoggerListener.log Server built:          Mar 19 2024 12:49:58 UTC
09-May-2024 01:38:58.042 INFO [main] org.apache.catalina.startup.VersionLoggerListener.log Server version number: 10.1.20.0
09-May-2024 01:38:58.043 INFO [main] org.apache.catalina.startup.VersionLoggerListener.log OS Name:               Linux
09-May-2024 01:38:58.043 INFO [main] org.apache.catalina.startup.VersionLoggerListener.log OS Version:            5.15.133.1-microsoft-standard-WSL2
09-May-2024 01:38:58.043 INFO [main] org.apache.catalina.startup.VersionLoggerListener.log Architecture:          amd64
09-May-2024 01:38:58.044 INFO [main] org.apache.catalina.startup.VersionLoggerListener.log Java Home:             /usr/lib/jvm/java-19-openjdk-amd64
09-May-2024 01:38:58.044 INFO [main] org.apache.catalina.startup.VersionLoggerListener.log JVM Version:           19.0.2+7-Ubuntu-0ubuntu322.04
09-May-2024 01:38:58.045 INFO [main] org.apache.catalina.startup.VersionLoggerListener.log JVM Vendor:            Private Build
09-May-2024 01:38:58.045 INFO [main] org.apache.catalina.startup.VersionLoggerListener.log CATALINA_BASE:         /mnt/c/Users/Emmanuel/OneDrive/Desktop/HKUST ACADEMICS/COMP4321/PROJECT/apache-tomcat-10.1.20
09-May-2024 01:38:58.046 INFO [main] org.apache.catalina.startup.VersionLoggerListener.log CATALINA_HOME:         /mnt/c/Users/Emmanuel/OneDrive/Desktop/HKUST ACADEMICS/COMP4321/PROJECT/apache-tomcat-10.1.20
09-May-2024 01:38:58.060 INFO [main] org.apache.catalina.startup.VersionLoggerListener.log Command line argument: -Djava.util.logging.config.file=/mnt/c/Users/Emmanuel/OneDrive/Desktop/HKUST ACADEMICS/COMP4321/PROJECT/apache-tomcat-10.1.20/conf/logging.properties
09-May-2024 01:38:58.060 INFO [main] org.apache.catalina.startup.VersionLoggerListener.log Command line argument: -Djava.util.logging.manager=org.apache.juli.ClassLoaderLogManager
09-May-2024 01:38:58.061 INFO [main] org.apache.catalina.startup.VersionLoggerListener.log Command line argument: -Djdk.tls.ephemeralDHKeySize=2048
09-May-2024 01:38:58.061 INFO [main] org.apache.catalina.startup.VersionLoggerListener.log Command line argument: -Djava.protocol.handler.pkgs=org.apache.catalina.webresources
09-May-2024 01:38:58.061 INFO [main] org.apache.catalina.startup.VersionLoggerListener.log Command line argument: -Dorg.apache.catalina.security.SecurityListener.UMASK=0027
09-May-2024 01:38:58.062 INFO [main] org.apache.catalina.startup.VersionLoggerListener.log Command line argument: --add-opens=java.base/java.lang=ALL-UNNAMED
09-May-2024 01:38:58.062 INFO [main] org.apache.catalina.startup.VersionLoggerListener.log Command line argument: --add-opens=java.base/java.io=ALL-UNNAMED
09-May-2024 01:38:58.062 INFO [main] org.apache.catalina.startup.VersionLoggerListener.log Command line argument: --add-opens=java.base/java.util=ALL-UNNAMED
09-May-2024 01:38:58.063 INFO [main] org.apache.catalina.startup.VersionLoggerListener.log Command line argument: --add-opens=java.base/java.util.concurrent=ALL-UNNAMED
09-May-2024 01:38:58.063 INFO [main] org.apache.catalina.startup.VersionLoggerListener.log Command line argument: --add-opens=java.rmi/sun.rmi.transport=ALL-UNNAMED
09-May-2024 01:38:58.063 INFO [main] org.apache.catalina.startup.VersionLoggerListener.log Command line argument: -Dcatalina.base=/mnt/c/Users/Emmanuel/OneDrive/Desktop/HKUST ACADEMICS/COMP4321/PROJECT/apache-tomcat-10.1.20
09-May-2024 01:38:58.064 INFO [main] org.apache.catalina.startup.VersionLoggerListener.log Command line argument: -Dcatalina.home=/mnt/c/Users/Emmanuel/OneDrive/Desktop/HKUST ACADEMICS/COMP4321/PROJECT/apache-tomcat-10.1.20
09-May-2024 01:38:58.064 INFO [main] org.apache.catalina.startup.VersionLoggerListener.log Command line argument: -Djava.io.tmpdir=/mnt/c/Users/Emmanuel/OneDrive/Desktop/HKUST ACADEMICS/COMP4321/PROJECT/apache-tomcat-10.1.20/temp
09-May-2024 01:38:58.068 INFO [main] org.apache.catalina.core.AprLifecycleListener.lifecycleEvent The Apache Tomcat Native library which allows using OpenSSL was not found on the java.library.path: [/usr/java/packages/lib:/usr/lib/x86_64-linux-gnu/jni:/lib/x86_64-linux-gnu:/usr/lib/x86_64-linux-gnu:/usr/lib/jni:/lib:/usr/lib]
09-May-2024 01:38:58.468 INFO [main] org.apache.coyote.AbstractProtocol.init Initializing ProtocolHandler ["http-nio-8080"]
09-May-2024 01:38:58.501 INFO [main] org.apache.catalina.startup.Catalina.load Server initialization in [786] milliseconds
09-May-2024 01:38:58.582 INFO [main] org.apache.catalina.core.StandardService.startInternal Starting service [Catalina]
09-May-2024 01:38:58.583 INFO [main] org.apache.catalina.core.StandardEngine.startInternal Starting Servlet engine: [Apache Tomcat/10.1.20]
09-May-2024 01:38:58.611 INFO [main] org.apache.catalina.startup.HostConfig.deployDirectory Deploying web application directory [/mnt/c/Users/Emmanuel/OneDrive/Desktop/HKUST ACADEMICS/COMP4321/PROJECT/apache-tomcat-10.1.20/webapps/comp4321]
09-May-2024 01:38:59.838 INFO [main] org.apache.jasper.servlet.TldScanner.scanJars At least one JAR was scanned for TLDs yet contained no TLDs. Enable debug logging for this logger for a complete list of JARs that were scanned but no TLDs were found in them. Skipping unneeded JARs during scanning can improve startup time and JSP compilation time.
09-May-2024 01:38:59.937 INFO [main] org.apache.catalina.startup.HostConfig.deployDirectory Deployment of web application directory [/mnt/c/Users/Emmanuel/OneDrive/Desktop/HKUST ACADEMICS/COMP4321/PROJECT/apache-tomcat-10.1.20/webapps/comp4321] has finished in [1,325] ms
09-May-2024 01:38:59.938 INFO [main] org.apache.catalina.startup.HostConfig.deployDirectory Deploying web application directory [/mnt/c/Users/Emmanuel/OneDrive/Desktop/HKUST ACADEMICS/COMP4321/PROJECT/apache-tomcat-10.1.20/webapps/docs]
09-May-2024 01:39:00.172 INFO [main] org.apache.catalina.startup.HostConfig.deployDirectory Deployment of web application directory [/mnt/c/Users/Emmanuel/OneDrive/Desktop/HKUST ACADEMICS/COMP4321/PROJECT/apache-tomcat-10.1.20/webapps/docs] has finished in [234] ms
09-May-2024 01:39:00.174 INFO [main] org.apache.catalina.startup.HostConfig.deployDirectory Deploying web application directory [/mnt/c/Users/Emmanuel/OneDrive/Desktop/HKUST ACADEMICS/COMP4321/PROJECT/apache-tomcat-10.1.20/webapps/examples]
09-May-2024 01:39:02.723 SEVERE [main] org.apache.catalina.core.StandardContext.startInternal One or more listeners failed to start. Full details will be found in the appropriate container log file
09-May-2024 01:39:02.724 SEVERE [main] org.apache.catalina.core.StandardContext.startInternal Context [/examples] startup failed due to previous errors
09-May-2024 01:39:02.748 INFO [main] org.apache.catalina.startup.HostConfig.deployDirectory Deployment of web application directory [/mnt/c/Users/Emmanuel/OneDrive/Desktop/HKUST ACADEMICS/COMP4321/PROJECT/apache-tomcat-10.1.20/webapps/examples] has finished in [2,574] ms
09-May-2024 01:39:02.750 INFO [main] org.apache.catalina.startup.HostConfig.deployDirectory Deploying web application directory [/mnt/c/Users/Emmanuel/OneDrive/Desktop/HKUST ACADEMICS/COMP4321/PROJECT/apache-tomcat-10.1.20/webapps/host-manager]
09-May-2024 01:39:03.008 INFO [main] org.apache.catalina.startup.HostConfig.deployDirectory Deployment of web application directory [/mnt/c/Users/Emmanuel/OneDrive/Desktop/HKUST ACADEMICS/COMP4321/PROJECT/apache-tomcat-10.1.20/webapps/host-manager] has finished in [258] ms
09-May-2024 01:39:03.009 INFO [main] org.apache.catalina.startup.HostConfig.deployDirectory Deploying web application directory [/mnt/c/Users/Emmanuel/OneDrive/Desktop/HKUST ACADEMICS/COMP4321/PROJECT/apache-tomcat-10.1.20/webapps/manager]
09-May-2024 01:39:03.943 INFO [main] org.apache.catalina.startup.HostConfig.deployDirectory Deployment of web application directory [/mnt/c/Users/Emmanuel/OneDrive/Desktop/HKUST ACADEMICS/COMP4321/PROJECT/apache-tomcat-10.1.20/webapps/manager] has finished in [934] ms
09-May-2024 01:39:03.944 INFO [main] org.apache.catalina.startup.HostConfig.deployDirectory Deploying web application directory [/mnt/c/Users/Emmanuel/OneDrive/Desktop/HKUST ACADEMICS/COMP4321/PROJECT/apache-tomcat-10.1.20/webapps/ROOT]
09-May-2024 01:39:04.123 INFO [main] org.apache.catalina.startup.HostConfig.deployDirectory Deployment of web application directory [/mnt/c/Users/Emmanuel/OneDrive/Desktop/HKUST ACADEMICS/COMP4321/PROJECT/apache-tomcat-10.1.20/webapps/ROOT] has finished in [178] ms
09-May-2024 01:39:04.130 INFO [main] org.apache.coyote.AbstractProtocol.start Starting ProtocolHandler ["http-nio-8080"]
09-May-2024 01:39:04.144 INFO [main] org.apache.catalina.startup.Catalina.start Server startup in [5641] milliseconds
09-May-2024 01:45:02.782 INFO [main] org.apache.catalina.core.StandardServer.await A valid shutdown command was received via the shutdown port. Stopping the Server instance.
09-May-2024 01:45:02.783 INFO [main] org.apache.coyote.AbstractProtocol.pause Pausing ProtocolHandler ["http-nio-8080"]
09-May-2024 01:45:02.786 INFO [main] org.apache.catalina.core.StandardService.stopInternal Stopping service [Catalina]
09-May-2024 01:45:02.922 INFO [main] org.apache.coyote.AbstractProtocol.stop Stopping ProtocolHandler ["http-nio-8080"]
09-May-2024 01:45:02.928 INFO [main] org.apache.coyote.AbstractProtocol.destroy Destroying ProtocolHandler ["http-nio-8080"]
09-May-2024 01:45:14.119 INFO [main] org.apache.catalina.startup.VersionLoggerListener.log Server version name:   Apache Tomcat/10.1.20
09-May-2024 01:45:14.123 INFO [main] org.apache.catalina.startup.VersionLoggerListener.log Server built:          Mar 19 2024 12:49:58 UTC
09-May-2024 01:45:14.123 INFO [main] org.apache.catalina.startup.VersionLoggerListener.log Server version number: 10.1.20.0
09-May-2024 01:45:14.123 INFO [main] org.apache.catalina.startup.VersionLoggerListener.log OS Name:               Linux
09-May-2024 01:45:14.124 INFO [main] org.apache.catalina.startup.VersionLoggerListener.log OS Version:            5.15.133.1-microsoft-standard-WSL2
09-May-2024 01:45:14.124 INFO [main] org.apache.catalina.startup.VersionLoggerListener.log Architecture:          amd64
09-May-2024 01:45:14.124 INFO [main] org.apache.catalina.startup.VersionLoggerListener.log Java Home:             /usr/lib/jvm/java-19-openjdk-amd64
09-May-2024 01:45:14.124 INFO [main] org.apache.catalina.startup.VersionLoggerListener.log JVM Version:           19.0.2+7-Ubuntu-0ubuntu322.04
09-May-2024 01:45:14.125 INFO [main] org.apache.catalina.startup.VersionLoggerListener.log JVM Vendor:            Private Build
09-May-2024 01:45:14.125 INFO [main] org.apache.catalina.startup.VersionLoggerListener.log CATALINA_BASE:         /mnt/c/Users/Emmanuel/OneDrive/Desktop/HKUST ACADEMICS/COMP4321/PROJECT/apache-tomcat-10.1.20
09-May-2024 01:45:14.125 INFO [main] org.apache.catalina.startup.VersionLoggerListener.log CATALINA_HOME:         /mnt/c/Users/Emmanuel/OneDrive/Desktop/HKUST ACADEMICS/COMP4321/PROJECT/apache-tomcat-10.1.20
09-May-2024 01:45:14.133 INFO [main] org.apache.catalina.startup.VersionLoggerListener.log Command line argument: -Djava.util.logging.config.file=/mnt/c/Users/Emmanuel/OneDrive/Desktop/HKUST ACADEMICS/COMP4321/PROJECT/apache-tomcat-10.1.20/conf/logging.properties
09-May-2024 01:45:14.134 INFO [main] org.apache.catalina.startup.VersionLoggerListener.log Command line argument: -Djava.util.logging.manager=org.apache.juli.ClassLoaderLogManager
09-May-2024 01:45:14.134 INFO [main] org.apache.catalina.startup.VersionLoggerListener.log Command line argument: -Djdk.tls.ephemeralDHKeySize=2048
09-May-2024 01:45:14.134 INFO [main] org.apache.catalina.startup.VersionLoggerListener.log Command line argument: -Djava.protocol.handler.pkgs=org.apache.catalina.webresources
09-May-2024 01:45:14.134 INFO [main] org.apache.catalina.startup.VersionLoggerListener.log Command line argument: -Dorg.apache.catalina.security.SecurityListener.UMASK=0027
09-May-2024 01:45:14.135 INFO [main] org.apache.catalina.startup.VersionLoggerListener.log Command line argument: --add-opens=java.base/java.lang=ALL-UNNAMED
09-May-2024 01:45:14.135 INFO [main] org.apache.catalina.startup.VersionLoggerListener.log Command line argument: --add-opens=java.base/java.io=ALL-UNNAMED
09-May-2024 01:45:14.135 INFO [main] org.apache.catalina.startup.VersionLoggerListener.log Command line argument: --add-opens=java.base/java.util=ALL-UNNAMED
09-May-2024 01:45:14.135 INFO [main] org.apache.catalina.startup.VersionLoggerListener.log Command line argument: --add-opens=java.base/java.util.concurrent=ALL-UNNAMED
09-May-2024 01:45:14.136 INFO [main] org.apache.catalina.startup.VersionLoggerListener.log Command line argument: --add-opens=java.rmi/sun.rmi.transport=ALL-UNNAMED
09-May-2024 01:45:14.136 INFO [main] org.apache.catalina.startup.VersionLoggerListener.log Command line argument: -Dcatalina.base=/mnt/c/Users/Emmanuel/OneDrive/Desktop/HKUST ACADEMICS/COMP4321/PROJECT/apache-tomcat-10.1.20
09-May-2024 01:45:14.136 INFO [main] org.apache.catalina.startup.VersionLoggerListener.log Command line argument: -Dcatalina.home=/mnt/c/Users/Emmanuel/OneDrive/Desktop/HKUST ACADEMICS/COMP4321/PROJECT/apache-tomcat-10.1.20
09-May-2024 01:45:14.136 INFO [main] org.apache.catalina.startup.VersionLoggerListener.log Command line argument: -Djava.io.tmpdir=/mnt/c/Users/Emmanuel/OneDrive/Desktop/HKUST ACADEMICS/COMP4321/PROJECT/apache-tomcat-10.1.20/temp
09-May-2024 01:45:14.140 INFO [main] org.apache.catalina.core.AprLifecycleListener.lifecycleEvent The Apache Tomcat Native library which allows using OpenSSL was not found on the java.library.path: [/usr/java/packages/lib:/usr/lib/x86_64-linux-gnu/jni:/lib/x86_64-linux-gnu:/usr/lib/x86_64-linux-gnu:/usr/lib/jni:/lib:/usr/lib]
09-May-2024 01:45:14.441 INFO [main] org.apache.coyote.AbstractProtocol.init Initializing ProtocolHandler ["http-nio-8080"]
09-May-2024 01:45:14.466 INFO [main] org.apache.catalina.startup.Catalina.load Server initialization in [576] milliseconds
09-May-2024 01:45:14.528 INFO [main] org.apache.catalina.core.StandardService.startInternal Starting service [Catalina]
09-May-2024 01:45:14.529 INFO [main] org.apache.catalina.core.StandardEngine.startInternal Starting Servlet engine: [Apache Tomcat/10.1.20]
09-May-2024 01:45:14.550 INFO [main] org.apache.catalina.startup.HostConfig.deployDirectory Deploying web application directory [/mnt/c/Users/Emmanuel/OneDrive/Desktop/HKUST ACADEMICS/COMP4321/PROJECT/apache-tomcat-10.1.20/webapps/comp4321]
09-May-2024 01:45:15.810 INFO [main] org.apache.jasper.servlet.TldScanner.scanJars At least one JAR was scanned for TLDs yet contained no TLDs. Enable debug logging for this logger for a complete list of JARs that were scanned but no TLDs were found in them. Skipping unneeded JARs during scanning can improve startup time and JSP compilation time.
09-May-2024 01:45:15.895 INFO [main] org.apache.catalina.startup.HostConfig.deployDirectory Deployment of web application directory [/mnt/c/Users/Emmanuel/OneDrive/Desktop/HKUST ACADEMICS/COMP4321/PROJECT/apache-tomcat-10.1.20/webapps/comp4321] has finished in [1,344] ms
09-May-2024 01:45:15.896 INFO [main] org.apache.catalina.startup.HostConfig.deployDirectory Deploying web application directory [/mnt/c/Users/Emmanuel/OneDrive/Desktop/HKUST ACADEMICS/COMP4321/PROJECT/apache-tomcat-10.1.20/webapps/docs]
09-May-2024 01:45:16.111 INFO [main] org.apache.catalina.startup.HostConfig.deployDirectory Deployment of web application directory [/mnt/c/Users/Emmanuel/OneDrive/Desktop/HKUST ACADEMICS/COMP4321/PROJECT/apache-tomcat-10.1.20/webapps/docs] has finished in [214] ms
09-May-2024 01:45:16.112 INFO [main] org.apache.catalina.startup.HostConfig.deployDirectory Deploying web application directory [/mnt/c/Users/Emmanuel/OneDrive/Desktop/HKUST ACADEMICS/COMP4321/PROJECT/apache-tomcat-10.1.20/webapps/examples]
09-May-2024 01:45:18.294 SEVERE [main] org.apache.catalina.core.StandardContext.startInternal One or more listeners failed to start. Full details will be found in the appropriate container log file
09-May-2024 01:45:18.295 SEVERE [main] org.apache.catalina.core.StandardContext.startInternal Context [/examples] startup failed due to previous errors
09-May-2024 01:45:18.316 INFO [main] org.apache.catalina.startup.HostConfig.deployDirectory Deployment of web application directory [/mnt/c/Users/Emmanuel/OneDrive/Desktop/HKUST ACADEMICS/COMP4321/PROJECT/apache-tomcat-10.1.20/webapps/examples] has finished in [2,204] ms
09-May-2024 01:45:18.318 INFO [main] org.apache.catalina.startup.HostConfig.deployDirectory Deploying web application directory [/mnt/c/Users/Emmanuel/OneDrive/Desktop/HKUST ACADEMICS/COMP4321/PROJECT/apache-tomcat-10.1.20/webapps/host-manager]
09-May-2024 01:45:18.546 INFO [main] org.apache.catalina.startup.HostConfig.deployDirectory Deployment of web application directory [/mnt/c/Users/Emmanuel/OneDrive/Desktop/HKUST ACADEMICS/COMP4321/PROJECT/apache-tomcat-10.1.20/webapps/host-manager] has finished in [227] ms
09-May-2024 01:45:18.547 INFO [main] org.apache.catalina.startup.HostConfig.deployDirectory Deploying web application directory [/mnt/c/Users/Emmanuel/OneDrive/Desktop/HKUST ACADEMICS/COMP4321/PROJECT/apache-tomcat-10.1.20/webapps/manager]
09-May-2024 01:45:19.092 INFO [main] org.apache.catalina.startup.HostConfig.deployDirectory Deployment of web application directory [/mnt/c/Users/Emmanuel/OneDrive/Desktop/HKUST ACADEMICS/COMP4321/PROJECT/apache-tomcat-10.1.20/webapps/manager] has finished in [545] ms
09-May-2024 01:45:19.094 INFO [main] org.apache.catalina.startup.HostConfig.deployDirectory Deploying web application directory [/mnt/c/Users/Emmanuel/OneDrive/Desktop/HKUST ACADEMICS/COMP4321/PROJECT/apache-tomcat-10.1.20/webapps/ROOT]
09-May-2024 01:45:19.256 INFO [main] org.apache.catalina.startup.HostConfig.deployDirectory Deployment of web application directory [/mnt/c/Users/Emmanuel/OneDrive/Desktop/HKUST ACADEMICS/COMP4321/PROJECT/apache-tomcat-10.1.20/webapps/ROOT] has finished in [163] ms
09-May-2024 01:45:19.264 INFO [main] org.apache.coyote.AbstractProtocol.start Starting ProtocolHandler ["http-nio-8080"]
09-May-2024 01:45:19.278 INFO [main] org.apache.catalina.startup.Catalina.start Server startup in [4810] milliseconds
09-May-2024 01:51:53.670 INFO [main] org.apache.catalina.core.StandardServer.await A valid shutdown command was received via the shutdown port. Stopping the Server instance.
09-May-2024 01:51:53.671 INFO [main] org.apache.coyote.AbstractProtocol.pause Pausing ProtocolHandler ["http-nio-8080"]
09-May-2024 01:51:53.674 INFO [main] org.apache.catalina.core.StandardService.stopInternal Stopping service [Catalina]
09-May-2024 01:51:53.827 INFO [main] org.apache.coyote.AbstractProtocol.stop Stopping ProtocolHandler ["http-nio-8080"]
09-May-2024 01:51:53.837 INFO [main] org.apache.coyote.AbstractProtocol.destroy Destroying ProtocolHandler ["http-nio-8080"]
09-May-2024 01:51:57.169 INFO [main] org.apache.catalina.startup.VersionLoggerListener.log Server version name:   Apache Tomcat/10.1.20
09-May-2024 01:51:57.173 INFO [main] org.apache.catalina.startup.VersionLoggerListener.log Server built:          Mar 19 2024 12:49:58 UTC
09-May-2024 01:51:57.173 INFO [main] org.apache.catalina.startup.VersionLoggerListener.log Server version number: 10.1.20.0
09-May-2024 01:51:57.174 INFO [main] org.apache.catalina.startup.VersionLoggerListener.log OS Name:               Linux
09-May-2024 01:51:57.174 INFO [main] org.apache.catalina.startup.VersionLoggerListener.log OS Version:            5.15.133.1-microsoft-standard-WSL2
09-May-2024 01:51:57.174 INFO [main] org.apache.catalina.startup.VersionLoggerListener.log Architecture:          amd64
09-May-2024 01:51:57.174 INFO [main] org.apache.catalina.startup.VersionLoggerListener.log Java Home:             /usr/lib/jvm/java-19-openjdk-amd64
09-May-2024 01:51:57.175 INFO [main] org.apache.catalina.startup.VersionLoggerListener.log JVM Version:           19.0.2+7-Ubuntu-0ubuntu322.04
09-May-2024 01:51:57.175 INFO [main] org.apache.catalina.startup.VersionLoggerListener.log JVM Vendor:            Private Build
09-May-2024 01:51:57.175 INFO [main] org.apache.catalina.startup.VersionLoggerListener.log CATALINA_BASE:         /mnt/c/Users/Emmanuel/OneDrive/Desktop/HKUST ACADEMICS/COMP4321/PROJECT/apache-tomcat-10.1.20
09-May-2024 01:51:57.176 INFO [main] org.apache.catalina.startup.VersionLoggerListener.log CATALINA_HOME:         /mnt/c/Users/Emmanuel/OneDrive/Desktop/HKUST ACADEMICS/COMP4321/PROJECT/apache-tomcat-10.1.20
09-May-2024 01:51:57.183 INFO [main] org.apache.catalina.startup.VersionLoggerListener.log Command line argument: -Djava.util.logging.config.file=/mnt/c/Users/Emmanuel/OneDrive/Desktop/HKUST ACADEMICS/COMP4321/PROJECT/apache-tomcat-10.1.20/conf/logging.properties
09-May-2024 01:51:57.184 INFO [main] org.apache.catalina.startup.VersionLoggerListener.log Command line argument: -Djava.util.logging.manager=org.apache.juli.ClassLoaderLogManager
09-May-2024 01:51:57.184 INFO [main] org.apache.catalina.startup.VersionLoggerListener.log Command line argument: -Djdk.tls.ephemeralDHKeySize=2048
09-May-2024 01:51:57.185 INFO [main] org.apache.catalina.startup.VersionLoggerListener.log Command line argument: -Djava.protocol.handler.pkgs=org.apache.catalina.webresources
09-May-2024 01:51:57.185 INFO [main] org.apache.catalina.startup.VersionLoggerListener.log Command line argument: -Dorg.apache.catalina.security.SecurityListener.UMASK=0027
09-May-2024 01:51:57.185 INFO [main] org.apache.catalina.startup.VersionLoggerListener.log Command line argument: --add-opens=java.base/java.lang=ALL-UNNAMED
09-May-2024 01:51:57.186 INFO [main] org.apache.catalina.startup.VersionLoggerListener.log Command line argument: --add-opens=java.base/java.io=ALL-UNNAMED
09-May-2024 01:51:57.186 INFO [main] org.apache.catalina.startup.VersionLoggerListener.log Command line argument: --add-opens=java.base/java.util=ALL-UNNAMED
09-May-2024 01:51:57.186 INFO [main] org.apache.catalina.startup.VersionLoggerListener.log Command line argument: --add-opens=java.base/java.util.concurrent=ALL-UNNAMED
09-May-2024 01:51:57.186 INFO [main] org.apache.catalina.startup.VersionLoggerListener.log Command line argument: --add-opens=java.rmi/sun.rmi.transport=ALL-UNNAMED
09-May-2024 01:51:57.187 INFO [main] org.apache.catalina.startup.VersionLoggerListener.log Command line argument: -Dcatalina.base=/mnt/c/Users/Emmanuel/OneDrive/Desktop/HKUST ACADEMICS/COMP4321/PROJECT/apache-tomcat-10.1.20
09-May-2024 01:51:57.187 INFO [main] org.apache.catalina.startup.VersionLoggerListener.log Command line argument: -Dcatalina.home=/mnt/c/Users/Emmanuel/OneDrive/Desktop/HKUST ACADEMICS/COMP4321/PROJECT/apache-tomcat-10.1.20
09-May-2024 01:51:57.187 INFO [main] org.apache.catalina.startup.VersionLoggerListener.log Command line argument: -Djava.io.tmpdir=/mnt/c/Users/Emmanuel/OneDrive/Desktop/HKUST ACADEMICS/COMP4321/PROJECT/apache-tomcat-10.1.20/temp
09-May-2024 01:51:57.191 INFO [main] org.apache.catalina.core.AprLifecycleListener.lifecycleEvent The Apache Tomcat Native library which allows using OpenSSL was not found on the java.library.path: [/usr/java/packages/lib:/usr/lib/x86_64-linux-gnu/jni:/lib/x86_64-linux-gnu:/usr/lib/x86_64-linux-gnu:/usr/lib/jni:/lib:/usr/lib]
09-May-2024 01:51:57.631 INFO [main] org.apache.coyote.AbstractProtocol.init Initializing ProtocolHandler ["http-nio-8080"]
09-May-2024 01:51:57.677 INFO [main] org.apache.catalina.startup.Catalina.load Server initialization in [761] milliseconds
09-May-2024 01:51:57.763 INFO [main] org.apache.catalina.core.StandardService.startInternal Starting service [Catalina]
09-May-2024 01:51:57.764 INFO [main] org.apache.catalina.core.StandardEngine.startInternal Starting Servlet engine: [Apache Tomcat/10.1.20]
09-May-2024 01:51:57.795 INFO [main] org.apache.catalina.startup.HostConfig.deployDirectory Deploying web application directory [/mnt/c/Users/Emmanuel/OneDrive/Desktop/HKUST ACADEMICS/COMP4321/PROJECT/apache-tomcat-10.1.20/webapps/comp4321]
09-May-2024 01:51:58.888 INFO [main] org.apache.jasper.servlet.TldScanner.scanJars At least one JAR was scanned for TLDs yet contained no TLDs. Enable debug logging for this logger for a complete list of JARs that were scanned but no TLDs were found in them. Skipping unneeded JARs during scanning can improve startup time and JSP compilation time.
09-May-2024 01:51:58.976 INFO [main] org.apache.catalina.startup.HostConfig.deployDirectory Deployment of web application directory [/mnt/c/Users/Emmanuel/OneDrive/Desktop/HKUST ACADEMICS/COMP4321/PROJECT/apache-tomcat-10.1.20/webapps/comp4321] has finished in [1,181] ms
09-May-2024 01:51:58.977 INFO [main] org.apache.catalina.startup.HostConfig.deployDirectory Deploying web application directory [/mnt/c/Users/Emmanuel/OneDrive/Desktop/HKUST ACADEMICS/COMP4321/PROJECT/apache-tomcat-10.1.20/webapps/docs]
09-May-2024 01:51:59.220 INFO [main] org.apache.catalina.startup.HostConfig.deployDirectory Deployment of web application directory [/mnt/c/Users/Emmanuel/OneDrive/Desktop/HKUST ACADEMICS/COMP4321/PROJECT/apache-tomcat-10.1.20/webapps/docs] has finished in [243] ms
09-May-2024 01:51:59.221 INFO [main] org.apache.catalina.startup.HostConfig.deployDirectory Deploying web application directory [/mnt/c/Users/Emmanuel/OneDrive/Desktop/HKUST ACADEMICS/COMP4321/PROJECT/apache-tomcat-10.1.20/webapps/examples]
09-May-2024 01:52:01.496 SEVERE [main] org.apache.catalina.core.StandardContext.startInternal One or more listeners failed to start. Full details will be found in the appropriate container log file
09-May-2024 01:52:01.497 SEVERE [main] org.apache.catalina.core.StandardContext.startInternal Context [/examples] startup failed due to previous errors
09-May-2024 01:52:01.521 INFO [main] org.apache.catalina.startup.HostConfig.deployDirectory Deployment of web application directory [/mnt/c/Users/Emmanuel/OneDrive/Desktop/HKUST ACADEMICS/COMP4321/PROJECT/apache-tomcat-10.1.20/webapps/examples] has finished in [2,299] ms
09-May-2024 01:52:01.522 INFO [main] org.apache.catalina.startup.HostConfig.deployDirectory Deploying web application directory [/mnt/c/Users/Emmanuel/OneDrive/Desktop/HKUST ACADEMICS/COMP4321/PROJECT/apache-tomcat-10.1.20/webapps/host-manager]
09-May-2024 01:52:01.793 INFO [main] org.apache.catalina.startup.HostConfig.deployDirectory Deployment of web application directory [/mnt/c/Users/Emmanuel/OneDrive/Desktop/HKUST ACADEMICS/COMP4321/PROJECT/apache-tomcat-10.1.20/webapps/host-manager] has finished in [271] ms
09-May-2024 01:52:01.794 INFO [main] org.apache.catalina.startup.HostConfig.deployDirectory Deploying web application directory [/mnt/c/Users/Emmanuel/OneDrive/Desktop/HKUST ACADEMICS/COMP4321/PROJECT/apache-tomcat-10.1.20/webapps/manager]
09-May-2024 01:52:02.258 INFO [main] org.apache.catalina.startup.HostConfig.deployDirectory Deployment of web application directory [/mnt/c/Users/Emmanuel/OneDrive/Desktop/HKUST ACADEMICS/COMP4321/PROJECT/apache-tomcat-10.1.20/webapps/manager] has finished in [464] ms
09-May-2024 01:52:02.259 INFO [main] org.apache.catalina.startup.HostConfig.deployDirectory Deploying web application directory [/mnt/c/Users/Emmanuel/OneDrive/Desktop/HKUST ACADEMICS/COMP4321/PROJECT/apache-tomcat-10.1.20/webapps/ROOT]
09-May-2024 01:52:02.410 INFO [main] org.apache.catalina.startup.HostConfig.deployDirectory Deployment of web application directory [/mnt/c/Users/Emmanuel/OneDrive/Desktop/HKUST ACADEMICS/COMP4321/PROJECT/apache-tomcat-10.1.20/webapps/ROOT] has finished in [150] ms
09-May-2024 01:52:02.418 INFO [main] org.apache.coyote.AbstractProtocol.start Starting ProtocolHandler ["http-nio-8080"]
09-May-2024 01:52:02.432 INFO [main] org.apache.catalina.startup.Catalina.start Server startup in [4752] milliseconds
09-May-2024 01:57:46.500 INFO [main] org.apache.catalina.core.StandardServer.await A valid shutdown command was received via the shutdown port. Stopping the Server instance.
09-May-2024 01:57:46.501 INFO [main] org.apache.coyote.AbstractProtocol.pause Pausing ProtocolHandler ["http-nio-8080"]
09-May-2024 01:57:46.504 INFO [main] org.apache.catalina.core.StandardService.stopInternal Stopping service [Catalina]
09-May-2024 01:57:46.645 INFO [main] org.apache.coyote.AbstractProtocol.stop Stopping ProtocolHandler ["http-nio-8080"]
09-May-2024 01:57:46.652 INFO [main] org.apache.coyote.AbstractProtocol.destroy Destroying ProtocolHandler ["http-nio-8080"]
09-May-2024 01:57:50.065 INFO [main] org.apache.catalina.startup.VersionLoggerListener.log Server version name:   Apache Tomcat/10.1.20
09-May-2024 01:57:50.069 INFO [main] org.apache.catalina.startup.VersionLoggerListener.log Server built:          Mar 19 2024 12:49:58 UTC
09-May-2024 01:57:50.069 INFO [main] org.apache.catalina.startup.VersionLoggerListener.log Server version number: 10.1.20.0
09-May-2024 01:57:50.069 INFO [main] org.apache.catalina.startup.VersionLoggerListener.log OS Name:               Linux
09-May-2024 01:57:50.070 INFO [main] org.apache.catalina.startup.VersionLoggerListener.log OS Version:            5.15.133.1-microsoft-standard-WSL2
09-May-2024 01:57:50.070 INFO [main] org.apache.catalina.startup.VersionLoggerListener.log Architecture:          amd64
09-May-2024 01:57:50.070 INFO [main] org.apache.catalina.startup.VersionLoggerListener.log Java Home:             /usr/lib/jvm/java-19-openjdk-amd64
09-May-2024 01:57:50.071 INFO [main] org.apache.catalina.startup.VersionLoggerListener.log JVM Version:           19.0.2+7-Ubuntu-0ubuntu322.04
09-May-2024 01:57:50.071 INFO [main] org.apache.catalina.startup.VersionLoggerListener.log JVM Vendor:            Private Build
09-May-2024 01:57:50.072 INFO [main] org.apache.catalina.startup.VersionLoggerListener.log CATALINA_BASE:         /mnt/c/Users/Emmanuel/OneDrive/Desktop/HKUST ACADEMICS/COMP4321/PROJECT/apache-tomcat-10.1.20
09-May-2024 01:57:50.072 INFO [main] org.apache.catalina.startup.VersionLoggerListener.log CATALINA_HOME:         /mnt/c/Users/Emmanuel/OneDrive/Desktop/HKUST ACADEMICS/COMP4321/PROJECT/apache-tomcat-10.1.20
09-May-2024 01:57:50.078 INFO [main] org.apache.catalina.startup.VersionLoggerListener.log Command line argument: -Djava.util.logging.config.file=/mnt/c/Users/Emmanuel/OneDrive/Desktop/HKUST ACADEMICS/COMP4321/PROJECT/apache-tomcat-10.1.20/conf/logging.properties
09-May-2024 01:57:50.078 INFO [main] org.apache.catalina.startup.VersionLoggerListener.log Command line argument: -Djava.util.logging.manager=org.apache.juli.ClassLoaderLogManager
09-May-2024 01:57:50.078 INFO [main] org.apache.catalina.startup.VersionLoggerListener.log Command line argument: -Djdk.tls.ephemeralDHKeySize=2048
09-May-2024 01:57:50.079 INFO [main] org.apache.catalina.startup.VersionLoggerListener.log Command line argument: -Djava.protocol.handler.pkgs=org.apache.catalina.webresources
09-May-2024 01:57:50.079 INFO [main] org.apache.catalina.startup.VersionLoggerListener.log Command line argument: -Dorg.apache.catalina.security.SecurityListener.UMASK=0027
09-May-2024 01:57:50.079 INFO [main] org.apache.catalina.startup.VersionLoggerListener.log Command line argument: --add-opens=java.base/java.lang=ALL-UNNAMED
09-May-2024 01:57:50.079 INFO [main] org.apache.catalina.startup.VersionLoggerListener.log Command line argument: --add-opens=java.base/java.io=ALL-UNNAMED
09-May-2024 01:57:50.080 INFO [main] org.apache.catalina.startup.VersionLoggerListener.log Command line argument: --add-opens=java.base/java.util=ALL-UNNAMED
09-May-2024 01:57:50.080 INFO [main] org.apache.catalina.startup.VersionLoggerListener.log Command line argument: --add-opens=java.base/java.util.concurrent=ALL-UNNAMED
09-May-2024 01:57:50.080 INFO [main] org.apache.catalina.startup.VersionLoggerListener.log Command line argument: --add-opens=java.rmi/sun.rmi.transport=ALL-UNNAMED
09-May-2024 01:57:50.080 INFO [main] org.apache.catalina.startup.VersionLoggerListener.log Command line argument: -Dcatalina.base=/mnt/c/Users/Emmanuel/OneDrive/Desktop/HKUST ACADEMICS/COMP4321/PROJECT/apache-tomcat-10.1.20
09-May-2024 01:57:50.081 INFO [main] org.apache.catalina.startup.VersionLoggerListener.log Command line argument: -Dcatalina.home=/mnt/c/Users/Emmanuel/OneDrive/Desktop/HKUST ACADEMICS/COMP4321/PROJECT/apache-tomcat-10.1.20
09-May-2024 01:57:50.081 INFO [main] org.apache.catalina.startup.VersionLoggerListener.log Command line argument: -Djava.io.tmpdir=/mnt/c/Users/Emmanuel/OneDrive/Desktop/HKUST ACADEMICS/COMP4321/PROJECT/apache-tomcat-10.1.20/temp
09-May-2024 01:57:50.085 INFO [main] org.apache.catalina.core.AprLifecycleListener.lifecycleEvent The Apache Tomcat Native library which allows using OpenSSL was not found on the java.library.path: [/usr/java/packages/lib:/usr/lib/x86_64-linux-gnu/jni:/lib/x86_64-linux-gnu:/usr/lib/x86_64-linux-gnu:/usr/lib/jni:/lib:/usr/lib]
09-May-2024 01:57:50.387 INFO [main] org.apache.coyote.AbstractProtocol.init Initializing ProtocolHandler ["http-nio-8080"]
09-May-2024 01:57:50.424 INFO [main] org.apache.catalina.startup.Catalina.load Server initialization in [609] milliseconds
09-May-2024 01:57:50.484 INFO [main] org.apache.catalina.core.StandardService.startInternal Starting service [Catalina]
09-May-2024 01:57:50.485 INFO [main] org.apache.catalina.core.StandardEngine.startInternal Starting Servlet engine: [Apache Tomcat/10.1.20]
09-May-2024 01:57:50.518 INFO [main] org.apache.catalina.startup.HostConfig.deployDirectory Deploying web application directory [/mnt/c/Users/Emmanuel/OneDrive/Desktop/HKUST ACADEMICS/COMP4321/PROJECT/apache-tomcat-10.1.20/webapps/comp4321]
09-May-2024 01:57:52.201 INFO [main] org.apache.jasper.servlet.TldScanner.scanJars At least one JAR was scanned for TLDs yet contained no TLDs. Enable debug logging for this logger for a complete list of JARs that were scanned but no TLDs were found in them. Skipping unneeded JARs during scanning can improve startup time and JSP compilation time.
09-May-2024 01:57:52.286 INFO [main] org.apache.catalina.startup.HostConfig.deployDirectory Deployment of web application directory [/mnt/c/Users/Emmanuel/OneDrive/Desktop/HKUST ACADEMICS/COMP4321/PROJECT/apache-tomcat-10.1.20/webapps/comp4321] has finished in [1,768] ms
09-May-2024 01:57:52.287 INFO [main] org.apache.catalina.startup.HostConfig.deployDirectory Deploying web application directory [/mnt/c/Users/Emmanuel/OneDrive/Desktop/HKUST ACADEMICS/COMP4321/PROJECT/apache-tomcat-10.1.20/webapps/docs]
09-May-2024 01:57:52.502 INFO [main] org.apache.catalina.startup.HostConfig.deployDirectory Deployment of web application directory [/mnt/c/Users/Emmanuel/OneDrive/Desktop/HKUST ACADEMICS/COMP4321/PROJECT/apache-tomcat-10.1.20/webapps/docs] has finished in [215] ms
09-May-2024 01:57:52.503 INFO [main] org.apache.catalina.startup.HostConfig.deployDirectory Deploying web application directory [/mnt/c/Users/Emmanuel/OneDrive/Desktop/HKUST ACADEMICS/COMP4321/PROJECT/apache-tomcat-10.1.20/webapps/examples]
09-May-2024 01:57:54.784 SEVERE [main] org.apache.catalina.core.StandardContext.startInternal One or more listeners failed to start. Full details will be found in the appropriate container log file
09-May-2024 01:57:54.785 SEVERE [main] org.apache.catalina.core.StandardContext.startInternal Context [/examples] startup failed due to previous errors
09-May-2024 01:57:54.810 INFO [main] org.apache.catalina.startup.HostConfig.deployDirectory Deployment of web application directory [/mnt/c/Users/Emmanuel/OneDrive/Desktop/HKUST ACADEMICS/COMP4321/PROJECT/apache-tomcat-10.1.20/webapps/examples] has finished in [2,307] ms
09-May-2024 01:57:54.812 INFO [main] org.apache.catalina.startup.HostConfig.deployDirectory Deploying web application directory [/mnt/c/Users/Emmanuel/OneDrive/Desktop/HKUST ACADEMICS/COMP4321/PROJECT/apache-tomcat-10.1.20/webapps/host-manager]
09-May-2024 01:57:55.051 INFO [main] org.apache.catalina.startup.HostConfig.deployDirectory Deployment of web application directory [/mnt/c/Users/Emmanuel/OneDrive/Desktop/HKUST ACADEMICS/COMP4321/PROJECT/apache-tomcat-10.1.20/webapps/host-manager] has finished in [239] ms
09-May-2024 01:57:55.052 INFO [main] org.apache.catalina.startup.HostConfig.deployDirectory Deploying web application directory [/mnt/c/Users/Emmanuel/OneDrive/Desktop/HKUST ACADEMICS/COMP4321/PROJECT/apache-tomcat-10.1.20/webapps/manager]
09-May-2024 01:57:55.584 INFO [main] org.apache.catalina.startup.HostConfig.deployDirectory Deployment of web application directory [/mnt/c/Users/Emmanuel/OneDrive/Desktop/HKUST ACADEMICS/COMP4321/PROJECT/apache-tomcat-10.1.20/webapps/manager] has finished in [532] ms
09-May-2024 01:57:55.585 INFO [main] org.apache.catalina.startup.HostConfig.deployDirectory Deploying web application directory [/mnt/c/Users/Emmanuel/OneDrive/Desktop/HKUST ACADEMICS/COMP4321/PROJECT/apache-tomcat-10.1.20/webapps/ROOT]
09-May-2024 01:57:55.769 INFO [main] org.apache.catalina.startup.HostConfig.deployDirectory Deployment of web application directory [/mnt/c/Users/Emmanuel/OneDrive/Desktop/HKUST ACADEMICS/COMP4321/PROJECT/apache-tomcat-10.1.20/webapps/ROOT] has finished in [184] ms
09-May-2024 01:57:55.781 INFO [main] org.apache.coyote.AbstractProtocol.start Starting ProtocolHandler ["http-nio-8080"]
09-May-2024 01:57:55.802 INFO [main] org.apache.catalina.startup.Catalina.start Server startup in [5376] milliseconds
09-May-2024 02:02:27.419 INFO [main] org.apache.catalina.core.StandardServer.await A valid shutdown command was received via the shutdown port. Stopping the Server instance.
09-May-2024 02:02:27.420 INFO [main] org.apache.coyote.AbstractProtocol.pause Pausing ProtocolHandler ["http-nio-8080"]
09-May-2024 02:02:27.434 INFO [main] org.apache.catalina.core.StandardService.stopInternal Stopping service [Catalina]
09-May-2024 02:02:27.580 INFO [main] org.apache.coyote.AbstractProtocol.stop Stopping ProtocolHandler ["http-nio-8080"]
09-May-2024 02:02:27.588 INFO [main] org.apache.coyote.AbstractProtocol.destroy Destroying ProtocolHandler ["http-nio-8080"]
09-May-2024 02:02:35.652 INFO [main] org.apache.catalina.startup.VersionLoggerListener.log Server version name:   Apache Tomcat/10.1.20
09-May-2024 02:02:35.656 INFO [main] org.apache.catalina.startup.VersionLoggerListener.log Server built:          Mar 19 2024 12:49:58 UTC
09-May-2024 02:02:35.657 INFO [main] org.apache.catalina.startup.VersionLoggerListener.log Server version number: 10.1.20.0
09-May-2024 02:02:35.657 INFO [main] org.apache.catalina.startup.VersionLoggerListener.log OS Name:               Linux
09-May-2024 02:02:35.657 INFO [main] org.apache.catalina.startup.VersionLoggerListener.log OS Version:            5.15.133.1-microsoft-standard-WSL2
09-May-2024 02:02:35.657 INFO [main] org.apache.catalina.startup.VersionLoggerListener.log Architecture:          amd64
09-May-2024 02:02:35.658 INFO [main] org.apache.catalina.startup.VersionLoggerListener.log Java Home:             /usr/lib/jvm/java-19-openjdk-amd64
09-May-2024 02:02:35.658 INFO [main] org.apache.catalina.startup.VersionLoggerListener.log JVM Version:           19.0.2+7-Ubuntu-0ubuntu322.04
09-May-2024 02:02:35.658 INFO [main] org.apache.catalina.startup.VersionLoggerListener.log JVM Vendor:            Private Build
09-May-2024 02:02:35.659 INFO [main] org.apache.catalina.startup.VersionLoggerListener.log CATALINA_BASE:         /mnt/c/Users/Emmanuel/OneDrive/Desktop/HKUST ACADEMICS/COMP4321/PROJECT/apache-tomcat-10.1.20
09-May-2024 02:02:35.659 INFO [main] org.apache.catalina.startup.VersionLoggerListener.log CATALINA_HOME:         /mnt/c/Users/Emmanuel/OneDrive/Desktop/HKUST ACADEMICS/COMP4321/PROJECT/apache-tomcat-10.1.20
09-May-2024 02:02:35.666 INFO [main] org.apache.catalina.startup.VersionLoggerListener.log Command line argument: -Djava.util.logging.config.file=/mnt/c/Users/Emmanuel/OneDrive/Desktop/HKUST ACADEMICS/COMP4321/PROJECT/apache-tomcat-10.1.20/conf/logging.properties
09-May-2024 02:02:35.666 INFO [main] org.apache.catalina.startup.VersionLoggerListener.log Command line argument: -Djava.util.logging.manager=org.apache.juli.ClassLoaderLogManager
09-May-2024 02:02:35.667 INFO [main] org.apache.catalina.startup.VersionLoggerListener.log Command line argument: -Djdk.tls.ephemeralDHKeySize=2048
09-May-2024 02:02:35.667 INFO [main] org.apache.catalina.startup.VersionLoggerListener.log Command line argument: -Djava.protocol.handler.pkgs=org.apache.catalina.webresources
09-May-2024 02:02:35.667 INFO [main] org.apache.catalina.startup.VersionLoggerListener.log Command line argument: -Dorg.apache.catalina.security.SecurityListener.UMASK=0027
09-May-2024 02:02:35.668 INFO [main] org.apache.catalina.startup.VersionLoggerListener.log Command line argument: --add-opens=java.base/java.lang=ALL-UNNAMED
09-May-2024 02:02:35.668 INFO [main] org.apache.catalina.startup.VersionLoggerListener.log Command line argument: --add-opens=java.base/java.io=ALL-UNNAMED
09-May-2024 02:02:35.668 INFO [main] org.apache.catalina.startup.VersionLoggerListener.log Command line argument: --add-opens=java.base/java.util=ALL-UNNAMED
09-May-2024 02:02:35.669 INFO [main] org.apache.catalina.startup.VersionLoggerListener.log Command line argument: --add-opens=java.base/java.util.concurrent=ALL-UNNAMED
09-May-2024 02:02:35.669 INFO [main] org.apache.catalina.startup.VersionLoggerListener.log Command line argument: --add-opens=java.rmi/sun.rmi.transport=ALL-UNNAMED
09-May-2024 02:02:35.669 INFO [main] org.apache.catalina.startup.VersionLoggerListener.log Command line argument: -Dcatalina.base=/mnt/c/Users/Emmanuel/OneDrive/Desktop/HKUST ACADEMICS/COMP4321/PROJECT/apache-tomcat-10.1.20
09-May-2024 02:02:35.669 INFO [main] org.apache.catalina.startup.VersionLoggerListener.log Command line argument: -Dcatalina.home=/mnt/c/Users/Emmanuel/OneDrive/Desktop/HKUST ACADEMICS/COMP4321/PROJECT/apache-tomcat-10.1.20
09-May-2024 02:02:35.670 INFO [main] org.apache.catalina.startup.VersionLoggerListener.log Command line argument: -Djava.io.tmpdir=/mnt/c/Users/Emmanuel/OneDrive/Desktop/HKUST ACADEMICS/COMP4321/PROJECT/apache-tomcat-10.1.20/temp
09-May-2024 02:02:35.674 INFO [main] org.apache.catalina.core.AprLifecycleListener.lifecycleEvent The Apache Tomcat Native library which allows using OpenSSL was not found on the java.library.path: [/usr/java/packages/lib:/usr/lib/x86_64-linux-gnu/jni:/lib/x86_64-linux-gnu:/usr/lib/x86_64-linux-gnu:/usr/lib/jni:/lib:/usr/lib]
09-May-2024 02:02:35.967 INFO [main] org.apache.coyote.AbstractProtocol.init Initializing ProtocolHandler ["http-nio-8080"]
09-May-2024 02:02:35.990 INFO [main] org.apache.catalina.startup.Catalina.load Server initialization in [609] milliseconds
09-May-2024 02:02:36.050 INFO [main] org.apache.catalina.core.StandardService.startInternal Starting service [Catalina]
09-May-2024 02:02:36.050 INFO [main] org.apache.catalina.core.StandardEngine.startInternal Starting Servlet engine: [Apache Tomcat/10.1.20]
09-May-2024 02:02:36.075 INFO [main] org.apache.catalina.startup.HostConfig.deployDirectory Deploying web application directory [/mnt/c/Users/Emmanuel/OneDrive/Desktop/HKUST ACADEMICS/COMP4321/PROJECT/apache-tomcat-10.1.20/webapps/comp4321]
09-May-2024 02:02:37.505 INFO [main] org.apache.jasper.servlet.TldScanner.scanJars At least one JAR was scanned for TLDs yet contained no TLDs. Enable debug logging for this logger for a complete list of JARs that were scanned but no TLDs were found in them. Skipping unneeded JARs during scanning can improve startup time and JSP compilation time.
09-May-2024 02:02:37.616 INFO [main] org.apache.catalina.startup.HostConfig.deployDirectory Deployment of web application directory [/mnt/c/Users/Emmanuel/OneDrive/Desktop/HKUST ACADEMICS/COMP4321/PROJECT/apache-tomcat-10.1.20/webapps/comp4321] has finished in [1,540] ms
09-May-2024 02:02:37.617 INFO [main] org.apache.catalina.startup.HostConfig.deployDirectory Deploying web application directory [/mnt/c/Users/Emmanuel/OneDrive/Desktop/HKUST ACADEMICS/COMP4321/PROJECT/apache-tomcat-10.1.20/webapps/docs]
09-May-2024 02:02:37.859 INFO [main] org.apache.catalina.startup.HostConfig.deployDirectory Deployment of web application directory [/mnt/c/Users/Emmanuel/OneDrive/Desktop/HKUST ACADEMICS/COMP4321/PROJECT/apache-tomcat-10.1.20/webapps/docs] has finished in [242] ms
09-May-2024 02:02:37.860 INFO [main] org.apache.catalina.startup.HostConfig.deployDirectory Deploying web application directory [/mnt/c/Users/Emmanuel/OneDrive/Desktop/HKUST ACADEMICS/COMP4321/PROJECT/apache-tomcat-10.1.20/webapps/examples]
09-May-2024 02:02:40.578 SEVERE [main] org.apache.catalina.core.StandardContext.startInternal One or more listeners failed to start. Full details will be found in the appropriate container log file
09-May-2024 02:02:40.579 SEVERE [main] org.apache.catalina.core.StandardContext.startInternal Context [/examples] startup failed due to previous errors
09-May-2024 02:02:40.603 INFO [main] org.apache.catalina.startup.HostConfig.deployDirectory Deployment of web application directory [/mnt/c/Users/Emmanuel/OneDrive/Desktop/HKUST ACADEMICS/COMP4321/PROJECT/apache-tomcat-10.1.20/webapps/examples] has finished in [2,742] ms
09-May-2024 02:02:40.604 INFO [main] org.apache.catalina.startup.HostConfig.deployDirectory Deploying web application directory [/mnt/c/Users/Emmanuel/OneDrive/Desktop/HKUST ACADEMICS/COMP4321/PROJECT/apache-tomcat-10.1.20/webapps/host-manager]
09-May-2024 02:02:40.834 INFO [main] org.apache.catalina.startup.HostConfig.deployDirectory Deployment of web application directory [/mnt/c/Users/Emmanuel/OneDrive/Desktop/HKUST ACADEMICS/COMP4321/PROJECT/apache-tomcat-10.1.20/webapps/host-manager] has finished in [230] ms
09-May-2024 02:02:40.835 INFO [main] org.apache.catalina.startup.HostConfig.deployDirectory Deploying web application directory [/mnt/c/Users/Emmanuel/OneDrive/Desktop/HKUST ACADEMICS/COMP4321/PROJECT/apache-tomcat-10.1.20/webapps/manager]
09-May-2024 02:02:41.377 INFO [main] org.apache.catalina.startup.HostConfig.deployDirectory Deployment of web application directory [/mnt/c/Users/Emmanuel/OneDrive/Desktop/HKUST ACADEMICS/COMP4321/PROJECT/apache-tomcat-10.1.20/webapps/manager] has finished in [541] ms
09-May-2024 02:02:41.378 INFO [main] org.apache.catalina.startup.HostConfig.deployDirectory Deploying web application directory [/mnt/c/Users/Emmanuel/OneDrive/Desktop/HKUST ACADEMICS/COMP4321/PROJECT/apache-tomcat-10.1.20/webapps/ROOT]
09-May-2024 02:02:41.557 INFO [main] org.apache.catalina.startup.HostConfig.deployDirectory Deployment of web application directory [/mnt/c/Users/Emmanuel/OneDrive/Desktop/HKUST ACADEMICS/COMP4321/PROJECT/apache-tomcat-10.1.20/webapps/ROOT] has finished in [178] ms
09-May-2024 02:02:41.563 INFO [main] org.apache.coyote.AbstractProtocol.start Starting ProtocolHandler ["http-nio-8080"]
09-May-2024 02:02:41.578 INFO [main] org.apache.catalina.startup.Catalina.start Server startup in [5585] milliseconds
09-May-2024 02:08:03.318 INFO [main] org.apache.catalina.core.StandardServer.await A valid shutdown command was received via the shutdown port. Stopping the Server instance.
09-May-2024 02:08:03.318 INFO [main] org.apache.coyote.AbstractProtocol.pause Pausing ProtocolHandler ["http-nio-8080"]
09-May-2024 02:08:03.322 INFO [main] org.apache.catalina.core.StandardService.stopInternal Stopping service [Catalina]
09-May-2024 02:08:03.474 INFO [main] org.apache.coyote.AbstractProtocol.stop Stopping ProtocolHandler ["http-nio-8080"]
09-May-2024 02:08:03.486 INFO [main] org.apache.coyote.AbstractProtocol.destroy Destroying ProtocolHandler ["http-nio-8080"]
09-May-2024 02:08:05.377 INFO [main] org.apache.catalina.startup.VersionLoggerListener.log Server version name:   Apache Tomcat/10.1.20
09-May-2024 02:08:05.383 INFO [main] org.apache.catalina.startup.VersionLoggerListener.log Server built:          Mar 19 2024 12:49:58 UTC
09-May-2024 02:08:05.384 INFO [main] org.apache.catalina.startup.VersionLoggerListener.log Server version number: 10.1.20.0
09-May-2024 02:08:05.384 INFO [main] org.apache.catalina.startup.VersionLoggerListener.log OS Name:               Linux
09-May-2024 02:08:05.385 INFO [main] org.apache.catalina.startup.VersionLoggerListener.log OS Version:            5.15.133.1-microsoft-standard-WSL2
09-May-2024 02:08:05.385 INFO [main] org.apache.catalina.startup.VersionLoggerListener.log Architecture:          amd64
09-May-2024 02:08:05.385 INFO [main] org.apache.catalina.startup.VersionLoggerListener.log Java Home:             /usr/lib/jvm/java-19-openjdk-amd64
09-May-2024 02:08:05.386 INFO [main] org.apache.catalina.startup.VersionLoggerListener.log JVM Version:           19.0.2+7-Ubuntu-0ubuntu322.04
09-May-2024 02:08:05.386 INFO [main] org.apache.catalina.startup.VersionLoggerListener.log JVM Vendor:            Private Build
09-May-2024 02:08:05.387 INFO [main] org.apache.catalina.startup.VersionLoggerListener.log CATALINA_BASE:         /mnt/c/Users/Emmanuel/OneDrive/Desktop/HKUST ACADEMICS/COMP4321/PROJECT/apache-tomcat-10.1.20
09-May-2024 02:08:05.387 INFO [main] org.apache.catalina.startup.VersionLoggerListener.log CATALINA_HOME:         /mnt/c/Users/Emmanuel/OneDrive/Desktop/HKUST ACADEMICS/COMP4321/PROJECT/apache-tomcat-10.1.20
09-May-2024 02:08:05.397 INFO [main] org.apache.catalina.startup.VersionLoggerListener.log Command line argument: -Djava.util.logging.config.file=/mnt/c/Users/Emmanuel/OneDrive/Desktop/HKUST ACADEMICS/COMP4321/PROJECT/apache-tomcat-10.1.20/conf/logging.properties
09-May-2024 02:08:05.397 INFO [main] org.apache.catalina.startup.VersionLoggerListener.log Command line argument: -Djava.util.logging.manager=org.apache.juli.ClassLoaderLogManager
09-May-2024 02:08:05.398 INFO [main] org.apache.catalina.startup.VersionLoggerListener.log Command line argument: -Djdk.tls.ephemeralDHKeySize=2048
09-May-2024 02:08:05.398 INFO [main] org.apache.catalina.startup.VersionLoggerListener.log Command line argument: -Djava.protocol.handler.pkgs=org.apache.catalina.webresources
09-May-2024 02:08:05.399 INFO [main] org.apache.catalina.startup.VersionLoggerListener.log Command line argument: -Dorg.apache.catalina.security.SecurityListener.UMASK=0027
09-May-2024 02:08:05.399 INFO [main] org.apache.catalina.startup.VersionLoggerListener.log Command line argument: --add-opens=java.base/java.lang=ALL-UNNAMED
09-May-2024 02:08:05.399 INFO [main] org.apache.catalina.startup.VersionLoggerListener.log Command line argument: --add-opens=java.base/java.io=ALL-UNNAMED
09-May-2024 02:08:05.400 INFO [main] org.apache.catalina.startup.VersionLoggerListener.log Command line argument: --add-opens=java.base/java.util=ALL-UNNAMED
09-May-2024 02:08:05.400 INFO [main] org.apache.catalina.startup.VersionLoggerListener.log Command line argument: --add-opens=java.base/java.util.concurrent=ALL-UNNAMED
09-May-2024 02:08:05.401 INFO [main] org.apache.catalina.startup.VersionLoggerListener.log Command line argument: --add-opens=java.rmi/sun.rmi.transport=ALL-UNNAMED
09-May-2024 02:08:05.401 INFO [main] org.apache.catalina.startup.VersionLoggerListener.log Command line argument: -Dcatalina.base=/mnt/c/Users/Emmanuel/OneDrive/Desktop/HKUST ACADEMICS/COMP4321/PROJECT/apache-tomcat-10.1.20
09-May-2024 02:08:05.401 INFO [main] org.apache.catalina.startup.VersionLoggerListener.log Command line argument: -Dcatalina.home=/mnt/c/Users/Emmanuel/OneDrive/Desktop/HKUST ACADEMICS/COMP4321/PROJECT/apache-tomcat-10.1.20
09-May-2024 02:08:05.402 INFO [main] org.apache.catalina.startup.VersionLoggerListener.log Command line argument: -Djava.io.tmpdir=/mnt/c/Users/Emmanuel/OneDrive/Desktop/HKUST ACADEMICS/COMP4321/PROJECT/apache-tomcat-10.1.20/temp
09-May-2024 02:08:05.406 INFO [main] org.apache.catalina.core.AprLifecycleListener.lifecycleEvent The Apache Tomcat Native library which allows using OpenSSL was not found on the java.library.path: [/usr/java/packages/lib:/usr/lib/x86_64-linux-gnu/jni:/lib/x86_64-linux-gnu:/usr/lib/x86_64-linux-gnu:/usr/lib/jni:/lib:/usr/lib]
09-May-2024 02:08:05.872 INFO [main] org.apache.coyote.AbstractProtocol.init Initializing ProtocolHandler ["http-nio-8080"]
09-May-2024 02:08:05.907 INFO [main] org.apache.catalina.startup.Catalina.load Server initialization in [906] milliseconds
09-May-2024 02:08:06.007 INFO [main] org.apache.catalina.core.StandardService.startInternal Starting service [Catalina]
09-May-2024 02:08:06.008 INFO [main] org.apache.catalina.core.StandardEngine.startInternal Starting Servlet engine: [Apache Tomcat/10.1.20]
09-May-2024 02:08:06.043 INFO [main] org.apache.catalina.startup.HostConfig.deployDirectory Deploying web application directory [/mnt/c/Users/Emmanuel/OneDrive/Desktop/HKUST ACADEMICS/COMP4321/PROJECT/apache-tomcat-10.1.20/webapps/comp4321]
09-May-2024 02:08:07.910 INFO [main] org.apache.jasper.servlet.TldScanner.scanJars At least one JAR was scanned for TLDs yet contained no TLDs. Enable debug logging for this logger for a complete list of JARs that were scanned but no TLDs were found in them. Skipping unneeded JARs during scanning can improve startup time and JSP compilation time.
09-May-2024 02:08:08.003 INFO [main] org.apache.catalina.startup.HostConfig.deployDirectory Deployment of web application directory [/mnt/c/Users/Emmanuel/OneDrive/Desktop/HKUST ACADEMICS/COMP4321/PROJECT/apache-tomcat-10.1.20/webapps/comp4321] has finished in [1,959] ms
09-May-2024 02:08:08.004 INFO [main] org.apache.catalina.startup.HostConfig.deployDirectory Deploying web application directory [/mnt/c/Users/Emmanuel/OneDrive/Desktop/HKUST ACADEMICS/COMP4321/PROJECT/apache-tomcat-10.1.20/webapps/docs]
09-May-2024 02:08:08.239 INFO [main] org.apache.catalina.startup.HostConfig.deployDirectory Deployment of web application directory [/mnt/c/Users/Emmanuel/OneDrive/Desktop/HKUST ACADEMICS/COMP4321/PROJECT/apache-tomcat-10.1.20/webapps/docs] has finished in [234] ms
09-May-2024 02:08:08.240 INFO [main] org.apache.catalina.startup.HostConfig.deployDirectory Deploying web application directory [/mnt/c/Users/Emmanuel/OneDrive/Desktop/HKUST ACADEMICS/COMP4321/PROJECT/apache-tomcat-10.1.20/webapps/examples]
09-May-2024 02:08:10.667 SEVERE [main] org.apache.catalina.core.StandardContext.startInternal One or more listeners failed to start. Full details will be found in the appropriate container log file
09-May-2024 02:08:10.668 SEVERE [main] org.apache.catalina.core.StandardContext.startInternal Context [/examples] startup failed due to previous errors
09-May-2024 02:08:10.691 INFO [main] org.apache.catalina.startup.HostConfig.deployDirectory Deployment of web application directory [/mnt/c/Users/Emmanuel/OneDrive/Desktop/HKUST ACADEMICS/COMP4321/PROJECT/apache-tomcat-10.1.20/webapps/examples] has finished in [2,451] ms
09-May-2024 02:08:10.692 INFO [main] org.apache.catalina.startup.HostConfig.deployDirectory Deploying web application directory [/mnt/c/Users/Emmanuel/OneDrive/Desktop/HKUST ACADEMICS/COMP4321/PROJECT/apache-tomcat-10.1.20/webapps/host-manager]
09-May-2024 02:08:10.943 INFO [main] org.apache.catalina.startup.HostConfig.deployDirectory Deployment of web application directory [/mnt/c/Users/Emmanuel/OneDrive/Desktop/HKUST ACADEMICS/COMP4321/PROJECT/apache-tomcat-10.1.20/webapps/host-manager] has finished in [250] ms
09-May-2024 02:08:10.944 INFO [main] org.apache.catalina.startup.HostConfig.deployDirectory Deploying web application directory [/mnt/c/Users/Emmanuel/OneDrive/Desktop/HKUST ACADEMICS/COMP4321/PROJECT/apache-tomcat-10.1.20/webapps/manager]
09-May-2024 02:08:11.464 INFO [main] org.apache.catalina.startup.HostConfig.deployDirectory Deployment of web application directory [/mnt/c/Users/Emmanuel/OneDrive/Desktop/HKUST ACADEMICS/COMP4321/PROJECT/apache-tomcat-10.1.20/webapps/manager] has finished in [520] ms
09-May-2024 02:08:11.465 INFO [main] org.apache.catalina.startup.HostConfig.deployDirectory Deploying web application directory [/mnt/c/Users/Emmanuel/OneDrive/Desktop/HKUST ACADEMICS/COMP4321/PROJECT/apache-tomcat-10.1.20/webapps/ROOT]
09-May-2024 02:08:11.674 INFO [main] org.apache.catalina.startup.HostConfig.deployDirectory Deployment of web application directory [/mnt/c/Users/Emmanuel/OneDrive/Desktop/HKUST ACADEMICS/COMP4321/PROJECT/apache-tomcat-10.1.20/webapps/ROOT] has finished in [208] ms
09-May-2024 02:08:11.681 INFO [main] org.apache.coyote.AbstractProtocol.start Starting ProtocolHandler ["http-nio-8080"]
09-May-2024 02:08:11.696 INFO [main] org.apache.catalina.startup.Catalina.start Server startup in [5786] milliseconds
09-May-2024 02:13:30.497 INFO [main] org.apache.catalina.core.StandardServer.await A valid shutdown command was received via the shutdown port. Stopping the Server instance.
09-May-2024 02:13:30.498 INFO [main] org.apache.coyote.AbstractProtocol.pause Pausing ProtocolHandler ["http-nio-8080"]
09-May-2024 02:13:30.514 INFO [main] org.apache.catalina.core.StandardService.stopInternal Stopping service [Catalina]
09-May-2024 02:13:30.650 INFO [main] org.apache.coyote.AbstractProtocol.stop Stopping ProtocolHandler ["http-nio-8080"]
09-May-2024 02:13:30.654 INFO [main] org.apache.coyote.AbstractProtocol.destroy Destroying ProtocolHandler ["http-nio-8080"]
09-May-2024 02:13:38.383 INFO [main] org.apache.catalina.startup.VersionLoggerListener.log Server version name:   Apache Tomcat/10.1.20
09-May-2024 02:13:38.391 INFO [main] org.apache.catalina.startup.VersionLoggerListener.log Server built:          Mar 19 2024 12:49:58 UTC
09-May-2024 02:13:38.391 INFO [main] org.apache.catalina.startup.VersionLoggerListener.log Server version number: 10.1.20.0
09-May-2024 02:13:38.392 INFO [main] org.apache.catalina.startup.VersionLoggerListener.log OS Name:               Linux
09-May-2024 02:13:38.392 INFO [main] org.apache.catalina.startup.VersionLoggerListener.log OS Version:            5.15.133.1-microsoft-standard-WSL2
09-May-2024 02:13:38.393 INFO [main] org.apache.catalina.startup.VersionLoggerListener.log Architecture:          amd64
09-May-2024 02:13:38.393 INFO [main] org.apache.catalina.startup.VersionLoggerListener.log Java Home:             /usr/lib/jvm/java-19-openjdk-amd64
09-May-2024 02:13:38.394 INFO [main] org.apache.catalina.startup.VersionLoggerListener.log JVM Version:           19.0.2+7-Ubuntu-0ubuntu322.04
09-May-2024 02:13:38.394 INFO [main] org.apache.catalina.startup.VersionLoggerListener.log JVM Vendor:            Private Build
09-May-2024 02:13:38.395 INFO [main] org.apache.catalina.startup.VersionLoggerListener.log CATALINA_BASE:         /mnt/c/Users/Emmanuel/OneDrive/Desktop/HKUST ACADEMICS/COMP4321/PROJECT/apache-tomcat-10.1.20
09-May-2024 02:13:38.395 INFO [main] org.apache.catalina.startup.VersionLoggerListener.log CATALINA_HOME:         /mnt/c/Users/Emmanuel/OneDrive/Desktop/HKUST ACADEMICS/COMP4321/PROJECT/apache-tomcat-10.1.20
09-May-2024 02:13:38.406 INFO [main] org.apache.catalina.startup.VersionLoggerListener.log Command line argument: -Djava.util.logging.config.file=/mnt/c/Users/Emmanuel/OneDrive/Desktop/HKUST ACADEMICS/COMP4321/PROJECT/apache-tomcat-10.1.20/conf/logging.properties
09-May-2024 02:13:38.407 INFO [main] org.apache.catalina.startup.VersionLoggerListener.log Command line argument: -Djava.util.logging.manager=org.apache.juli.ClassLoaderLogManager
09-May-2024 02:13:38.408 INFO [main] org.apache.catalina.startup.VersionLoggerListener.log Command line argument: -Djdk.tls.ephemeralDHKeySize=2048
09-May-2024 02:13:38.408 INFO [main] org.apache.catalina.startup.VersionLoggerListener.log Command line argument: -Djava.protocol.handler.pkgs=org.apache.catalina.webresources
09-May-2024 02:13:38.409 INFO [main] org.apache.catalina.startup.VersionLoggerListener.log Command line argument: -Dorg.apache.catalina.security.SecurityListener.UMASK=0027
09-May-2024 02:13:38.409 INFO [main] org.apache.catalina.startup.VersionLoggerListener.log Command line argument: --add-opens=java.base/java.lang=ALL-UNNAMED
09-May-2024 02:13:38.410 INFO [main] org.apache.catalina.startup.VersionLoggerListener.log Command line argument: --add-opens=java.base/java.io=ALL-UNNAMED
09-May-2024 02:13:38.410 INFO [main] org.apache.catalina.startup.VersionLoggerListener.log Command line argument: --add-opens=java.base/java.util=ALL-UNNAMED
09-May-2024 02:13:38.410 INFO [main] org.apache.catalina.startup.VersionLoggerListener.log Command line argument: --add-opens=java.base/java.util.concurrent=ALL-UNNAMED
09-May-2024 02:13:38.411 INFO [main] org.apache.catalina.startup.VersionLoggerListener.log Command line argument: --add-opens=java.rmi/sun.rmi.transport=ALL-UNNAMED
09-May-2024 02:13:38.411 INFO [main] org.apache.catalina.startup.VersionLoggerListener.log Command line argument: -Dcatalina.base=/mnt/c/Users/Emmanuel/OneDrive/Desktop/HKUST ACADEMICS/COMP4321/PROJECT/apache-tomcat-10.1.20
09-May-2024 02:13:38.412 INFO [main] org.apache.catalina.startup.VersionLoggerListener.log Command line argument: -Dcatalina.home=/mnt/c/Users/Emmanuel/OneDrive/Desktop/HKUST ACADEMICS/COMP4321/PROJECT/apache-tomcat-10.1.20
09-May-2024 02:13:38.412 INFO [main] org.apache.catalina.startup.VersionLoggerListener.log Command line argument: -Djava.io.tmpdir=/mnt/c/Users/Emmanuel/OneDrive/Desktop/HKUST ACADEMICS/COMP4321/PROJECT/apache-tomcat-10.1.20/temp
09-May-2024 02:13:38.416 INFO [main] org.apache.catalina.core.AprLifecycleListener.lifecycleEvent The Apache Tomcat Native library which allows using OpenSSL was not found on the java.library.path: [/usr/java/packages/lib:/usr/lib/x86_64-linux-gnu/jni:/lib/x86_64-linux-gnu:/usr/lib/x86_64-linux-gnu:/usr/lib/jni:/lib:/usr/lib]
09-May-2024 02:13:38.813 INFO [main] org.apache.coyote.AbstractProtocol.init Initializing ProtocolHandler ["http-nio-8080"]
09-May-2024 02:13:38.841 INFO [main] org.apache.catalina.startup.Catalina.load Server initialization in [845] milliseconds
09-May-2024 02:13:38.914 INFO [main] org.apache.catalina.core.StandardService.startInternal Starting service [Catalina]
09-May-2024 02:13:38.914 INFO [main] org.apache.catalina.core.StandardEngine.startInternal Starting Servlet engine: [Apache Tomcat/10.1.20]
09-May-2024 02:13:38.942 INFO [main] org.apache.catalina.startup.HostConfig.deployDirectory Deploying web application directory [/mnt/c/Users/Emmanuel/OneDrive/Desktop/HKUST ACADEMICS/COMP4321/PROJECT/apache-tomcat-10.1.20/webapps/comp4321]
09-May-2024 02:13:39.837 INFO [main] org.apache.jasper.servlet.TldScanner.scanJars At least one JAR was scanned for TLDs yet contained no TLDs. Enable debug logging for this logger for a complete list of JARs that were scanned but no TLDs were found in them. Skipping unneeded JARs during scanning can improve startup time and JSP compilation time.
09-May-2024 02:13:39.921 INFO [main] org.apache.catalina.startup.HostConfig.deployDirectory Deployment of web application directory [/mnt/c/Users/Emmanuel/OneDrive/Desktop/HKUST ACADEMICS/COMP4321/PROJECT/apache-tomcat-10.1.20/webapps/comp4321] has finished in [979] ms
09-May-2024 02:13:39.922 INFO [main] org.apache.catalina.startup.HostConfig.deployDirectory Deploying web application directory [/mnt/c/Users/Emmanuel/OneDrive/Desktop/HKUST ACADEMICS/COMP4321/PROJECT/apache-tomcat-10.1.20/webapps/docs]
09-May-2024 02:13:40.124 INFO [main] org.apache.catalina.startup.HostConfig.deployDirectory Deployment of web application directory [/mnt/c/Users/Emmanuel/OneDrive/Desktop/HKUST ACADEMICS/COMP4321/PROJECT/apache-tomcat-10.1.20/webapps/docs] has finished in [202] ms
09-May-2024 02:13:40.126 INFO [main] org.apache.catalina.startup.HostConfig.deployDirectory Deploying web application directory [/mnt/c/Users/Emmanuel/OneDrive/Desktop/HKUST ACADEMICS/COMP4321/PROJECT/apache-tomcat-10.1.20/webapps/examples]
09-May-2024 02:13:42.309 SEVERE [main] org.apache.catalina.core.StandardContext.startInternal One or more listeners failed to start. Full details will be found in the appropriate container log file
09-May-2024 02:13:42.310 SEVERE [main] org.apache.catalina.core.StandardContext.startInternal Context [/examples] startup failed due to previous errors
09-May-2024 02:13:42.335 INFO [main] org.apache.catalina.startup.HostConfig.deployDirectory Deployment of web application directory [/mnt/c/Users/Emmanuel/OneDrive/Desktop/HKUST ACADEMICS/COMP4321/PROJECT/apache-tomcat-10.1.20/webapps/examples] has finished in [2,209] ms
09-May-2024 02:13:42.337 INFO [main] org.apache.catalina.startup.HostConfig.deployDirectory Deploying web application directory [/mnt/c/Users/Emmanuel/OneDrive/Desktop/HKUST ACADEMICS/COMP4321/PROJECT/apache-tomcat-10.1.20/webapps/host-manager]
09-May-2024 02:13:42.560 INFO [main] org.apache.catalina.startup.HostConfig.deployDirectory Deployment of web application directory [/mnt/c/Users/Emmanuel/OneDrive/Desktop/HKUST ACADEMICS/COMP4321/PROJECT/apache-tomcat-10.1.20/webapps/host-manager] has finished in [223] ms
09-May-2024 02:13:42.561 INFO [main] org.apache.catalina.startup.HostConfig.deployDirectory Deploying web application directory [/mnt/c/Users/Emmanuel/OneDrive/Desktop/HKUST ACADEMICS/COMP4321/PROJECT/apache-tomcat-10.1.20/webapps/manager]
09-May-2024 02:13:43.098 INFO [main] org.apache.catalina.startup.HostConfig.deployDirectory Deployment of web application directory [/mnt/c/Users/Emmanuel/OneDrive/Desktop/HKUST ACADEMICS/COMP4321/PROJECT/apache-tomcat-10.1.20/webapps/manager] has finished in [537] ms
09-May-2024 02:13:43.099 INFO [main] org.apache.catalina.startup.HostConfig.deployDirectory Deploying web application directory [/mnt/c/Users/Emmanuel/OneDrive/Desktop/HKUST ACADEMICS/COMP4321/PROJECT/apache-tomcat-10.1.20/webapps/ROOT]
09-May-2024 02:13:43.267 INFO [main] org.apache.catalina.startup.HostConfig.deployDirectory Deployment of web application directory [/mnt/c/Users/Emmanuel/OneDrive/Desktop/HKUST ACADEMICS/COMP4321/PROJECT/apache-tomcat-10.1.20/webapps/ROOT] has finished in [168] ms
09-May-2024 02:13:43.275 INFO [main] org.apache.coyote.AbstractProtocol.start Starting ProtocolHandler ["http-nio-8080"]
09-May-2024 02:13:43.288 INFO [main] org.apache.catalina.startup.Catalina.start Server startup in [4445] milliseconds
09-May-2024 02:39:41.571 INFO [main] org.apache.catalina.core.StandardServer.await A valid shutdown command was received via the shutdown port. Stopping the Server instance.
09-May-2024 02:39:41.572 INFO [main] org.apache.coyote.AbstractProtocol.pause Pausing ProtocolHandler ["http-nio-8080"]
09-May-2024 02:39:41.574 INFO [main] org.apache.catalina.core.StandardService.stopInternal Stopping service [Catalina]
09-May-2024 02:39:41.715 INFO [main] org.apache.coyote.AbstractProtocol.stop Stopping ProtocolHandler ["http-nio-8080"]
09-May-2024 02:39:41.720 INFO [main] org.apache.coyote.AbstractProtocol.destroy Destroying ProtocolHandler ["http-nio-8080"]
09-May-2024 02:39:43.595 INFO [main] org.apache.catalina.startup.VersionLoggerListener.log Server version name:   Apache Tomcat/10.1.20
09-May-2024 02:39:43.605 INFO [main] org.apache.catalina.startup.VersionLoggerListener.log Server built:          Mar 19 2024 12:49:58 UTC
09-May-2024 02:39:43.606 INFO [main] org.apache.catalina.startup.VersionLoggerListener.log Server version number: 10.1.20.0
09-May-2024 02:39:43.606 INFO [main] org.apache.catalina.startup.VersionLoggerListener.log OS Name:               Linux
09-May-2024 02:39:43.607 INFO [main] org.apache.catalina.startup.VersionLoggerListener.log OS Version:            5.15.133.1-microsoft-standard-WSL2
09-May-2024 02:39:43.607 INFO [main] org.apache.catalina.startup.VersionLoggerListener.log Architecture:          amd64
09-May-2024 02:39:43.608 INFO [main] org.apache.catalina.startup.VersionLoggerListener.log Java Home:             /usr/lib/jvm/java-19-openjdk-amd64
09-May-2024 02:39:43.609 INFO [main] org.apache.catalina.startup.VersionLoggerListener.log JVM Version:           19.0.2+7-Ubuntu-0ubuntu322.04
09-May-2024 02:39:43.609 INFO [main] org.apache.catalina.startup.VersionLoggerListener.log JVM Vendor:            Private Build
09-May-2024 02:39:43.610 INFO [main] org.apache.catalina.startup.VersionLoggerListener.log CATALINA_BASE:         /mnt/c/Users/Emmanuel/OneDrive/Desktop/HKUST ACADEMICS/COMP4321/PROJECT/apache-tomcat-10.1.20
09-May-2024 02:39:43.611 INFO [main] org.apache.catalina.startup.VersionLoggerListener.log CATALINA_HOME:         /mnt/c/Users/Emmanuel/OneDrive/Desktop/HKUST ACADEMICS/COMP4321/PROJECT/apache-tomcat-10.1.20
09-May-2024 02:39:43.625 INFO [main] org.apache.catalina.startup.VersionLoggerListener.log Command line argument: -Djava.util.logging.config.file=/mnt/c/Users/Emmanuel/OneDrive/Desktop/HKUST ACADEMICS/COMP4321/PROJECT/apache-tomcat-10.1.20/conf/logging.properties
09-May-2024 02:39:43.625 INFO [main] org.apache.catalina.startup.VersionLoggerListener.log Command line argument: -Djava.util.logging.manager=org.apache.juli.ClassLoaderLogManager
09-May-2024 02:39:43.626 INFO [main] org.apache.catalina.startup.VersionLoggerListener.log Command line argument: -Djdk.tls.ephemeralDHKeySize=2048
09-May-2024 02:39:43.626 INFO [main] org.apache.catalina.startup.VersionLoggerListener.log Command line argument: -Djava.protocol.handler.pkgs=org.apache.catalina.webresources
09-May-2024 02:39:43.627 INFO [main] org.apache.catalina.startup.VersionLoggerListener.log Command line argument: -Dorg.apache.catalina.security.SecurityListener.UMASK=0027
09-May-2024 02:39:43.627 INFO [main] org.apache.catalina.startup.VersionLoggerListener.log Command line argument: --add-opens=java.base/java.lang=ALL-UNNAMED
09-May-2024 02:39:43.628 INFO [main] org.apache.catalina.startup.VersionLoggerListener.log Command line argument: --add-opens=java.base/java.io=ALL-UNNAMED
09-May-2024 02:39:43.628 INFO [main] org.apache.catalina.startup.VersionLoggerListener.log Command line argument: --add-opens=java.base/java.util=ALL-UNNAMED
09-May-2024 02:39:43.629 INFO [main] org.apache.catalina.startup.VersionLoggerListener.log Command line argument: --add-opens=java.base/java.util.concurrent=ALL-UNNAMED
09-May-2024 02:39:43.629 INFO [main] org.apache.catalina.startup.VersionLoggerListener.log Command line argument: --add-opens=java.rmi/sun.rmi.transport=ALL-UNNAMED
09-May-2024 02:39:43.630 INFO [main] org.apache.catalina.startup.VersionLoggerListener.log Command line argument: -Dcatalina.base=/mnt/c/Users/Emmanuel/OneDrive/Desktop/HKUST ACADEMICS/COMP4321/PROJECT/apache-tomcat-10.1.20
09-May-2024 02:39:43.630 INFO [main] org.apache.catalina.startup.VersionLoggerListener.log Command line argument: -Dcatalina.home=/mnt/c/Users/Emmanuel/OneDrive/Desktop/HKUST ACADEMICS/COMP4321/PROJECT/apache-tomcat-10.1.20
09-May-2024 02:39:43.630 INFO [main] org.apache.catalina.startup.VersionLoggerListener.log Command line argument: -Djava.io.tmpdir=/mnt/c/Users/Emmanuel/OneDrive/Desktop/HKUST ACADEMICS/COMP4321/PROJECT/apache-tomcat-10.1.20/temp
09-May-2024 02:39:43.635 INFO [main] org.apache.catalina.core.AprLifecycleListener.lifecycleEvent The Apache Tomcat Native library which allows using OpenSSL was not found on the java.library.path: [/usr/java/packages/lib:/usr/lib/x86_64-linux-gnu/jni:/lib/x86_64-linux-gnu:/usr/lib/x86_64-linux-gnu:/usr/lib/jni:/lib:/usr/lib]
09-May-2024 02:39:44.113 INFO [main] org.apache.coyote.AbstractProtocol.init Initializing ProtocolHandler ["http-nio-8080"]
09-May-2024 02:39:44.143 INFO [main] org.apache.catalina.startup.Catalina.load Server initialization in [921] milliseconds
09-May-2024 02:39:44.222 INFO [main] org.apache.catalina.core.StandardService.startInternal Starting service [Catalina]
09-May-2024 02:39:44.223 INFO [main] org.apache.catalina.core.StandardEngine.startInternal Starting Servlet engine: [Apache Tomcat/10.1.20]
09-May-2024 02:39:44.253 INFO [main] org.apache.catalina.startup.HostConfig.deployDirectory Deploying web application directory [/mnt/c/Users/Emmanuel/OneDrive/Desktop/HKUST ACADEMICS/COMP4321/PROJECT/apache-tomcat-10.1.20/webapps/comp4321]
09-May-2024 02:39:46.235 INFO [main] org.apache.jasper.servlet.TldScanner.scanJars At least one JAR was scanned for TLDs yet contained no TLDs. Enable debug logging for this logger for a complete list of JARs that were scanned but no TLDs were found in them. Skipping unneeded JARs during scanning can improve startup time and JSP compilation time.
09-May-2024 02:39:46.323 INFO [main] org.apache.catalina.startup.HostConfig.deployDirectory Deployment of web application directory [/mnt/c/Users/Emmanuel/OneDrive/Desktop/HKUST ACADEMICS/COMP4321/PROJECT/apache-tomcat-10.1.20/webapps/comp4321] has finished in [2,070] ms
09-May-2024 02:39:46.324 INFO [main] org.apache.catalina.startup.HostConfig.deployDirectory Deploying web application directory [/mnt/c/Users/Emmanuel/OneDrive/Desktop/HKUST ACADEMICS/COMP4321/PROJECT/apache-tomcat-10.1.20/webapps/docs]
09-May-2024 02:39:46.541 INFO [main] org.apache.catalina.startup.HostConfig.deployDirectory Deployment of web application directory [/mnt/c/Users/Emmanuel/OneDrive/Desktop/HKUST ACADEMICS/COMP4321/PROJECT/apache-tomcat-10.1.20/webapps/docs] has finished in [217] ms
09-May-2024 02:39:46.543 INFO [main] org.apache.catalina.startup.HostConfig.deployDirectory Deploying web application directory [/mnt/c/Users/Emmanuel/OneDrive/Desktop/HKUST ACADEMICS/COMP4321/PROJECT/apache-tomcat-10.1.20/webapps/examples]
09-May-2024 02:39:48.800 SEVERE [main] org.apache.catalina.core.StandardContext.startInternal One or more listeners failed to start. Full details will be found in the appropriate container log file
09-May-2024 02:39:48.801 SEVERE [main] org.apache.catalina.core.StandardContext.startInternal Context [/examples] startup failed due to previous errors
09-May-2024 02:39:48.825 INFO [main] org.apache.catalina.startup.HostConfig.deployDirectory Deployment of web application directory [/mnt/c/Users/Emmanuel/OneDrive/Desktop/HKUST ACADEMICS/COMP4321/PROJECT/apache-tomcat-10.1.20/webapps/examples] has finished in [2,282] ms
09-May-2024 02:39:48.827 INFO [main] org.apache.catalina.startup.HostConfig.deployDirectory Deploying web application directory [/mnt/c/Users/Emmanuel/OneDrive/Desktop/HKUST ACADEMICS/COMP4321/PROJECT/apache-tomcat-10.1.20/webapps/host-manager]
09-May-2024 02:39:49.077 INFO [main] org.apache.catalina.startup.HostConfig.deployDirectory Deployment of web application directory [/mnt/c/Users/Emmanuel/OneDrive/Desktop/HKUST ACADEMICS/COMP4321/PROJECT/apache-tomcat-10.1.20/webapps/host-manager] has finished in [250] ms
09-May-2024 02:39:49.079 INFO [main] org.apache.catalina.startup.HostConfig.deployDirectory Deploying web application directory [/mnt/c/Users/Emmanuel/OneDrive/Desktop/HKUST ACADEMICS/COMP4321/PROJECT/apache-tomcat-10.1.20/webapps/manager]
09-May-2024 02:39:49.676 INFO [main] org.apache.catalina.startup.HostConfig.deployDirectory Deployment of web application directory [/mnt/c/Users/Emmanuel/OneDrive/Desktop/HKUST ACADEMICS/COMP4321/PROJECT/apache-tomcat-10.1.20/webapps/manager] has finished in [597] ms
09-May-2024 02:39:49.678 INFO [main] org.apache.catalina.startup.HostConfig.deployDirectory Deploying web application directory [/mnt/c/Users/Emmanuel/OneDrive/Desktop/HKUST ACADEMICS/COMP4321/PROJECT/apache-tomcat-10.1.20/webapps/ROOT]
09-May-2024 02:39:49.886 INFO [main] org.apache.catalina.startup.HostConfig.deployDirectory Deployment of web application directory [/mnt/c/Users/Emmanuel/OneDrive/Desktop/HKUST ACADEMICS/COMP4321/PROJECT/apache-tomcat-10.1.20/webapps/ROOT] has finished in [207] ms
09-May-2024 02:39:49.894 INFO [main] org.apache.coyote.AbstractProtocol.start Starting ProtocolHandler ["http-nio-8080"]
09-May-2024 02:39:49.908 INFO [main] org.apache.catalina.startup.Catalina.start Server startup in [5762] milliseconds
