05-May-2024 00:00:05.427 INFO [main] org.apache.catalina.core.ApplicationContext.log ContextListener: contextInitialized()
05-May-2024 00:00:05.427 INFO [main] org.apache.catalina.core.ApplicationContext.log SessionListener: contextInitialized()
05-May-2024 00:00:05.440 INFO [main] org.apache.catalina.core.ApplicationContext.log ContextListener: attributeAdded('StockTicker', 'async.Stockticker@73d69c0f')
05-May-2024 00:08:05.915 INFO [main] org.apache.catalina.core.ApplicationContext.log ContextListener: contextInitialized()
05-May-2024 00:08:05.916 INFO [main] org.apache.catalina.core.ApplicationContext.log SessionListener: contextInitialized()
05-May-2024 00:08:05.919 INFO [main] org.apache.catalina.core.ApplicationContext.log ContextListener: attributeAdded('StockTicker', 'async.Stockticker@1e6b9a95')
05-May-2024 00:08:06.072 INFO [main] org.apache.catalina.core.ApplicationContext.log SessionListener: contextDestroyed()
05-May-2024 00:08:06.072 INFO [main] org.apache.catalina.core.ApplicationContext.log ContextListener: contextDestroyed()
05-May-2024 00:08:11.722 INFO [main] org.apache.catalina.core.ApplicationContext.log ContextListener: contextInitialized()
05-May-2024 00:08:11.722 INFO [main] org.apache.catalina.core.ApplicationContext.log SessionListener: contextInitialized()
05-May-2024 00:08:11.725 INFO [main] org.apache.catalina.core.ApplicationContext.log ContextListener: attributeAdded('StockTicker', 'async.Stockticker@73d69c0f')
05-May-2024 00:16:04.577 INFO [main] org.apache.catalina.core.ApplicationContext.log ContextListener: contextInitialized()
05-May-2024 00:16:04.577 INFO [main] org.apache.catalina.core.ApplicationContext.log SessionListener: contextInitialized()
05-May-2024 00:16:04.580 INFO [main] org.apache.catalina.core.ApplicationContext.log ContextListener: attributeAdded('StockTicker', 'async.Stockticker@7a94b64e')
05-May-2024 00:29:35.997 SEVERE [http-nio-8080-exec-3] org.apache.catalina.core.StandardWrapperValve.invoke Servlet.service() for servlet [jsp] in context with path [/comp4321] threw exception [Unable to compile class for JSP: 

An error occurred at line: [21] in the generated java file: [C:\Users\phant\Desktop\NUS Stuff\Year 3\HKUST sem 2\Comp4321\project2\comp4321\apache-tomcat-10.1.20\work\Catalina\localhost\comp4321\org\apache\jsp\apis\getData_jsp.java]
Syntax error on token ".", delete this token

An error occurred at line: [22] in the jsp file: [/apis/getData.jsp]
SearchEngine cannot be resolved to a type
19:         out.print("{\"sortedPages\":[],\"pages\":{}}");
20:         return;
21:     }
22:     SearchEngine se = new SearchEngine();
23:     Vector<Pair> result = se.query(input);
24:     for (Pair p : result) {
25:         out.println(p.get)


An error occurred at line: [22] in the jsp file: [/apis/getData.jsp]
SearchEngine cannot be resolved to a type
19:         out.print("{\"sortedPages\":[],\"pages\":{}}");
20:         return;
21:     }
22:     SearchEngine se = new SearchEngine();
23:     Vector<Pair> result = se.query(input);
24:     for (Pair p : result) {
25:         out.println(p.get)


An error occurred at line: [23] in the jsp file: [/apis/getData.jsp]
Pair cannot be resolved to a type
20:         return;
21:     }
22:     SearchEngine se = new SearchEngine();
23:     Vector<Pair> result = se.query(input);
24:     for (Pair p : result) {
25:         out.println(p.get)
26:         


An error occurred at line: [24] in the jsp file: [/apis/getData.jsp]
Pair cannot be resolved to a type
21:     }
22:     SearchEngine se = new SearchEngine();
23:     Vector<Pair> result = se.query(input);
24:     for (Pair p : result) {
25:         out.println(p.get)
26:         
27:     }


An error occurred at line: [25] in the jsp file: [/apis/getData.jsp]
Syntax error, insert ";" to complete BlockStatements
22:     SearchEngine se = new SearchEngine();
23:     Vector<Pair> result = se.query(input);
24:     for (Pair p : result) {
25:         out.println(p.get)
26:         
27:     }
28: %>


Stacktrace:] with root cause
	org.apache.jasper.JasperException: Unable to compile class for JSP: 

An error occurred at line: [21] in the generated java file: [C:\Users\phant\Desktop\NUS Stuff\Year 3\HKUST sem 2\Comp4321\project2\comp4321\apache-tomcat-10.1.20\work\Catalina\localhost\comp4321\org\apache\jsp\apis\getData_jsp.java]
Syntax error on token ".", delete this token

An error occurred at line: [22] in the jsp file: [/apis/getData.jsp]
SearchEngine cannot be resolved to a type
19:         out.print("{\"sortedPages\":[],\"pages\":{}}");
20:         return;
21:     }
22:     SearchEngine se = new SearchEngine();
23:     Vector<Pair> result = se.query(input);
24:     for (Pair p : result) {
25:         out.println(p.get)


An error occurred at line: [22] in the jsp file: [/apis/getData.jsp]
SearchEngine cannot be resolved to a type
19:         out.print("{\"sortedPages\":[],\"pages\":{}}");
20:         return;
21:     }
22:     SearchEngine se = new SearchEngine();
23:     Vector<Pair> result = se.query(input);
24:     for (Pair p : result) {
25:         out.println(p.get)


An error occurred at line: [23] in the jsp file: [/apis/getData.jsp]
Pair cannot be resolved to a type
20:         return;
21:     }
22:     SearchEngine se = new SearchEngine();
23:     Vector<Pair> result = se.query(input);
24:     for (Pair p : result) {
25:         out.println(p.get)
26:         


An error occurred at line: [24] in the jsp file: [/apis/getData.jsp]
Pair cannot be resolved to a type
21:     }
22:     SearchEngine se = new SearchEngine();
23:     Vector<Pair> result = se.query(input);
24:     for (Pair p : result) {
25:         out.println(p.get)
26:         
27:     }


An error occurred at line: [25] in the jsp file: [/apis/getData.jsp]
Syntax error, insert ";" to complete BlockStatements
22:     SearchEngine se = new SearchEngine();
23:     Vector<Pair> result = se.query(input);
24:     for (Pair p : result) {
25:         out.println(p.get)
26:         
27:     }
28: %>


Stacktrace:
		at org.apache.jasper.compiler.DefaultErrorHandler.javacError(DefaultErrorHandler.java:102)
		at org.apache.jasper.compiler.ErrorDispatcher.javacError(ErrorDispatcher.java:214)
		at org.apache.jasper.compiler.JDTCompiler.generateClass(JDTCompiler.java:524)
		at org.apache.jasper.compiler.Compiler.compile(Compiler.java:402)
		at org.apache.jasper.compiler.Compiler.compile(Compiler.java:372)
		at org.apache.jasper.compiler.Compiler.compile(Compiler.java:356)
		at org.apache.jasper.JspCompilationContext.compile(JspCompilationContext.java:603)
		at org.apache.jasper.servlet.JspServletWrapper.service(JspServletWrapper.java:396)
		at org.apache.jasper.servlet.JspServlet.serviceJspFile(JspServlet.java:380)
		at org.apache.jasper.servlet.JspServlet.service(JspServlet.java:328)
		at jakarta.servlet.http.HttpServlet.service(HttpServlet.java:658)
		at org.apache.catalina.core.ApplicationFilterChain.internalDoFilter(ApplicationFilterChain.java:206)
		at org.apache.catalina.core.ApplicationFilterChain.doFilter(ApplicationFilterChain.java:150)
		at org.apache.tomcat.websocket.server.WsFilter.doFilter(WsFilter.java:51)
		at org.apache.catalina.core.ApplicationFilterChain.internalDoFilter(ApplicationFilterChain.java:175)
		at org.apache.catalina.core.ApplicationFilterChain.doFilter(ApplicationFilterChain.java:150)
		at org.apache.catalina.core.StandardWrapperValve.invoke(StandardWrapperValve.java:167)
		at org.apache.catalina.core.StandardContextValve.invoke(StandardContextValve.java:90)
		at org.apache.catalina.authenticator.AuthenticatorBase.invoke(AuthenticatorBase.java:482)
		at org.apache.catalina.core.StandardHostValve.invoke(StandardHostValve.java:115)
		at org.apache.catalina.valves.ErrorReportValve.invoke(ErrorReportValve.java:93)
		at org.apache.catalina.valves.AbstractAccessLogValve.invoke(AbstractAccessLogValve.java:673)
		at org.apache.catalina.core.StandardEngineValve.invoke(StandardEngineValve.java:74)
		at org.apache.catalina.connector.CoyoteAdapter.service(CoyoteAdapter.java:344)
		at org.apache.coyote.http11.Http11Processor.service(Http11Processor.java:391)
		at org.apache.coyote.AbstractProcessorLight.process(AbstractProcessorLight.java:63)
		at org.apache.coyote.AbstractProtocol$ConnectionHandler.process(AbstractProtocol.java:896)
		at org.apache.tomcat.util.net.NioEndpoint$SocketProcessor.doRun(NioEndpoint.java:1736)
		at org.apache.tomcat.util.net.SocketProcessorBase.run(SocketProcessorBase.java:52)
		at org.apache.tomcat.util.threads.ThreadPoolExecutor.runWorker(ThreadPoolExecutor.java:1191)
		at org.apache.tomcat.util.threads.ThreadPoolExecutor$Worker.run(ThreadPoolExecutor.java:659)
		at org.apache.tomcat.util.threads.TaskThread$WrappingRunnable.run(TaskThread.java:63)
		at java.base/java.lang.Thread.run(Thread.java:834)
05-May-2024 00:37:46.268 SEVERE [http-nio-8080-exec-9] org.apache.catalina.core.StandardWrapperValve.invoke Servlet.service() for servlet [jsp] in context with path [/comp4321] threw exception [Unable to compile class for JSP: 

An error occurred at line: [21] in the generated java file: [C:\Users\phant\Desktop\NUS Stuff\Year 3\HKUST sem 2\Comp4321\project2\comp4321\apache-tomcat-10.1.20\work\Catalina\localhost\comp4321\org\apache\jsp\apis\getData_jsp.java]
Syntax error on token ".", delete this token

An error occurred at line: [22] in the jsp file: [/apis/getData.jsp]
SearchEngine cannot be resolved to a type
19:         out.print("{\"sortedPages\":[],\"pages\":{}}");
20:         return;
21:     }
22:     SearchEngine se = new SearchEngine();
23:     Vector<Pair> result = se.query(input);
24:     for (Pair p : result) {
25:         out.println(p.get)


An error occurred at line: [22] in the jsp file: [/apis/getData.jsp]
SearchEngine cannot be resolved to a type
19:         out.print("{\"sortedPages\":[],\"pages\":{}}");
20:         return;
21:     }
22:     SearchEngine se = new SearchEngine();
23:     Vector<Pair> result = se.query(input);
24:     for (Pair p : result) {
25:         out.println(p.get)


An error occurred at line: [23] in the jsp file: [/apis/getData.jsp]
Pair cannot be resolved to a type
20:         return;
21:     }
22:     SearchEngine se = new SearchEngine();
23:     Vector<Pair> result = se.query(input);
24:     for (Pair p : result) {
25:         out.println(p.get)
26:         


An error occurred at line: [24] in the jsp file: [/apis/getData.jsp]
Pair cannot be resolved to a type
21:     }
22:     SearchEngine se = new SearchEngine();
23:     Vector<Pair> result = se.query(input);
24:     for (Pair p : result) {
25:         out.println(p.get)
26:         
27:     }


An error occurred at line: [25] in the jsp file: [/apis/getData.jsp]
Syntax error, insert ";" to complete BlockStatements
22:     SearchEngine se = new SearchEngine();
23:     Vector<Pair> result = se.query(input);
24:     for (Pair p : result) {
25:         out.println(p.get)
26:         
27:     }
28: %>


Stacktrace:] with root cause
	org.apache.jasper.JasperException: Unable to compile class for JSP: 

An error occurred at line: [21] in the generated java file: [C:\Users\phant\Desktop\NUS Stuff\Year 3\HKUST sem 2\Comp4321\project2\comp4321\apache-tomcat-10.1.20\work\Catalina\localhost\comp4321\org\apache\jsp\apis\getData_jsp.java]
Syntax error on token ".", delete this token

An error occurred at line: [22] in the jsp file: [/apis/getData.jsp]
SearchEngine cannot be resolved to a type
19:         out.print("{\"sortedPages\":[],\"pages\":{}}");
20:         return;
21:     }
22:     SearchEngine se = new SearchEngine();
23:     Vector<Pair> result = se.query(input);
24:     for (Pair p : result) {
25:         out.println(p.get)


An error occurred at line: [22] in the jsp file: [/apis/getData.jsp]
SearchEngine cannot be resolved to a type
19:         out.print("{\"sortedPages\":[],\"pages\":{}}");
20:         return;
21:     }
22:     SearchEngine se = new SearchEngine();
23:     Vector<Pair> result = se.query(input);
24:     for (Pair p : result) {
25:         out.println(p.get)


An error occurred at line: [23] in the jsp file: [/apis/getData.jsp]
Pair cannot be resolved to a type
20:         return;
21:     }
22:     SearchEngine se = new SearchEngine();
23:     Vector<Pair> result = se.query(input);
24:     for (Pair p : result) {
25:         out.println(p.get)
26:         


An error occurred at line: [24] in the jsp file: [/apis/getData.jsp]
Pair cannot be resolved to a type
21:     }
22:     SearchEngine se = new SearchEngine();
23:     Vector<Pair> result = se.query(input);
24:     for (Pair p : result) {
25:         out.println(p.get)
26:         
27:     }


An error occurred at line: [25] in the jsp file: [/apis/getData.jsp]
Syntax error, insert ";" to complete BlockStatements
22:     SearchEngine se = new SearchEngine();
23:     Vector<Pair> result = se.query(input);
24:     for (Pair p : result) {
25:         out.println(p.get)
26:         
27:     }
28: %>


Stacktrace:
		at org.apache.jasper.compiler.DefaultErrorHandler.javacError(DefaultErrorHandler.java:102)
		at org.apache.jasper.compiler.ErrorDispatcher.javacError(ErrorDispatcher.java:214)
		at org.apache.jasper.compiler.JDTCompiler.generateClass(JDTCompiler.java:524)
		at org.apache.jasper.compiler.Compiler.compile(Compiler.java:402)
		at org.apache.jasper.compiler.Compiler.compile(Compiler.java:372)
		at org.apache.jasper.compiler.Compiler.compile(Compiler.java:356)
		at org.apache.jasper.JspCompilationContext.compile(JspCompilationContext.java:603)
		at org.apache.jasper.servlet.JspServletWrapper.service(JspServletWrapper.java:396)
		at org.apache.jasper.servlet.JspServlet.serviceJspFile(JspServlet.java:380)
		at org.apache.jasper.servlet.JspServlet.service(JspServlet.java:328)
		at jakarta.servlet.http.HttpServlet.service(HttpServlet.java:658)
		at org.apache.catalina.core.ApplicationFilterChain.internalDoFilter(ApplicationFilterChain.java:206)
		at org.apache.catalina.core.ApplicationFilterChain.doFilter(ApplicationFilterChain.java:150)
		at org.apache.tomcat.websocket.server.WsFilter.doFilter(WsFilter.java:51)
		at org.apache.catalina.core.ApplicationFilterChain.internalDoFilter(ApplicationFilterChain.java:175)
		at org.apache.catalina.core.ApplicationFilterChain.doFilter(ApplicationFilterChain.java:150)
		at org.apache.catalina.core.StandardWrapperValve.invoke(StandardWrapperValve.java:167)
		at org.apache.catalina.core.StandardContextValve.invoke(StandardContextValve.java:90)
		at org.apache.catalina.authenticator.AuthenticatorBase.invoke(AuthenticatorBase.java:482)
		at org.apache.catalina.core.StandardHostValve.invoke(StandardHostValve.java:115)
		at org.apache.catalina.valves.ErrorReportValve.invoke(ErrorReportValve.java:93)
		at org.apache.catalina.valves.AbstractAccessLogValve.invoke(AbstractAccessLogValve.java:673)
		at org.apache.catalina.core.StandardEngineValve.invoke(StandardEngineValve.java:74)
		at org.apache.catalina.connector.CoyoteAdapter.service(CoyoteAdapter.java:344)
		at org.apache.coyote.http11.Http11Processor.service(Http11Processor.java:391)
		at org.apache.coyote.AbstractProcessorLight.process(AbstractProcessorLight.java:63)
		at org.apache.coyote.AbstractProtocol$ConnectionHandler.process(AbstractProtocol.java:896)
		at org.apache.tomcat.util.net.NioEndpoint$SocketProcessor.doRun(NioEndpoint.java:1736)
		at org.apache.tomcat.util.net.SocketProcessorBase.run(SocketProcessorBase.java:52)
		at org.apache.tomcat.util.threads.ThreadPoolExecutor.runWorker(ThreadPoolExecutor.java:1191)
		at org.apache.tomcat.util.threads.ThreadPoolExecutor$Worker.run(ThreadPoolExecutor.java:659)
		at org.apache.tomcat.util.threads.TaskThread$WrappingRunnable.run(TaskThread.java:63)
		at java.base/java.lang.Thread.run(Thread.java:834)
05-May-2024 00:39:05.285 SEVERE [http-nio-8080-exec-1] org.apache.catalina.core.StandardWrapperValve.invoke Servlet.service() for servlet [jsp] in context with path [/comp4321] threw exception [/apis/getData.jsp (line: [12], column: [7]) Unterminated [&lt;%@ page] tag] with root cause
	org.apache.jasper.JasperException: /apis/getData.jsp (line: [12], column: [7]) Unterminated [&lt;%@ page] tag
		at org.apache.jasper.compiler.DefaultErrorHandler.jspError(DefaultErrorHandler.java:41)
		at org.apache.jasper.compiler.ErrorDispatcher.dispatch(ErrorDispatcher.java:299)
		at org.apache.jasper.compiler.ErrorDispatcher.jspError(ErrorDispatcher.java:99)
		at org.apache.jasper.compiler.Parser.parseDirective(Parser.java:515)
		at org.apache.jasper.compiler.Parser.parseFileDirectives(Parser.java:1796)
		at org.apache.jasper.compiler.Parser.parse(Parser.java:135)
		at org.apache.jasper.compiler.ParserController.doParse(ParserController.java:245)
		at org.apache.jasper.compiler.ParserController.parseDirectives(ParserController.java:128)
		at org.apache.jasper.compiler.Compiler.generateJava(Compiler.java:207)
		at org.apache.jasper.compiler.Compiler.compile(Compiler.java:396)
		at org.apache.jasper.compiler.Compiler.compile(Compiler.java:372)
		at org.apache.jasper.compiler.Compiler.compile(Compiler.java:356)
		at org.apache.jasper.JspCompilationContext.compile(JspCompilationContext.java:603)
		at org.apache.jasper.servlet.JspServletWrapper.service(JspServletWrapper.java:396)
		at org.apache.jasper.servlet.JspServlet.serviceJspFile(JspServlet.java:380)
		at org.apache.jasper.servlet.JspServlet.service(JspServlet.java:328)
		at jakarta.servlet.http.HttpServlet.service(HttpServlet.java:658)
		at org.apache.catalina.core.ApplicationFilterChain.internalDoFilter(ApplicationFilterChain.java:206)
		at org.apache.catalina.core.ApplicationFilterChain.doFilter(ApplicationFilterChain.java:150)
		at org.apache.tomcat.websocket.server.WsFilter.doFilter(WsFilter.java:51)
		at org.apache.catalina.core.ApplicationFilterChain.internalDoFilter(ApplicationFilterChain.java:175)
		at org.apache.catalina.core.ApplicationFilterChain.doFilter(ApplicationFilterChain.java:150)
		at org.apache.catalina.core.StandardWrapperValve.invoke(StandardWrapperValve.java:167)
		at org.apache.catalina.core.StandardContextValve.invoke(StandardContextValve.java:90)
		at org.apache.catalina.authenticator.AuthenticatorBase.invoke(AuthenticatorBase.java:482)
		at org.apache.catalina.core.StandardHostValve.invoke(StandardHostValve.java:115)
		at org.apache.catalina.valves.ErrorReportValve.invoke(ErrorReportValve.java:93)
		at org.apache.catalina.valves.AbstractAccessLogValve.invoke(AbstractAccessLogValve.java:673)
		at org.apache.catalina.core.StandardEngineValve.invoke(StandardEngineValve.java:74)
		at org.apache.catalina.connector.CoyoteAdapter.service(CoyoteAdapter.java:344)
		at org.apache.coyote.http11.Http11Processor.service(Http11Processor.java:391)
		at org.apache.coyote.AbstractProcessorLight.process(AbstractProcessorLight.java:63)
		at org.apache.coyote.AbstractProtocol$ConnectionHandler.process(AbstractProtocol.java:896)
		at org.apache.tomcat.util.net.NioEndpoint$SocketProcessor.doRun(NioEndpoint.java:1736)
		at org.apache.tomcat.util.net.SocketProcessorBase.run(SocketProcessorBase.java:52)
		at org.apache.tomcat.util.threads.ThreadPoolExecutor.runWorker(ThreadPoolExecutor.java:1191)
		at org.apache.tomcat.util.threads.ThreadPoolExecutor$Worker.run(ThreadPoolExecutor.java:659)
		at org.apache.tomcat.util.threads.TaskThread$WrappingRunnable.run(TaskThread.java:63)
		at java.base/java.lang.Thread.run(Thread.java:834)
05-May-2024 00:45:22.394 SEVERE [http-nio-8080-exec-6] org.apache.catalina.core.StandardWrapperValve.invoke Servlet.service() for servlet [jsp] in context with path [/comp4321] threw exception [/apis/getData.jsp (line: [12], column: [7]) Unterminated [&lt;%@ page] tag] with root cause
	org.apache.jasper.JasperException: /apis/getData.jsp (line: [12], column: [7]) Unterminated [&lt;%@ page] tag
		at org.apache.jasper.compiler.DefaultErrorHandler.jspError(DefaultErrorHandler.java:41)
		at org.apache.jasper.compiler.ErrorDispatcher.dispatch(ErrorDispatcher.java:299)
		at org.apache.jasper.compiler.ErrorDispatcher.jspError(ErrorDispatcher.java:99)
		at org.apache.jasper.compiler.Parser.parseDirective(Parser.java:515)
		at org.apache.jasper.compiler.Parser.parseFileDirectives(Parser.java:1796)
		at org.apache.jasper.compiler.Parser.parse(Parser.java:135)
		at org.apache.jasper.compiler.ParserController.doParse(ParserController.java:245)
		at org.apache.jasper.compiler.ParserController.parseDirectives(ParserController.java:128)
		at org.apache.jasper.compiler.Compiler.generateJava(Compiler.java:207)
		at org.apache.jasper.compiler.Compiler.compile(Compiler.java:396)
		at org.apache.jasper.compiler.Compiler.compile(Compiler.java:372)
		at org.apache.jasper.compiler.Compiler.compile(Compiler.java:356)
		at org.apache.jasper.JspCompilationContext.compile(JspCompilationContext.java:603)
		at org.apache.jasper.servlet.JspServletWrapper.service(JspServletWrapper.java:396)
		at org.apache.jasper.servlet.JspServlet.serviceJspFile(JspServlet.java:380)
		at org.apache.jasper.servlet.JspServlet.service(JspServlet.java:328)
		at jakarta.servlet.http.HttpServlet.service(HttpServlet.java:658)
		at org.apache.catalina.core.ApplicationFilterChain.internalDoFilter(ApplicationFilterChain.java:206)
		at org.apache.catalina.core.ApplicationFilterChain.doFilter(ApplicationFilterChain.java:150)
		at org.apache.tomcat.websocket.server.WsFilter.doFilter(WsFilter.java:51)
		at org.apache.catalina.core.ApplicationFilterChain.internalDoFilter(ApplicationFilterChain.java:175)
		at org.apache.catalina.core.ApplicationFilterChain.doFilter(ApplicationFilterChain.java:150)
		at org.apache.catalina.core.StandardWrapperValve.invoke(StandardWrapperValve.java:167)
		at org.apache.catalina.core.StandardContextValve.invoke(StandardContextValve.java:90)
		at org.apache.catalina.authenticator.AuthenticatorBase.invoke(AuthenticatorBase.java:482)
		at org.apache.catalina.core.StandardHostValve.invoke(StandardHostValve.java:115)
		at org.apache.catalina.valves.ErrorReportValve.invoke(ErrorReportValve.java:93)
		at org.apache.catalina.valves.AbstractAccessLogValve.invoke(AbstractAccessLogValve.java:673)
		at org.apache.catalina.core.StandardEngineValve.invoke(StandardEngineValve.java:74)
		at org.apache.catalina.connector.CoyoteAdapter.service(CoyoteAdapter.java:344)
		at org.apache.coyote.http11.Http11Processor.service(Http11Processor.java:391)
		at org.apache.coyote.AbstractProcessorLight.process(AbstractProcessorLight.java:63)
		at org.apache.coyote.AbstractProtocol$ConnectionHandler.process(AbstractProtocol.java:896)
		at org.apache.tomcat.util.net.NioEndpoint$SocketProcessor.doRun(NioEndpoint.java:1736)
		at org.apache.tomcat.util.net.SocketProcessorBase.run(SocketProcessorBase.java:52)
		at org.apache.tomcat.util.threads.ThreadPoolExecutor.runWorker(ThreadPoolExecutor.java:1191)
		at org.apache.tomcat.util.threads.ThreadPoolExecutor$Worker.run(ThreadPoolExecutor.java:659)
		at org.apache.tomcat.util.threads.TaskThread$WrappingRunnable.run(TaskThread.java:63)
		at java.base/java.lang.Thread.run(Thread.java:834)
05-May-2024 00:45:41.842 SEVERE [http-nio-8080-exec-5] org.apache.catalina.core.StandardWrapperValve.invoke Servlet.service() for servlet [jsp] in context with path [/comp4321] threw exception [Unable to compile class for JSP: 

An error occurred at line: [22] in the jsp file: [/apis/getData.jsp]
SearchEngine cannot be resolved to a type
19:         out.print("{\"sortedPages\":[],\"pages\":{}}");
20:         return;
21:     }
22:     SearchEngine se = new SearchEngine();
23:     Vector<Pair> result = se.query(input);
24:     for (Pair p : result) {
25:         out.println(p.get)


An error occurred at line: [22] in the jsp file: [/apis/getData.jsp]
SearchEngine cannot be resolved to a type
19:         out.print("{\"sortedPages\":[],\"pages\":{}}");
20:         return;
21:     }
22:     SearchEngine se = new SearchEngine();
23:     Vector<Pair> result = se.query(input);
24:     for (Pair p : result) {
25:         out.println(p.get)


An error occurred at line: [23] in the jsp file: [/apis/getData.jsp]
Pair cannot be resolved to a type
20:         return;
21:     }
22:     SearchEngine se = new SearchEngine();
23:     Vector<Pair> result = se.query(input);
24:     for (Pair p : result) {
25:         out.println(p.get)
26:         


An error occurred at line: [24] in the jsp file: [/apis/getData.jsp]
Pair cannot be resolved to a type
21:     }
22:     SearchEngine se = new SearchEngine();
23:     Vector<Pair> result = se.query(input);
24:     for (Pair p : result) {
25:         out.println(p.get)
26:         
27:     }


An error occurred at line: [25] in the jsp file: [/apis/getData.jsp]
Syntax error, insert ";" to complete BlockStatements
22:     SearchEngine se = new SearchEngine();
23:     Vector<Pair> result = se.query(input);
24:     for (Pair p : result) {
25:         out.println(p.get)
26:         
27:     }
28: %>


Stacktrace:] with root cause
	org.apache.jasper.JasperException: Unable to compile class for JSP: 

An error occurred at line: [22] in the jsp file: [/apis/getData.jsp]
SearchEngine cannot be resolved to a type
19:         out.print("{\"sortedPages\":[],\"pages\":{}}");
20:         return;
21:     }
22:     SearchEngine se = new SearchEngine();
23:     Vector<Pair> result = se.query(input);
24:     for (Pair p : result) {
25:         out.println(p.get)


An error occurred at line: [22] in the jsp file: [/apis/getData.jsp]
SearchEngine cannot be resolved to a type
19:         out.print("{\"sortedPages\":[],\"pages\":{}}");
20:         return;
21:     }
22:     SearchEngine se = new SearchEngine();
23:     Vector<Pair> result = se.query(input);
24:     for (Pair p : result) {
25:         out.println(p.get)


An error occurred at line: [23] in the jsp file: [/apis/getData.jsp]
Pair cannot be resolved to a type
20:         return;
21:     }
22:     SearchEngine se = new SearchEngine();
23:     Vector<Pair> result = se.query(input);
24:     for (Pair p : result) {
25:         out.println(p.get)
26:         


An error occurred at line: [24] in the jsp file: [/apis/getData.jsp]
Pair cannot be resolved to a type
21:     }
22:     SearchEngine se = new SearchEngine();
23:     Vector<Pair> result = se.query(input);
24:     for (Pair p : result) {
25:         out.println(p.get)
26:         
27:     }


An error occurred at line: [25] in the jsp file: [/apis/getData.jsp]
Syntax error, insert ";" to complete BlockStatements
22:     SearchEngine se = new SearchEngine();
23:     Vector<Pair> result = se.query(input);
24:     for (Pair p : result) {
25:         out.println(p.get)
26:         
27:     }
28: %>


Stacktrace:
		at org.apache.jasper.compiler.DefaultErrorHandler.javacError(DefaultErrorHandler.java:102)
		at org.apache.jasper.compiler.ErrorDispatcher.javacError(ErrorDispatcher.java:214)
		at org.apache.jasper.compiler.JDTCompiler.generateClass(JDTCompiler.java:524)
		at org.apache.jasper.compiler.Compiler.compile(Compiler.java:402)
		at org.apache.jasper.compiler.Compiler.compile(Compiler.java:372)
		at org.apache.jasper.compiler.Compiler.compile(Compiler.java:356)
		at org.apache.jasper.JspCompilationContext.compile(JspCompilationContext.java:603)
		at org.apache.jasper.servlet.JspServletWrapper.service(JspServletWrapper.java:396)
		at org.apache.jasper.servlet.JspServlet.serviceJspFile(JspServlet.java:380)
		at org.apache.jasper.servlet.JspServlet.service(JspServlet.java:328)
		at jakarta.servlet.http.HttpServlet.service(HttpServlet.java:658)
		at org.apache.catalina.core.ApplicationFilterChain.internalDoFilter(ApplicationFilterChain.java:206)
		at org.apache.catalina.core.ApplicationFilterChain.doFilter(ApplicationFilterChain.java:150)
		at org.apache.tomcat.websocket.server.WsFilter.doFilter(WsFilter.java:51)
		at org.apache.catalina.core.ApplicationFilterChain.internalDoFilter(ApplicationFilterChain.java:175)
		at org.apache.catalina.core.ApplicationFilterChain.doFilter(ApplicationFilterChain.java:150)
		at org.apache.catalina.core.StandardWrapperValve.invoke(StandardWrapperValve.java:167)
		at org.apache.catalina.core.StandardContextValve.invoke(StandardContextValve.java:90)
		at org.apache.catalina.authenticator.AuthenticatorBase.invoke(AuthenticatorBase.java:482)
		at org.apache.catalina.core.StandardHostValve.invoke(StandardHostValve.java:115)
		at org.apache.catalina.valves.ErrorReportValve.invoke(ErrorReportValve.java:93)
		at org.apache.catalina.valves.AbstractAccessLogValve.invoke(AbstractAccessLogValve.java:673)
		at org.apache.catalina.core.StandardEngineValve.invoke(StandardEngineValve.java:74)
		at org.apache.catalina.connector.CoyoteAdapter.service(CoyoteAdapter.java:344)
		at org.apache.coyote.http11.Http11Processor.service(Http11Processor.java:391)
		at org.apache.coyote.AbstractProcessorLight.process(AbstractProcessorLight.java:63)
		at org.apache.coyote.AbstractProtocol$ConnectionHandler.process(AbstractProtocol.java:896)
		at org.apache.tomcat.util.net.NioEndpoint$SocketProcessor.doRun(NioEndpoint.java:1736)
		at org.apache.tomcat.util.net.SocketProcessorBase.run(SocketProcessorBase.java:52)
		at org.apache.tomcat.util.threads.ThreadPoolExecutor.runWorker(ThreadPoolExecutor.java:1191)
		at org.apache.tomcat.util.threads.ThreadPoolExecutor$Worker.run(ThreadPoolExecutor.java:659)
		at org.apache.tomcat.util.threads.TaskThread$WrappingRunnable.run(TaskThread.java:63)
		at java.base/java.lang.Thread.run(Thread.java:834)
05-May-2024 00:45:54.625 SEVERE [http-nio-8080-exec-3] org.apache.catalina.core.StandardWrapperValve.invoke Servlet.service() for servlet [jsp] in context with path [/comp4321] threw exception [Unable to compile class for JSP: 

An error occurred at line: [22] in the jsp file: [/apis/getData.jsp]
SearchEngine cannot be resolved to a type
19:         out.print("{\"sortedPages\":[],\"pages\":{}}");
20:         return;
21:     }
22:     SearchEngine se = new SearchEngine();
23:     Vector<Pair> result = se.query(input);
24:     for (Pair p : result) {
25:         out.println(p.get)


An error occurred at line: [22] in the jsp file: [/apis/getData.jsp]
SearchEngine cannot be resolved to a type
19:         out.print("{\"sortedPages\":[],\"pages\":{}}");
20:         return;
21:     }
22:     SearchEngine se = new SearchEngine();
23:     Vector<Pair> result = se.query(input);
24:     for (Pair p : result) {
25:         out.println(p.get)


An error occurred at line: [23] in the jsp file: [/apis/getData.jsp]
Pair cannot be resolved to a type
20:         return;
21:     }
22:     SearchEngine se = new SearchEngine();
23:     Vector<Pair> result = se.query(input);
24:     for (Pair p : result) {
25:         out.println(p.get)
26:         


An error occurred at line: [24] in the jsp file: [/apis/getData.jsp]
Pair cannot be resolved to a type
21:     }
22:     SearchEngine se = new SearchEngine();
23:     Vector<Pair> result = se.query(input);
24:     for (Pair p : result) {
25:         out.println(p.get)
26:         
27:     }


An error occurred at line: [25] in the jsp file: [/apis/getData.jsp]
Syntax error, insert ";" to complete BlockStatements
22:     SearchEngine se = new SearchEngine();
23:     Vector<Pair> result = se.query(input);
24:     for (Pair p : result) {
25:         out.println(p.get)
26:         
27:     }
28: %>


Stacktrace:] with root cause
	org.apache.jasper.JasperException: Unable to compile class for JSP: 

An error occurred at line: [22] in the jsp file: [/apis/getData.jsp]
SearchEngine cannot be resolved to a type
19:         out.print("{\"sortedPages\":[],\"pages\":{}}");
20:         return;
21:     }
22:     SearchEngine se = new SearchEngine();
23:     Vector<Pair> result = se.query(input);
24:     for (Pair p : result) {
25:         out.println(p.get)


An error occurred at line: [22] in the jsp file: [/apis/getData.jsp]
SearchEngine cannot be resolved to a type
19:         out.print("{\"sortedPages\":[],\"pages\":{}}");
20:         return;
21:     }
22:     SearchEngine se = new SearchEngine();
23:     Vector<Pair> result = se.query(input);
24:     for (Pair p : result) {
25:         out.println(p.get)


An error occurred at line: [23] in the jsp file: [/apis/getData.jsp]
Pair cannot be resolved to a type
20:         return;
21:     }
22:     SearchEngine se = new SearchEngine();
23:     Vector<Pair> result = se.query(input);
24:     for (Pair p : result) {
25:         out.println(p.get)
26:         


An error occurred at line: [24] in the jsp file: [/apis/getData.jsp]
Pair cannot be resolved to a type
21:     }
22:     SearchEngine se = new SearchEngine();
23:     Vector<Pair> result = se.query(input);
24:     for (Pair p : result) {
25:         out.println(p.get)
26:         
27:     }


An error occurred at line: [25] in the jsp file: [/apis/getData.jsp]
Syntax error, insert ";" to complete BlockStatements
22:     SearchEngine se = new SearchEngine();
23:     Vector<Pair> result = se.query(input);
24:     for (Pair p : result) {
25:         out.println(p.get)
26:         
27:     }
28: %>


Stacktrace:
		at org.apache.jasper.compiler.DefaultErrorHandler.javacError(DefaultErrorHandler.java:102)
		at org.apache.jasper.compiler.ErrorDispatcher.javacError(ErrorDispatcher.java:214)
		at org.apache.jasper.compiler.JDTCompiler.generateClass(JDTCompiler.java:524)
		at org.apache.jasper.compiler.Compiler.compile(Compiler.java:402)
		at org.apache.jasper.compiler.Compiler.compile(Compiler.java:372)
		at org.apache.jasper.compiler.Compiler.compile(Compiler.java:356)
		at org.apache.jasper.JspCompilationContext.compile(JspCompilationContext.java:603)
		at org.apache.jasper.servlet.JspServletWrapper.service(JspServletWrapper.java:396)
		at org.apache.jasper.servlet.JspServlet.serviceJspFile(JspServlet.java:380)
		at org.apache.jasper.servlet.JspServlet.service(JspServlet.java:328)
		at jakarta.servlet.http.HttpServlet.service(HttpServlet.java:658)
		at org.apache.catalina.core.ApplicationFilterChain.internalDoFilter(ApplicationFilterChain.java:206)
		at org.apache.catalina.core.ApplicationFilterChain.doFilter(ApplicationFilterChain.java:150)
		at org.apache.tomcat.websocket.server.WsFilter.doFilter(WsFilter.java:51)
		at org.apache.catalina.core.ApplicationFilterChain.internalDoFilter(ApplicationFilterChain.java:175)
		at org.apache.catalina.core.ApplicationFilterChain.doFilter(ApplicationFilterChain.java:150)
		at org.apache.catalina.core.StandardWrapperValve.invoke(StandardWrapperValve.java:167)
		at org.apache.catalina.core.StandardContextValve.invoke(StandardContextValve.java:90)
		at org.apache.catalina.authenticator.AuthenticatorBase.invoke(AuthenticatorBase.java:482)
		at org.apache.catalina.core.StandardHostValve.invoke(StandardHostValve.java:115)
		at org.apache.catalina.valves.ErrorReportValve.invoke(ErrorReportValve.java:93)
		at org.apache.catalina.valves.AbstractAccessLogValve.invoke(AbstractAccessLogValve.java:673)
		at org.apache.catalina.core.StandardEngineValve.invoke(StandardEngineValve.java:74)
		at org.apache.catalina.connector.CoyoteAdapter.service(CoyoteAdapter.java:344)
		at org.apache.coyote.http11.Http11Processor.service(Http11Processor.java:391)
		at org.apache.coyote.AbstractProcessorLight.process(AbstractProcessorLight.java:63)
		at org.apache.coyote.AbstractProtocol$ConnectionHandler.process(AbstractProtocol.java:896)
		at org.apache.tomcat.util.net.NioEndpoint$SocketProcessor.doRun(NioEndpoint.java:1736)
		at org.apache.tomcat.util.net.SocketProcessorBase.run(SocketProcessorBase.java:52)
		at org.apache.tomcat.util.threads.ThreadPoolExecutor.runWorker(ThreadPoolExecutor.java:1191)
		at org.apache.tomcat.util.threads.ThreadPoolExecutor$Worker.run(ThreadPoolExecutor.java:659)
		at org.apache.tomcat.util.threads.TaskThread$WrappingRunnable.run(TaskThread.java:63)
		at java.base/java.lang.Thread.run(Thread.java:834)
05-May-2024 00:48:48.044 SEVERE [http-nio-8080-exec-7] org.apache.catalina.core.StandardWrapperValve.invoke Servlet.service() for servlet [jsp] in context with path [/comp4321] threw exception [Unable to compile class for JSP: 

An error occurred at line: [23] in the jsp file: [/apis/getData.jsp]
SearchEngine cannot be resolved to a type
20:         out.print("{\"sortedPages\":[],\"pages\":{}}");
21:         return;
22:     }
23:     SearchEngine se = new SearchEngine();
24:     Vector<Pair> result = se.query(input);
25:     for (Pair p : result) {
26:         out.println(p.get)


An error occurred at line: [23] in the jsp file: [/apis/getData.jsp]
SearchEngine cannot be resolved to a type
20:         out.print("{\"sortedPages\":[],\"pages\":{}}");
21:         return;
22:     }
23:     SearchEngine se = new SearchEngine();
24:     Vector<Pair> result = se.query(input);
25:     for (Pair p : result) {
26:         out.println(p.get)


An error occurred at line: [24] in the jsp file: [/apis/getData.jsp]
Pair cannot be resolved to a type
21:         return;
22:     }
23:     SearchEngine se = new SearchEngine();
24:     Vector<Pair> result = se.query(input);
25:     for (Pair p : result) {
26:         out.println(p.get)
27:         


An error occurred at line: [25] in the jsp file: [/apis/getData.jsp]
Pair cannot be resolved to a type
22:     }
23:     SearchEngine se = new SearchEngine();
24:     Vector<Pair> result = se.query(input);
25:     for (Pair p : result) {
26:         out.println(p.get)
27:         
28:     }


An error occurred at line: [26] in the jsp file: [/apis/getData.jsp]
Syntax error, insert ";" to complete BlockStatements
23:     SearchEngine se = new SearchEngine();
24:     Vector<Pair> result = se.query(input);
25:     for (Pair p : result) {
26:         out.println(p.get)
27:         
28:     }
29: %>


Stacktrace:] with root cause
	org.apache.jasper.JasperException: Unable to compile class for JSP: 

An error occurred at line: [23] in the jsp file: [/apis/getData.jsp]
SearchEngine cannot be resolved to a type
20:         out.print("{\"sortedPages\":[],\"pages\":{}}");
21:         return;
22:     }
23:     SearchEngine se = new SearchEngine();
24:     Vector<Pair> result = se.query(input);
25:     for (Pair p : result) {
26:         out.println(p.get)


An error occurred at line: [23] in the jsp file: [/apis/getData.jsp]
SearchEngine cannot be resolved to a type
20:         out.print("{\"sortedPages\":[],\"pages\":{}}");
21:         return;
22:     }
23:     SearchEngine se = new SearchEngine();
24:     Vector<Pair> result = se.query(input);
25:     for (Pair p : result) {
26:         out.println(p.get)


An error occurred at line: [24] in the jsp file: [/apis/getData.jsp]
Pair cannot be resolved to a type
21:         return;
22:     }
23:     SearchEngine se = new SearchEngine();
24:     Vector<Pair> result = se.query(input);
25:     for (Pair p : result) {
26:         out.println(p.get)
27:         


An error occurred at line: [25] in the jsp file: [/apis/getData.jsp]
Pair cannot be resolved to a type
22:     }
23:     SearchEngine se = new SearchEngine();
24:     Vector<Pair> result = se.query(input);
25:     for (Pair p : result) {
26:         out.println(p.get)
27:         
28:     }


An error occurred at line: [26] in the jsp file: [/apis/getData.jsp]
Syntax error, insert ";" to complete BlockStatements
23:     SearchEngine se = new SearchEngine();
24:     Vector<Pair> result = se.query(input);
25:     for (Pair p : result) {
26:         out.println(p.get)
27:         
28:     }
29: %>


Stacktrace:
		at org.apache.jasper.compiler.DefaultErrorHandler.javacError(DefaultErrorHandler.java:102)
		at org.apache.jasper.compiler.ErrorDispatcher.javacError(ErrorDispatcher.java:214)
		at org.apache.jasper.compiler.JDTCompiler.generateClass(JDTCompiler.java:524)
		at org.apache.jasper.compiler.Compiler.compile(Compiler.java:402)
		at org.apache.jasper.compiler.Compiler.compile(Compiler.java:372)
		at org.apache.jasper.compiler.Compiler.compile(Compiler.java:356)
		at org.apache.jasper.JspCompilationContext.compile(JspCompilationContext.java:603)
		at org.apache.jasper.servlet.JspServletWrapper.service(JspServletWrapper.java:396)
		at org.apache.jasper.servlet.JspServlet.serviceJspFile(JspServlet.java:380)
		at org.apache.jasper.servlet.JspServlet.service(JspServlet.java:328)
		at jakarta.servlet.http.HttpServlet.service(HttpServlet.java:658)
		at org.apache.catalina.core.ApplicationFilterChain.internalDoFilter(ApplicationFilterChain.java:206)
		at org.apache.catalina.core.ApplicationFilterChain.doFilter(ApplicationFilterChain.java:150)
		at org.apache.tomcat.websocket.server.WsFilter.doFilter(WsFilter.java:51)
		at org.apache.catalina.core.ApplicationFilterChain.internalDoFilter(ApplicationFilterChain.java:175)
		at org.apache.catalina.core.ApplicationFilterChain.doFilter(ApplicationFilterChain.java:150)
		at org.apache.catalina.core.StandardWrapperValve.invoke(StandardWrapperValve.java:167)
		at org.apache.catalina.core.StandardContextValve.invoke(StandardContextValve.java:90)
		at org.apache.catalina.authenticator.AuthenticatorBase.invoke(AuthenticatorBase.java:482)
		at org.apache.catalina.core.StandardHostValve.invoke(StandardHostValve.java:115)
		at org.apache.catalina.valves.ErrorReportValve.invoke(ErrorReportValve.java:93)
		at org.apache.catalina.valves.AbstractAccessLogValve.invoke(AbstractAccessLogValve.java:673)
		at org.apache.catalina.core.StandardEngineValve.invoke(StandardEngineValve.java:74)
		at org.apache.catalina.connector.CoyoteAdapter.service(CoyoteAdapter.java:344)
		at org.apache.coyote.http11.Http11Processor.service(Http11Processor.java:391)
		at org.apache.coyote.AbstractProcessorLight.process(AbstractProcessorLight.java:63)
		at org.apache.coyote.AbstractProtocol$ConnectionHandler.process(AbstractProtocol.java:896)
		at org.apache.tomcat.util.net.NioEndpoint$SocketProcessor.doRun(NioEndpoint.java:1736)
		at org.apache.tomcat.util.net.SocketProcessorBase.run(SocketProcessorBase.java:52)
		at org.apache.tomcat.util.threads.ThreadPoolExecutor.runWorker(ThreadPoolExecutor.java:1191)
		at org.apache.tomcat.util.threads.ThreadPoolExecutor$Worker.run(ThreadPoolExecutor.java:659)
		at org.apache.tomcat.util.threads.TaskThread$WrappingRunnable.run(TaskThread.java:63)
		at java.base/java.lang.Thread.run(Thread.java:834)
05-May-2024 00:49:07.084 SEVERE [http-nio-8080-exec-9] org.apache.catalina.core.StandardWrapperValve.invoke Servlet.service() for servlet [jsp] in context with path [/comp4321] threw exception [Unable to compile class for JSP: 

An error occurred at line: [23] in the jsp file: [/apis/getData.jsp]
SearchEngine cannot be resolved to a type
20:         out.print("{\"sortedPages\":[],\"pages\":{}}");
21:         return;
22:     }
23:     SearchEngine se = new SearchEngine();
24:     Vector<Pair> result = se.query(input);
25:     for (Pair p : result) {
26:         out.println(p.get)


An error occurred at line: [23] in the jsp file: [/apis/getData.jsp]
SearchEngine cannot be resolved to a type
20:         out.print("{\"sortedPages\":[],\"pages\":{}}");
21:         return;
22:     }
23:     SearchEngine se = new SearchEngine();
24:     Vector<Pair> result = se.query(input);
25:     for (Pair p : result) {
26:         out.println(p.get)


An error occurred at line: [24] in the jsp file: [/apis/getData.jsp]
Pair cannot be resolved to a type
21:         return;
22:     }
23:     SearchEngine se = new SearchEngine();
24:     Vector<Pair> result = se.query(input);
25:     for (Pair p : result) {
26:         out.println(p.get)
27:         


An error occurred at line: [25] in the jsp file: [/apis/getData.jsp]
Pair cannot be resolved to a type
22:     }
23:     SearchEngine se = new SearchEngine();
24:     Vector<Pair> result = se.query(input);
25:     for (Pair p : result) {
26:         out.println(p.get)
27:         
28:     }


An error occurred at line: [26] in the jsp file: [/apis/getData.jsp]
Syntax error, insert ";" to complete BlockStatements
23:     SearchEngine se = new SearchEngine();
24:     Vector<Pair> result = se.query(input);
25:     for (Pair p : result) {
26:         out.println(p.get)
27:         
28:     }
29: %>


Stacktrace:] with root cause
	org.apache.jasper.JasperException: Unable to compile class for JSP: 

An error occurred at line: [23] in the jsp file: [/apis/getData.jsp]
SearchEngine cannot be resolved to a type
20:         out.print("{\"sortedPages\":[],\"pages\":{}}");
21:         return;
22:     }
23:     SearchEngine se = new SearchEngine();
24:     Vector<Pair> result = se.query(input);
25:     for (Pair p : result) {
26:         out.println(p.get)


An error occurred at line: [23] in the jsp file: [/apis/getData.jsp]
SearchEngine cannot be resolved to a type
20:         out.print("{\"sortedPages\":[],\"pages\":{}}");
21:         return;
22:     }
23:     SearchEngine se = new SearchEngine();
24:     Vector<Pair> result = se.query(input);
25:     for (Pair p : result) {
26:         out.println(p.get)


An error occurred at line: [24] in the jsp file: [/apis/getData.jsp]
Pair cannot be resolved to a type
21:         return;
22:     }
23:     SearchEngine se = new SearchEngine();
24:     Vector<Pair> result = se.query(input);
25:     for (Pair p : result) {
26:         out.println(p.get)
27:         


An error occurred at line: [25] in the jsp file: [/apis/getData.jsp]
Pair cannot be resolved to a type
22:     }
23:     SearchEngine se = new SearchEngine();
24:     Vector<Pair> result = se.query(input);
25:     for (Pair p : result) {
26:         out.println(p.get)
27:         
28:     }


An error occurred at line: [26] in the jsp file: [/apis/getData.jsp]
Syntax error, insert ";" to complete BlockStatements
23:     SearchEngine se = new SearchEngine();
24:     Vector<Pair> result = se.query(input);
25:     for (Pair p : result) {
26:         out.println(p.get)
27:         
28:     }
29: %>


Stacktrace:
		at org.apache.jasper.compiler.DefaultErrorHandler.javacError(DefaultErrorHandler.java:102)
		at org.apache.jasper.compiler.ErrorDispatcher.javacError(ErrorDispatcher.java:214)
		at org.apache.jasper.compiler.JDTCompiler.generateClass(JDTCompiler.java:524)
		at org.apache.jasper.compiler.Compiler.compile(Compiler.java:402)
		at org.apache.jasper.compiler.Compiler.compile(Compiler.java:372)
		at org.apache.jasper.compiler.Compiler.compile(Compiler.java:356)
		at org.apache.jasper.JspCompilationContext.compile(JspCompilationContext.java:603)
		at org.apache.jasper.servlet.JspServletWrapper.service(JspServletWrapper.java:396)
		at org.apache.jasper.servlet.JspServlet.serviceJspFile(JspServlet.java:380)
		at org.apache.jasper.servlet.JspServlet.service(JspServlet.java:328)
		at jakarta.servlet.http.HttpServlet.service(HttpServlet.java:658)
		at org.apache.catalina.core.ApplicationFilterChain.internalDoFilter(ApplicationFilterChain.java:206)
		at org.apache.catalina.core.ApplicationFilterChain.doFilter(ApplicationFilterChain.java:150)
		at org.apache.tomcat.websocket.server.WsFilter.doFilter(WsFilter.java:51)
		at org.apache.catalina.core.ApplicationFilterChain.internalDoFilter(ApplicationFilterChain.java:175)
		at org.apache.catalina.core.ApplicationFilterChain.doFilter(ApplicationFilterChain.java:150)
		at org.apache.catalina.core.StandardWrapperValve.invoke(StandardWrapperValve.java:167)
		at org.apache.catalina.core.StandardContextValve.invoke(StandardContextValve.java:90)
		at org.apache.catalina.authenticator.AuthenticatorBase.invoke(AuthenticatorBase.java:482)
		at org.apache.catalina.core.StandardHostValve.invoke(StandardHostValve.java:115)
		at org.apache.catalina.valves.ErrorReportValve.invoke(ErrorReportValve.java:93)
		at org.apache.catalina.valves.AbstractAccessLogValve.invoke(AbstractAccessLogValve.java:673)
		at org.apache.catalina.core.StandardEngineValve.invoke(StandardEngineValve.java:74)
		at org.apache.catalina.connector.CoyoteAdapter.service(CoyoteAdapter.java:344)
		at org.apache.coyote.http11.Http11Processor.service(Http11Processor.java:391)
		at org.apache.coyote.AbstractProcessorLight.process(AbstractProcessorLight.java:63)
		at org.apache.coyote.AbstractProtocol$ConnectionHandler.process(AbstractProtocol.java:896)
		at org.apache.tomcat.util.net.NioEndpoint$SocketProcessor.doRun(NioEndpoint.java:1736)
		at org.apache.tomcat.util.net.SocketProcessorBase.run(SocketProcessorBase.java:52)
		at org.apache.tomcat.util.threads.ThreadPoolExecutor.runWorker(ThreadPoolExecutor.java:1191)
		at org.apache.tomcat.util.threads.ThreadPoolExecutor$Worker.run(ThreadPoolExecutor.java:659)
		at org.apache.tomcat.util.threads.TaskThread$WrappingRunnable.run(TaskThread.java:63)
		at java.base/java.lang.Thread.run(Thread.java:834)
