11-May-2024 00:12:49.598 SEVERE [http-nio-8080-exec-9] org.apache.catalina.core.StandardWrapperValve.invoke Servlet.service() for servlet [jsp] in context with path [/comp4321] threw exception [Unable to compile class for JSP: 

An error occurred at line: [173] in the jsp file: [/apis/getData.jsp]
metadata cannot be resolved
170:         sb.append("\"score\":");
171:         sb.append(result.get(i).get(1));
172:         sb.append(",");
173:         Container data = (Container) metadata.get(url);
174:         Vector<String> childLinks = data.childLinks;
175:         int size = data.pageSize;
176:         long lastModified = data.lastModificationDate;


An error occurred at line: [173] in the jsp file: [/apis/getData.jsp]
url cannot be resolved to a variable
170:         sb.append("\"score\":");
171:         sb.append(result.get(i).get(1));
172:         sb.append(",");
173:         Container data = (Container) metadata.get(url);
174:         Vector<String> childLinks = data.childLinks;
175:         int size = data.pageSize;
176:         long lastModified = data.lastModificationDate;


An error occurred at line: [178] in the jsp file: [/apis/getData.jsp]
docId cannot be resolved to a variable
175:         int size = data.pageSize;
176:         long lastModified = data.lastModificationDate;
177:         Vector<String> title = data.title;        
178:         Vector<Posting> wordFrequencies = (Vector<Posting>) forwardindex.get(docId);
179:         sb.append("\"size\":" + "\"" + String.valueOf(size) + "\"" + ",");
180:         sb.append("\"lastModified\":" + "\"" + String.valueOf(lastModified) + "\"" + ",");
181:         String titleString = "";


An error occurred at line: [197] in the jsp file: [/apis/getData.jsp]
docId cannot be resolved or is not a field
194:         sb.append("\"wordFrequencies\":[");
195:         for (int j = 0; j < wordFrequencies.size(); j++) {
196:             sb.append("[");
197:             sb.append(idToWord.get(wordFrequencies.get(j).docId) + ",");
198:             sb.append(wordFrequencies.get(j).frequency);
199:             sb.append("]");
200:             if (j != wordFrequencies.size() - 1) {


An error occurred at line: [198] in the jsp file: [/apis/getData.jsp]
frequency cannot be resolved or is not a field
195:         for (int j = 0; j < wordFrequencies.size(); j++) {
196:             sb.append("[");
197:             sb.append(idToWord.get(wordFrequencies.get(j).docId) + ",");
198:             sb.append(wordFrequencies.get(j).frequency);
199:             sb.append("]");
200:             if (j != wordFrequencies.size() - 1) {
201:                 sb.append(",");


An error occurred at line: [359] in the generated java file: [C:\Users\phant\Desktop\NUS Stuff\Year 3\HKUST sem 2\Comp4321\project2\comp4321\apache-tomcat-10.1.20\work\Catalina\localhost\comp4321\org\apache\jsp\apis\getData_jsp.java]
Syntax error, insert "}" to complete Block

An error occurred at line: [376] in the generated java file: [C:\Users\phant\Desktop\NUS Stuff\Year 3\HKUST sem 2\Comp4321\project2\comp4321\apache-tomcat-10.1.20\work\Catalina\localhost\comp4321\org\apache\jsp\apis\getData_jsp.java]
Syntax error on token "}", delete this token

An error occurred at line: [377] in the generated java file: [C:\Users\phant\Desktop\NUS Stuff\Year 3\HKUST sem 2\Comp4321\project2\comp4321\apache-tomcat-10.1.20\work\Catalina\localhost\comp4321\org\apache\jsp\apis\getData_jsp.java]
Syntax error, insert "}" to complete ClassBody

Stacktrace:] with root cause
	org.apache.jasper.JasperException: Unable to compile class for JSP: 

An error occurred at line: [173] in the jsp file: [/apis/getData.jsp]
metadata cannot be resolved
170:         sb.append("\"score\":");
171:         sb.append(result.get(i).get(1));
172:         sb.append(",");
173:         Container data = (Container) metadata.get(url);
174:         Vector<String> childLinks = data.childLinks;
175:         int size = data.pageSize;
176:         long lastModified = data.lastModificationDate;


An error occurred at line: [173] in the jsp file: [/apis/getData.jsp]
url cannot be resolved to a variable
170:         sb.append("\"score\":");
171:         sb.append(result.get(i).get(1));
172:         sb.append(",");
173:         Container data = (Container) metadata.get(url);
174:         Vector<String> childLinks = data.childLinks;
175:         int size = data.pageSize;
176:         long lastModified = data.lastModificationDate;


An error occurred at line: [178] in the jsp file: [/apis/getData.jsp]
docId cannot be resolved to a variable
175:         int size = data.pageSize;
176:         long lastModified = data.lastModificationDate;
177:         Vector<String> title = data.title;        
178:         Vector<Posting> wordFrequencies = (Vector<Posting>) forwardindex.get(docId);
179:         sb.append("\"size\":" + "\"" + String.valueOf(size) + "\"" + ",");
180:         sb.append("\"lastModified\":" + "\"" + String.valueOf(lastModified) + "\"" + ",");
181:         String titleString = "";


An error occurred at line: [197] in the jsp file: [/apis/getData.jsp]
docId cannot be resolved or is not a field
194:         sb.append("\"wordFrequencies\":[");
195:         for (int j = 0; j < wordFrequencies.size(); j++) {
196:             sb.append("[");
197:             sb.append(idToWord.get(wordFrequencies.get(j).docId) + ",");
198:             sb.append(wordFrequencies.get(j).frequency);
199:             sb.append("]");
200:             if (j != wordFrequencies.size() - 1) {


An error occurred at line: [198] in the jsp file: [/apis/getData.jsp]
frequency cannot be resolved or is not a field
195:         for (int j = 0; j < wordFrequencies.size(); j++) {
196:             sb.append("[");
197:             sb.append(idToWord.get(wordFrequencies.get(j).docId) + ",");
198:             sb.append(wordFrequencies.get(j).frequency);
199:             sb.append("]");
200:             if (j != wordFrequencies.size() - 1) {
201:                 sb.append(",");


An error occurred at line: [359] in the generated java file: [C:\Users\phant\Desktop\NUS Stuff\Year 3\HKUST sem 2\Comp4321\project2\comp4321\apache-tomcat-10.1.20\work\Catalina\localhost\comp4321\org\apache\jsp\apis\getData_jsp.java]
Syntax error, insert "}" to complete Block

An error occurred at line: [376] in the generated java file: [C:\Users\phant\Desktop\NUS Stuff\Year 3\HKUST sem 2\Comp4321\project2\comp4321\apache-tomcat-10.1.20\work\Catalina\localhost\comp4321\org\apache\jsp\apis\getData_jsp.java]
Syntax error on token "}", delete this token

An error occurred at line: [377] in the generated java file: [C:\Users\phant\Desktop\NUS Stuff\Year 3\HKUST sem 2\Comp4321\project2\comp4321\apache-tomcat-10.1.20\work\Catalina\localhost\comp4321\org\apache\jsp\apis\getData_jsp.java]
Syntax error, insert "}" to complete ClassBody

Stacktrace:
		at org.apache.jasper.compiler.DefaultErrorHandler.javacError(DefaultErrorHandler.java:102)
		at org.apache.jasper.compiler.ErrorDispatcher.javacError(ErrorDispatcher.java:214)
		at org.apache.jasper.compiler.JDTCompiler.generateClass(JDTCompiler.java:524)
		at org.apache.jasper.compiler.Compiler.compile(Compiler.java:402)
		at org.apache.jasper.compiler.Compiler.compile(Compiler.java:372)
		at org.apache.jasper.compiler.Compiler.compile(Compiler.java:356)
		at org.apache.jasper.JspCompilationContext.compile(JspCompilationContext.java:603)
		at org.apache.jasper.servlet.JspServletWrapper.service(JspServletWrapper.java:396)
		at org.apache.jasper.servlet.JspServlet.serviceJspFile(JspServlet.java:380)
		at org.apache.jasper.servlet.JspServlet.service(JspServlet.java:328)
		at jakarta.servlet.http.HttpServlet.service(HttpServlet.java:658)
		at org.apache.catalina.core.ApplicationFilterChain.internalDoFilter(ApplicationFilterChain.java:206)
		at org.apache.catalina.core.ApplicationFilterChain.doFilter(ApplicationFilterChain.java:150)
		at org.apache.tomcat.websocket.server.WsFilter.doFilter(WsFilter.java:51)
		at org.apache.catalina.core.ApplicationFilterChain.internalDoFilter(ApplicationFilterChain.java:175)
		at org.apache.catalina.core.ApplicationFilterChain.doFilter(ApplicationFilterChain.java:150)
		at org.apache.catalina.core.StandardWrapperValve.invoke(StandardWrapperValve.java:167)
		at org.apache.catalina.core.StandardContextValve.invoke(StandardContextValve.java:90)
		at org.apache.catalina.authenticator.AuthenticatorBase.invoke(AuthenticatorBase.java:482)
		at org.apache.catalina.core.StandardHostValve.invoke(StandardHostValve.java:115)
		at org.apache.catalina.valves.ErrorReportValve.invoke(ErrorReportValve.java:93)
		at org.apache.catalina.valves.AbstractAccessLogValve.invoke(AbstractAccessLogValve.java:673)
		at org.apache.catalina.core.StandardEngineValve.invoke(StandardEngineValve.java:74)
		at org.apache.catalina.connector.CoyoteAdapter.service(CoyoteAdapter.java:344)
		at org.apache.coyote.http11.Http11Processor.service(Http11Processor.java:391)
		at org.apache.coyote.AbstractProcessorLight.process(AbstractProcessorLight.java:63)
		at org.apache.coyote.AbstractProtocol$ConnectionHandler.process(AbstractProtocol.java:896)
		at org.apache.tomcat.util.net.NioEndpoint$SocketProcessor.doRun(NioEndpoint.java:1736)
		at org.apache.tomcat.util.net.SocketProcessorBase.run(SocketProcessorBase.java:52)
		at org.apache.tomcat.util.threads.ThreadPoolExecutor.runWorker(ThreadPoolExecutor.java:1191)
		at org.apache.tomcat.util.threads.ThreadPoolExecutor$Worker.run(ThreadPoolExecutor.java:659)
		at org.apache.tomcat.util.threads.TaskThread$WrappingRunnable.run(TaskThread.java:63)
		at java.base/java.lang.Thread.run(Thread.java:834)
11-May-2024 00:17:18.739 SEVERE [http-nio-8080-exec-10] org.apache.catalina.core.StandardWrapperValve.invoke Servlet.service() for servlet [jsp] in context with path [/comp4321] threw exception [Unable to compile class for JSP: 

An error occurred at line: [169] in the jsp file: [/apis/getData.jsp]
Type mismatch: cannot convert from Object to String
166:         StringBuilder sb = new StringBuilder();
167:         sb.append("{\"results\":[");
168:         for (int i = 0; i < result.size() && i < 50; i++) {
169:         String docId = idToUrl.get(result.get(i).get(1));
170:         String url = idToUrl.get(result.get(i).get(0)); 
171:         sb.append("{");
172:         sb.append("\"url\":");


An error occurred at line: [170] in the jsp file: [/apis/getData.jsp]
Type mismatch: cannot convert from Object to String
167:         sb.append("{\"results\":[");
168:         for (int i = 0; i < result.size() && i < 50; i++) {
169:         String docId = idToUrl.get(result.get(i).get(1));
170:         String url = idToUrl.get(result.get(i).get(0)); 
171:         sb.append("{");
172:         sb.append("\"url\":");
173:         sb.append(url + ","));


An error occurred at line: [173] in the jsp file: [/apis/getData.jsp]
Syntax error on token ")", delete this token
170:         String url = idToUrl.get(result.get(i).get(0)); 
171:         sb.append("{");
172:         sb.append("\"url\":");
173:         sb.append(url + ","));
174:         sb.append("\"score\":");
175:         sb.append(result.get(i).get(1));
176:         sb.append(",");


An error occurred at line: [201] in the jsp file: [/apis/getData.jsp]
docId cannot be resolved or is not a field
198:         sb.append("\"wordFrequencies\":[");
199:         for (int j = 0; j < wordFrequencies.size(); j++) {
200:             sb.append("[");
201:             sb.append(idToWord.get(wordFrequencies.get(j).docId) + ",");
202:             sb.append(wordFrequencies.get(j).frequency);
203:             sb.append("]");
204:             if (j != wordFrequencies.size() - 1) {


An error occurred at line: [202] in the jsp file: [/apis/getData.jsp]
frequency cannot be resolved or is not a field
199:         for (int j = 0; j < wordFrequencies.size(); j++) {
200:             sb.append("[");
201:             sb.append(idToWord.get(wordFrequencies.get(j).docId) + ",");
202:             sb.append(wordFrequencies.get(j).frequency);
203:             sb.append("]");
204:             if (j != wordFrequencies.size() - 1) {
205:                 sb.append(",");


An error occurred at line: [363] in the generated java file: [C:\Users\phant\Desktop\NUS Stuff\Year 3\HKUST sem 2\Comp4321\project2\comp4321\apache-tomcat-10.1.20\work\Catalina\localhost\comp4321\org\apache\jsp\apis\getData_jsp.java]
Syntax error, insert "}" to complete Block

An error occurred at line: [380] in the generated java file: [C:\Users\phant\Desktop\NUS Stuff\Year 3\HKUST sem 2\Comp4321\project2\comp4321\apache-tomcat-10.1.20\work\Catalina\localhost\comp4321\org\apache\jsp\apis\getData_jsp.java]
Syntax error on token "}", delete this token

An error occurred at line: [381] in the generated java file: [C:\Users\phant\Desktop\NUS Stuff\Year 3\HKUST sem 2\Comp4321\project2\comp4321\apache-tomcat-10.1.20\work\Catalina\localhost\comp4321\org\apache\jsp\apis\getData_jsp.java]
Syntax error, insert "}" to complete ClassBody

Stacktrace:] with root cause
	org.apache.jasper.JasperException: Unable to compile class for JSP: 

An error occurred at line: [169] in the jsp file: [/apis/getData.jsp]
Type mismatch: cannot convert from Object to String
166:         StringBuilder sb = new StringBuilder();
167:         sb.append("{\"results\":[");
168:         for (int i = 0; i < result.size() && i < 50; i++) {
169:         String docId = idToUrl.get(result.get(i).get(1));
170:         String url = idToUrl.get(result.get(i).get(0)); 
171:         sb.append("{");
172:         sb.append("\"url\":");


An error occurred at line: [170] in the jsp file: [/apis/getData.jsp]
Type mismatch: cannot convert from Object to String
167:         sb.append("{\"results\":[");
168:         for (int i = 0; i < result.size() && i < 50; i++) {
169:         String docId = idToUrl.get(result.get(i).get(1));
170:         String url = idToUrl.get(result.get(i).get(0)); 
171:         sb.append("{");
172:         sb.append("\"url\":");
173:         sb.append(url + ","));


An error occurred at line: [173] in the jsp file: [/apis/getData.jsp]
Syntax error on token ")", delete this token
170:         String url = idToUrl.get(result.get(i).get(0)); 
171:         sb.append("{");
172:         sb.append("\"url\":");
173:         sb.append(url + ","));
174:         sb.append("\"score\":");
175:         sb.append(result.get(i).get(1));
176:         sb.append(",");


An error occurred at line: [201] in the jsp file: [/apis/getData.jsp]
docId cannot be resolved or is not a field
198:         sb.append("\"wordFrequencies\":[");
199:         for (int j = 0; j < wordFrequencies.size(); j++) {
200:             sb.append("[");
201:             sb.append(idToWord.get(wordFrequencies.get(j).docId) + ",");
202:             sb.append(wordFrequencies.get(j).frequency);
203:             sb.append("]");
204:             if (j != wordFrequencies.size() - 1) {


An error occurred at line: [202] in the jsp file: [/apis/getData.jsp]
frequency cannot be resolved or is not a field
199:         for (int j = 0; j < wordFrequencies.size(); j++) {
200:             sb.append("[");
201:             sb.append(idToWord.get(wordFrequencies.get(j).docId) + ",");
202:             sb.append(wordFrequencies.get(j).frequency);
203:             sb.append("]");
204:             if (j != wordFrequencies.size() - 1) {
205:                 sb.append(",");


An error occurred at line: [363] in the generated java file: [C:\Users\phant\Desktop\NUS Stuff\Year 3\HKUST sem 2\Comp4321\project2\comp4321\apache-tomcat-10.1.20\work\Catalina\localhost\comp4321\org\apache\jsp\apis\getData_jsp.java]
Syntax error, insert "}" to complete Block

An error occurred at line: [380] in the generated java file: [C:\Users\phant\Desktop\NUS Stuff\Year 3\HKUST sem 2\Comp4321\project2\comp4321\apache-tomcat-10.1.20\work\Catalina\localhost\comp4321\org\apache\jsp\apis\getData_jsp.java]
Syntax error on token "}", delete this token

An error occurred at line: [381] in the generated java file: [C:\Users\phant\Desktop\NUS Stuff\Year 3\HKUST sem 2\Comp4321\project2\comp4321\apache-tomcat-10.1.20\work\Catalina\localhost\comp4321\org\apache\jsp\apis\getData_jsp.java]
Syntax error, insert "}" to complete ClassBody

Stacktrace:
		at org.apache.jasper.compiler.DefaultErrorHandler.javacError(DefaultErrorHandler.java:102)
		at org.apache.jasper.compiler.ErrorDispatcher.javacError(ErrorDispatcher.java:214)
		at org.apache.jasper.compiler.JDTCompiler.generateClass(JDTCompiler.java:524)
		at org.apache.jasper.compiler.Compiler.compile(Compiler.java:402)
		at org.apache.jasper.compiler.Compiler.compile(Compiler.java:372)
		at org.apache.jasper.compiler.Compiler.compile(Compiler.java:356)
		at org.apache.jasper.JspCompilationContext.compile(JspCompilationContext.java:603)
		at org.apache.jasper.servlet.JspServletWrapper.service(JspServletWrapper.java:396)
		at org.apache.jasper.servlet.JspServlet.serviceJspFile(JspServlet.java:380)
		at org.apache.jasper.servlet.JspServlet.service(JspServlet.java:328)
		at jakarta.servlet.http.HttpServlet.service(HttpServlet.java:658)
		at org.apache.catalina.core.ApplicationFilterChain.internalDoFilter(ApplicationFilterChain.java:206)
		at org.apache.catalina.core.ApplicationFilterChain.doFilter(ApplicationFilterChain.java:150)
		at org.apache.tomcat.websocket.server.WsFilter.doFilter(WsFilter.java:51)
		at org.apache.catalina.core.ApplicationFilterChain.internalDoFilter(ApplicationFilterChain.java:175)
		at org.apache.catalina.core.ApplicationFilterChain.doFilter(ApplicationFilterChain.java:150)
		at org.apache.catalina.core.StandardWrapperValve.invoke(StandardWrapperValve.java:167)
		at org.apache.catalina.core.StandardContextValve.invoke(StandardContextValve.java:90)
		at org.apache.catalina.authenticator.AuthenticatorBase.invoke(AuthenticatorBase.java:482)
		at org.apache.catalina.core.StandardHostValve.invoke(StandardHostValve.java:115)
		at org.apache.catalina.valves.ErrorReportValve.invoke(ErrorReportValve.java:93)
		at org.apache.catalina.valves.AbstractAccessLogValve.invoke(AbstractAccessLogValve.java:673)
		at org.apache.catalina.core.StandardEngineValve.invoke(StandardEngineValve.java:74)
		at org.apache.catalina.connector.CoyoteAdapter.service(CoyoteAdapter.java:344)
		at org.apache.coyote.http11.Http11Processor.service(Http11Processor.java:391)
		at org.apache.coyote.AbstractProcessorLight.process(AbstractProcessorLight.java:63)
		at org.apache.coyote.AbstractProtocol$ConnectionHandler.process(AbstractProtocol.java:896)
		at org.apache.tomcat.util.net.NioEndpoint$SocketProcessor.doRun(NioEndpoint.java:1736)
		at org.apache.tomcat.util.net.SocketProcessorBase.run(SocketProcessorBase.java:52)
		at org.apache.tomcat.util.threads.ThreadPoolExecutor.runWorker(ThreadPoolExecutor.java:1191)
		at org.apache.tomcat.util.threads.ThreadPoolExecutor$Worker.run(ThreadPoolExecutor.java:659)
		at org.apache.tomcat.util.threads.TaskThread$WrappingRunnable.run(TaskThread.java:63)
		at java.base/java.lang.Thread.run(Thread.java:834)
11-May-2024 00:18:34.309 SEVERE [http-nio-8080-exec-6] org.apache.catalina.core.StandardWrapperValve.invoke Servlet.service() for servlet [jsp] in context with path [/comp4321] threw exception [Unable to compile class for JSP: 

An error occurred at line: [170] in the jsp file: [/apis/getData.jsp]
Type mismatch: cannot convert from Object to String
167:         StringBuilder sb = new StringBuilder();
168:         sb.append("{\"results\":[");
169:         for (int i = 0; i < result.size() && i < 50; i++) {
170:         String docId = idToUrl.get(result.get(i).get(1));
171:         String url = idToUrl.get(result.get(i).get(0)); 
172:         sb.append("{");
173:         sb.append("\"url\":");


An error occurred at line: [171] in the jsp file: [/apis/getData.jsp]
Type mismatch: cannot convert from Object to String
168:         sb.append("{\"results\":[");
169:         for (int i = 0; i < result.size() && i < 50; i++) {
170:         String docId = idToUrl.get(result.get(i).get(1));
171:         String url = idToUrl.get(result.get(i).get(0)); 
172:         sb.append("{");
173:         sb.append("\"url\":");
174:         sb.append(url + ","));


An error occurred at line: [174] in the jsp file: [/apis/getData.jsp]
Syntax error on token ")", delete this token
171:         String url = idToUrl.get(result.get(i).get(0)); 
172:         sb.append("{");
173:         sb.append("\"url\":");
174:         sb.append(url + ","));
175:         sb.append("\"score\":");
176:         sb.append(result.get(i).get(1));
177:         sb.append(",");


An error occurred at line: [202] in the jsp file: [/apis/getData.jsp]
docId cannot be resolved or is not a field
199:         sb.append("\"wordFrequencies\":[");
200:         for (int j = 0; j < wordFrequencies.size(); j++) {
201:             sb.append("[");
202:             sb.append(idToWord.get(wordFrequencies.get(j).docId) + ",");
203:             sb.append(wordFrequencies.get(j).frequency);
204:             sb.append("]");
205:             if (j != wordFrequencies.size() - 1) {


An error occurred at line: [203] in the jsp file: [/apis/getData.jsp]
frequency cannot be resolved or is not a field
200:         for (int j = 0; j < wordFrequencies.size(); j++) {
201:             sb.append("[");
202:             sb.append(idToWord.get(wordFrequencies.get(j).docId) + ",");
203:             sb.append(wordFrequencies.get(j).frequency);
204:             sb.append("]");
205:             if (j != wordFrequencies.size() - 1) {
206:                 sb.append(",");


An error occurred at line: [364] in the generated java file: [C:\Users\phant\Desktop\NUS Stuff\Year 3\HKUST sem 2\Comp4321\project2\comp4321\apache-tomcat-10.1.20\work\Catalina\localhost\comp4321\org\apache\jsp\apis\getData_jsp.java]
Syntax error, insert "}" to complete Block

An error occurred at line: [381] in the generated java file: [C:\Users\phant\Desktop\NUS Stuff\Year 3\HKUST sem 2\Comp4321\project2\comp4321\apache-tomcat-10.1.20\work\Catalina\localhost\comp4321\org\apache\jsp\apis\getData_jsp.java]
Syntax error on token "}", delete this token

An error occurred at line: [382] in the generated java file: [C:\Users\phant\Desktop\NUS Stuff\Year 3\HKUST sem 2\Comp4321\project2\comp4321\apache-tomcat-10.1.20\work\Catalina\localhost\comp4321\org\apache\jsp\apis\getData_jsp.java]
Syntax error, insert "}" to complete ClassBody

Stacktrace:] with root cause
	org.apache.jasper.JasperException: Unable to compile class for JSP: 

An error occurred at line: [170] in the jsp file: [/apis/getData.jsp]
Type mismatch: cannot convert from Object to String
167:         StringBuilder sb = new StringBuilder();
168:         sb.append("{\"results\":[");
169:         for (int i = 0; i < result.size() && i < 50; i++) {
170:         String docId = idToUrl.get(result.get(i).get(1));
171:         String url = idToUrl.get(result.get(i).get(0)); 
172:         sb.append("{");
173:         sb.append("\"url\":");


An error occurred at line: [171] in the jsp file: [/apis/getData.jsp]
Type mismatch: cannot convert from Object to String
168:         sb.append("{\"results\":[");
169:         for (int i = 0; i < result.size() && i < 50; i++) {
170:         String docId = idToUrl.get(result.get(i).get(1));
171:         String url = idToUrl.get(result.get(i).get(0)); 
172:         sb.append("{");
173:         sb.append("\"url\":");
174:         sb.append(url + ","));


An error occurred at line: [174] in the jsp file: [/apis/getData.jsp]
Syntax error on token ")", delete this token
171:         String url = idToUrl.get(result.get(i).get(0)); 
172:         sb.append("{");
173:         sb.append("\"url\":");
174:         sb.append(url + ","));
175:         sb.append("\"score\":");
176:         sb.append(result.get(i).get(1));
177:         sb.append(",");


An error occurred at line: [202] in the jsp file: [/apis/getData.jsp]
docId cannot be resolved or is not a field
199:         sb.append("\"wordFrequencies\":[");
200:         for (int j = 0; j < wordFrequencies.size(); j++) {
201:             sb.append("[");
202:             sb.append(idToWord.get(wordFrequencies.get(j).docId) + ",");
203:             sb.append(wordFrequencies.get(j).frequency);
204:             sb.append("]");
205:             if (j != wordFrequencies.size() - 1) {


An error occurred at line: [203] in the jsp file: [/apis/getData.jsp]
frequency cannot be resolved or is not a field
200:         for (int j = 0; j < wordFrequencies.size(); j++) {
201:             sb.append("[");
202:             sb.append(idToWord.get(wordFrequencies.get(j).docId) + ",");
203:             sb.append(wordFrequencies.get(j).frequency);
204:             sb.append("]");
205:             if (j != wordFrequencies.size() - 1) {
206:                 sb.append(",");


An error occurred at line: [364] in the generated java file: [C:\Users\phant\Desktop\NUS Stuff\Year 3\HKUST sem 2\Comp4321\project2\comp4321\apache-tomcat-10.1.20\work\Catalina\localhost\comp4321\org\apache\jsp\apis\getData_jsp.java]
Syntax error, insert "}" to complete Block

An error occurred at line: [381] in the generated java file: [C:\Users\phant\Desktop\NUS Stuff\Year 3\HKUST sem 2\Comp4321\project2\comp4321\apache-tomcat-10.1.20\work\Catalina\localhost\comp4321\org\apache\jsp\apis\getData_jsp.java]
Syntax error on token "}", delete this token

An error occurred at line: [382] in the generated java file: [C:\Users\phant\Desktop\NUS Stuff\Year 3\HKUST sem 2\Comp4321\project2\comp4321\apache-tomcat-10.1.20\work\Catalina\localhost\comp4321\org\apache\jsp\apis\getData_jsp.java]
Syntax error, insert "}" to complete ClassBody

Stacktrace:
		at org.apache.jasper.compiler.DefaultErrorHandler.javacError(DefaultErrorHandler.java:102)
		at org.apache.jasper.compiler.ErrorDispatcher.javacError(ErrorDispatcher.java:214)
		at org.apache.jasper.compiler.JDTCompiler.generateClass(JDTCompiler.java:524)
		at org.apache.jasper.compiler.Compiler.compile(Compiler.java:402)
		at org.apache.jasper.compiler.Compiler.compile(Compiler.java:372)
		at org.apache.jasper.compiler.Compiler.compile(Compiler.java:356)
		at org.apache.jasper.JspCompilationContext.compile(JspCompilationContext.java:603)
		at org.apache.jasper.servlet.JspServletWrapper.service(JspServletWrapper.java:396)
		at org.apache.jasper.servlet.JspServlet.serviceJspFile(JspServlet.java:380)
		at org.apache.jasper.servlet.JspServlet.service(JspServlet.java:328)
		at jakarta.servlet.http.HttpServlet.service(HttpServlet.java:658)
		at org.apache.catalina.core.ApplicationFilterChain.internalDoFilter(ApplicationFilterChain.java:206)
		at org.apache.catalina.core.ApplicationFilterChain.doFilter(ApplicationFilterChain.java:150)
		at org.apache.tomcat.websocket.server.WsFilter.doFilter(WsFilter.java:51)
		at org.apache.catalina.core.ApplicationFilterChain.internalDoFilter(ApplicationFilterChain.java:175)
		at org.apache.catalina.core.ApplicationFilterChain.doFilter(ApplicationFilterChain.java:150)
		at org.apache.catalina.core.StandardWrapperValve.invoke(StandardWrapperValve.java:167)
		at org.apache.catalina.core.StandardContextValve.invoke(StandardContextValve.java:90)
		at org.apache.catalina.authenticator.AuthenticatorBase.invoke(AuthenticatorBase.java:482)
		at org.apache.catalina.core.StandardHostValve.invoke(StandardHostValve.java:115)
		at org.apache.catalina.valves.ErrorReportValve.invoke(ErrorReportValve.java:93)
		at org.apache.catalina.valves.AbstractAccessLogValve.invoke(AbstractAccessLogValve.java:673)
		at org.apache.catalina.core.StandardEngineValve.invoke(StandardEngineValve.java:74)
		at org.apache.catalina.connector.CoyoteAdapter.service(CoyoteAdapter.java:344)
		at org.apache.coyote.http11.Http11Processor.service(Http11Processor.java:391)
		at org.apache.coyote.AbstractProcessorLight.process(AbstractProcessorLight.java:63)
		at org.apache.coyote.AbstractProtocol$ConnectionHandler.process(AbstractProtocol.java:896)
		at org.apache.tomcat.util.net.NioEndpoint$SocketProcessor.doRun(NioEndpoint.java:1736)
		at org.apache.tomcat.util.net.SocketProcessorBase.run(SocketProcessorBase.java:52)
		at org.apache.tomcat.util.threads.ThreadPoolExecutor.runWorker(ThreadPoolExecutor.java:1191)
		at org.apache.tomcat.util.threads.ThreadPoolExecutor$Worker.run(ThreadPoolExecutor.java:659)
		at org.apache.tomcat.util.threads.TaskThread$WrappingRunnable.run(TaskThread.java:63)
		at java.base/java.lang.Thread.run(Thread.java:834)
11-May-2024 00:19:22.408 SEVERE [http-nio-8080-exec-7] org.apache.catalina.core.StandardWrapperValve.invoke Servlet.service() for servlet [jsp] in context with path [/comp4321] threw exception [Unable to compile class for JSP: 

An error occurred at line: [174] in the jsp file: [/apis/getData.jsp]
Syntax error on token ")", delete this token
171:         String url = String.valueOf(idToUrl.get(result.get(i).get(0))); 
172:         sb.append("{");
173:         sb.append("\"url\":");
174:         sb.append(url + ","));
175:         sb.append("\"score\":");
176:         sb.append(result.get(i).get(1));
177:         sb.append(",");


An error occurred at line: [202] in the jsp file: [/apis/getData.jsp]
docId cannot be resolved or is not a field
199:         sb.append("\"wordFrequencies\":[");
200:         for (int j = 0; j < wordFrequencies.size(); j++) {
201:             sb.append("[");
202:             sb.append(idToWord.get(wordFrequencies.get(j).docId) + ",");
203:             sb.append(wordFrequencies.get(j).frequency);
204:             sb.append("]");
205:             if (j != wordFrequencies.size() - 1) {


An error occurred at line: [203] in the jsp file: [/apis/getData.jsp]
frequency cannot be resolved or is not a field
200:         for (int j = 0; j < wordFrequencies.size(); j++) {
201:             sb.append("[");
202:             sb.append(idToWord.get(wordFrequencies.get(j).docId) + ",");
203:             sb.append(wordFrequencies.get(j).frequency);
204:             sb.append("]");
205:             if (j != wordFrequencies.size() - 1) {
206:                 sb.append(",");


An error occurred at line: [364] in the generated java file: [C:\Users\phant\Desktop\NUS Stuff\Year 3\HKUST sem 2\Comp4321\project2\comp4321\apache-tomcat-10.1.20\work\Catalina\localhost\comp4321\org\apache\jsp\apis\getData_jsp.java]
Syntax error, insert "}" to complete Block

An error occurred at line: [381] in the generated java file: [C:\Users\phant\Desktop\NUS Stuff\Year 3\HKUST sem 2\Comp4321\project2\comp4321\apache-tomcat-10.1.20\work\Catalina\localhost\comp4321\org\apache\jsp\apis\getData_jsp.java]
Syntax error on token "}", delete this token

An error occurred at line: [382] in the generated java file: [C:\Users\phant\Desktop\NUS Stuff\Year 3\HKUST sem 2\Comp4321\project2\comp4321\apache-tomcat-10.1.20\work\Catalina\localhost\comp4321\org\apache\jsp\apis\getData_jsp.java]
Syntax error, insert "}" to complete ClassBody

Stacktrace:] with root cause
	org.apache.jasper.JasperException: Unable to compile class for JSP: 

An error occurred at line: [174] in the jsp file: [/apis/getData.jsp]
Syntax error on token ")", delete this token
171:         String url = String.valueOf(idToUrl.get(result.get(i).get(0))); 
172:         sb.append("{");
173:         sb.append("\"url\":");
174:         sb.append(url + ","));
175:         sb.append("\"score\":");
176:         sb.append(result.get(i).get(1));
177:         sb.append(",");


An error occurred at line: [202] in the jsp file: [/apis/getData.jsp]
docId cannot be resolved or is not a field
199:         sb.append("\"wordFrequencies\":[");
200:         for (int j = 0; j < wordFrequencies.size(); j++) {
201:             sb.append("[");
202:             sb.append(idToWord.get(wordFrequencies.get(j).docId) + ",");
203:             sb.append(wordFrequencies.get(j).frequency);
204:             sb.append("]");
205:             if (j != wordFrequencies.size() - 1) {


An error occurred at line: [203] in the jsp file: [/apis/getData.jsp]
frequency cannot be resolved or is not a field
200:         for (int j = 0; j < wordFrequencies.size(); j++) {
201:             sb.append("[");
202:             sb.append(idToWord.get(wordFrequencies.get(j).docId) + ",");
203:             sb.append(wordFrequencies.get(j).frequency);
204:             sb.append("]");
205:             if (j != wordFrequencies.size() - 1) {
206:                 sb.append(",");


An error occurred at line: [364] in the generated java file: [C:\Users\phant\Desktop\NUS Stuff\Year 3\HKUST sem 2\Comp4321\project2\comp4321\apache-tomcat-10.1.20\work\Catalina\localhost\comp4321\org\apache\jsp\apis\getData_jsp.java]
Syntax error, insert "}" to complete Block

An error occurred at line: [381] in the generated java file: [C:\Users\phant\Desktop\NUS Stuff\Year 3\HKUST sem 2\Comp4321\project2\comp4321\apache-tomcat-10.1.20\work\Catalina\localhost\comp4321\org\apache\jsp\apis\getData_jsp.java]
Syntax error on token "}", delete this token

An error occurred at line: [382] in the generated java file: [C:\Users\phant\Desktop\NUS Stuff\Year 3\HKUST sem 2\Comp4321\project2\comp4321\apache-tomcat-10.1.20\work\Catalina\localhost\comp4321\org\apache\jsp\apis\getData_jsp.java]
Syntax error, insert "}" to complete ClassBody

Stacktrace:
		at org.apache.jasper.compiler.DefaultErrorHandler.javacError(DefaultErrorHandler.java:102)
		at org.apache.jasper.compiler.ErrorDispatcher.javacError(ErrorDispatcher.java:214)
		at org.apache.jasper.compiler.JDTCompiler.generateClass(JDTCompiler.java:524)
		at org.apache.jasper.compiler.Compiler.compile(Compiler.java:402)
		at org.apache.jasper.compiler.Compiler.compile(Compiler.java:372)
		at org.apache.jasper.compiler.Compiler.compile(Compiler.java:356)
		at org.apache.jasper.JspCompilationContext.compile(JspCompilationContext.java:603)
		at org.apache.jasper.servlet.JspServletWrapper.service(JspServletWrapper.java:396)
		at org.apache.jasper.servlet.JspServlet.serviceJspFile(JspServlet.java:380)
		at org.apache.jasper.servlet.JspServlet.service(JspServlet.java:328)
		at jakarta.servlet.http.HttpServlet.service(HttpServlet.java:658)
		at org.apache.catalina.core.ApplicationFilterChain.internalDoFilter(ApplicationFilterChain.java:206)
		at org.apache.catalina.core.ApplicationFilterChain.doFilter(ApplicationFilterChain.java:150)
		at org.apache.tomcat.websocket.server.WsFilter.doFilter(WsFilter.java:51)
		at org.apache.catalina.core.ApplicationFilterChain.internalDoFilter(ApplicationFilterChain.java:175)
		at org.apache.catalina.core.ApplicationFilterChain.doFilter(ApplicationFilterChain.java:150)
		at org.apache.catalina.core.StandardWrapperValve.invoke(StandardWrapperValve.java:167)
		at org.apache.catalina.core.StandardContextValve.invoke(StandardContextValve.java:90)
		at org.apache.catalina.authenticator.AuthenticatorBase.invoke(AuthenticatorBase.java:482)
		at org.apache.catalina.core.StandardHostValve.invoke(StandardHostValve.java:115)
		at org.apache.catalina.valves.ErrorReportValve.invoke(ErrorReportValve.java:93)
		at org.apache.catalina.valves.AbstractAccessLogValve.invoke(AbstractAccessLogValve.java:673)
		at org.apache.catalina.core.StandardEngineValve.invoke(StandardEngineValve.java:74)
		at org.apache.catalina.connector.CoyoteAdapter.service(CoyoteAdapter.java:344)
		at org.apache.coyote.http11.Http11Processor.service(Http11Processor.java:391)
		at org.apache.coyote.AbstractProcessorLight.process(AbstractProcessorLight.java:63)
		at org.apache.coyote.AbstractProtocol$ConnectionHandler.process(AbstractProtocol.java:896)
		at org.apache.tomcat.util.net.NioEndpoint$SocketProcessor.doRun(NioEndpoint.java:1736)
		at org.apache.tomcat.util.net.SocketProcessorBase.run(SocketProcessorBase.java:52)
		at org.apache.tomcat.util.threads.ThreadPoolExecutor.runWorker(ThreadPoolExecutor.java:1191)
		at org.apache.tomcat.util.threads.ThreadPoolExecutor$Worker.run(ThreadPoolExecutor.java:659)
		at org.apache.tomcat.util.threads.TaskThread$WrappingRunnable.run(TaskThread.java:63)
		at java.base/java.lang.Thread.run(Thread.java:834)
11-May-2024 00:22:00.690 SEVERE [http-nio-8080-exec-8] org.apache.catalina.core.StandardWrapperValve.invoke Servlet.service() for servlet [jsp] in context with path [/comp4321] threw exception [Unable to compile class for JSP: 

An error occurred at line: [364] in the generated java file: [C:\Users\phant\Desktop\NUS Stuff\Year 3\HKUST sem 2\Comp4321\project2\comp4321\apache-tomcat-10.1.20\work\Catalina\localhost\comp4321\org\apache\jsp\apis\getData_jsp.java]
Syntax error, insert "}" to complete Block

An error occurred at line: [381] in the generated java file: [C:\Users\phant\Desktop\NUS Stuff\Year 3\HKUST sem 2\Comp4321\project2\comp4321\apache-tomcat-10.1.20\work\Catalina\localhost\comp4321\org\apache\jsp\apis\getData_jsp.java]
Syntax error on token "}", delete this token

An error occurred at line: [382] in the generated java file: [C:\Users\phant\Desktop\NUS Stuff\Year 3\HKUST sem 2\Comp4321\project2\comp4321\apache-tomcat-10.1.20\work\Catalina\localhost\comp4321\org\apache\jsp\apis\getData_jsp.java]
Syntax error, insert "}" to complete ClassBody

Stacktrace:] with root cause
	org.apache.jasper.JasperException: Unable to compile class for JSP: 

An error occurred at line: [364] in the generated java file: [C:\Users\phant\Desktop\NUS Stuff\Year 3\HKUST sem 2\Comp4321\project2\comp4321\apache-tomcat-10.1.20\work\Catalina\localhost\comp4321\org\apache\jsp\apis\getData_jsp.java]
Syntax error, insert "}" to complete Block

An error occurred at line: [381] in the generated java file: [C:\Users\phant\Desktop\NUS Stuff\Year 3\HKUST sem 2\Comp4321\project2\comp4321\apache-tomcat-10.1.20\work\Catalina\localhost\comp4321\org\apache\jsp\apis\getData_jsp.java]
Syntax error on token "}", delete this token

An error occurred at line: [382] in the generated java file: [C:\Users\phant\Desktop\NUS Stuff\Year 3\HKUST sem 2\Comp4321\project2\comp4321\apache-tomcat-10.1.20\work\Catalina\localhost\comp4321\org\apache\jsp\apis\getData_jsp.java]
Syntax error, insert "}" to complete ClassBody

Stacktrace:
		at org.apache.jasper.compiler.DefaultErrorHandler.javacError(DefaultErrorHandler.java:102)
		at org.apache.jasper.compiler.ErrorDispatcher.javacError(ErrorDispatcher.java:214)
		at org.apache.jasper.compiler.JDTCompiler.generateClass(JDTCompiler.java:524)
		at org.apache.jasper.compiler.Compiler.compile(Compiler.java:402)
		at org.apache.jasper.compiler.Compiler.compile(Compiler.java:372)
		at org.apache.jasper.compiler.Compiler.compile(Compiler.java:356)
		at org.apache.jasper.JspCompilationContext.compile(JspCompilationContext.java:603)
		at org.apache.jasper.servlet.JspServletWrapper.service(JspServletWrapper.java:396)
		at org.apache.jasper.servlet.JspServlet.serviceJspFile(JspServlet.java:380)
		at org.apache.jasper.servlet.JspServlet.service(JspServlet.java:328)
		at jakarta.servlet.http.HttpServlet.service(HttpServlet.java:658)
		at org.apache.catalina.core.ApplicationFilterChain.internalDoFilter(ApplicationFilterChain.java:206)
		at org.apache.catalina.core.ApplicationFilterChain.doFilter(ApplicationFilterChain.java:150)
		at org.apache.tomcat.websocket.server.WsFilter.doFilter(WsFilter.java:51)
		at org.apache.catalina.core.ApplicationFilterChain.internalDoFilter(ApplicationFilterChain.java:175)
		at org.apache.catalina.core.ApplicationFilterChain.doFilter(ApplicationFilterChain.java:150)
		at org.apache.catalina.core.StandardWrapperValve.invoke(StandardWrapperValve.java:167)
		at org.apache.catalina.core.StandardContextValve.invoke(StandardContextValve.java:90)
		at org.apache.catalina.authenticator.AuthenticatorBase.invoke(AuthenticatorBase.java:482)
		at org.apache.catalina.core.StandardHostValve.invoke(StandardHostValve.java:115)
		at org.apache.catalina.valves.ErrorReportValve.invoke(ErrorReportValve.java:93)
		at org.apache.catalina.valves.AbstractAccessLogValve.invoke(AbstractAccessLogValve.java:673)
		at org.apache.catalina.core.StandardEngineValve.invoke(StandardEngineValve.java:74)
		at org.apache.catalina.connector.CoyoteAdapter.service(CoyoteAdapter.java:344)
		at org.apache.coyote.http11.Http11Processor.service(Http11Processor.java:391)
		at org.apache.coyote.AbstractProcessorLight.process(AbstractProcessorLight.java:63)
		at org.apache.coyote.AbstractProtocol$ConnectionHandler.process(AbstractProtocol.java:896)
		at org.apache.tomcat.util.net.NioEndpoint$SocketProcessor.doRun(NioEndpoint.java:1736)
		at org.apache.tomcat.util.net.SocketProcessorBase.run(SocketProcessorBase.java:52)
		at org.apache.tomcat.util.threads.ThreadPoolExecutor.runWorker(ThreadPoolExecutor.java:1191)
		at org.apache.tomcat.util.threads.ThreadPoolExecutor$Worker.run(ThreadPoolExecutor.java:659)
		at org.apache.tomcat.util.threads.TaskThread$WrappingRunnable.run(TaskThread.java:63)
		at java.base/java.lang.Thread.run(Thread.java:834)
11-May-2024 00:27:12.307 SEVERE [http-nio-8080-exec-9] org.apache.catalina.core.StandardWrapperValve.invoke Servlet.service() for servlet [jsp] in context with path [/comp4321] threw exception [Unable to compile class for JSP: 

An error occurred at line: [364] in the generated java file: [C:\Users\phant\Desktop\NUS Stuff\Year 3\HKUST sem 2\Comp4321\project2\comp4321\apache-tomcat-10.1.20\work\Catalina\localhost\comp4321\org\apache\jsp\apis\getData_jsp.java]
Syntax error, insert "}" to complete Block

An error occurred at line: [381] in the generated java file: [C:\Users\phant\Desktop\NUS Stuff\Year 3\HKUST sem 2\Comp4321\project2\comp4321\apache-tomcat-10.1.20\work\Catalina\localhost\comp4321\org\apache\jsp\apis\getData_jsp.java]
Syntax error on token "}", delete this token

An error occurred at line: [382] in the generated java file: [C:\Users\phant\Desktop\NUS Stuff\Year 3\HKUST sem 2\Comp4321\project2\comp4321\apache-tomcat-10.1.20\work\Catalina\localhost\comp4321\org\apache\jsp\apis\getData_jsp.java]
Syntax error, insert "}" to complete ClassBody

Stacktrace:] with root cause
	org.apache.jasper.JasperException: Unable to compile class for JSP: 

An error occurred at line: [364] in the generated java file: [C:\Users\phant\Desktop\NUS Stuff\Year 3\HKUST sem 2\Comp4321\project2\comp4321\apache-tomcat-10.1.20\work\Catalina\localhost\comp4321\org\apache\jsp\apis\getData_jsp.java]
Syntax error, insert "}" to complete Block

An error occurred at line: [381] in the generated java file: [C:\Users\phant\Desktop\NUS Stuff\Year 3\HKUST sem 2\Comp4321\project2\comp4321\apache-tomcat-10.1.20\work\Catalina\localhost\comp4321\org\apache\jsp\apis\getData_jsp.java]
Syntax error on token "}", delete this token

An error occurred at line: [382] in the generated java file: [C:\Users\phant\Desktop\NUS Stuff\Year 3\HKUST sem 2\Comp4321\project2\comp4321\apache-tomcat-10.1.20\work\Catalina\localhost\comp4321\org\apache\jsp\apis\getData_jsp.java]
Syntax error, insert "}" to complete ClassBody

Stacktrace:
		at org.apache.jasper.compiler.DefaultErrorHandler.javacError(DefaultErrorHandler.java:102)
		at org.apache.jasper.compiler.ErrorDispatcher.javacError(ErrorDispatcher.java:214)
		at org.apache.jasper.compiler.JDTCompiler.generateClass(JDTCompiler.java:524)
		at org.apache.jasper.compiler.Compiler.compile(Compiler.java:402)
		at org.apache.jasper.compiler.Compiler.compile(Compiler.java:372)
		at org.apache.jasper.compiler.Compiler.compile(Compiler.java:356)
		at org.apache.jasper.JspCompilationContext.compile(JspCompilationContext.java:603)
		at org.apache.jasper.servlet.JspServletWrapper.service(JspServletWrapper.java:396)
		at org.apache.jasper.servlet.JspServlet.serviceJspFile(JspServlet.java:380)
		at org.apache.jasper.servlet.JspServlet.service(JspServlet.java:328)
		at jakarta.servlet.http.HttpServlet.service(HttpServlet.java:658)
		at org.apache.catalina.core.ApplicationFilterChain.internalDoFilter(ApplicationFilterChain.java:206)
		at org.apache.catalina.core.ApplicationFilterChain.doFilter(ApplicationFilterChain.java:150)
		at org.apache.tomcat.websocket.server.WsFilter.doFilter(WsFilter.java:51)
		at org.apache.catalina.core.ApplicationFilterChain.internalDoFilter(ApplicationFilterChain.java:175)
		at org.apache.catalina.core.ApplicationFilterChain.doFilter(ApplicationFilterChain.java:150)
		at org.apache.catalina.core.StandardWrapperValve.invoke(StandardWrapperValve.java:167)
		at org.apache.catalina.core.StandardContextValve.invoke(StandardContextValve.java:90)
		at org.apache.catalina.authenticator.AuthenticatorBase.invoke(AuthenticatorBase.java:482)
		at org.apache.catalina.core.StandardHostValve.invoke(StandardHostValve.java:115)
		at org.apache.catalina.valves.ErrorReportValve.invoke(ErrorReportValve.java:93)
		at org.apache.catalina.valves.AbstractAccessLogValve.invoke(AbstractAccessLogValve.java:673)
		at org.apache.catalina.core.StandardEngineValve.invoke(StandardEngineValve.java:74)
		at org.apache.catalina.connector.CoyoteAdapter.service(CoyoteAdapter.java:344)
		at org.apache.coyote.http11.Http11Processor.service(Http11Processor.java:391)
		at org.apache.coyote.AbstractProcessorLight.process(AbstractProcessorLight.java:63)
		at org.apache.coyote.AbstractProtocol$ConnectionHandler.process(AbstractProtocol.java:896)
		at org.apache.tomcat.util.net.NioEndpoint$SocketProcessor.doRun(NioEndpoint.java:1736)
		at org.apache.tomcat.util.net.SocketProcessorBase.run(SocketProcessorBase.java:52)
		at org.apache.tomcat.util.threads.ThreadPoolExecutor.runWorker(ThreadPoolExecutor.java:1191)
		at org.apache.tomcat.util.threads.ThreadPoolExecutor$Worker.run(ThreadPoolExecutor.java:659)
		at org.apache.tomcat.util.threads.TaskThread$WrappingRunnable.run(TaskThread.java:63)
		at java.base/java.lang.Thread.run(Thread.java:834)
11-May-2024 00:29:00.026 SEVERE [http-nio-8080-exec-10] org.apache.catalina.core.StandardWrapperValve.invoke Servlet.service() for servlet [jsp] in context with path [/comp4321] threw exception [An exception occurred processing [/apis/getData.jsp] at line [201]

198:         }
199:         sb.append("],");
200:         sb.append("\"wordFrequencies\":[");
201:         for (int j = 0; j < wordFrequencies.size(); j++) {
202:             sb.append("[");
203:             sb.append(idToWord.get(wordFrequencies.get(j).id) + ",");
204:             sb.append(wordFrequencies.get(j).freq);


Stacktrace:] with root cause
	java.lang.NullPointerException
		at org.apache.jsp.apis.getData_jsp._jspService(getData_jsp.java:341)
		at org.apache.jasper.runtime.HttpJspBase.service(HttpJspBase.java:70)
		at jakarta.servlet.http.HttpServlet.service(HttpServlet.java:658)
		at org.apache.jasper.servlet.JspServletWrapper.service(JspServletWrapper.java:456)
		at org.apache.jasper.servlet.JspServlet.serviceJspFile(JspServlet.java:380)
		at org.apache.jasper.servlet.JspServlet.service(JspServlet.java:328)
		at jakarta.servlet.http.HttpServlet.service(HttpServlet.java:658)
		at org.apache.catalina.core.ApplicationFilterChain.internalDoFilter(ApplicationFilterChain.java:206)
		at org.apache.catalina.core.ApplicationFilterChain.doFilter(ApplicationFilterChain.java:150)
		at org.apache.tomcat.websocket.server.WsFilter.doFilter(WsFilter.java:51)
		at org.apache.catalina.core.ApplicationFilterChain.internalDoFilter(ApplicationFilterChain.java:175)
		at org.apache.catalina.core.ApplicationFilterChain.doFilter(ApplicationFilterChain.java:150)
		at org.apache.catalina.core.StandardWrapperValve.invoke(StandardWrapperValve.java:167)
		at org.apache.catalina.core.StandardContextValve.invoke(StandardContextValve.java:90)
		at org.apache.catalina.authenticator.AuthenticatorBase.invoke(AuthenticatorBase.java:482)
		at org.apache.catalina.core.StandardHostValve.invoke(StandardHostValve.java:115)
		at org.apache.catalina.valves.ErrorReportValve.invoke(ErrorReportValve.java:93)
		at org.apache.catalina.valves.AbstractAccessLogValve.invoke(AbstractAccessLogValve.java:673)
		at org.apache.catalina.core.StandardEngineValve.invoke(StandardEngineValve.java:74)
		at org.apache.catalina.connector.CoyoteAdapter.service(CoyoteAdapter.java:344)
		at org.apache.coyote.http11.Http11Processor.service(Http11Processor.java:391)
		at org.apache.coyote.AbstractProcessorLight.process(AbstractProcessorLight.java:63)
		at org.apache.coyote.AbstractProtocol$ConnectionHandler.process(AbstractProtocol.java:896)
		at org.apache.tomcat.util.net.NioEndpoint$SocketProcessor.doRun(NioEndpoint.java:1736)
		at org.apache.tomcat.util.net.SocketProcessorBase.run(SocketProcessorBase.java:52)
		at org.apache.tomcat.util.threads.ThreadPoolExecutor.runWorker(ThreadPoolExecutor.java:1191)
		at org.apache.tomcat.util.threads.ThreadPoolExecutor$Worker.run(ThreadPoolExecutor.java:659)
		at org.apache.tomcat.util.threads.TaskThread$WrappingRunnable.run(TaskThread.java:63)
		at java.base/java.lang.Thread.run(Thread.java:834)
11-May-2024 00:33:24.582 SEVERE [http-nio-8080-exec-2] org.apache.catalina.core.StandardWrapperValve.invoke Servlet.service() for servlet [jsp] in context with path [/comp4321] threw exception [Unable to compile class for JSP: 

An error occurred at line: [207] in the jsp file: [/apis/getData.jsp]
Type mismatch: cannot convert from String to StringBuilder
204:             sb.append(wordFrequency.freq);
205:             sb.append("]");
206:         }
207:         sb = sb.substring(0, sb.length() - 1);
208:         sb.append("]");
209:         sb.append("}");
210:         if (i != result.size() - 1) {


Stacktrace:] with root cause
	org.apache.jasper.JasperException: Unable to compile class for JSP: 

An error occurred at line: [207] in the jsp file: [/apis/getData.jsp]
Type mismatch: cannot convert from String to StringBuilder
204:             sb.append(wordFrequency.freq);
205:             sb.append("]");
206:         }
207:         sb = sb.substring(0, sb.length() - 1);
208:         sb.append("]");
209:         sb.append("}");
210:         if (i != result.size() - 1) {


Stacktrace:
		at org.apache.jasper.compiler.DefaultErrorHandler.javacError(DefaultErrorHandler.java:102)
		at org.apache.jasper.compiler.ErrorDispatcher.javacError(ErrorDispatcher.java:214)
		at org.apache.jasper.compiler.JDTCompiler.generateClass(JDTCompiler.java:524)
		at org.apache.jasper.compiler.Compiler.compile(Compiler.java:402)
		at org.apache.jasper.compiler.Compiler.compile(Compiler.java:372)
		at org.apache.jasper.compiler.Compiler.compile(Compiler.java:356)
		at org.apache.jasper.JspCompilationContext.compile(JspCompilationContext.java:603)
		at org.apache.jasper.servlet.JspServletWrapper.service(JspServletWrapper.java:396)
		at org.apache.jasper.servlet.JspServlet.serviceJspFile(JspServlet.java:380)
		at org.apache.jasper.servlet.JspServlet.service(JspServlet.java:328)
		at jakarta.servlet.http.HttpServlet.service(HttpServlet.java:658)
		at org.apache.catalina.core.ApplicationFilterChain.internalDoFilter(ApplicationFilterChain.java:206)
		at org.apache.catalina.core.ApplicationFilterChain.doFilter(ApplicationFilterChain.java:150)
		at org.apache.tomcat.websocket.server.WsFilter.doFilter(WsFilter.java:51)
		at org.apache.catalina.core.ApplicationFilterChain.internalDoFilter(ApplicationFilterChain.java:175)
		at org.apache.catalina.core.ApplicationFilterChain.doFilter(ApplicationFilterChain.java:150)
		at org.apache.catalina.core.StandardWrapperValve.invoke(StandardWrapperValve.java:167)
		at org.apache.catalina.core.StandardContextValve.invoke(StandardContextValve.java:90)
		at org.apache.catalina.authenticator.AuthenticatorBase.invoke(AuthenticatorBase.java:482)
		at org.apache.catalina.core.StandardHostValve.invoke(StandardHostValve.java:115)
		at org.apache.catalina.valves.ErrorReportValve.invoke(ErrorReportValve.java:93)
		at org.apache.catalina.valves.AbstractAccessLogValve.invoke(AbstractAccessLogValve.java:673)
		at org.apache.catalina.core.StandardEngineValve.invoke(StandardEngineValve.java:74)
		at org.apache.catalina.connector.CoyoteAdapter.service(CoyoteAdapter.java:344)
		at org.apache.coyote.http11.Http11Processor.service(Http11Processor.java:391)
		at org.apache.coyote.AbstractProcessorLight.process(AbstractProcessorLight.java:63)
		at org.apache.coyote.AbstractProtocol$ConnectionHandler.process(AbstractProtocol.java:896)
		at org.apache.tomcat.util.net.NioEndpoint$SocketProcessor.doRun(NioEndpoint.java:1736)
		at org.apache.tomcat.util.net.SocketProcessorBase.run(SocketProcessorBase.java:52)
		at org.apache.tomcat.util.threads.ThreadPoolExecutor.runWorker(ThreadPoolExecutor.java:1191)
		at org.apache.tomcat.util.threads.ThreadPoolExecutor$Worker.run(ThreadPoolExecutor.java:659)
		at org.apache.tomcat.util.threads.TaskThread$WrappingRunnable.run(TaskThread.java:63)
		at java.base/java.lang.Thread.run(Thread.java:834)
11-May-2024 00:34:56.173 SEVERE [http-nio-8080-exec-1] org.apache.catalina.core.StandardWrapperValve.invoke Servlet.service() for servlet [jsp] in context with path [/comp4321] threw exception [An exception occurred processing [/apis/getData.jsp] at line [201]

198:         }
199:         sb.append("],");
200:         sb.append("\"wordFrequencies\":[");
201:         for (Posting wordFrequency : wordFrequencies) {
202:             sb.append("[");
203:             sb.append(idToWord.get(wordFrequency.id) + ",");
204:             sb.append(wordFrequency.freq);


Stacktrace:] with root cause
	java.lang.NullPointerException
		at org.apache.jsp.apis.getData_jsp._jspService(getData_jsp.java:341)
		at org.apache.jasper.runtime.HttpJspBase.service(HttpJspBase.java:70)
		at jakarta.servlet.http.HttpServlet.service(HttpServlet.java:658)
		at org.apache.jasper.servlet.JspServletWrapper.service(JspServletWrapper.java:456)
		at org.apache.jasper.servlet.JspServlet.serviceJspFile(JspServlet.java:380)
		at org.apache.jasper.servlet.JspServlet.service(JspServlet.java:328)
		at jakarta.servlet.http.HttpServlet.service(HttpServlet.java:658)
		at org.apache.catalina.core.ApplicationFilterChain.internalDoFilter(ApplicationFilterChain.java:206)
		at org.apache.catalina.core.ApplicationFilterChain.doFilter(ApplicationFilterChain.java:150)
		at org.apache.tomcat.websocket.server.WsFilter.doFilter(WsFilter.java:51)
		at org.apache.catalina.core.ApplicationFilterChain.internalDoFilter(ApplicationFilterChain.java:175)
		at org.apache.catalina.core.ApplicationFilterChain.doFilter(ApplicationFilterChain.java:150)
		at org.apache.catalina.core.StandardWrapperValve.invoke(StandardWrapperValve.java:167)
		at org.apache.catalina.core.StandardContextValve.invoke(StandardContextValve.java:90)
		at org.apache.catalina.authenticator.AuthenticatorBase.invoke(AuthenticatorBase.java:482)
		at org.apache.catalina.core.StandardHostValve.invoke(StandardHostValve.java:115)
		at org.apache.catalina.valves.ErrorReportValve.invoke(ErrorReportValve.java:93)
		at org.apache.catalina.valves.AbstractAccessLogValve.invoke(AbstractAccessLogValve.java:673)
		at org.apache.catalina.core.StandardEngineValve.invoke(StandardEngineValve.java:74)
		at org.apache.catalina.connector.CoyoteAdapter.service(CoyoteAdapter.java:344)
		at org.apache.coyote.http11.Http11Processor.service(Http11Processor.java:391)
		at org.apache.coyote.AbstractProcessorLight.process(AbstractProcessorLight.java:63)
		at org.apache.coyote.AbstractProtocol$ConnectionHandler.process(AbstractProtocol.java:896)
		at org.apache.tomcat.util.net.NioEndpoint$SocketProcessor.doRun(NioEndpoint.java:1736)
		at org.apache.tomcat.util.net.SocketProcessorBase.run(SocketProcessorBase.java:52)
		at org.apache.tomcat.util.threads.ThreadPoolExecutor.runWorker(ThreadPoolExecutor.java:1191)
		at org.apache.tomcat.util.threads.ThreadPoolExecutor$Worker.run(ThreadPoolExecutor.java:659)
		at org.apache.tomcat.util.threads.TaskThread$WrappingRunnable.run(TaskThread.java:63)
		at java.base/java.lang.Thread.run(Thread.java:834)
11-May-2024 00:36:49.033 SEVERE [http-nio-8080-exec-3] org.apache.catalina.core.StandardWrapperValve.invoke Servlet.service() for servlet [jsp] in context with path [/comp4321] threw exception [Unable to compile class for JSP: 

An error occurred at line: [171] in the jsp file: [/apis/getData.jsp]
The method valueOf(String) in the type Integer is not applicable for the arguments (Object)
168:     StringBuilder sb = new StringBuilder();
169:     sb.append("{\"results\":[");
170:     for (int i = 0; i < result.size() && i < 50; i++) {
171:         Integer docId = Integer.valueOf(idToUrl.get(result.get(i).get(1)));
172:         String url = String.valueOf(idToUrl.get(result.get(i).get(0))); 
173:         sb.append("{");
174:         sb.append("\"url\":");


Stacktrace:] with root cause
	org.apache.jasper.JasperException: Unable to compile class for JSP: 

An error occurred at line: [171] in the jsp file: [/apis/getData.jsp]
The method valueOf(String) in the type Integer is not applicable for the arguments (Object)
168:     StringBuilder sb = new StringBuilder();
169:     sb.append("{\"results\":[");
170:     for (int i = 0; i < result.size() && i < 50; i++) {
171:         Integer docId = Integer.valueOf(idToUrl.get(result.get(i).get(1)));
172:         String url = String.valueOf(idToUrl.get(result.get(i).get(0))); 
173:         sb.append("{");
174:         sb.append("\"url\":");


Stacktrace:
		at org.apache.jasper.compiler.DefaultErrorHandler.javacError(DefaultErrorHandler.java:102)
		at org.apache.jasper.compiler.ErrorDispatcher.javacError(ErrorDispatcher.java:214)
		at org.apache.jasper.compiler.JDTCompiler.generateClass(JDTCompiler.java:524)
		at org.apache.jasper.compiler.Compiler.compile(Compiler.java:402)
		at org.apache.jasper.compiler.Compiler.compile(Compiler.java:372)
		at org.apache.jasper.compiler.Compiler.compile(Compiler.java:356)
		at org.apache.jasper.JspCompilationContext.compile(JspCompilationContext.java:603)
		at org.apache.jasper.servlet.JspServletWrapper.service(JspServletWrapper.java:396)
		at org.apache.jasper.servlet.JspServlet.serviceJspFile(JspServlet.java:380)
		at org.apache.jasper.servlet.JspServlet.service(JspServlet.java:328)
		at jakarta.servlet.http.HttpServlet.service(HttpServlet.java:658)
		at org.apache.catalina.core.ApplicationFilterChain.internalDoFilter(ApplicationFilterChain.java:206)
		at org.apache.catalina.core.ApplicationFilterChain.doFilter(ApplicationFilterChain.java:150)
		at org.apache.tomcat.websocket.server.WsFilter.doFilter(WsFilter.java:51)
		at org.apache.catalina.core.ApplicationFilterChain.internalDoFilter(ApplicationFilterChain.java:175)
		at org.apache.catalina.core.ApplicationFilterChain.doFilter(ApplicationFilterChain.java:150)
		at org.apache.catalina.core.StandardWrapperValve.invoke(StandardWrapperValve.java:167)
		at org.apache.catalina.core.StandardContextValve.invoke(StandardContextValve.java:90)
		at org.apache.catalina.authenticator.AuthenticatorBase.invoke(AuthenticatorBase.java:482)
		at org.apache.catalina.core.StandardHostValve.invoke(StandardHostValve.java:115)
		at org.apache.catalina.valves.ErrorReportValve.invoke(ErrorReportValve.java:93)
		at org.apache.catalina.valves.AbstractAccessLogValve.invoke(AbstractAccessLogValve.java:673)
		at org.apache.catalina.core.StandardEngineValve.invoke(StandardEngineValve.java:74)
		at org.apache.catalina.connector.CoyoteAdapter.service(CoyoteAdapter.java:344)
		at org.apache.coyote.http11.Http11Processor.service(Http11Processor.java:391)
		at org.apache.coyote.AbstractProcessorLight.process(AbstractProcessorLight.java:63)
		at org.apache.coyote.AbstractProtocol$ConnectionHandler.process(AbstractProtocol.java:896)
		at org.apache.tomcat.util.net.NioEndpoint$SocketProcessor.doRun(NioEndpoint.java:1736)
		at org.apache.tomcat.util.net.SocketProcessorBase.run(SocketProcessorBase.java:52)
		at org.apache.tomcat.util.threads.ThreadPoolExecutor.runWorker(ThreadPoolExecutor.java:1191)
		at org.apache.tomcat.util.threads.ThreadPoolExecutor$Worker.run(ThreadPoolExecutor.java:659)
		at org.apache.tomcat.util.threads.TaskThread$WrappingRunnable.run(TaskThread.java:63)
		at java.base/java.lang.Thread.run(Thread.java:834)
11-May-2024 00:38:13.412 SEVERE [http-nio-8080-exec-4] org.apache.catalina.core.StandardWrapperValve.invoke Servlet.service() for servlet [jsp] in context with path [/comp4321] threw exception [Unable to compile class for JSP: 

An error occurred at line: [171] in the jsp file: [/apis/getData.jsp]
Type mismatch: cannot convert from Object to Integer
168:     StringBuilder sb = new StringBuilder();
169:     sb.append("{\"results\":[");
170:     for (int i = 0; i < result.size() && i < 50; i++) {
171:         Integer docId = result.get(i).get(0);
172:         String url = String.valueOf(idToUrl.get(result.get(i).get(0))); 
173:         sb.append("{");
174:         sb.append("\"url\":");


Stacktrace:] with root cause
	org.apache.jasper.JasperException: Unable to compile class for JSP: 

An error occurred at line: [171] in the jsp file: [/apis/getData.jsp]
Type mismatch: cannot convert from Object to Integer
168:     StringBuilder sb = new StringBuilder();
169:     sb.append("{\"results\":[");
170:     for (int i = 0; i < result.size() && i < 50; i++) {
171:         Integer docId = result.get(i).get(0);
172:         String url = String.valueOf(idToUrl.get(result.get(i).get(0))); 
173:         sb.append("{");
174:         sb.append("\"url\":");


Stacktrace:
		at org.apache.jasper.compiler.DefaultErrorHandler.javacError(DefaultErrorHandler.java:102)
		at org.apache.jasper.compiler.ErrorDispatcher.javacError(ErrorDispatcher.java:214)
		at org.apache.jasper.compiler.JDTCompiler.generateClass(JDTCompiler.java:524)
		at org.apache.jasper.compiler.Compiler.compile(Compiler.java:402)
		at org.apache.jasper.compiler.Compiler.compile(Compiler.java:372)
		at org.apache.jasper.compiler.Compiler.compile(Compiler.java:356)
		at org.apache.jasper.JspCompilationContext.compile(JspCompilationContext.java:603)
		at org.apache.jasper.servlet.JspServletWrapper.service(JspServletWrapper.java:396)
		at org.apache.jasper.servlet.JspServlet.serviceJspFile(JspServlet.java:380)
		at org.apache.jasper.servlet.JspServlet.service(JspServlet.java:328)
		at jakarta.servlet.http.HttpServlet.service(HttpServlet.java:658)
		at org.apache.catalina.core.ApplicationFilterChain.internalDoFilter(ApplicationFilterChain.java:206)
		at org.apache.catalina.core.ApplicationFilterChain.doFilter(ApplicationFilterChain.java:150)
		at org.apache.tomcat.websocket.server.WsFilter.doFilter(WsFilter.java:51)
		at org.apache.catalina.core.ApplicationFilterChain.internalDoFilter(ApplicationFilterChain.java:175)
		at org.apache.catalina.core.ApplicationFilterChain.doFilter(ApplicationFilterChain.java:150)
		at org.apache.catalina.core.StandardWrapperValve.invoke(StandardWrapperValve.java:167)
		at org.apache.catalina.core.StandardContextValve.invoke(StandardContextValve.java:90)
		at org.apache.catalina.authenticator.AuthenticatorBase.invoke(AuthenticatorBase.java:482)
		at org.apache.catalina.core.StandardHostValve.invoke(StandardHostValve.java:115)
		at org.apache.catalina.valves.ErrorReportValve.invoke(ErrorReportValve.java:93)
		at org.apache.catalina.valves.AbstractAccessLogValve.invoke(AbstractAccessLogValve.java:673)
		at org.apache.catalina.core.StandardEngineValve.invoke(StandardEngineValve.java:74)
		at org.apache.catalina.connector.CoyoteAdapter.service(CoyoteAdapter.java:344)
		at org.apache.coyote.http11.Http11Processor.service(Http11Processor.java:391)
		at org.apache.coyote.AbstractProcessorLight.process(AbstractProcessorLight.java:63)
		at org.apache.coyote.AbstractProtocol$ConnectionHandler.process(AbstractProtocol.java:896)
		at org.apache.tomcat.util.net.NioEndpoint$SocketProcessor.doRun(NioEndpoint.java:1736)
		at org.apache.tomcat.util.net.SocketProcessorBase.run(SocketProcessorBase.java:52)
		at org.apache.tomcat.util.threads.ThreadPoolExecutor.runWorker(ThreadPoolExecutor.java:1191)
		at org.apache.tomcat.util.threads.ThreadPoolExecutor$Worker.run(ThreadPoolExecutor.java:659)
		at org.apache.tomcat.util.threads.TaskThread$WrappingRunnable.run(TaskThread.java:63)
		at java.base/java.lang.Thread.run(Thread.java:834)
11-May-2024 00:39:18.756 SEVERE [http-nio-8080-exec-6] org.apache.catalina.core.StandardWrapperValve.invoke Servlet.service() for servlet [jsp] in context with path [/comp4321] threw exception [Unable to compile class for JSP: 

An error occurred at line: [171] in the jsp file: [/apis/getData.jsp]
Type mismatch: cannot convert from Object to int
168:     StringBuilder sb = new StringBuilder();
169:     sb.append("{\"results\":[");
170:     for (int i = 0; i < result.size() && i < 50; i++) {
171:         int docId = result.get(i).get(0);
172:         String url = String.valueOf(idToUrl.get(result.get(i).get(0))); 
173:         sb.append("{");
174:         sb.append("\"url\":");


Stacktrace:] with root cause
	org.apache.jasper.JasperException: Unable to compile class for JSP: 

An error occurred at line: [171] in the jsp file: [/apis/getData.jsp]
Type mismatch: cannot convert from Object to int
168:     StringBuilder sb = new StringBuilder();
169:     sb.append("{\"results\":[");
170:     for (int i = 0; i < result.size() && i < 50; i++) {
171:         int docId = result.get(i).get(0);
172:         String url = String.valueOf(idToUrl.get(result.get(i).get(0))); 
173:         sb.append("{");
174:         sb.append("\"url\":");


Stacktrace:
		at org.apache.jasper.compiler.DefaultErrorHandler.javacError(DefaultErrorHandler.java:102)
		at org.apache.jasper.compiler.ErrorDispatcher.javacError(ErrorDispatcher.java:214)
		at org.apache.jasper.compiler.JDTCompiler.generateClass(JDTCompiler.java:524)
		at org.apache.jasper.compiler.Compiler.compile(Compiler.java:402)
		at org.apache.jasper.compiler.Compiler.compile(Compiler.java:372)
		at org.apache.jasper.compiler.Compiler.compile(Compiler.java:356)
		at org.apache.jasper.JspCompilationContext.compile(JspCompilationContext.java:603)
		at org.apache.jasper.servlet.JspServletWrapper.service(JspServletWrapper.java:396)
		at org.apache.jasper.servlet.JspServlet.serviceJspFile(JspServlet.java:380)
		at org.apache.jasper.servlet.JspServlet.service(JspServlet.java:328)
		at jakarta.servlet.http.HttpServlet.service(HttpServlet.java:658)
		at org.apache.catalina.core.ApplicationFilterChain.internalDoFilter(ApplicationFilterChain.java:206)
		at org.apache.catalina.core.ApplicationFilterChain.doFilter(ApplicationFilterChain.java:150)
		at org.apache.tomcat.websocket.server.WsFilter.doFilter(WsFilter.java:51)
		at org.apache.catalina.core.ApplicationFilterChain.internalDoFilter(ApplicationFilterChain.java:175)
		at org.apache.catalina.core.ApplicationFilterChain.doFilter(ApplicationFilterChain.java:150)
		at org.apache.catalina.core.StandardWrapperValve.invoke(StandardWrapperValve.java:167)
		at org.apache.catalina.core.StandardContextValve.invoke(StandardContextValve.java:90)
		at org.apache.catalina.authenticator.AuthenticatorBase.invoke(AuthenticatorBase.java:482)
		at org.apache.catalina.core.StandardHostValve.invoke(StandardHostValve.java:115)
		at org.apache.catalina.valves.ErrorReportValve.invoke(ErrorReportValve.java:93)
		at org.apache.catalina.valves.AbstractAccessLogValve.invoke(AbstractAccessLogValve.java:673)
		at org.apache.catalina.core.StandardEngineValve.invoke(StandardEngineValve.java:74)
		at org.apache.catalina.connector.CoyoteAdapter.service(CoyoteAdapter.java:344)
		at org.apache.coyote.http11.Http11Processor.service(Http11Processor.java:391)
		at org.apache.coyote.AbstractProcessorLight.process(AbstractProcessorLight.java:63)
		at org.apache.coyote.AbstractProtocol$ConnectionHandler.process(AbstractProtocol.java:896)
		at org.apache.tomcat.util.net.NioEndpoint$SocketProcessor.doRun(NioEndpoint.java:1736)
		at org.apache.tomcat.util.net.SocketProcessorBase.run(SocketProcessorBase.java:52)
		at org.apache.tomcat.util.threads.ThreadPoolExecutor.runWorker(ThreadPoolExecutor.java:1191)
		at org.apache.tomcat.util.threads.ThreadPoolExecutor$Worker.run(ThreadPoolExecutor.java:659)
		at org.apache.tomcat.util.threads.TaskThread$WrappingRunnable.run(TaskThread.java:63)
		at java.base/java.lang.Thread.run(Thread.java:834)
11-May-2024 00:49:32.940 SEVERE [http-nio-8080-exec-6] org.apache.catalina.core.StandardWrapperValve.invoke Servlet.service() for servlet [jsp] in context with path [/comp4321] threw exception [Unable to compile class for JSP: 

An error occurred at line: [175] in the jsp file: [/apis/getData.jsp]
Syntax error on token "Invalid Character", invalid AssignmentOperator
172:         String url = String.valueOf(idToUrl.get(result.get(i).get(0))); 
173:         sb.append("{");
174:         sb.append("\"url\":");
175:         sb.append("\" + url + "\" + ",");
176:         sb.append("\"score\":");
177:         sb.append(result.get(i).get(1));
178:         sb.append(",");


An error occurred at line: [175] in the jsp file: [/apis/getData.jsp]
String literal is not properly closed by a double-quote
172:         String url = String.valueOf(idToUrl.get(result.get(i).get(0))); 
173:         sb.append("{");
174:         sb.append("\"url\":");
175:         sb.append("\" + url + "\" + ",");
176:         sb.append("\"score\":");
177:         sb.append(result.get(i).get(1));
178:         sb.append(",");


An error occurred at line: [175] in the jsp file: [/apis/getData.jsp]
Syntax error, insert ")" to complete Expression
172:         String url = String.valueOf(idToUrl.get(result.get(i).get(0))); 
173:         sb.append("{");
174:         sb.append("\"url\":");
175:         sb.append("\" + url + "\" + ",");
176:         sb.append("\"score\":");
177:         sb.append(result.get(i).get(1));
178:         sb.append(",");


Stacktrace:] with root cause
	org.apache.jasper.JasperException: Unable to compile class for JSP: 

An error occurred at line: [175] in the jsp file: [/apis/getData.jsp]
Syntax error on token "Invalid Character", invalid AssignmentOperator
172:         String url = String.valueOf(idToUrl.get(result.get(i).get(0))); 
173:         sb.append("{");
174:         sb.append("\"url\":");
175:         sb.append("\" + url + "\" + ",");
176:         sb.append("\"score\":");
177:         sb.append(result.get(i).get(1));
178:         sb.append(",");


An error occurred at line: [175] in the jsp file: [/apis/getData.jsp]
String literal is not properly closed by a double-quote
172:         String url = String.valueOf(idToUrl.get(result.get(i).get(0))); 
173:         sb.append("{");
174:         sb.append("\"url\":");
175:         sb.append("\" + url + "\" + ",");
176:         sb.append("\"score\":");
177:         sb.append(result.get(i).get(1));
178:         sb.append(",");


An error occurred at line: [175] in the jsp file: [/apis/getData.jsp]
Syntax error, insert ")" to complete Expression
172:         String url = String.valueOf(idToUrl.get(result.get(i).get(0))); 
173:         sb.append("{");
174:         sb.append("\"url\":");
175:         sb.append("\" + url + "\" + ",");
176:         sb.append("\"score\":");
177:         sb.append(result.get(i).get(1));
178:         sb.append(",");


Stacktrace:
		at org.apache.jasper.compiler.DefaultErrorHandler.javacError(DefaultErrorHandler.java:102)
		at org.apache.jasper.compiler.ErrorDispatcher.javacError(ErrorDispatcher.java:214)
		at org.apache.jasper.compiler.JDTCompiler.generateClass(JDTCompiler.java:524)
		at org.apache.jasper.compiler.Compiler.compile(Compiler.java:402)
		at org.apache.jasper.compiler.Compiler.compile(Compiler.java:372)
		at org.apache.jasper.compiler.Compiler.compile(Compiler.java:356)
		at org.apache.jasper.JspCompilationContext.compile(JspCompilationContext.java:603)
		at org.apache.jasper.servlet.JspServletWrapper.service(JspServletWrapper.java:396)
		at org.apache.jasper.servlet.JspServlet.serviceJspFile(JspServlet.java:380)
		at org.apache.jasper.servlet.JspServlet.service(JspServlet.java:328)
		at jakarta.servlet.http.HttpServlet.service(HttpServlet.java:658)
		at org.apache.catalina.core.ApplicationFilterChain.internalDoFilter(ApplicationFilterChain.java:206)
		at org.apache.catalina.core.ApplicationFilterChain.doFilter(ApplicationFilterChain.java:150)
		at org.apache.tomcat.websocket.server.WsFilter.doFilter(WsFilter.java:51)
		at org.apache.catalina.core.ApplicationFilterChain.internalDoFilter(ApplicationFilterChain.java:175)
		at org.apache.catalina.core.ApplicationFilterChain.doFilter(ApplicationFilterChain.java:150)
		at org.apache.catalina.core.StandardWrapperValve.invoke(StandardWrapperValve.java:167)
		at org.apache.catalina.core.StandardContextValve.invoke(StandardContextValve.java:90)
		at org.apache.catalina.authenticator.AuthenticatorBase.invoke(AuthenticatorBase.java:482)
		at org.apache.catalina.core.StandardHostValve.invoke(StandardHostValve.java:115)
		at org.apache.catalina.valves.ErrorReportValve.invoke(ErrorReportValve.java:93)
		at org.apache.catalina.valves.AbstractAccessLogValve.invoke(AbstractAccessLogValve.java:673)
		at org.apache.catalina.core.StandardEngineValve.invoke(StandardEngineValve.java:74)
		at org.apache.catalina.connector.CoyoteAdapter.service(CoyoteAdapter.java:344)
		at org.apache.coyote.http11.Http11Processor.service(Http11Processor.java:391)
		at org.apache.coyote.AbstractProcessorLight.process(AbstractProcessorLight.java:63)
		at org.apache.coyote.AbstractProtocol$ConnectionHandler.process(AbstractProtocol.java:896)
		at org.apache.tomcat.util.net.NioEndpoint$SocketProcessor.doRun(NioEndpoint.java:1736)
		at org.apache.tomcat.util.net.SocketProcessorBase.run(SocketProcessorBase.java:52)
		at org.apache.tomcat.util.threads.ThreadPoolExecutor.runWorker(ThreadPoolExecutor.java:1191)
		at org.apache.tomcat.util.threads.ThreadPoolExecutor$Worker.run(ThreadPoolExecutor.java:659)
		at org.apache.tomcat.util.threads.TaskThread$WrappingRunnable.run(TaskThread.java:63)
		at java.base/java.lang.Thread.run(Thread.java:834)
11-May-2024 00:50:05.686 SEVERE [http-nio-8080-exec-1] org.apache.catalina.core.StandardWrapperValve.invoke Servlet.service() for servlet [jsp] in context with path [/comp4321] threw exception [Unable to compile class for JSP: 

An error occurred at line: [175] in the jsp file: [/apis/getData.jsp]
The left-hand side of an assignment must be a variable
172:         String url = String.valueOf(idToUrl.get(result.get(i).get(0))); 
173:         sb.append("{");
174:         sb.append("\"url\":");
175:         sb.append("\" + url + "\",");
176:         sb.append("\"score\":");
177:         sb.append(result.get(i).get(1));
178:         sb.append(",");


An error occurred at line: [175] in the jsp file: [/apis/getData.jsp]
Syntax error on token "Invalid Character", invalid AssignmentOperator
172:         String url = String.valueOf(idToUrl.get(result.get(i).get(0))); 
173:         sb.append("{");
174:         sb.append("\"url\":");
175:         sb.append("\" + url + "\",");
176:         sb.append("\"score\":");
177:         sb.append(result.get(i).get(1));
178:         sb.append(",");


Stacktrace:] with root cause
	org.apache.jasper.JasperException: Unable to compile class for JSP: 

An error occurred at line: [175] in the jsp file: [/apis/getData.jsp]
The left-hand side of an assignment must be a variable
172:         String url = String.valueOf(idToUrl.get(result.get(i).get(0))); 
173:         sb.append("{");
174:         sb.append("\"url\":");
175:         sb.append("\" + url + "\",");
176:         sb.append("\"score\":");
177:         sb.append(result.get(i).get(1));
178:         sb.append(",");


An error occurred at line: [175] in the jsp file: [/apis/getData.jsp]
Syntax error on token "Invalid Character", invalid AssignmentOperator
172:         String url = String.valueOf(idToUrl.get(result.get(i).get(0))); 
173:         sb.append("{");
174:         sb.append("\"url\":");
175:         sb.append("\" + url + "\",");
176:         sb.append("\"score\":");
177:         sb.append(result.get(i).get(1));
178:         sb.append(",");


Stacktrace:
		at org.apache.jasper.compiler.DefaultErrorHandler.javacError(DefaultErrorHandler.java:102)
		at org.apache.jasper.compiler.ErrorDispatcher.javacError(ErrorDispatcher.java:214)
		at org.apache.jasper.compiler.JDTCompiler.generateClass(JDTCompiler.java:524)
		at org.apache.jasper.compiler.Compiler.compile(Compiler.java:402)
		at org.apache.jasper.compiler.Compiler.compile(Compiler.java:372)
		at org.apache.jasper.compiler.Compiler.compile(Compiler.java:356)
		at org.apache.jasper.JspCompilationContext.compile(JspCompilationContext.java:603)
		at org.apache.jasper.servlet.JspServletWrapper.service(JspServletWrapper.java:396)
		at org.apache.jasper.servlet.JspServlet.serviceJspFile(JspServlet.java:380)
		at org.apache.jasper.servlet.JspServlet.service(JspServlet.java:328)
		at jakarta.servlet.http.HttpServlet.service(HttpServlet.java:658)
		at org.apache.catalina.core.ApplicationFilterChain.internalDoFilter(ApplicationFilterChain.java:206)
		at org.apache.catalina.core.ApplicationFilterChain.doFilter(ApplicationFilterChain.java:150)
		at org.apache.tomcat.websocket.server.WsFilter.doFilter(WsFilter.java:51)
		at org.apache.catalina.core.ApplicationFilterChain.internalDoFilter(ApplicationFilterChain.java:175)
		at org.apache.catalina.core.ApplicationFilterChain.doFilter(ApplicationFilterChain.java:150)
		at org.apache.catalina.core.StandardWrapperValve.invoke(StandardWrapperValve.java:167)
		at org.apache.catalina.core.StandardContextValve.invoke(StandardContextValve.java:90)
		at org.apache.catalina.authenticator.AuthenticatorBase.invoke(AuthenticatorBase.java:482)
		at org.apache.catalina.core.StandardHostValve.invoke(StandardHostValve.java:115)
		at org.apache.catalina.valves.ErrorReportValve.invoke(ErrorReportValve.java:93)
		at org.apache.catalina.valves.AbstractAccessLogValve.invoke(AbstractAccessLogValve.java:673)
		at org.apache.catalina.core.StandardEngineValve.invoke(StandardEngineValve.java:74)
		at org.apache.catalina.connector.CoyoteAdapter.service(CoyoteAdapter.java:344)
		at org.apache.coyote.http11.Http11Processor.service(Http11Processor.java:391)
		at org.apache.coyote.AbstractProcessorLight.process(AbstractProcessorLight.java:63)
		at org.apache.coyote.AbstractProtocol$ConnectionHandler.process(AbstractProtocol.java:896)
		at org.apache.tomcat.util.net.NioEndpoint$SocketProcessor.doRun(NioEndpoint.java:1736)
		at org.apache.tomcat.util.net.SocketProcessorBase.run(SocketProcessorBase.java:52)
		at org.apache.tomcat.util.threads.ThreadPoolExecutor.runWorker(ThreadPoolExecutor.java:1191)
		at org.apache.tomcat.util.threads.ThreadPoolExecutor$Worker.run(ThreadPoolExecutor.java:659)
		at org.apache.tomcat.util.threads.TaskThread$WrappingRunnable.run(TaskThread.java:63)
		at java.base/java.lang.Thread.run(Thread.java:834)
11-May-2024 00:55:19.579 SEVERE [http-nio-8080-exec-1] org.apache.catalina.core.StandardWrapperValve.invoke Servlet.service() for servlet [jsp] in context with path [/comp4321] threw exception [Unable to compile class for JSP: 

An error occurred at line: [204] in the jsp file: [/apis/getData.jsp]
wordId cannot be resolved or is not a field
201:         for (Posting wordFrequency : wordFrequencies) {
202:             sb.append("{");
203:             sb.append("\"word\":");
204:             sb.append("\"" + idToWord.get(wordFrequency.wordId) + "\"");
205:             sb.append(",");
206:             sb.append("\"frequency\":");
207:             sb.append(wordFrequency.frequency);


An error occurred at line: [207] in the jsp file: [/apis/getData.jsp]
frequency cannot be resolved or is not a field
204:             sb.append("\"" + idToWord.get(wordFrequency.wordId) + "\"");
205:             sb.append(",");
206:             sb.append("\"frequency\":");
207:             sb.append(wordFrequency.frequency);
208:             sb.append("},");
209: 
210:         }


Stacktrace:] with root cause
	org.apache.jasper.JasperException: Unable to compile class for JSP: 

An error occurred at line: [204] in the jsp file: [/apis/getData.jsp]
wordId cannot be resolved or is not a field
201:         for (Posting wordFrequency : wordFrequencies) {
202:             sb.append("{");
203:             sb.append("\"word\":");
204:             sb.append("\"" + idToWord.get(wordFrequency.wordId) + "\"");
205:             sb.append(",");
206:             sb.append("\"frequency\":");
207:             sb.append(wordFrequency.frequency);


An error occurred at line: [207] in the jsp file: [/apis/getData.jsp]
frequency cannot be resolved or is not a field
204:             sb.append("\"" + idToWord.get(wordFrequency.wordId) + "\"");
205:             sb.append(",");
206:             sb.append("\"frequency\":");
207:             sb.append(wordFrequency.frequency);
208:             sb.append("},");
209: 
210:         }


Stacktrace:
		at org.apache.jasper.compiler.DefaultErrorHandler.javacError(DefaultErrorHandler.java:102)
		at org.apache.jasper.compiler.ErrorDispatcher.javacError(ErrorDispatcher.java:214)
		at org.apache.jasper.compiler.JDTCompiler.generateClass(JDTCompiler.java:524)
		at org.apache.jasper.compiler.Compiler.compile(Compiler.java:402)
		at org.apache.jasper.compiler.Compiler.compile(Compiler.java:372)
		at org.apache.jasper.compiler.Compiler.compile(Compiler.java:356)
		at org.apache.jasper.JspCompilationContext.compile(JspCompilationContext.java:603)
		at org.apache.jasper.servlet.JspServletWrapper.service(JspServletWrapper.java:396)
		at org.apache.jasper.servlet.JspServlet.serviceJspFile(JspServlet.java:380)
		at org.apache.jasper.servlet.JspServlet.service(JspServlet.java:328)
		at jakarta.servlet.http.HttpServlet.service(HttpServlet.java:658)
		at org.apache.catalina.core.ApplicationFilterChain.internalDoFilter(ApplicationFilterChain.java:206)
		at org.apache.catalina.core.ApplicationFilterChain.doFilter(ApplicationFilterChain.java:150)
		at org.apache.tomcat.websocket.server.WsFilter.doFilter(WsFilter.java:51)
		at org.apache.catalina.core.ApplicationFilterChain.internalDoFilter(ApplicationFilterChain.java:175)
		at org.apache.catalina.core.ApplicationFilterChain.doFilter(ApplicationFilterChain.java:150)
		at org.apache.catalina.core.StandardWrapperValve.invoke(StandardWrapperValve.java:167)
		at org.apache.catalina.core.StandardContextValve.invoke(StandardContextValve.java:90)
		at org.apache.catalina.authenticator.AuthenticatorBase.invoke(AuthenticatorBase.java:482)
		at org.apache.catalina.core.StandardHostValve.invoke(StandardHostValve.java:115)
		at org.apache.catalina.valves.ErrorReportValve.invoke(ErrorReportValve.java:93)
		at org.apache.catalina.valves.AbstractAccessLogValve.invoke(AbstractAccessLogValve.java:673)
		at org.apache.catalina.core.StandardEngineValve.invoke(StandardEngineValve.java:74)
		at org.apache.catalina.connector.CoyoteAdapter.service(CoyoteAdapter.java:344)
		at org.apache.coyote.http11.Http11Processor.service(Http11Processor.java:391)
		at org.apache.coyote.AbstractProcessorLight.process(AbstractProcessorLight.java:63)
		at org.apache.coyote.AbstractProtocol$ConnectionHandler.process(AbstractProtocol.java:896)
		at org.apache.tomcat.util.net.NioEndpoint$SocketProcessor.doRun(NioEndpoint.java:1736)
		at org.apache.tomcat.util.net.SocketProcessorBase.run(SocketProcessorBase.java:52)
		at org.apache.tomcat.util.threads.ThreadPoolExecutor.runWorker(ThreadPoolExecutor.java:1191)
		at org.apache.tomcat.util.threads.ThreadPoolExecutor$Worker.run(ThreadPoolExecutor.java:659)
		at org.apache.tomcat.util.threads.TaskThread$WrappingRunnable.run(TaskThread.java:63)
		at java.base/java.lang.Thread.run(Thread.java:834)
